CONFORMER         crg  vdw0  vdw1  tors  epol  self   occ  Hb     history    ASA
LYS01_0001_001  0.000 -4.82  4.39  2.28  0.00  1.84 0.000  00  01O000M000  0.851
LYS01_0001_002  0.000 -9.07  5.28  2.07  0.00 -1.72 0.355  00  01E003M000  0.817
LYS01_0001_003  0.000 -9.14  6.84  2.45  0.00  0.16 0.028  00  01E006M000  0.859
LYS01_0001_004  0.000 -6.43  2.89  2.99  0.00 -0.56 0.061  00  01E007M000  0.875
LYS01_0001_005  0.000 -7.05  0.95  4.96  0.00 -1.14 0.267  00  01E00AM000  0.881
LYS01_0001_006  0.000 -9.08  1.46  4.67  0.00 -2.95 0.010  00  01E00BM000  0.903
LYS01_0001_007  0.000 -8.19  2.92  2.90  0.00 -2.36 0.011  00  01E012M000  0.873
LYS01_0001_008  0.000 -8.26  0.72  6.25  0.00 -1.29 0.472  00  01E014M000  0.859
LYS01_0001_009  0.000 -7.67  0.13  6.25  0.00 -1.29 0.565  00  01E016M000  0.822
LYS01_0001_010  0.000 -9.78  5.43  3.45  0.00 -0.90 0.105  00  01E019M000  0.874
LYS01_0001_011  0.000 -9.89  5.41  3.45  0.00 -1.03 0.146  00  01E01BM000  0.873
LYS01_0001_012  0.000 -9.30  5.47  2.52  0.00 -1.31 0.050  00  01E01CM000  0.876
LYS01_0001_013  0.000 -8.17  2.19  3.90  0.00 -2.08 0.015  00  01E01EM000  0.848
LYS01_0001_014  0.000 -6.91  2.95  2.99  0.00 -0.97 0.047  00  01E020M000  0.879
LYS01_0001_015  0.000 -8.56  2.82  4.08  0.00 -1.66 0.134  00  01E021M000  0.876
LYS01_0001_016  0.000 -8.51  2.91  4.08  0.00 -1.53 0.106  00  01E023M000  0.875
LYS01_0001_017  0.000 -6.63  2.71  3.15  0.00 -0.77 0.077  00  01E024M000  0.875
LYS01_0001_018  0.000 -9.29  1.47  6.05  0.00 -1.77 0.013  00  01E026M000  0.905
LYS01_0001_019  0.000 -7.44  1.35  5.12  0.00 -0.98 0.011  00  01E027M000  0.896
LYS01_0001_020  0.000-10.09  3.46  5.46  0.00 -1.17 0.140  00  01E028M000  0.888
LYS+1_0001_021  1.000 -4.35  4.36  2.28  0.00  2.29 0.000  00  +1O000M000  0.851
LYS+1_0001_022  1.000 -9.13  5.27  2.07  0.00 -1.79 0.355  00  +1E003M000  0.817
LYS+1_0001_023  1.000 -9.20  6.84  2.45  0.00  0.09 0.028  00  +1E006M000  0.859
LYS+1_0001_024  1.000 -6.50  2.88  2.99  0.00 -0.63 0.061  00  +1E007M000  0.875
LYS+1_0001_025  1.000 -7.11  0.93  4.96  0.00 -1.22 0.267  00  +1E00AM000  0.881
LYS+1_0001_026  1.000 -9.13  1.45  4.67  0.00 -3.01 0.010  00  +1E00BM000  0.903
LYS+1_0001_027  1.000 -8.23  2.92  2.90  0.00 -2.41 0.011  00  +1E012M000  0.873
LYS+1_0001_028  1.000 -8.32  0.72  6.25  0.00 -1.35 0.472  00  +1E014M000  0.859
LYS+1_0001_029  1.000 -7.72  0.09  6.25  0.00 -1.38 0.565  00  +1E016M000  0.822
LYS+1_0001_030  1.000 -9.84  5.43  3.45  0.00 -0.96 0.105  00  +1E019M000  0.874
LYS+1_0001_031  1.000 -9.93  5.40  3.45  0.00 -1.08 0.146  00  +1E01BM000  0.873
LYS+1_0001_032  1.000 -9.35  5.47  2.52  0.00 -1.36 0.050  00  +1E01CM000  0.876
LYS+1_0001_033  1.000 -8.25  2.18  3.90  0.00 -2.17 0.015  00  +1E01EM000  0.848
LYS+1_0001_034  1.000 -6.95  2.95  2.99  0.00 -1.01 0.047  00  +1E020M000  0.879
LYS+1_0001_035  1.000 -8.62  2.82  4.08  0.00 -1.73 0.134  00  +1E021M000  0.876
LYS+1_0001_036  1.000 -8.56  2.91  4.08  0.00 -1.58 0.106  00  +1E023M000  0.875
LYS+1_0001_037  1.000 -6.68  2.71  3.15  0.00 -0.82 0.077  00  +1E024M000  0.875
LYS+1_0001_038  1.000 -9.34  1.47  6.05  0.00 -1.82 0.013  00  +1E026M000  0.905
LYS+1_0001_039  1.000 -7.49  1.34  5.12  0.00 -1.03 0.011  00  +1E027M000  0.896
LYS+1_0001_040  1.000-10.15  3.46  5.46  0.00 -1.23 0.140  00  +1E028M000  0.888
GLU01_0002_001  0.000 -0.95999.00  3.22  0.00999.00 0.000  00  01O000M000  0.313
GLU01_0002_002  0.000 -1.53 -1.46  6.02  0.00  3.02 0.223  00  01E001M000  0.432
GLU01_0002_003  0.000 -2.11 -0.24  3.22  0.00  0.88 0.281  00  01E002M000  0.552
GLU01_0002_004  0.000 -0.48 -1.05  6.02  0.00  4.50 0.057  00  01E003M000  0.397
GLU01_0002_005  0.000 -1.10 -0.16  6.02  0.00  4.76 0.202  00  01E004M000  0.539
GLU01_0002_006  0.000 -2.63 -0.02  3.22  0.00  0.57 0.544  00  01E005M000  0.623
GLU01_0002_007  0.000 -1.30  0.02  6.02  0.00  4.74 0.107  00  01E006M000  0.575
GLU01_0002_008  0.000 -1.10 -1.14  5.74  0.00  3.50 0.083  00  01E007M000  0.482
GLU01_0002_009  0.000 -2.12 -0.75  6.60  0.00  3.73 0.189  00  01E008M000  0.454
GLU01_0002_010  0.000 -1.53 -0.38  2.94  0.00  1.02 0.300  00  01E009M000  0.556
GLU01_0002_011  0.000 -2.42 -0.32  3.80  0.00  1.07 0.355  00  01E00AM000  0.513
GLU01_0002_012  0.000 -3.12  0.25  6.60  0.00  3.73 0.428  00  01E00BM000  0.645
GLU01_0002_013  0.000 -2.17 -0.05  6.60  0.00  4.38 0.259  00  01E00CM000  0.578
GLU01_0002_014  0.000 -3.04  3.57  3.80  0.00  4.32 0.184  00  01E00DM000  0.614
GLU01_0002_015  0.000 -2.13  0.02  6.60  0.00  4.50 0.161  00  01E00EM000  0.566
GLU01_0002_016  0.000 -0.95999.00  0.50  0.00999.00 0.000  00  01O000M000  0.313
GLU01_0002_017  0.000 -1.53 -1.46  3.30  0.00  0.30 0.223  00  01E001M000  0.432
GLU01_0002_018  0.000 -2.11 -0.24  0.50  0.00 -1.84 0.281  00  01E002M000  0.552
GLU01_0002_019  0.000 -0.48 -1.05  3.30  0.00  1.78 0.057  00  01E003M000  0.397
GLU01_0002_020  0.000 -1.10 -0.16  3.30  0.00  2.04 0.202  00  01E004M000  0.539
GLU01_0002_021  0.000 -2.63 -0.02  0.50  0.00 -2.15 0.544  00  01E005M000  0.623
GLU01_0002_022  0.000 -1.30  0.02  3.30  0.00  2.02 0.107  00  01E006M000  0.575
GLU01_0002_023  0.000 -1.10 -1.14  3.02  0.00  0.78 0.083  00  01E007M000  0.482
GLU01_0002_024  0.000 -2.12 -0.75  3.88  0.00  1.01 0.189  00  01E008M000  0.454
GLU01_0002_025  0.000 -1.53 -0.38  0.22  0.00 -1.70 0.300  00  01E009M000  0.556
GLU01_0002_026  0.000 -2.42 -0.32  1.08  0.00 -1.65 0.355  00  01E00AM000  0.513
GLU01_0002_027  0.000 -3.12  0.25  3.88  0.00  1.01 0.428  00  01E00BM000  0.645
GLU01_0002_028  0.000 -2.17 -0.05  3.88  0.00  1.66 0.259  00  01E00CM000  0.578
GLU01_0002_029  0.000 -3.04  3.57  1.08  0.00  1.60 0.184  00  01E00DM000  0.614
GLU01_0002_030  0.000 -2.13  0.02  3.88  0.00  1.78 0.161  00  01E00EM000  0.566
GLU02_0002_031  0.000 -0.91999.00  3.22  0.00999.00 0.000  00  02O000M000  0.334
GLU02_0002_032  0.000 -1.36 -1.42  6.02  0.00  3.24 0.223  00  02E001M000  0.423
GLU02_0002_033  0.000 -1.91 -0.25  3.22  0.00  1.06 0.281  00  02E002M000  0.541
GLU02_0002_034  0.000 -0.31 -1.32  6.02  0.00  4.39 0.057  00  02E003M000  0.428
GLU02_0002_035  0.000 -0.76 -0.20  6.02  0.00  5.06 0.202  00  02E004M000  0.539
GLU02_0002_036  0.000 -2.33  0.02  3.22  0.00  0.91 0.544  00  02E005M000  0.594
GLU02_0002_037  0.000 -0.94  0.04  6.02  0.00  5.12 0.107  00  02E006M000  0.569
GLU02_0002_038  0.000 -0.59 -1.16  5.74  0.00  3.99 0.083  00  02E007M000  0.453
GLU02_0002_039  0.000 -2.01 -0.53  6.60  0.00  4.07 0.189  00  02E008M000  0.438
GLU02_0002_040  0.000 -1.05 -0.42  2.94  0.00  1.46 0.300  00  02E009M000  0.541
GLU02_0002_041  0.000 -2.33 -0.34  3.80  0.00  1.13 0.355  00  02E00AM000  0.508
GLU02_0002_042  0.000 -3.08  0.12  6.60  0.00  3.65 0.428  00  02E00BM000  0.638
GLU02_0002_043  0.000 -2.05 -0.08  6.60  0.00  4.48 0.259  00  02E00CM000  0.564
GLU02_0002_044  0.000 -3.26  4.72  3.80  0.00  5.26 0.184  00  02E00DM000  0.641
GLU02_0002_045  0.000 -2.09  0.03  6.60  0.00  4.55 0.161  00  02E00EM000  0.571
GLU02_0002_046  0.000 -0.91999.00  0.50  0.00999.00 0.000  00  02O000M000  0.334
GLU02_0002_047  0.000 -1.36 -1.42  3.30  0.00  0.52 0.223  00  02E001M000  0.423
GLU02_0002_048  0.000 -1.91 -0.25  0.50  0.00 -1.66 0.281  00  02E002M000  0.541
GLU02_0002_049  0.000 -0.31 -1.32  3.30  0.00  1.67 0.057  00  02E003M000  0.428
GLU02_0002_050  0.000 -0.76 -0.20  3.30  0.00  2.34 0.202  00  02E004M000  0.539
GLU02_0002_051  0.000 -2.33  0.02  0.50  0.00 -1.81 0.544  00  02E005M000  0.594
GLU02_0002_052  0.000 -0.94  0.04  3.30  0.00  2.40 0.107  00  02E006M000  0.569
GLU02_0002_053  0.000 -0.59 -1.16  3.02  0.00  1.27 0.083  00  02E007M000  0.453
GLU02_0002_054  0.000 -2.01 -0.53  3.88  0.00  1.35 0.189  00  02E008M000  0.438
GLU02_0002_055  0.000 -1.05 -0.42  0.22  0.00 -1.26 0.300  00  02E009M000  0.541
GLU02_0002_056  0.000 -2.33 -0.34  1.08  0.00 -1.59 0.355  00  02E00AM000  0.508
GLU02_0002_057  0.000 -3.08  0.12  3.88  0.00  0.93 0.428  00  02E00BM000  0.638
GLU02_0002_058  0.000 -2.05 -0.08  3.88  0.00  1.76 0.259  00  02E00CM000  0.564
GLU02_0002_059  0.000 -3.26  4.72  1.08  0.00  2.54 0.184  00  02E00DM000  0.641
GLU02_0002_060  0.000 -2.09  0.03  3.88  0.00  1.83 0.161  00  02E00EM000  0.571
GLU-1_0002_061 -1.000 -1.01999.00  0.50  0.00999.00 0.000  00  -1O000M000  0.325
GLU-1_0002_062 -1.000 -1.47 -1.39  3.30  0.00  0.45 0.223  00  -1E001M000  0.416
GLU-1_0002_063 -1.000 -2.04 -0.21  0.50  0.00 -1.75 0.281  00  -1E002M000  0.543
GLU-1_0002_064 -1.000 -0.51 -1.26  3.30  0.00  1.53 0.057  00  -1E003M000  0.410
GLU-1_0002_065 -1.000 -1.06 -0.13  3.30  0.00  2.11 0.202  00  -1E004M000  0.537
GLU-1_0002_066 -1.000 -2.52  0.03  0.50  0.00 -2.00 0.544  00  -1E005M000  0.608
GLU-1_0002_067 -1.000 -1.22  0.04  3.30  0.00  2.12 0.107  00  -1E006M000  0.573
GLU-1_0002_068 -1.000 -0.92 -1.10  3.02  0.00  1.00 0.083  00  -1E007M000  0.453
GLU-1_0002_069 -1.000 -2.02 -0.72  3.88  0.00  1.14 0.189  00  -1E008M000  0.446
GLU-1_0002_070 -1.000 -1.41 -0.37  0.22  0.00 -1.56 0.300  00  -1E009M000  0.548
GLU-1_0002_071 -1.000 -2.43 -0.30  1.08  0.00 -1.64 0.355  00  -1E00AM000  0.521
GLU-1_0002_072 -1.000 -2.98  0.17  3.88  0.00  1.07 0.428  00  -1E00BM000  0.631
GLU-1_0002_073 -1.000 -2.01 -0.02  3.88  0.00  1.85 0.259  00  -1E00CM000  0.557
GLU-1_0002_074 -1.000 -3.09  3.61  1.08  0.00  1.60 0.184  00  -1E00DM000  0.620
GLU-1_0002_075 -1.000 -2.17  0.06  3.88  0.00  1.78 0.161  00  -1E00EM000  0.568
THR01_0003_001  0.000 -4.82  0.04  0.42  0.00 -4.36 0.554  00  01O000M000  0.566
THR01_0003_002  0.000 -4.82  0.04  0.42  0.00 -4.36 0.554  00  01O000M000  0.566
THR01_0003_003  0.000 -5.17  0.52  0.04  0.00 -4.61 0.559  00  01E001M000  0.586
THR01_0003_004  0.000 -5.69  1.07  3.13  0.00 -1.49 0.553  00  01E002M000  0.654
ALA01_0004_001  0.000 -5.37 -0.30  0.00  0.00 -5.67 1.000  00  01O000M000  0.946
ALA01_0005_001  0.000 -4.01 -0.08  0.00  0.00 -4.10 1.000  00  01O000M000  0.722
ALA01_0006_001  0.000 -2.25 -1.46  0.00  0.00 -3.71 1.000  00  01O000M000  0.412
LYS01_0007_001  0.000 -2.61 -2.49  3.68  0.00 -1.42 0.329  00  01O000M000  0.483
LYS01_0007_002  0.000 -2.10 -2.53  5.09  0.00  0.46 0.240  00  01E001M000  0.432
LYS01_0007_003  0.000  0.14 -3.56  5.55  0.00  2.12 0.011  00  01E010M000  0.389
LYS01_0007_004  0.000  0.75 -2.64  2.69  0.00  0.80 0.183  00  01E013M000  0.425
LYS01_0007_005  0.000 -2.12 -2.49  5.09  0.00  0.48 0.268  00  01E016M000  0.428
LYS01_0007_006  0.000 -0.53 -1.95  3.11  0.00  0.63 0.138  00  01E019M000  0.401
LYS01_0007_007  0.000  1.50 -2.17  2.89  0.00  2.22 0.019  00  01E01CM000  0.345
LYS01_0007_008  0.000 -1.64 -2.72  2.94  0.00 -1.42 0.338  00  01E01EM000  0.474
LYS01_0007_009  0.000 -0.71 -2.72  3.94  0.00  0.51 0.201  00  01E01FM000  0.459
LYS01_0007_010  0.000 -0.95 -2.88  2.94  0.00 -0.89 0.308  00  01E020M000  0.432
LYS01_0007_011  0.000 -0.90 -2.41  4.52  0.00  1.21 0.060  00  01E022M000  0.421
LYS01_0007_012  0.000 -0.67 -2.59  4.14  0.00  0.88 0.168  00  01E024M000  0.477
LYS01_0007_013  0.000  1.30 -3.73  3.88  0.00  1.45 0.130  00  01E029M000  0.392
LYS01_0007_014  0.000 -1.44 -2.92  3.90  0.00 -0.46 0.286  00  01E030M000  0.444
LYS01_0007_015  0.000  0.39 -2.79  4.19  0.00  1.78 0.036  00  01E03AM000  0.365
LYS01_0007_016  0.000  0.70 -3.71  4.14  0.00  1.13 0.152  00  01E03FM000  0.386
LYS01_0007_017  0.000 -0.50 -2.72  3.24  0.00  0.03 0.371  00  01E043M000  0.451
LYS01_0007_018  0.000  1.01 -3.41  4.72  0.00  2.32 0.020  00  01R044M000  0.254
LYS01_0007_019  0.000 -0.13 -3.91  4.55  0.00  0.51 0.296  00  01E045M000  0.355
LYS01_0007_020  0.000  0.07 -3.53  4.65  0.00  1.18 0.175  00  01E047M000  0.395
LYS+1_0007_021  1.000 -2.66 -2.50  3.68  0.00 -1.48 0.329  00  +1O000M000  0.483
LYS+1_0007_022  1.000 -2.16 -2.53  5.09  0.00  0.40 0.240  00  +1E001M000  0.432
LYS+1_0007_023  1.000  0.09 -3.57  5.55  0.00  2.06 0.011  00  +1E010M000  0.389
LYS+1_0007_024  1.000  0.71 -2.65  2.69  0.00  0.74 0.183  00  +1E013M000  0.425
LYS+1_0007_025  1.000 -2.18 -2.49  5.09  0.00  0.41 0.268  00  +1E016M000  0.428
LYS+1_0007_026  1.000 -0.61 -1.96  3.11  0.00  0.54 0.138  00  +1E019M000  0.401
LYS+1_0007_027  1.000  1.46 -2.18  2.89  0.00  2.17 0.019  00  +1E01CM000  0.345
LYS+1_0007_028  1.000 -1.70 -2.72  2.94  0.00 -1.47 0.338  00  +1E01EM000  0.474
LYS+1_0007_029  1.000 -0.77 -2.72  3.94  0.00  0.44 0.201  00  +1E01FM000  0.459
LYS+1_0007_030  1.000 -1.04 -2.90  2.94  0.00 -0.99 0.308  00  +1E020M000  0.432
LYS+1_0007_031  1.000 -0.98 -2.42  4.52  0.00  1.12 0.060  00  +1E022M000  0.421
LYS+1_0007_032  1.000 -0.73 -2.60  4.14  0.00  0.81 0.168  00  +1E024M000  0.477
LYS+1_0007_033  1.000  1.59 -3.75  3.88  0.00  1.72 0.130  00  +1E029M000  0.392
LYS+1_0007_034  1.000 -1.49 -2.93  3.90  0.00 -0.51 0.286  00  +1E030M000  0.444
LYS+1_0007_035  1.000  0.32 -2.80  4.19  0.00  1.70 0.036  00  +1E03AM000  0.365
LYS+1_0007_036  1.000  0.62 -3.73  4.14  0.00  1.03 0.152  00  +1E03FM000  0.386
LYS+1_0007_037  1.000 -0.57 -2.73  3.24  0.00 -0.06 0.371  00  +1E043M000  0.451
LYS+1_0007_038  1.000  0.96 -3.43  4.72  0.00  2.25 0.020  00  +1R044M000  0.254
LYS+1_0007_039  1.000 -0.19 -3.93  4.55  0.00  0.44 0.296  00  +1E045M000  0.355
LYS+1_0007_040  1.000  0.01 -3.55  4.65  0.00  1.12 0.175  00  +1E047M000  0.395
PHE01_0008_001  0.000 -3.61 -3.27  0.01  0.00 -6.87 0.513  00  01O000M000  0.570
PHE01_0008_002  0.000 -3.91 -2.14  2.79  0.00 -3.25 0.570  00  01R001M000  0.623
PHE01_0008_003  0.000 -3.88 -3.36  0.01  0.00 -7.24 0.512  00  01R002M000  0.574
PHE01_0008_004  0.000 -4.01 -0.72  0.01  0.00 -4.72 0.161  00  01R003M000  0.585
PHE01_0008_005  0.000 -4.05 -1.95  2.79  0.00 -3.20 0.550  00  01R004M000  0.619
PHE01_0008_006  0.000 -4.50  1.35  2.79  0.00 -0.36 0.191  00  01R005M000  0.636
PHE01_0008_007  0.000 -5.21  2.61  2.79  0.00  0.19 0.478  00  01R006M000  0.659
PHE01_0008_008  0.000 -3.75  3.45  0.01  0.00 -0.29 0.477  00  01R007M000  0.565
GLU01_0009_001  0.000  3.74 -2.93  4.27  0.00  5.09 0.000  00  01O000M000  0.732
GLU01_0009_002  0.000 -1.62 -2.82  4.71  0.00  0.28 0.478  00  01E001M000  0.661
GLU01_0009_003  0.000 -0.06 -2.84  4.27  0.00  1.38 0.479  00  01E003M000  0.683
GLU01_0009_004  0.000 -1.43 -2.62  5.03  0.00  0.98 0.483  00  01E005M000  0.607
GLU01_0009_005  0.000 -2.01  1.19  4.71  0.00  3.90 0.401  00  01E006M000  0.765
GLU01_0009_006  0.000 -1.96  1.29  5.03  0.00  4.35 0.156  00  01E007M000  0.703
GLU01_0009_007  0.000 -1.81  1.28  5.03  0.00  4.50 0.125  00  01E00AM000  0.694
GLU01_0009_008  0.000 -1.80 -0.69  6.06  0.00  3.57 0.205  00  01E00BM000  0.703
GLU01_0009_009  0.000 -1.83 -0.67  6.06  0.00  3.56 0.206  00  01E00DM000  0.697
GLU01_0009_010  0.000 -0.09 -1.82  6.27  0.00  4.36 0.192  00  01E00FM000  0.688
GLU01_0009_011  0.000 -1.59 -1.74  6.58  0.00  3.25 0.345  00  01E010M000  0.662
GLU01_0009_012  0.000 -0.81 -1.78  6.27  0.00  3.67 0.299  00  01E011M000  0.692
GLU01_0009_013  0.000 -1.71 -1.76  6.58  0.00  3.11 0.352  00  01E012M000  0.667
GLU01_0009_014  0.000 -1.71 -2.30  5.03  0.00  1.01 0.096  00  01E013M000  0.654
GLU01_0009_015  0.000  0.12 -2.23  4.27  0.00  2.17 0.020  00  01E014M000  0.606
GLU01_0009_016  0.000 -1.36 -1.41  4.71  0.00  1.94 0.030  00  01E015M000  0.568
GLU01_0009_017  0.000 -1.41 -2.30  5.03  0.00  1.32 0.112  00  01E016M000  0.588
GLU01_0009_018  0.000  3.74 -2.93  1.55  0.00  2.37 0.000  00  01O000M000  0.732
GLU01_0009_019  0.000 -1.62 -2.82  1.99  0.00 -2.44 0.478  00  01E001M000  0.661
GLU01_0009_020  0.000 -2.01  1.19  1.99  0.00  1.18 0.401  00  01E006M000  0.765
GLU01_0009_021  0.000 -1.96  1.29  2.31  0.00  1.63 0.156  00  01E007M000  0.703
GLU01_0009_022  0.000 -1.81  1.28  2.31  0.00  1.78 0.125  00  01E00AM000  0.694
GLU01_0009_023  0.000 -1.83 -0.67  3.34  0.00  0.84 0.206  00  01E00DM000  0.697
GLU01_0009_024  0.000 -0.09 -1.82  3.55  0.00  1.64 0.192  00  01E00FM000  0.688
GLU01_0009_025  0.000 -1.59 -1.74  3.86  0.00  0.53 0.345  00  01E010M000  0.662
GLU01_0009_026  0.000 -0.81 -1.78  3.55  0.00  0.95 0.299  00  01E011M000  0.692
GLU01_0009_027  0.000 -1.71 -1.76  3.86  0.00  0.39 0.352  00  01E012M000  0.667
GLU01_0009_028  0.000 -1.71 -2.30  2.31  0.00 -1.71 0.096  00  01E013M000  0.654
GLU01_0009_029  0.000  0.12 -2.23  1.55  0.00 -0.55 0.020  00  01E014M000  0.606
GLU01_0009_030  0.000 -1.36 -1.41  1.99  0.00 -0.78 0.030  00  01E015M000  0.568
GLU01_0009_031  0.000 -1.41 -2.30  2.31  0.00 -1.40 0.112  00  01E016M000  0.588
GLU02_0009_032  0.000  5.56 -2.95  4.27  0.00  6.88 0.000  00  02O000M000  0.732
GLU02_0009_033  0.000 -0.70 -2.81  4.27  0.00  0.76 0.479  00  02E003M000  0.707
GLU02_0009_034  0.000 -1.14 -2.42  5.03  0.00  1.46 0.483  00  02E005M000  0.610
GLU02_0009_035  0.000 -1.74  1.17  4.71  0.00  4.14 0.401  00  02E006M000  0.758
GLU02_0009_036  0.000 -1.85  1.29  5.03  0.00  4.47 0.156  00  02E007M000  0.700
GLU02_0009_037  0.000 -1.59  1.28  5.03  0.00  4.71 0.125  00  02E00AM000  0.715
GLU02_0009_038  0.000 -1.45 -0.71  6.06  0.00  3.89 0.205  00  02E00BM000  0.698
GLU02_0009_039  0.000 -1.85 -0.65  6.06  0.00  3.56 0.206  00  02E00DM000  0.709
GLU02_0009_040  0.000  0.49 -1.84  6.27  0.00  4.92 0.192  00  02E00FM000  0.687
GLU02_0009_041  0.000 -1.60 -1.74  6.58  0.00  3.25 0.345  00  02E010M000  0.673
GLU02_0009_042  0.000 -1.06 -1.77  6.27  0.00  3.44 0.299  00  02E011M000  0.707
GLU02_0009_043  0.000 -1.56 -1.77  6.58  0.00  3.25 0.352  00  02E012M000  0.671
GLU02_0009_044  0.000 -1.76 -2.29  5.03  0.00  0.98 0.096  00  02E013M000  0.657
GLU02_0009_045  0.000 -0.41 -2.26  4.27  0.00  1.60 0.020  00  02E014M000  0.608
GLU02_0009_046  0.000 -1.37 -1.65  4.71  0.00  1.69 0.030  00  02E015M000  0.566
GLU02_0009_047  0.000 -1.10 -2.30  5.03  0.00  1.62 0.112  00  02E016M000  0.603
GLU02_0009_048  0.000  5.56 -2.95  1.55  0.00  4.16 0.000  00  02O000M000  0.732
GLU02_0009_049  0.000 -1.57 -2.85  2.31  0.00 -2.11 0.481  00  02E002M000  0.632
GLU02_0009_050  0.000 -1.14 -2.42  2.31  0.00 -1.26 0.483  00  02E005M000  0.610
GLU02_0009_051  0.000 -1.74  1.17  1.99  0.00  1.42 0.401  00  02E006M000  0.758
GLU02_0009_052  0.000 -1.85  1.29  2.31  0.00  1.75 0.156  00  02E007M000  0.700
GLU02_0009_053  0.000 -1.59  1.28  2.31  0.00  1.99 0.125  00  02E00AM000  0.715
GLU02_0009_054  0.000 -1.45 -0.71  3.34  0.00  1.17 0.205  00  02E00BM000  0.698
GLU02_0009_055  0.000 -1.85 -0.65  3.34  0.00  0.84 0.206  00  02E00DM000  0.709
GLU02_0009_056  0.000  0.49 -1.84  3.55  0.00  2.20 0.192  00  02E00FM000  0.687
GLU02_0009_057  0.000 -1.60 -1.74  3.86  0.00  0.53 0.345  00  02E010M000  0.673
GLU02_0009_058  0.000 -1.06 -1.77  3.55  0.00  0.72 0.299  00  02E011M000  0.707
GLU02_0009_059  0.000 -1.56 -1.77  3.86  0.00  0.53 0.352  00  02E012M000  0.671
GLU02_0009_060  0.000 -1.76 -2.29  2.31  0.00 -1.74 0.096  00  02E013M000  0.657
GLU02_0009_061  0.000 -0.41 -2.26  1.55  0.00 -1.12 0.020  00  02E014M000  0.608
GLU02_0009_062  0.000 -1.37 -1.65  1.99  0.00 -1.03 0.030  00  02E015M000  0.566
GLU02_0009_063  0.000 -1.10 -2.30  2.31  0.00 -1.10 0.112  00  02E016M000  0.603
GLU-1_0009_064 -1.000  3.79 -2.89  1.55  0.00  2.46 0.000  00  -1O000M000  0.742
GLU-1_0009_065 -1.000 -1.65 -2.75  1.99  0.00 -2.40 0.478  00  -1E001M000  0.651
GLU-1_0009_066 -1.000 -1.97  1.22  1.99  0.00  1.24 0.401  00  -1E006M000  0.765
GLU-1_0009_067 -1.000 -0.86  1.31  1.55  0.00  2.00 0.063  00  -1E008M000  0.757
GLU-1_0009_068 -1.000 -1.82  1.32  2.31  0.00  1.80 0.125  00  -1E00AM000  0.712
GLU-1_0009_069 -1.000 -2.06 -0.64  3.65  0.00  0.95 0.181  00  -1E00CM000  0.697
GLU-1_0009_070 -1.000 -0.08 -1.79  3.55  0.00  1.67 0.192  00  -1E00FM000  0.678
GLU-1_0009_071 -1.000 -1.75 -1.70  3.86  0.00  0.41 0.345  00  -1E010M000  0.671
GLU-1_0009_072 -1.000 -1.15 -1.74  3.55  0.00  0.66 0.299  00  -1E011M000  0.694
GLU-1_0009_073 -1.000 -1.87 -1.73  3.86  0.00  0.26 0.352  00  -1E012M000  0.682
GLU-1_0009_074 -1.000 -1.83 -2.26  2.31  0.00 -1.79 0.096  00  -1E013M000  0.658
GLU-1_0009_075 -1.000 -0.51 -2.23  1.55  0.00 -1.18 0.020  00  -1E014M000  0.609
GLU-1_0009_076 -1.000 -1.44 -1.62  1.99  0.00 -1.07 0.030  00  -1E015M000  0.562
GLU-1_0009_077 -1.000 -1.36 -2.26  2.31  0.00 -1.31 0.112  00  -1E016M000  0.588
ARG01_0010_001  0.000 -1.72 -1.07  0.75  0.00 -2.04 0.278  00  01O000M000  0.598
ARG01_0010_002  0.000 -3.50 -0.29  2.97  0.00 -0.82 0.094  00  01E005M000  0.710
ARG01_0010_003  0.000 -0.72 -1.40  0.75  0.00 -1.37 0.129  00  01E006M000  0.627
ARG01_0010_004  0.000 -4.15  0.58  4.08  0.00  0.51 0.010  00  01E009M000  0.737
ARG01_0010_005  0.000 -3.41 -0.72  0.75  0.00 -3.38 0.159  00  01E00AM000  0.607
ARG01_0010_006  0.000 -4.82 -1.36  3.55  0.00 -2.63 0.116  00  01E00CM000  0.693
ARG01_0010_007  0.000 -5.23 -0.22  2.97  0.00 -2.47 0.261  00  01E010M000  0.722
ARG01_0010_008  0.000 -2.30 -0.46  2.97  0.00  0.21 0.122  00  01E011M000  0.635
ARG01_0010_009  0.000 -1.12 -1.52  2.97  0.00  0.33 0.121  00  01E012M000  0.577
ARG01_0010_010  0.000 -5.65 -1.02  5.76  0.00 -0.91 0.022  00  01E01CM000  0.727
ARG01_0010_011  0.000 -5.93 -1.03  3.55  0.00 -3.41 0.039  00  01E01DM000  0.692
ARG01_0010_012  0.000 -4.82 -0.97  3.55  0.00 -2.24 0.044  00  01E01EM000  0.722
ARG01_0010_013  0.000 -5.36 -1.07  3.55  0.00 -2.88 0.036  00  01E01FM000  0.701
ARG01_0010_014  0.000 -3.70 -2.31  3.55  0.00 -2.46 0.114  00  01E021M000  0.604
ARG01_0010_015  0.000 -4.06  4.29  0.75  0.00  0.98 0.050  00  01E022M000  0.614
ARG01_0010_016  0.000 -3.97  0.25  4.08  0.00  0.35 0.011  00  01E027M000  0.678
ARG01_0010_017  0.000 -6.30  2.43  3.51  0.00 -0.37 0.034  00  01E02AM000  0.714
ARG01_0010_018  0.000 -4.30  0.02  4.16  0.00 -0.12 0.027  00  01E02CM000  0.686
ARG01_0010_019  0.000 -3.98 -0.02  3.50  0.00 -0.50 0.110  00  01E030M000  0.693
ARG01_0010_020  0.000 -3.53 -0.02  1.28  0.00 -2.26 0.137  00  01E032M000  0.675
ARG02_0010_021  0.000 -1.77 -1.09  0.75  0.00 -2.11 0.278  00  02O000M000  0.598
ARG02_0010_022  0.000 -3.52 -0.29  2.97  0.00 -0.84 0.094  00  02E005M000  0.710
ARG02_0010_023  0.000 -0.75 -1.40  0.75  0.00 -1.39 0.129  00  02E006M000  0.627
ARG02_0010_024  0.000 -4.18  0.58  4.08  0.00  0.48 0.010  00  02E009M000  0.737
ARG02_0010_025  0.000 -3.50 -0.75  0.75  0.00 -3.50 0.159  00  02E00AM000  0.607
ARG02_0010_026  0.000 -4.90 -1.38  3.55  0.00 -2.74 0.116  00  02E00CM000  0.693
ARG02_0010_027  0.000 -5.28 -0.23  2.97  0.00 -2.54 0.261  00  02E010M000  0.722
ARG02_0010_028  0.000 -2.35 -0.47  2.97  0.00  0.16 0.122  00  02E011M000  0.635
ARG02_0010_029  0.000 -1.14 -1.52  2.97  0.00  0.31 0.121  00  02E012M000  0.577
ARG02_0010_030  0.000 -5.70 -1.03  5.76  0.00 -0.97 0.022  00  02E01CM000  0.727
ARG02_0010_031  0.000 -5.97 -1.04  3.55  0.00 -3.45 0.039  00  02E01DM000  0.692
ARG02_0010_032  0.000 -4.86 -0.97  3.55  0.00 -2.28 0.044  00  02E01EM000  0.722
ARG02_0010_033  0.000 -5.38 -1.07  3.55  0.00 -2.90 0.036  00  02E01FM000  0.701
ARG02_0010_034  0.000 -3.74 -2.33  3.55  0.00 -2.53 0.114  00  02E021M000  0.604
ARG02_0010_035  0.000 -4.09  4.27  0.75  0.00  0.93 0.050  00  02E022M000  0.614
ARG02_0010_036  0.000 -4.01  0.24  4.08  0.00  0.31 0.011  00  02E027M000  0.678
ARG02_0010_037  0.000 -6.34  2.42  3.51  0.00 -0.41 0.034  00  02E02AM000  0.714
ARG02_0010_038  0.000 -3.57 -0.03  1.28  0.00 -2.31 0.137  00  02E032M000  0.675
ARG02_0010_039  0.000 -1.77 -1.08  0.75  0.00 -2.09 0.278  00  02O000M000  0.598
ARG02_0010_040  0.000 -0.74 -1.40  0.75  0.00 -1.39 0.129  00  02E006M000  0.627
ARG02_0010_041  0.000 -3.49 -0.75  0.75  0.00 -3.48 0.159  00  02E00AM000  0.607
ARG02_0010_042  0.000 -4.90 -1.38  3.55  0.00 -2.73 0.116  00  02E00CM000  0.693
ARG02_0010_043  0.000 -5.27 -0.23  2.97  0.00 -2.53 0.261  00  02E010M000  0.722
ARG02_0010_044  0.000 -2.34 -0.46  2.97  0.00  0.16 0.122  00  02E011M000  0.635
ARG02_0010_045  0.000 -1.14 -1.52  2.97  0.00  0.31 0.121  00  02E012M000  0.577
ARG02_0010_046  0.000 -3.74 -2.31  3.55  0.00 -2.50 0.114  00  02E021M000  0.604
ARG02_0010_047  0.000 -4.08  4.27  0.75  0.00  0.94 0.050  00  02E022M000  0.614
ARG02_0010_048  0.000 -4.01  0.24  4.08  0.00  0.31 0.011  00  02E027M000  0.678
ARG02_0010_049  0.000 -4.32  0.01  4.16  0.00 -0.14 0.027  00  02E02CM000  0.686
ARG02_0010_050  0.000 -4.03 -0.03  3.50  0.00 -0.56 0.110  00  02E030M000  0.693
ARG03_0010_051  0.000 -3.51 -0.29  2.97  0.00 -0.83 0.094  00  03E005M000  0.710
ARG03_0010_052  0.000 -0.73 -1.37  0.75  0.00 -1.35 0.129  00  03E006M000  0.627
ARG03_0010_053  0.000 -4.17  0.58  4.08  0.00  0.49 0.010  00  03E009M000  0.737
ARG03_0010_054  0.000 -3.49 -0.76  0.75  0.00 -3.49 0.159  00  03E00AM000  0.607
ARG03_0010_055  0.000 -4.90 -1.38  3.55  0.00 -2.73 0.116  00  03E00CM000  0.693
ARG03_0010_056  0.000 -5.27 -0.23  2.97  0.00 -2.53 0.261  00  03E010M000  0.722
ARG03_0010_057  0.000 -2.34 -0.46  2.97  0.00  0.17 0.122  00  03E011M000  0.635
ARG03_0010_058  0.000 -1.12 -1.48  2.97  0.00  0.36 0.121  00  03E012M000  0.577
ARG03_0010_059  0.000 -5.69 -1.03  5.76  0.00 -0.96 0.022  00  03E01CM000  0.727
ARG03_0010_060  0.000 -5.96 -1.03  3.55  0.00 -3.44 0.039  00  03E01DM000  0.692
ARG03_0010_061  0.000 -4.85 -0.97  3.55  0.00 -2.27 0.044  00  03E01EM000  0.722
ARG03_0010_062  0.000 -4.07  4.27  0.75  0.00  0.95 0.050  00  03E022M000  0.614
ARG03_0010_063  0.000 -4.00  0.24  4.08  0.00  0.32 0.011  00  03E027M000  0.678
ARG03_0010_064  0.000 -6.33  2.42  3.51  0.00 -0.40 0.034  00  03E02AM000  0.714
ARG03_0010_065  0.000 -4.31  0.01  4.16  0.00 -0.13 0.027  00  03E02CM000  0.686
ARG03_0010_066  0.000 -4.02 -0.03  3.50  0.00 -0.56 0.110  00  03E030M000  0.693
ARG03_0010_067  0.000 -3.56 -0.03  1.28  0.00 -2.30 0.137  00  03E032M000  0.675
ARG03_0010_068  0.000 -1.90 -1.09  0.75  0.00 -2.23 0.278  00  03O000M000  0.598
ARG03_0010_069  0.000 -3.62 -0.28  2.97  0.00 -0.93 0.094  00  03E005M000  0.710
ARG03_0010_070  0.000 -0.83 -1.38  0.75  0.00 -1.45 0.129  00  03E006M000  0.627
ARG03_0010_071  0.000 -4.30  0.58  4.08  0.00  0.36 0.010  00  03E009M000  0.737
ARG03_0010_072  0.000 -4.89 -1.38  3.55  0.00 -2.72 0.116  00  03E00CM000  0.693
ARG03_0010_073  0.000 -2.51 -0.46  2.97  0.00 -0.00 0.122  00  03E011M000  0.635
ARG03_0010_074  0.000 -1.08 -1.47  2.97  0.00  0.42 0.121  00  03E012M000  0.577
ARG03_0010_075  0.000 -5.68 -1.03  5.76  0.00 -0.94 0.022  00  03E01CM000  0.727
ARG03_0010_076  0.000 -5.95 -1.03  3.55  0.00 -3.43 0.039  00  03E01DM000  0.692
ARG03_0010_077  0.000 -5.03 -0.97  3.55  0.00 -2.45 0.044  00  03E01EM000  0.722
ARG03_0010_078  0.000 -5.30 -1.06  3.55  0.00 -2.81 0.036  00  03E01FM000  0.701
ARG03_0010_079  0.000 -3.67 -2.33  3.55  0.00 -2.46 0.114  00  03E021M000  0.604
ARG03_0010_080  0.000 -3.94  0.24  4.08  0.00  0.38 0.011  00  03E027M000  0.678
ARG03_0010_081  0.000 -4.24  0.02  4.16  0.00 -0.06 0.027  00  03E02CM000  0.686
ARG03_0010_082  0.000 -4.01 -0.03  3.50  0.00 -0.54 0.110  00  03E030M000  0.693
ARG+1_0010_083  1.000 -1.81 -1.10  0.75  0.00 -2.15 0.278  00  +1O000M000  0.598
ARG+1_0010_084  1.000 -3.56 -0.29  2.97  0.00 -0.88 0.094  00  +1E005M000  0.710
ARG+1_0010_085  1.000 -0.79 -1.41  0.75  0.00 -1.44 0.129  00  +1E006M000  0.627
ARG+1_0010_086  1.000 -4.22  0.58  4.08  0.00  0.44 0.010  00  +1E009M000  0.737
ARG+1_0010_087  1.000 -3.54 -0.76  0.75  0.00 -3.54 0.159  00  +1E00AM000  0.607
ARG+1_0010_088  1.000 -4.94 -1.38  3.55  0.00 -2.78 0.116  00  +1E00CM000  0.693
ARG+1_0010_089  1.000 -5.31 -0.23  2.97  0.00 -2.58 0.261  00  +1E010M000  0.722
ARG+1_0010_090  1.000 -2.38 -0.47  2.97  0.00  0.12 0.122  00  +1E011M000  0.635
ARG+1_0010_091  1.000 -1.18 -1.52  2.97  0.00  0.26 0.121  00  +1E012M000  0.577
ARG+1_0010_092  1.000 -5.74 -1.03  5.76  0.00 -1.01 0.022  00  +1E01CM000  0.727
ARG+1_0010_093  1.000 -6.01 -1.04  3.55  0.00 -3.49 0.039  00  +1E01DM000  0.692
ARG+1_0010_094  1.000 -4.90 -0.97  3.55  0.00 -2.32 0.044  00  +1E01EM000  0.722
ARG+1_0010_095  1.000 -5.42 -1.07  3.55  0.00 -2.94 0.036  00  +1E01FM000  0.701
ARG+1_0010_096  1.000 -3.78 -2.34  3.55  0.00 -2.57 0.114  00  +1E021M000  0.604
ARG+1_0010_097  1.000 -4.13  4.26  0.75  0.00  0.89 0.050  00  +1E022M000  0.614
ARG+1_0010_098  1.000 -4.05  0.24  4.08  0.00  0.27 0.011  00  +1E027M000  0.678
ARG+1_0010_099  1.000 -6.38  2.42  3.51  0.00 -0.45 0.034  00  +1E02AM000  0.714
ARG+1_0010_100  1.000 -4.36  0.01  4.16  0.00 -0.18 0.027  00  +1E02CM000  0.686
ARG+1_0010_101  1.000 -4.07 -0.03  3.50  0.00 -0.60 0.110  00  +1E030M000  0.693
ARG+1_0010_102  1.000 -3.60 -0.03  1.28  0.00 -2.35 0.137  00  +1E032M000  0.675
GLN01_0011_001  0.000 -1.63  6.85  3.83  0.00  9.06 0.000  00  01O000M000  0.523
GLN01_0011_002  0.000 -2.27 -0.60  3.83  0.00  0.96 0.280  00  01E001M000  0.662
GLN01_0011_003  0.000 -1.04 -2.11  3.77  0.00  0.62 0.129  00  01E003M000  0.518
GLN01_0011_004  0.000 -2.24 -1.05  3.83  0.00  0.54 0.468  00  01E004M000  0.625
GLN01_0011_005  0.000 -0.76  1.62  1.40  0.00  2.26 0.026  00  01R006M000  0.324
GLN01_0011_006  0.000 -0.54 -1.98  3.77  0.00  1.26 0.087  00  01E007M000  0.408
GLN01_0011_007  0.000 -1.29 -0.65  3.42  0.00  1.48 0.018  00  01E008M000  0.627
GLN01_0011_008  0.000 -2.09 -0.68  3.83  0.00  1.06 0.203  00  01E009M000  0.680
GLN01_0011_009  0.000 -1.99 -0.61  3.42  0.00  0.82 0.278  00  01E00AM000  0.655
GLN01_0011_010  0.000 -1.18 -1.18  0.99  0.00 -1.37 0.515  00  01E00BM000  0.622
GLN01_0011_011  0.000 -1.58 -1.14  1.40  0.00 -1.32 0.474  00  01E00CM000  0.595
GLN01_0011_012  0.000 -2.06 -1.10  0.99  0.00 -2.17 0.516  00  01E00DM000  0.662
GLN01_0011_013  0.000 -0.25 -1.11  0.60  0.00 -0.76 0.519  00  01E00EM000  0.563
GLN01_0011_014  0.000 -0.98 -1.92  3.77  0.00  0.86 0.132  00  01E00FM000  0.532
GLN01_0011_015  0.000 -0.25 -2.04  3.36  0.00  1.07 0.109  00  01E010M000  0.572
GLN01_0011_016  0.000 -1.60 -1.13  3.83  0.00  1.10 0.315  00  01E011M000  0.574
GLN01_0011_017  0.000 -2.35  0.72  3.42  0.00  1.79 0.014  00  01E012M000  0.661
GLN01_0011_018  0.000 -0.63 -0.95  3.04  0.00  1.46 0.039  00  01E013M000  0.594
GLN01_0011_019  0.000 -1.77 -0.52  0.99  0.00 -1.30 0.480  00  01E015M000  0.659
GLN01_0011_020  0.000 -0.66 -1.93  3.77  0.00  1.17 0.086  00  01E017M000  0.475
HIS01_0012_001  0.000 -5.72 -2.31  0.08  0.00 -7.95 0.486  00  01O000M000  0.487
HIS01_0012_002  0.000 -5.82 -2.25  0.08  0.00 -7.99 0.480  00  01R001M000  0.494
HIS01_0012_003  0.000 -7.50 -0.30  2.72  0.00 -5.08 0.095  00  01E002M000  0.648
HIS01_0012_004  0.000 -5.16  4.37  0.08  0.00 -0.71 0.075  00  01E003M000  0.435
HIS01_0012_005  0.000 -5.59 -2.43  0.08  0.00 -7.94 0.482  00  01E004M000  0.463
HIS01_0012_006  0.000 -7.62  1.35  2.72  0.00 -3.55 0.114  00  01E005M000  0.650
HIS01_0012_007  0.000 -8.12 -0.34  2.72  0.00 -5.74 0.164  00  01E006M000  0.664
HIS01_0012_008  0.000 -7.64 -0.27  2.72  0.00 -5.19 0.138  00  01E007M000  0.660
HIS01_0012_009  0.000 -7.39  2.12  2.72  0.00 -2.55 0.160  00  01E008M000  0.645
HIS01_0012_010  0.000 -7.39 -0.38  2.72  0.00 -5.05 0.141  00  01E009M000  0.625
HIS02_0012_011  0.000 -5.74 -2.35  0.08  0.00 -8.01 0.486  00  02O000M000  0.487
HIS02_0012_012  0.000 -5.84 -2.31  0.08  0.00 -8.07 0.480  00  02R001M000  0.494
HIS02_0012_013  0.000 -7.51 -0.39  2.72  0.00 -5.18 0.095  00  02E002M000  0.648
HIS02_0012_014  0.000 -5.18  4.17  0.08  0.00 -0.93 0.075  00  02E003M000  0.435
HIS02_0012_015  0.000 -5.61 -2.50  0.08  0.00 -8.03 0.482  00  02E004M000  0.463
HIS02_0012_016  0.000 -7.63  1.23  2.72  0.00 -3.68 0.114  00  02E005M000  0.650
HIS02_0012_017  0.000 -8.14 -0.45  2.72  0.00 -5.86 0.164  00  02E006M000  0.664
HIS02_0012_018  0.000 -7.66 -0.29  2.72  0.00 -5.23 0.138  00  02E007M000  0.660
HIS02_0012_019  0.000 -7.41  2.11  2.72  0.00 -2.58 0.160  00  02E008M000  0.645
HIS02_0012_020  0.000 -7.41 -0.39  2.72  0.00 -5.08 0.141  00  02E009M000  0.625
HIS+1_0012_021  1.000 -5.77 -2.36  0.08  0.00 -8.05 0.486  00  +1O000M000  0.487
HIS+1_0012_022  1.000 -5.86 -2.32  0.08  0.00 -8.11 0.480  00  +1R001M000  0.494
HIS+1_0012_023  1.000 -7.54 -0.39  2.72  0.00 -5.21 0.095  00  +1E002M000  0.648
HIS+1_0012_024  1.000 -5.20  4.17  0.08  0.00 -0.96 0.075  00  +1E003M000  0.435
HIS+1_0012_025  1.000 -5.64 -2.51  0.08  0.00 -8.07 0.482  00  +1E004M000  0.463
HIS+1_0012_026  1.000 -7.66  1.23  2.72  0.00 -3.71 0.114  00  +1E005M000  0.650
HIS+1_0012_027  1.000 -8.16 -0.45  2.72  0.00 -5.89 0.164  00  +1E006M000  0.664
HIS+1_0012_028  1.000 -7.69 -0.29  2.72  0.00 -5.26 0.138  00  +1E007M000  0.660
HIS+1_0012_029  1.000 -7.44  2.11  2.72  0.00 -2.61 0.160  00  +1E008M000  0.645
HIS+1_0012_030  1.000 -7.44 -0.39  2.72  0.00 -5.11 0.141  00  +1E009M000  0.625
MET01_0013_001  0.000 -5.80 -0.77  0.42  0.00 -6.15 0.254  00  01O000M000  0.595
MET01_0013_002  0.000 -2.78 -0.54  2.82  0.00 -0.50 0.287  00  01R001M000  0.594
MET01_0013_003  0.000 -4.28 -1.43  2.82  0.00 -2.89 0.059  00  01R002M000  0.686
MET01_0013_004  0.000 -5.89 -1.60  0.42  0.00 -7.06 0.116  00  01R008M000  0.523
MET01_0013_005  0.000 -6.05 -0.54  4.81  0.00 -1.78 0.310  00  01R00AM000  0.601
MET01_0013_006  0.000 -5.79 -0.43  2.82  0.00 -3.40 0.334  00  01R00BM000  0.577
MET01_0013_007  0.000 -7.20  1.83  5.19  0.00 -0.18 0.211  00  01R00EM000  0.701
MET01_0013_008  0.000 -2.21 -1.23  0.42  0.00 -3.02 0.047  00  01R00FM000  0.690
MET01_0013_009  0.000 -8.01 -0.84  2.41  0.00 -6.44 0.077  00  01R010M000  0.719
MET01_0013_010  0.000 -8.66 -0.80  0.42  0.00 -9.05 0.041  00  01R011M000  0.747
MET01_0013_011  0.000 -4.21 -1.53  2.82  0.00 -2.92 0.030  00  01R013M000  0.611
MET01_0013_012  0.000 -7.35 -0.97  2.82  0.00 -5.50 0.092  00  01R015M000  0.729
MET01_0013_013  0.000 -7.24 -1.06  4.81  0.00 -3.49 0.044  00  01R016M000  0.728
MET01_0013_014  0.000 -7.64 -1.43  2.41  0.00 -6.66 0.151  00  01R017M000  0.687
MET01_0013_015  0.000 -8.09 -1.20  0.42  0.00 -8.87 0.121  00  01R018M000  0.703
MET01_0013_016  0.000 -6.22 -0.30  5.19  0.00 -1.33 0.106  00  01R020M000  0.625
MET01_0013_017  0.000 -7.39 -0.14  4.78  0.00 -2.75 0.057  00  01R021M000  0.665
MET01_0013_018  0.000 -7.61 -0.09  2.79  0.00 -4.91 0.071  00  01R022M000  0.661
MET01_0013_019  0.000 -6.39 -0.40  4.78  0.00 -2.01 0.076  00  01R023M000  0.590
MET01_0013_020  0.000 -6.73  0.18  7.18  0.00  0.63 0.024  00  01R026M000  0.673
