iConf CONFORMER     FL  occ    crg   Em0  pKa0 ne nH    vdw0    vdw1    tors    epol   dsolv   extra    history
00001 LYS01_0001_001 f 0.00  0.000     0  0.00  0  0  -4.818   4.380   2.278   0.025   0.173   0.000 01O000M000t
00002 LYS01_0001_002 f 0.00  0.000     0  0.00  0  0  -6.394   2.767   2.902  -0.026   0.118   0.000 01E001M000t
00003 LYS01_0001_003 f 0.00  0.000     0  0.00  0  0  -8.225   5.012   2.361  -0.650   0.316   0.000 01E002M000t
00004 LYS01_0001_004 f 0.00  0.000     0  0.00  0  0  -8.343   2.840   2.699  -0.045   0.098   0.000 01E008M000t
00005 LYS01_0001_005 f 0.00  0.000     0  0.00  0  0  -9.077   1.458   4.669  -0.017   0.039   0.000 01E00BM000t
00006 LYS01_0001_006 f 0.00  0.000     0  0.00  0  0  -9.281   4.818   2.279   0.006  -0.184   0.000 01E00EM000t
00007 LYS01_0001_007 f 0.00  0.000     0  0.00  0  0  -9.187   4.776   3.654   0.007   0.005   0.000 01E00FM000t
00008 LYS01_0001_008 f 0.00  0.000     0  0.00  0  0  -8.332   0.725   4.875  -0.186  -0.138   0.000 01E015M000t
00009 LYS01_0001_009 f 0.00  0.000     0  0.00  0  0  -9.254   5.139   2.363  -0.002   0.034   0.000 01E017M000t
00010 LYS01_0001_010 f 0.00  0.000     0  0.00  0  0  -9.783   5.427   3.451  -0.021   0.049   0.000 01E019M000t
00011 LYS01_0001_011 f 0.00  0.000     0  0.00  0  0  -9.884   5.401   3.452  -0.024   0.022   0.000 01E01BM000t
00012 LYS01_0001_012 f 0.00  0.000     0  0.00  0  0  -9.300   5.464   2.522  -0.019   0.031   0.000 01E01CM000t
00013 LYS01_0001_013 f 0.00  0.000     0  0.00  0  0  -8.687   2.262   3.451   0.027   0.238   0.000 01E01DM000t
00014 LYS01_0001_014 f 0.00  0.000     0  0.00  0  0  -8.167   2.192   3.898   0.035   0.131   0.000 01E01EM000t
00015 LYS01_0001_015 f 0.00  0.000     0  0.00  0  0  -9.485   6.870   2.456  -0.045  -0.089   0.000 01E01FM000t
00016 LYS01_0001_016 f 0.00  0.000     0  0.00  0  0  -6.906   2.952   2.987  -0.017  -0.128   0.000 01E020M000t
00017 LYS01_0001_017 f 0.00  0.000     0  0.00  0  0  -8.559   2.821   4.076  -0.030  -0.046   0.000 01E021M000t
00018 LYS01_0001_018 f 0.00  0.000     0  0.00  0  0  -7.438   1.350   5.121  -0.022   0.041   0.000 01E027M000t
00019 LYS01_0001_019 f 0.00  0.000     0  0.00  0  0 -10.095   3.462   5.462  -0.057   0.044   0.000 01E028M000t
00020 LYS01_0001_020 f 0.00  0.000     0  0.00  0  0 -10.414   3.467   4.086  -0.040  -0.036   0.000 01E029M000t
00021 LYS+1_0001_021 f 0.00  1.000     0 10.40  0  1  -4.344   4.356   2.278  -0.022   0.874   0.000 +1O000M000t
00022 LYS+1_0001_022 f 0.00  1.000     0 10.40  0  1  -6.463   2.760   2.902   0.140   0.280   0.000 +1E001M000t
00023 LYS+1_0001_023 f 0.00  1.000     0 10.40  0  1  -8.288   4.960   2.361  -0.818   1.075   0.000 +1E002M000t
00024 LYS+1_0001_024 f 0.00  1.000     0 10.40  0  1  -8.402   2.837   2.699   0.117  -0.202   0.000 +1E008M000t
00025 LYS+1_0001_025 f 0.00  1.000     0 10.40  0  1  -9.136   1.456   4.669   0.158  -0.157   0.000 +1E00BM000t
00026 LYS+1_0001_026 f 0.00  1.000     0 10.40  0  1  -9.326   4.813   2.279  -0.017  -0.183   0.000 +1E00EM000t
00027 LYS+1_0001_027 f 0.00  1.000     0 10.40  0  1  -9.237   4.770   3.654   0.009  -0.418   0.000 +1E00FM000t
00028 LYS+1_0001_028 f 0.00  1.000     0 10.40  0  1  -8.378   0.717   4.875   0.605  -0.168   0.000 +1E015M000t
00029 LYS+1_0001_029 f 0.00  1.000     0 10.40  0  1  -9.299   5.136   2.363   0.028  -0.106   0.000 +1E017M000t
00030 LYS+1_0001_030 f 0.00  1.000     0 10.40  0  1  -9.841   5.425   3.451   0.114  -0.117   0.000 +1E019M000t
00031 LYS+1_0001_031 f 0.00  1.000     0 10.40  0  1  -9.928   5.398   3.452   0.053  -0.300   0.000 +1E01BM000t
00032 LYS+1_0001_032 f 0.00  1.000     0 10.40  0  1  -9.347   5.462   2.522   0.099  -0.264   0.000 +1E01CM000t
00033 LYS+1_0001_033 f 0.00  1.000     0 10.40  0  1  -8.746   2.227   3.451  -0.217   0.321   0.000 +1E01DM000t
00034 LYS+1_0001_034 f 0.00  1.000     0 10.40  0  1  -8.248   2.179   3.898  -0.075   0.378   0.000 +1E01EM000t
00035 LYS+1_0001_035 f 0.00  1.000     0 10.40  0  1  -9.530   6.867   2.456   0.217  -0.236   0.000 +1E01FM000t
00036 LYS+1_0001_036 f 0.00  1.000     0 10.40  0  1  -6.951   2.951   2.987   0.100  -0.602   0.000 +1E020M000t
00037 LYS+1_0001_037 f 0.00  1.000     0 10.40  0  1  -8.617   2.814   4.076   0.227  -0.278   0.000 +1E021M000t
00038 LYS+1_0001_038 f 0.00  1.000     0 10.40  0  1  -7.485   1.345   5.121   0.057  -0.117   0.000 +1E027M000t
00039 LYS+1_0001_039 f 0.00  1.000     0 10.40  0  1 -10.154   3.457   5.462   0.173  -0.157   0.000 +1E028M000t
00040 LYS+1_0001_040 f 0.00  1.000     0 10.40  0  1 -10.459   3.461   4.086   0.212  -0.097   0.000 +1E029M000t
00041 GLU01_0002_001 f 0.00  0.000     0  0.00  0  0  -0.952 999.000   3.221   0.794   1.332   0.000 01O000M000t
00042 GLU01_0002_002 f 0.00  0.000     0  0.00  0  0  -1.533  -1.468   6.020   0.192   0.240   0.000 01E001M000t
00043 GLU01_0002_003 f 0.00  0.000     0  0.00  0  0  -2.107  -0.240   3.220   0.134  -0.636   0.000 01E002M000t
00044 GLU01_0002_004 f 0.00  0.000     0  0.00  0  0  -0.479  -1.054   6.021   0.739   1.181   0.000 01E003M000t
00045 GLU01_0002_005 f 0.00  0.000     0  0.00  0  0  -1.099  -0.161   6.021   0.079  -0.182   0.000 01E004M000t
00046 GLU01_0002_006 f 0.00  0.000     0  0.00  0  0  -2.626  -0.022   3.220   0.160  -0.472   0.000 01E005M000t
00047 GLU01_0002_007 f 0.00  0.000     0  0.00  0  0  -1.303   0.015   6.020  -0.112  -0.468   0.000 01E006M000t
00048 GLU01_0002_008 f 0.00  0.000     0  0.00  0  0  -1.103  -1.141   5.737   0.071  -0.179   0.000 01E007M000t
00049 GLU01_0002_009 f 0.00  0.000     0  0.00  0  0  -2.124  -0.755   6.603  -0.097   0.272   0.000 01E008M000t
00050 GLU01_0002_010 f 0.00  0.000     0  0.00  0  0  -1.533  -0.388   2.937   0.074  -0.495   0.000 01E009M000t
00051 GLU01_0002_011 f 0.00  0.000     0  0.00  0  0  -2.417  -0.323   3.801   0.137  -0.240   0.000 01E00AM000t
00052 GLU01_0002_012 f 0.00  0.000     0  0.00  0  0  -3.116   0.238   6.602   0.434  -0.420   0.000 01E00BM000t
00053 GLU01_0002_013 f 0.00  0.000     0  0.00  0  0  -2.168  -0.056   6.602   0.118  -0.395   0.000 01E00CM000t
00054 GLU01_0002_014 f 0.00  0.000     0  0.00  0  0  -3.042   3.557   3.802   0.158  -0.558   0.000 01E00DM000t
00055 GLU01_0002_015 f 0.00  0.000     0  0.00  0  0  -2.126   0.014   6.603   0.745  -0.521   0.000 01E00EM000t
00056 GLU01_0002_016 f 0.00  0.000     0  0.00  0  0  -0.952 999.000   0.501  -0.057   1.983   0.000 01O000M000t
00057 GLU01_0002_017 f 0.00  0.000     0  0.00  0  0  -1.533  -1.468   3.300   0.204   1.761   0.000 01E001M000t
00058 GLU01_0002_018 f 0.00  0.000     0  0.00  0  0  -2.107  -0.240   0.500   0.099   0.948   0.000 01E002M000t
00059 GLU01_0002_019 f 0.00  0.000     0  0.00  0  0  -0.479  -1.054   3.301   0.133   0.831   0.000 01E003M000t
00060 GLU01_0002_020 f 0.00  0.000     0  0.00  0  0  -1.099  -0.161   3.301   0.017   1.028   0.000 01E004M000t
00061 GLU01_0002_021 f 0.00  0.000     0  0.00  0  0  -2.626  -0.022   0.500   0.079   0.260   0.000 01E005M000t
00062 GLU01_0002_022 f 0.00  0.000     0  0.00  0  0  -1.303   0.015   3.300  -0.146   0.366   0.000 01E006M000t
00063 GLU01_0002_023 f 0.00  0.000     0  0.00  0  0  -1.103  -1.141   3.017   0.097   1.600   0.000 01E007M000t
00064 GLU01_0002_024 f 0.00  0.000     0  0.00  0  0  -2.124  -0.755   3.883  -0.126   1.892   0.000 01E008M000t
00065 GLU01_0002_025 f 0.00  0.000     0  0.00  0  0  -1.533  -0.388   0.217   0.030   1.105   0.000 01E009M000t
00066 GLU01_0002_026 f 0.00  0.000     0  0.00  0  0  -2.417  -0.323   1.081   0.066   0.949   0.000 01E00AM000t
00067 GLU01_0002_027 f 0.00  0.000     0  0.00  0  0  -3.116   0.238   3.882   0.216   0.363   0.000 01E00BM000t
00068 GLU01_0002_028 f 0.00  0.000     0  0.00  0  0  -2.168  -0.056   3.882   0.087   0.844   0.000 01E00CM000t
00069 GLU01_0002_029 f 0.00  0.000     0  0.00  0  0  -3.042   3.557   1.082   0.120   0.419   0.000 01E00DM000t
00070 GLU01_0002_030 f 0.00  0.000     0  0.00  0  0  -2.126   0.014   3.883   0.103   0.486   0.000 01E00EM000t
00071 GLU02_0002_031 f 0.00  0.000     0  0.00  0  0  -0.909 999.000   3.221  -0.565   0.748   0.000 02O000M000t
00072 GLU02_0002_032 f 0.00  0.000     0  0.00  0  0  -1.356  -1.429   6.020   0.141   0.276   0.000 02E001M000t
00073 GLU02_0002_033 f 0.00  0.000     0  0.00  0  0  -1.904  -0.254   3.220   0.190  -0.244   0.000 02E002M000t
00074 GLU02_0002_034 f 0.00  0.000     0  0.00  0  0  -0.314  -1.327   6.021   0.373   0.576   0.000 02E003M000t
00075 GLU02_0002_035 f 0.00  0.000     0  0.00  0  0  -0.758  -0.201   6.021   0.305   0.465   0.000 02E004M000t
00076 GLU02_0002_036 f 0.00  0.000     0  0.00  0  0  -2.331   0.015   3.220   0.556   0.319   0.000 02E005M000t
00077 GLU02_0002_037 f 0.00  0.000     0  0.00  0  0  -0.936   0.028   6.020   1.506   0.437   0.000 02E006M000t
00078 GLU02_0002_038 f 0.00  0.000     0  0.00  0  0  -0.588  -1.166   5.737   0.245   0.327   0.000 02E007M000t
00079 GLU02_0002_039 f 0.00  0.000     0  0.00  0  0  -2.006  -0.534   6.603   0.537   1.191   0.000 02E008M000t
00080 GLU02_0002_040 f 0.00  0.000     0  0.00  0  0  -1.052  -0.427   2.937   0.230   0.357   0.000 02E009M000t
00081 GLU02_0002_041 f 0.00  0.000     0  0.00  0  0  -2.332  -0.345   3.801   0.194  -0.208   0.000 02E00AM000t
00082 GLU02_0002_042 f 0.00  0.000     0  0.00  0  0  -3.075   0.116   6.602   0.246  -0.786   0.000 02E00BM000t
00083 GLU02_0002_043 f 0.00  0.000     0  0.00  0  0  -2.049  -0.080   6.602   0.325  -0.072   0.000 02E00CM000t
00084 GLU02_0002_044 f 0.00  0.000     0  0.00  0  0  -3.258   4.706   3.802   0.504  -0.062   0.000 02E00DM000t
00085 GLU02_0002_045 f 0.00  0.000     0  0.00  0  0  -2.087   0.026   6.603   0.081   0.287   0.000 02E00EM000t
00086 GLU02_0002_046 f 0.00  0.000     0  0.00  0  0  -0.909 999.000   0.501  -0.589   2.471   0.000 02O000M000t
00087 GLU02_0002_047 f 0.00  0.000     0  0.00  0  0  -1.356  -1.429   3.300   0.079   1.514   0.000 02E001M000t
00088 GLU02_0002_048 f 0.00  0.000     0  0.00  0  0  -1.904  -0.254   0.500   0.109   0.975   0.000 02E002M000t
00089 GLU02_0002_049 f 0.00  0.000     0  0.00  0  0  -0.314  -1.327   3.301   0.130   1.323   0.000 02E003M000t
00090 GLU02_0002_050 f 0.00  0.000     0  0.00  0  0  -0.758  -0.201   3.301   0.084   0.951   0.000 02E004M000t
00091 GLU02_0002_051 f 0.00  0.000     0  0.00  0  0  -2.331   0.015   0.500   0.147   0.277   0.000 02E005M000t
00092 GLU02_0002_052 f 0.00  0.000     0  0.00  0  0  -0.936   0.028   3.300  -0.047   0.514   0.000 02E006M000t
00093 GLU02_0002_053 f 0.00  0.000     0  0.00  0  0  -0.588  -1.166   3.017   0.190   1.561   0.000 02E007M000t
00094 GLU02_0002_054 f 0.00  0.000     0  0.00  0  0  -2.006  -0.534   3.883   0.107   1.810   0.000 02E008M000t
00095 GLU02_0002_055 f 0.00  0.000     0  0.00  0  0  -1.052  -0.427   0.217   0.091   1.420   0.000 02E009M000t
00096 GLU02_0002_056 f 0.00  0.000     0  0.00  0  0  -2.332  -0.345   1.081   0.104   1.152   0.000 02E00AM000t
00097 GLU02_0002_057 f 0.00  0.000     0  0.00  0  0  -3.075   0.116   3.882   0.190   0.280   0.000 02E00BM000t
00098 GLU02_0002_058 f 0.00  0.000     0  0.00  0  0  -2.049  -0.080   3.882   0.101   0.892   0.000 02E00CM000t
00099 GLU02_0002_059 f 0.00  0.000     0  0.00  0  0  -3.258   4.706   1.082   0.168   0.496   0.000 02E00DM000t
00100 GLU02_0002_060 f 0.00  0.000     0  0.00  0  0  -2.087   0.026   3.883   0.029   0.485   0.000 02E00EM000t
00101 GLU-1_0002_061 f 0.00 -1.000     0  4.75  0 -1  -1.005 999.000   0.501  -1.345   5.500   0.000 -1O000M000t
00102 GLU-1_0002_062 f 0.00 -1.000     0  4.75  0 -1  -1.465  -1.392   3.300  -0.428   3.578   0.000 -1E001M000t
00103 GLU-1_0002_063 f 0.00 -1.000     0  4.75  0 -1  -2.035  -0.218   0.500  -0.204   1.851   0.000 -1E002M000t
00104 GLU-1_0002_064 f 0.00 -1.000     0  4.75  0 -1  -0.517  -1.268   3.301  -0.556   2.913   0.000 -1E003M000t
00105 GLU-1_0002_065 f 0.00 -1.000     0  4.75  0 -1  -1.059  -0.131   3.301  -0.369   2.190   0.000 -1E004M000t
00106 GLU-1_0002_066 f 0.00 -1.000     0  4.75  0 -1  -2.522   0.022   0.500  -0.533   1.132   0.000 -1E005M000t
00107 GLU-1_0002_067 f 0.00 -1.000     0  4.75  0 -1  -1.220   0.034   3.300  -0.731   1.091   0.000 -1E006M000t
00108 GLU-1_0002_068 f 0.00 -1.000     0  4.75  0 -1  -0.921  -1.101   3.017  -0.406   3.398   0.000 -1E007M000t
00109 GLU-1_0002_069 f 0.00 -1.000     0  4.75  0 -1  -2.019  -0.727   3.883  -0.588   3.891   0.000 -1E008M000t
00110 GLU-1_0002_070 f 0.00 -1.000     0  4.75  0 -1  -1.409  -0.372   0.217  -0.247   2.003   0.000 -1E009M000t
00111 GLU-1_0002_071 f 0.00 -1.000     0  4.75  0 -1  -2.427  -0.301   1.081  -0.246   2.066   0.000 -1E00AM000t
00112 GLU-1_0002_072 f 0.00 -1.000     0  4.75  0 -1  -2.979   0.157   3.882  -0.437   0.546   0.000 -1E00BM000t
00113 GLU-1_0002_073 f 0.00 -1.000     0  4.75  0 -1  -2.007  -0.025   3.882  -0.372   2.054   0.000 -1E00CM000t
00114 GLU-1_0002_074 f 0.00 -1.000     0  4.75  0 -1  -3.088   3.598   1.082  -0.504   0.979   0.000 -1E00DM000t
00115 GLU-1_0002_075 f 0.00 -1.000     0  4.75  0 -1  -2.168   0.053   3.883  -0.586   0.973   0.000 -1E00EM000t
00116 THR01_0003_001 f 0.00  0.000     0  0.00  0  0  -4.822   0.092   0.420  -1.044   1.188   0.000 01O000M000t
00117 THR01_0003_002 f 0.00  0.000     0  0.00  0  0  -5.689   1.066   3.130  -0.558   0.034   0.000 01E002M000t
00118 THR01_0003_003 f 0.00  0.000     0  0.00  0  0  -4.822   0.092   0.420   4.053   1.582   0.000 01O000M000t
00119 THR01_0003_004 f 0.00  0.000     0  0.00  0  0  -5.172   0.579   0.045  -0.471  -0.097   0.000 01E001M000t
00120 ALA01_0004_001 f 0.00  0.000     0  0.00  0  0  -5.370  -0.305   0.000   0.000   0.000   0.000 01O000M000t
00121 ALA01_0005_001 f 0.00  0.000     0  0.00  0  0  -4.015  -0.084   0.000   0.000   0.000   0.000 01O000M000t
00122 ALA01_0006_001 f 0.00  0.000     0  0.00  0  0  -2.247  -1.464   0.000   0.000   0.000   0.000 01O000M000t
00123 LYS01_0007_001 f 0.00  0.000     0  0.00  0  0  -2.609  -2.495   3.678  -0.007   0.048   0.000 01O000M000t
00124 LYS01_0007_002 f 0.00  0.000     0  0.00  0  0  -2.097  -2.524   5.085  -0.012  -0.056   0.000 01E001M000t
00125 LYS01_0007_003 f 0.00  0.000     0  0.00  0  0  -0.450  -2.716   4.137  -0.019  -0.004   0.000 01E005M000t
00126 LYS01_0007_004 f 0.00  0.000     0  0.00  0  0  -0.839  -2.889   4.138  -0.015  -0.060   0.000 01E00EM000t
00127 LYS01_0007_005 f 0.00  0.000     0  0.00  0  0   0.802  -2.643   2.687  -0.008   0.814   0.000 01E013M000t
00128 LYS01_0007_006 f 0.00  0.000     0  0.00  0  0  -2.661  -2.557   2.686  -0.020   0.026   0.000 01E014M000t
00129 LYS01_0007_007 f 0.00  0.000     0  0.00  0  0   1.481  -2.168   2.893  -0.046   0.495   0.000 01E01CM000t
00130 LYS01_0007_008 f 0.00  0.000     0  0.00  0  0  -1.652  -2.714   2.942  -0.013   0.036   0.000 01E01EM000t
00131 LYS01_0007_009 f 0.00  0.000     0  0.00  0  0  -0.894  -2.882   2.944  -0.023   0.672   0.000 01E020M000t
00132 LYS01_0007_010 f 0.00  0.000     0  0.00  0  0  -0.675  -2.594   4.138  -0.017   0.252   0.000 01E024M000t
00133 LYS01_0007_011 f 0.00  0.000     0  0.00  0  0   0.571  -3.185   3.491  -0.022   0.103   0.000 01E027M000t
00134 LYS01_0007_012 f 0.00  0.000     0  0.00  0  0  -1.889  -3.158   2.889  -0.053   0.640   0.000 01E02AM000t
00135 LYS01_0007_013 f 0.00  0.000     0  0.00  0  0  -0.865  -2.644   2.987  -0.006   0.214   0.000 01E02BM000t
00136 LYS01_0007_014 f 0.00  0.000     0  0.00  0  0  -2.468  -2.593   4.293  -0.019   0.228   0.000 01E031M000t
00137 LYS01_0007_015 f 0.00  0.000     0  0.00  0  0  -0.270  -2.646   3.572  -0.006   0.201   0.000 01E035M000t
00138 LYS01_0007_016 f 0.00  0.000     0  0.00  0  0   0.699  -3.706   4.137  -0.017   0.464   0.000 01E040M000t
00139 LYS01_0007_017 f 0.00  0.000     0  0.00  0  0  -0.142  -3.904   4.556   0.054   0.321   0.000 01E046M000t
00140 LYS01_0007_018 f 0.00  0.000     0  0.00  0  0  -0.476  -3.459   4.554  -0.005  -0.067   0.000 01E047M000t
00141 LYS01_0007_019 f 0.00  0.000     0  0.00  0  0   0.066  -3.533   4.653   0.053   0.209   0.000 01E048M000t
00142 LYS01_0007_020 f 0.00  0.000     0  0.00  0  0   0.577  -3.718   4.653  -0.070   0.604   0.000 01E049M000t
00143 LYS+1_0007_021 f 0.00  1.000     0 10.40  0  1  -2.664  -2.499   3.678   0.020   0.160   0.000 +1O000M000t
00144 LYS+1_0007_022 f 0.00  1.000     0 10.40  0  1  -2.153  -2.530   5.085   0.002   0.437   0.000 +1E001M000t
00145 LYS+1_0007_023 f 0.00  1.000     0 10.40  0  1  -0.510  -2.726   4.137   0.033   0.376   0.000 +1E005M000t
00146 LYS+1_0007_024 f 0.00  1.000     0 10.40  0  1  -0.894  -2.892   4.138   0.042   0.185   0.000 +1E00EM000t
00147 LYS+1_0007_025 f 0.00  1.000     0 10.40  0  1   0.758  -2.652   2.687  -0.006   4.127   0.000 +1E013M000t
00148 LYS+1_0007_026 f 0.00  1.000     0 10.40  0  1  -2.746  -2.564   2.686   0.020   0.795   0.000 +1E014M000t
00149 LYS+1_0007_027 f 0.00  1.000     0 10.40  0  1   1.438  -2.176   2.893   0.059   2.314   0.000 +1E01CM000t
00150 LYS+1_0007_028 f 0.00  1.000     0 10.40  0  1  -1.703  -2.718   2.942   0.041   0.281   0.000 +1E01EM000t
00151 LYS+1_0007_029 f 0.00  1.000     0 10.40  0  1  -0.978  -2.893   2.944   0.202   3.466   0.000 +1E020M000t
00152 LYS+1_0007_030 f 0.00  1.000     0 10.40  0  1  -0.737  -2.597   4.138   0.044   0.896   0.000 +1E024M000t
00153 LYS+1_0007_031 f 0.00  1.000     0 10.40  0  1   0.505  -3.194   3.491   0.070   0.709   0.000 +1E027M000t
00154 LYS+1_0007_032 f 0.00  1.000     0 10.40  0  1  -1.971  -3.170   2.889   0.001   3.519   0.000 +1E02AM000t
00155 LYS+1_0007_033 f 0.00  1.000     0 10.40  0  1  -0.916  -2.649   2.987   0.018   0.576   0.000 +1E02BM000t
00156 LYS+1_0007_034 f 0.00  1.000     0 10.40  0  1  -2.521  -2.598   4.293   0.073   0.793   0.000 +1E031M000t
00157 LYS+1_0007_035 f 0.00  1.000     0 10.40  0  1  -0.320  -2.654   3.572  -0.001   1.238   0.000 +1E035M000t
00158 LYS+1_0007_036 f 0.00  1.000     0 10.40  0  1   0.624  -3.729   4.137  -0.010   2.583   0.000 +1E040M000t
00159 LYS+1_0007_037 f 0.00  1.000     0 10.40  0  1  -0.195  -3.927   4.556  -0.062   1.237   0.000 +1E046M000t
00160 LYS+1_0007_038 f 0.00  1.000     0 10.40  0  1  -0.559  -3.465   4.554   0.034   0.503   0.000 +1E047M000t
00161 LYS+1_0007_039 f 0.00  1.000     0 10.40  0  1   0.015  -3.549   4.653  -0.151   0.714   0.000 +1E048M000t
00162 LYS+1_0007_040 f 0.00  1.000     0 10.40  0  1   0.499  -3.734   4.653  -0.199   2.686   0.000 +1E049M000t
00163 PHE01_0008_001 f 0.00  0.000     0  0.00  0  0  -3.607  -3.271   0.005   0.000   0.000   0.000 01O000M000t
00164 PHE01_0008_002 f 0.00  0.000     0  0.00  0  0  -3.901  -2.139   2.794   0.000   0.000   0.000 01R001M000t
00165 PHE01_0008_003 f 0.00  0.000     0  0.00  0  0  -3.886  -3.364   0.005   0.000   0.000   0.000 01R002M000t
00166 PHE01_0008_004 f 0.00  0.000     0  0.00  0  0  -4.006  -0.712   0.005   0.000   0.000   0.000 01R003M000t
00167 PHE01_0008_005 f 0.00  0.000     0  0.00  0  0  -4.043  -1.949   2.794   0.000   0.000   0.000 01R004M000t
00168 PHE01_0008_006 f 0.00  0.000     0  0.00  0  0  -4.498   1.354   2.794   0.000   0.000   0.000 01R005M000t
00169 PHE01_0008_007 f 0.00  0.000     0  0.00  0  0  -5.209   2.608   2.794   0.000   0.000   0.000 01R006M000t
00170 PHE01_0008_008 f 0.00  0.000     0  0.00  0  0  -3.742   3.454   0.005   0.000   0.000   0.000 01R007M000t
00171 GLU01_0009_001 f 0.00  0.000     0  0.00  0  0   3.730  -2.926   4.275   0.030  -0.373   0.000 01O000M000t
00172 GLU01_0009_002 f 0.00  0.000     0  0.00  0  0  -1.619  -2.815   4.712   0.031  -0.241   0.000 01E001M000t
00173 GLU01_0009_003 f 0.00  0.000     0  0.00  0  0  -0.065  -2.839   4.275   0.181   0.245   0.000 01E003M000t
00174 GLU01_0009_004 f 0.00  0.000     0  0.00  0  0  -2.012   1.196   4.713   0.101  -0.408   0.000 01E006M000t
00175 GLU01_0009_005 f 0.00  0.000     0  0.00  0  0  -1.962   1.294   5.025   0.228  -0.357   0.000 01E007M000t
00176 GLU01_0009_006 f 0.00  0.000     0  0.00  0  0  -0.186   1.266   4.275   0.287  -0.201   0.000 01E008M000t
00177 GLU01_0009_007 f 0.00  0.000     0  0.00  0  0  -2.029   1.240   4.713   0.215  -0.203   0.000 01E009M000t
00178 GLU01_0009_008 f 0.00  0.000     0  0.00  0  0  -1.849   1.286   5.027   0.092  -0.615   0.000 01E00AM000t
00179 GLU01_0009_009 f 0.00  0.000     0  0.00  0  0  -1.797  -0.690   6.055   0.115  -0.567   0.000 01E00BM000t
00180 GLU01_0009_010 f 0.00  0.000     0  0.00  0  0  -1.832  -0.734   6.369   0.049  -0.568   0.000 01E00EM000t
00181 GLU01_0009_011 f 0.00  0.000     0  0.00  0  0  -1.589  -1.739   6.581   0.150  -0.330   0.000 01E010M000t
00182 GLU01_0009_012 f 0.00  0.000     0  0.00  0  0  -0.811  -1.783   6.267   0.221   0.043   0.000 01E011M000t
00183 GLU01_0009_013 f 0.00  0.000     0  0.00  0  0  -1.708  -1.761   6.580   0.172  -0.241   0.000 01E012M000t
00184 GLU01_0009_014 f 0.00  0.000     0  0.00  0  0  -1.710  -2.304   5.025   0.116  -0.309   0.000 01E013M000t
00185 GLU01_0009_015 f 0.00  0.000     0  0.00  0  0   0.112  -2.226   4.275   0.488   0.216   0.000 01E014M000t
00186 GLU01_0009_016 f 0.00  0.000     0  0.00  0  0  -1.362  -1.412   4.713   0.762   1.004   0.000 01E015M000t
00187 GLU01_0009_017 f 0.00  0.000     0  0.00  0  0  -1.411  -2.296   5.027   0.302   0.044   0.000 01E016M000t
00188 GLU01_0009_018 f 0.00  0.000     0  0.00  0  0   3.730  -2.926   1.555   0.040   0.725   0.000 01O000M000t
00189 GLU01_0009_019 f 0.00  0.000     0  0.00  0  0  -1.619  -2.815   1.992   0.126   0.597   0.000 01E001M000t
00190 GLU01_0009_020 f 0.00  0.000     0  0.00  0  0  -2.012   1.196   1.993   0.096   0.710   0.000 01E006M000t
00191 GLU01_0009_021 f 0.00  0.000     0  0.00  0  0  -1.962   1.294   2.305   0.127   0.718   0.000 01E007M000t
00192 GLU01_0009_022 f 0.00  0.000     0  0.00  0  0  -0.186   1.266   1.555   0.130   0.210   0.000 01E008M000t
00193 GLU01_0009_023 f 0.00  0.000     0  0.00  0  0  -2.029   1.240   1.993   0.125   0.674   0.000 01E009M000t
00194 GLU01_0009_024 f 0.00  0.000     0  0.00  0  0  -1.849   1.286   2.307   0.092   0.329   0.000 01E00AM000t
00195 GLU01_0009_025 f 0.00  0.000     0  0.00  0  0  -1.825  -0.669   3.337   0.087   0.480   0.000 01E00DM000t
00196 GLU01_0009_026 f 0.00  0.000     0  0.00  0  0  -1.589  -1.739   3.861   0.085   0.503   0.000 01E010M000t
00197 GLU01_0009_027 f 0.00  0.000     0  0.00  0  0  -0.811  -1.783   3.547   0.070   0.183   0.000 01E011M000t
00198 GLU01_0009_028 f 0.00  0.000     0  0.00  0  0  -1.708  -1.761   3.860   0.082   0.715   0.000 01E012M000t
00199 GLU01_0009_029 f 0.00  0.000     0  0.00  0  0  -1.710  -2.304   2.305   0.089   0.797   0.000 01E013M000t
00200 GLU01_0009_030 f 0.00  0.000     0  0.00  0  0   0.112  -2.226   1.555   0.113   0.834   0.000 01E014M000t
00201 GLU01_0009_031 f 0.00  0.000     0  0.00  0  0  -1.362  -1.412   1.993   0.047   0.998   0.000 01E015M000t
00202 GLU01_0009_032 f 0.00  0.000     0  0.00  0  0  -1.411  -2.296   2.307   0.159   0.937   0.000 01E016M000t
00203 GLU02_0009_033 f 0.00  0.000     0  0.00  0  0   5.551  -2.953   4.275   0.229   0.417   0.000 02O000M000t
00204 GLU02_0009_034 f 0.00  0.000     0  0.00  0  0  -1.391  -2.796   4.712   0.135  -0.068   0.000 02E001M000t
00205 GLU02_0009_035 f 0.00  0.000     0  0.00  0  0  -1.641  -2.895   4.713  -0.012  -0.011   0.000 02E004M000t
00206 GLU02_0009_036 f 0.00  0.000     0  0.00  0  0  -1.748   1.170   4.713   0.227   0.138   0.000 02E006M000t
00207 GLU02_0009_037 f 0.00  0.000     0  0.00  0  0  -1.844   1.289   5.025   0.112  -0.547   0.000 02E007M000t
00208 GLU02_0009_038 f 0.00  0.000     0  0.00  0  0  -0.848   1.279   4.275   0.065  -0.372   0.000 02E008M000t
00209 GLU02_0009_039 f 0.00  0.000     0  0.00  0  0  -2.008   1.255   4.713   0.133  -0.046   0.000 02E009M000t
00210 GLU02_0009_040 f 0.00  0.000     0  0.00  0  0  -1.593   1.284   5.027   0.266   0.000   0.000 02E00AM000t
00211 GLU02_0009_041 f 0.00  0.000     0  0.00  0  0  -1.456  -0.710   6.055   0.146  -0.323   0.000 02E00BM000t
00212 GLU02_0009_042 f 0.00  0.000     0  0.00  0  0  -1.846  -0.655   6.057   0.129  -0.304   0.000 02E00DM000t
00213 GLU02_0009_043 f 0.00  0.000     0  0.00  0  0  -1.592  -1.735   6.581   0.193   0.116   0.000 02E010M000t
00214 GLU02_0009_044 f 0.00  0.000     0  0.00  0  0  -1.053  -1.774   6.267   0.144  -0.224   0.000 02E011M000t
00215 GLU02_0009_045 f 0.00  0.000     0  0.00  0  0  -1.552  -1.772   6.580   0.181  -0.115   0.000 02E012M000t
00216 GLU02_0009_046 f 0.00  0.000     0  0.00  0  0  -1.752  -2.294   5.025   0.327   0.330   0.000 02E013M000t
00217 GLU02_0009_047 f 0.00  0.000     0  0.00  0  0  -0.427  -2.263   4.275   0.089  -0.044   0.000 02E014M000t
00218 GLU02_0009_048 f 0.00  0.000     0  0.00  0  0  -1.368  -1.655   4.713  -0.026   0.098   0.000 02E015M000t
00219 GLU02_0009_049 f 0.00  0.000     0  0.00  0  0  -1.101  -2.301   5.027   0.167  -0.024   0.000 02E016M000t
00220 GLU02_0009_050 f 0.00  0.000     0  0.00  0  0   5.551  -2.953   1.555   0.058   0.848   0.000 02O000M000t
00221 GLU02_0009_051 f 0.00  0.000     0  0.00  0  0  -1.641  -2.895   1.993   0.143   0.800   0.000 02E004M000t
00222 GLU02_0009_052 f 0.00  0.000     0  0.00  0  0  -1.748   1.170   1.993   0.124   0.644   0.000 02E006M000t
00223 GLU02_0009_053 f 0.00  0.000     0  0.00  0  0  -1.844   1.289   2.305   0.103   0.603   0.000 02E007M000t
00224 GLU02_0009_054 f 0.00  0.000     0  0.00  0  0  -0.848   1.279   1.555   0.089   0.780   0.000 02E008M000t
00225 GLU02_0009_055 f 0.00  0.000     0  0.00  0  0  -2.008   1.255   1.993   0.109   0.762   0.000 02E009M000t
00226 GLU02_0009_056 f 0.00  0.000     0  0.00  0  0  -1.593   1.284   2.307   0.111   0.768   0.000 02E00AM000t
00227 GLU02_0009_057 f 0.00  0.000     0  0.00  0  0  -1.408  -0.757   3.649   0.106   0.647   0.000 02E00EM000t
00228 GLU02_0009_058 f 0.00  0.000     0  0.00  0  0  -1.592  -1.735   3.861   0.085   0.799   0.000 02E010M000t
00229 GLU02_0009_059 f 0.00  0.000     0  0.00  0  0  -1.053  -1.774   3.547   0.087   0.780   0.000 02E011M000t
00230 GLU02_0009_060 f 0.00  0.000     0  0.00  0  0  -1.552  -1.772   3.860   0.079   0.506   0.000 02E012M000t
00231 GLU02_0009_061 f 0.00  0.000     0  0.00  0  0  -1.752  -2.294   2.305   0.155   1.217   0.000 02E013M000t
00232 GLU02_0009_062 f 0.00  0.000     0  0.00  0  0  -0.427  -2.263   1.555   0.040   0.881   0.000 02E014M000t
00233 GLU02_0009_063 f 0.00  0.000     0  0.00  0  0  -1.368  -1.655   1.993  -0.059   1.183   0.000 02E015M000t
00234 GLU02_0009_064 f 0.00  0.000     0  0.00  0  0  -1.101  -2.301   2.307   0.081   0.956   0.000 02E016M000t
00235 GLU-1_0009_065 f 0.00 -1.000     0  4.75  0 -1   3.779  -2.887   1.555  -0.260   0.567   0.000 -1O000M000t
00236 GLU-1_0009_066 f 0.00 -1.000     0  4.75  0 -1  -1.834  -2.826   1.993  -0.130   0.499   0.000 -1E004M000t
00237 GLU-1_0009_067 f 0.00 -1.000     0  4.75  0 -1  -1.975   1.224   1.993  -0.157  -0.089   0.000 -1E006M000t
00238 GLU-1_0009_068 f 0.00 -1.000     0  4.75  0 -1  -1.987   1.327   2.305  -0.144  -0.171   0.000 -1E007M000t
00239 GLU-1_0009_069 f 0.00 -1.000     0  4.75  0 -1  -0.865   1.309   1.555  -0.141  -0.125   0.000 -1E008M000t
00240 GLU-1_0009_070 f 0.00 -1.000     0  4.75  0 -1  -2.142   1.286   1.993  -0.148  -0.265   0.000 -1E009M000t
00241 GLU-1_0009_071 f 0.00 -1.000     0  4.75  0 -1  -1.820   1.321   2.307  -0.170  -0.079   0.000 -1E00AM000t
00242 GLU-1_0009_072 f 0.00 -1.000     0  4.75  0 -1  -1.949  -0.629   3.337  -0.169  -0.090   0.000 -1E00DM000t
00243 GLU-1_0009_073 f 0.00 -1.000     0  4.75  0 -1  -1.748  -1.704   3.861  -0.189  -0.039   0.000 -1E010M000t
00244 GLU-1_0009_074 f 0.00 -1.000     0  4.75  0 -1  -1.144  -1.744   3.547  -0.202   0.042   0.000 -1E011M000t
00245 GLU-1_0009_075 f 0.00 -1.000     0  4.75  0 -1  -1.870  -1.732   3.860  -0.186   0.051   0.000 -1E012M000t
00246 GLU-1_0009_076 f 0.00 -1.000     0  4.75  0 -1  -1.827  -2.261   2.305  -0.428   1.602   0.000 -1E013M000t
00247 GLU-1_0009_077 f 0.00 -1.000     0  4.75  0 -1  -0.526  -2.229   1.555  -0.490   1.366   0.000 -1E014M000t
00248 GLU-1_0009_078 f 0.00 -1.000     0  4.75  0 -1  -1.442  -1.625   1.993  -0.523   1.165   0.000 -1E015M000t
00249 GLU-1_0009_079 f 0.00 -1.000     0  4.75  0 -1  -1.357  -2.257   2.307  -0.414   1.425   0.000 -1E016M000t
00250 ARG01_0010_001 f 0.00  0.000     0  0.00  0  0  -1.717  -1.070   0.754  -0.092   1.501   0.000 01O000M000t
00251 ARG01_0010_002 f 0.00  0.000     0  0.00  0  0  -0.969  -0.572   1.288  -0.013   0.079   0.000 01E002M000t
00252 ARG01_0010_003 f 0.00  0.000     0  0.00  0  0  -3.513  -0.284   2.969   0.106   0.162   0.000 01E005M000t
00253 ARG01_0010_004 f 0.00  0.000     0  0.00  0  0  -0.731  -1.400   0.755   0.172   0.834   0.000 01E006M000t
00254 ARG01_0010_005 f 0.00  0.000     0  0.00  0  0  -4.246  -1.101   3.549   0.062   0.137   0.000 01E007M000t
00255 ARG01_0010_006 f 0.00  0.000     0  0.00  0  0  -3.499   0.606   3.511   0.286   1.181   0.000 01E00DM000t
00256 ARG01_0010_007 f 0.00  0.000     0  0.00  0  0  -0.661  -0.261   1.287   0.009   0.020   0.000 01E00FM000t
00257 ARG01_0010_008 f 0.00  0.000     0  0.00  0  0  -6.108  -0.053   0.753   0.102  -0.079   0.000 01E013M000t
00258 ARG01_0010_009 f 0.00  0.000     0  0.00  0  0  -4.584  -0.121   0.754   0.111   0.022   0.000 01E014M000t
00259 ARG01_0010_010 f 0.00  0.000     0  0.00  0  0  -5.656  -1.026   5.765   0.071  -0.062   0.000 01E01CM000t
00260 ARG01_0010_011 f 0.00  0.000     0  0.00  0  0  -5.912  -1.034   3.550   0.089   0.073   0.000 01E01DM000t
00261 ARG01_0010_012 f 0.00  0.000     0  0.00  0  0  -5.358  -1.069   3.549   0.044  -0.226   0.000 01E01FM000t
00262 ARG01_0010_013 f 0.00  0.000     0  0.00  0  0  -4.821  -1.125   5.763   0.021  -0.014   0.000 01E020M000t
00263 ARG01_0010_014 f 0.00  0.000     0  0.00  0  0  -3.698  -2.307   3.549   0.116   1.266   0.000 01E021M000t
00264 ARG01_0010_015 f 0.00  0.000     0  0.00  0  0  -4.062   4.288   0.755  -0.015   0.470   0.000 01E022M000t
00265 ARG01_0010_016 f 0.00  0.000     0  0.00  0  0  -5.200   4.607   1.285   0.177  -0.002   0.000 01E023M000t
00266 ARG01_0010_017 f 0.00  0.000     0  0.00  0  0  -2.484  -1.234   4.163   0.343   0.525   0.000 01E02CM000t
00267 ARG01_0010_018 f 0.00  0.000     0  0.00  0  0  -4.599  -0.060   1.286   0.037   0.028   0.000 01E02FM000t
00268 ARG01_0010_019 f 0.00  0.000     0  0.00  0  0  -1.934  -0.744   3.499   0.018   1.034   0.000 01E032M000t
00269 ARG01_0010_020 f 0.00  0.000     0  0.00  0  0  -2.275  -0.199   1.286  -0.007   0.530   0.000 01E034M000t
00270 ARG02_0010_021 f 0.00  0.000     0  0.00  0  0  -1.770  -1.088   0.754   0.012   2.072   0.000 02O000M000t
00271 ARG02_0010_022 f 0.00  0.000     0  0.00  0  0  -3.536  -0.287   2.969   0.073   1.097   0.000 02E005M000t
00272 ARG02_0010_023 f 0.00  0.000     0  0.00  0  0  -0.757  -1.398   0.755   0.090   1.980   0.000 02E006M000t
00273 ARG02_0010_024 f 0.00  0.000     0  0.00  0  0  -4.270  -1.103   3.549   0.036   1.198   0.000 02E007M000t
00274 ARG02_0010_025 f 0.00  0.000     0  0.00  0  0  -3.580   0.463   3.511  -0.847   2.092   0.000 02E00DM000t
00275 ARG02_0010_026 f 0.00  0.000     0  0.00  0  0  -0.726  -0.291   1.287  -0.017   1.158   0.000 02E00FM000t
00276 ARG02_0010_027 f 0.00  0.000     0  0.00  0  0  -5.706  -1.034   5.765   0.028   0.744   0.000 02E01CM000t
00277 ARG02_0010_028 f 0.00  0.000     0  0.00  0  0  -5.380  -1.072   3.549   0.055   1.037   0.000 02E01FM000t
00278 ARG02_0010_029 f 0.00  0.000     0  0.00  0  0  -4.846  -1.135   5.763   0.039   1.086   0.000 02E020M000t
00279 ARG02_0010_030 f 0.00  0.000     0  0.00  0  0  -3.738  -2.335   3.549   0.141   2.033   0.000 02E021M000t
00280 ARG02_0010_031 f 0.00  0.000     0  0.00  0  0  -4.084   4.264   0.756   0.046   1.183   0.000 02E022M000t
00281 ARG02_0010_032 f 0.00  0.000     0  0.00  0  0  -5.240   4.593   1.285   0.103   1.122   0.000 02E023M000t
00282 ARG02_0010_033 f 0.00  0.000     0  0.00  0  0  -2.546  -1.339   4.163   0.040   1.278   0.000 02E02CM000t
00283 ARG02_0010_034 f 0.00  0.000     0  0.00  0  0  -4.639  -0.070   1.286   0.003   1.011   0.000 02E02FM000t
00284 ARG02_0010_035 f 0.00  0.000     0  0.00  0  0  -1.959  -0.748   3.499   0.023   1.838   0.000 02E032M000t
00285 ARG02_0010_036 f 0.00  0.000     0  0.00  0  0  -2.342  -0.212   1.286  -0.015   1.468   0.000 02E034M000t
00286 ARG02_0010_037 f 0.00  0.000     0  0.00  0  0  -1.764  -1.079   0.754  -0.079   1.950   0.000 02O000M000t
00287 ARG02_0010_038 f 0.00  0.000     0  0.00  0  0  -1.021  -0.583   1.288   0.001   1.106   0.000 02E002M000t
00288 ARG02_0010_039 f 0.00  0.000     0  0.00  0  0  -0.753  -1.402   0.755   0.129   1.743   0.000 02E006M000t
00289 ARG02_0010_040 f 0.00  0.000     0  0.00  0  0  -6.144  -0.060   0.753   0.078   0.499   0.000 02E013M000t
00290 ARG02_0010_041 f 0.00  0.000     0  0.00  0  0  -4.617  -0.126   0.754   0.078   1.154   0.000 02E014M000t
00291 ARG02_0010_042 f 0.00  0.000     0  0.00  0  0  -5.948  -1.038   3.550   0.069   1.227   0.000 02E01DM000t
00292 ARG02_0010_043 f 0.00  0.000     0  0.00  0  0  -4.842  -1.133   5.763   0.016   1.050   0.000 02E020M000t
00293 ARG02_0010_044 f 0.00  0.000     0  0.00  0  0  -3.734  -2.316   3.549   0.016   1.755   0.000 02E021M000t
00294 ARG02_0010_045 f 0.00  0.000     0  0.00  0  0  -4.080   4.267   0.755   0.009   1.221   0.000 02E022M000t
00295 ARG02_0010_046 f 0.00  0.000     0  0.00  0  0  -2.541  -1.325   4.163   0.139   1.236   0.000 02E02CM000t
00296 ARG02_0010_047 f 0.00  0.000     0  0.00  0  0  -1.955  -0.744   3.499   0.002   1.801   0.000 02E032M000t
00297 ARG02_0010_048 f 0.00  0.000     0  0.00  0  0  -2.336  -0.210   1.286   0.005   1.398   0.000 02E034M000t
00298 ARG03_0010_049 f 0.00  0.000     0  0.00  0  0  -1.016  -0.585   1.288  -0.033   1.129   0.000 03E002M000t
00299 ARG03_0010_050 f 0.00  0.000     0  0.00  0  0  -3.524  -0.284   2.969   0.072   1.148   0.000 03E005M000t
00300 ARG03_0010_051 f 0.00  0.000     0  0.00  0  0  -0.739  -1.371   0.755   0.032   1.948   0.000 03E006M000t
00301 ARG03_0010_052 f 0.00  0.000     0  0.00  0  0  -4.260  -1.101   3.549   0.027   1.222   0.000 03E007M000t
00302 ARG03_0010_053 f 0.00  0.000     0  0.00  0  0  -3.572   0.451   3.511  -0.752   2.069   0.000 03E00DM000t
00303 ARG03_0010_054 f 0.00  0.000     0  0.00  0  0  -0.717  -0.291   1.287  -0.025   1.162   0.000 03E00FM000t
00304 ARG03_0010_055 f 0.00  0.000     0  0.00  0  0  -6.140  -0.060   0.753   0.056   0.613   0.000 03E013M000t
00305 ARG03_0010_056 f 0.00  0.000     0  0.00  0  0  -4.613  -0.126   0.754   0.054   1.260   0.000 03E014M000t
00306 ARG03_0010_057 f 0.00  0.000     0  0.00  0  0  -5.698  -1.033   5.765   0.022   0.848   0.000 03E01CM000t
00307 ARG03_0010_058 f 0.00  0.000     0  0.00  0  0  -5.944  -1.035   3.550   0.028   1.168   0.000 03E01DM000t
00308 ARG03_0010_059 f 0.00  0.000     0  0.00  0  0  -4.835  -1.134   5.763   0.046   1.081   0.000 03E020M000t
00309 ARG03_0010_060 f 0.00  0.000     0  0.00  0  0  -4.071   4.265   0.756   0.056   1.268   0.000 03E022M000t
00310 ARG03_0010_061 f 0.00  0.000     0  0.00  0  0  -5.232   4.594   1.285   0.095   1.094   0.000 03E023M000t
00311 ARG03_0010_062 f 0.00  0.000     0  0.00  0  0  -2.537  -1.341   4.163   0.079   1.545   0.000 03E02CM000t
00312 ARG03_0010_063 f 0.00  0.000     0  0.00  0  0  -4.631  -0.070   1.286   0.005   1.143   0.000 03E02FM000t
00313 ARG03_0010_064 f 0.00  0.000     0  0.00  0  0  -1.893  -1.087   0.754   0.007   1.952   0.000 03O000M000t
00314 ARG03_0010_065 f 0.00  0.000     0  0.00  0  0  -3.636  -0.275   2.969   0.041   0.713   0.000 03E005M000t
00315 ARG03_0010_066 f 0.00  0.000     0  0.00  0  0  -0.838  -1.373   0.755   0.018   1.987   0.000 03E006M000t
00316 ARG03_0010_067 f 0.00  0.000     0  0.00  0  0  -4.391  -1.093   3.549   0.034   0.847   0.000 03E007M000t
00317 ARG03_0010_068 f 0.00  0.000     0  0.00  0  0  -0.892  -0.288   1.287  -0.052   0.587   0.000 03E00FM000t
00318 ARG03_0010_069 f 0.00  0.000     0  0.00  0  0  -6.128  -0.057   0.753   0.047   0.444   0.000 03E013M000t
00319 ARG03_0010_070 f 0.00  0.000     0  0.00  0  0  -4.792  -0.122   0.754   0.037   0.767   0.000 03E014M000t
00320 ARG03_0010_071 f 0.00  0.000     0  0.00  0  0  -5.687  -1.031   5.765   0.019   0.580   0.000 03E01CM000t
00321 ARG03_0010_072 f 0.00  0.000     0  0.00  0  0  -5.932  -1.031   3.550   0.027   0.825   0.000 03E01DM000t
00322 ARG03_0010_073 f 0.00  0.000     0  0.00  0  0  -5.301  -1.062   3.549   0.048   0.754   0.000 03E01FM000t
00323 ARG03_0010_074 f 0.00  0.000     0  0.00  0  0  -3.671  -2.337   3.549   0.190   1.800   0.000 03E021M000t
00324 ARG03_0010_075 f 0.00  0.000     0  0.00  0  0  -1.892  -0.741   3.499   0.108   1.663   0.000 03E032M000t
00325 ARG03_0010_076 f 0.00  0.000     0  0.00  0  0  -2.512  -0.210   1.286   0.008   1.187   0.000 03E034M000t
00326 ARG+1_0010_077 f 0.00  1.000     0 12.50  0  1  -1.809  -1.093   0.754   0.212   1.943   0.000 +1O000M000t
00327 ARG+1_0010_078 f 0.00  1.000     0 12.50  0  1  -1.065  -0.588   1.288  -0.050  -0.275   0.000 +1E002M000t
00328 ARG+1_0010_079 f 0.00  1.000     0 12.50  0  1  -3.575  -0.288   2.969   0.085   0.402   0.000 +1E005M000t
00329 ARG+1_0010_080 f 0.00  1.000     0 12.50  0  1  -0.797  -1.405   0.755   0.270   1.456   0.000 +1E006M000t
00330 ARG+1_0010_081 f 0.00  1.000     0 12.50  0  1  -4.308  -1.104   3.549   0.047   0.295   0.000 +1E007M000t
00331 ARG+1_0010_082 f 0.00  1.000     0 12.50  0  1  -3.618   0.447   3.511  -1.485   3.281   0.000 +1E00DM000t
00332 ARG+1_0010_083 f 0.00  1.000     0 12.50  0  1  -0.764  -0.292   1.287  -0.030   0.004   0.000 +1E00FM000t
00333 ARG+1_0010_084 f 0.00  1.000     0 12.50  0  1  -6.186  -0.061   0.753   0.041  -0.241   0.000 +1E013M000t
00334 ARG+1_0010_085 f 0.00  1.000     0 12.50  0  1  -4.659  -0.127   0.754   0.051   0.504   0.000 +1E014M000t
00335 ARG+1_0010_086 f 0.00  1.000     0 12.50  0  1  -5.744  -1.035   5.765   0.057  -0.059   0.000 +1E01CM000t
00336 ARG+1_0010_087 f 0.00  1.000     0 12.50  0  1  -5.990  -1.038   3.550   0.077   0.351   0.000 +1E01DM000t
00337 ARG+1_0010_088 f 0.00  1.000     0 12.50  0  1  -5.418  -1.072   3.549   0.048  -0.187   0.000 +1E01FM000t
00338 ARG+1_0010_089 f 0.00  1.000     0 12.50  0  1  -4.885  -1.135   5.763   0.061   0.414   0.000 +1E020M000t
00339 ARG+1_0010_090 f 0.00  1.000     0 12.50  0  1  -3.777  -2.343   3.549   0.275   2.535   0.000 +1E021M000t
00340 ARG+1_0010_091 f 0.00  1.000     0 12.50  0  1  -4.122   4.263   0.755   0.055   0.920   0.000 +1E022M000t
00341 ARG+1_0010_092 f 0.00  1.000     0 12.50  0  1  -5.278   4.592   1.285   0.107   0.523   0.000 +1E023M000t
00342 ARG+1_0010_093 f 0.00  1.000     0 12.50  0  1  -2.583  -1.343   4.163  -0.322   1.645   0.000 +1E02CM000t
00343 ARG+1_0010_094 f 0.00  1.000     0 12.50  0  1  -4.677  -0.072   1.286   0.001   0.108   0.000 +1E02FM000t
00344 ARG+1_0010_095 f 0.00  1.000     0 12.50  0  1  -1.998  -0.754   3.499   0.095   0.772   0.000 +1E032M000t
00345 ARG+1_0010_096 f 0.00  1.000     0 12.50  0  1  -2.379  -0.214   1.286   0.066   0.702   0.000 +1E034M000t
00346 GLN01_0011_001 f 0.00  0.000     0  0.00  0  0  -1.629   6.856   3.833  -0.013   0.358   0.000 01O000M000t
00347 GLN01_0011_002 f 0.00  0.000     0  0.00  0  0  -2.268  -0.606   3.833   0.061   0.298   0.000 01E001M000t
00348 GLN01_0011_003 f 0.00  0.000     0  0.00  0  0  -1.746  -1.141   1.398   0.071   0.603   0.000 01E002M000t
00349 GLN01_0011_004 f 0.00  0.000     0  0.00  0  0  -1.041  -2.111   3.769   0.161   1.168   0.000 01E003M000t
00350 GLN01_0011_005 f 0.00  0.000     0  0.00  0  0  -2.243  -1.053   3.834  -0.040   0.678   0.000 01E004M000t
00351 GLN01_0011_006 f 0.00  0.000     0  0.00  0  0  -1.831  -1.067   3.769   0.116  -0.001   0.000 01E005M000t
00352 GLN01_0011_007 f 0.00  0.000     0  0.00  0  0  -0.762   1.621   1.399   0.584   1.738   0.000 01R006M000t
00353 GLN01_0011_008 f 0.00  0.000     0  0.00  0  0  -0.532  -1.975   3.769   0.137   1.618   0.000 01E007M000t
00354 GLN01_0011_009 f 0.00  0.000     0  0.00  0  0  -2.087  -0.681   3.833   0.016  -0.201   0.000 01E009M000t
00355 GLN01_0011_010 f 0.00  0.000     0  0.00  0  0  -1.988  -0.615   3.425  -0.010   0.131   0.000 01E00AM000t
00356 GLN01_0011_011 f 0.00  0.000     0  0.00  0  0  -1.175  -1.181   0.990   0.060   0.214   0.000 01E00BM000t
00357 GLN01_0011_012 f 0.00  0.000     0  0.00  0  0  -1.580  -1.139   1.399  -0.002   0.279   0.000 01E00CM000t
00358 GLN01_0011_013 f 0.00  0.000     0  0.00  0  0  -2.060  -1.101   0.988   0.018   0.147   0.000 01E00DM000t
00359 GLN01_0011_014 f 0.00  0.000     0  0.00  0  0  -0.250  -1.104   0.604   0.037   0.411   0.000 01E00EM000t
00360 GLN01_0011_015 f 0.00  0.000     0  0.00  0  0  -0.986  -1.920   3.770  -0.016   1.247   0.000 01E00FM000t
00361 GLN01_0011_016 f 0.00  0.000     0  0.00  0  0  -1.598  -1.135   3.833   0.140   0.445   0.000 01E011M000t
00362 GLN01_0011_017 f 0.00  0.000     0  0.00  0  0  -2.351   0.719   3.427  -0.025   0.683   0.000 01E012M000t
00363 GLN01_0011_018 f 0.00  0.000     0  0.00  0  0  -0.623  -0.954   3.040  -0.085   1.106   0.000 01E013M000t
00364 GLN01_0011_019 f 0.00  0.000     0  0.00  0  0  -1.718  -1.169   3.770   0.026  -0.123   0.000 01E014M000t
00365 GLN01_0011_020 f 0.00  0.000     0  0.00  0  0  -0.661  -1.930   3.769   0.108   1.570   0.000 01E017M000t
00366 HIS01_0012_001 f 0.00  0.000     0  0.00  0  0  -5.725  -2.306   0.079   0.453   1.048   0.000 01O000M000t
00367 HIS01_0012_002 f 0.00  0.000     0  0.00  0  0  -5.822  -2.250   0.079   0.254   1.500   0.000 01R001M000t
00368 HIS01_0012_003 f 0.00  0.000     0  0.00  0  0  -7.498  -0.302   2.721   0.550   0.632   0.000 01E002M000t
00369 HIS01_0012_004 f 0.00  0.000     0  0.00  0  0  -5.161   4.370   0.079  -0.012   2.002   0.000 01E003M000t
00370 HIS01_0012_005 f 0.00  0.000     0  0.00  0  0  -5.594  -2.429   0.079   0.267   1.836   0.000 01E004M000t
00371 HIS01_0012_006 f 0.00  0.000     0  0.00  0  0  -7.618   1.401   2.721   0.442   0.720   0.000 01E005M000t
00372 HIS01_0012_007 f 0.00  0.000     0  0.00  0  0  -8.120  -0.340   2.721   0.420   0.611   0.000 01E006M000t
00373 HIS01_0012_008 f 0.00  0.000     0  0.00  0  0  -7.642  -0.273   2.721   0.352   0.733   0.000 01E007M000t
00374 HIS01_0012_009 f 0.00  0.000     0  0.00  0  0  -7.390   2.186   2.721   0.393   0.664   0.000 01E008M000t
00375 HIS01_0012_010 f 0.00  0.000     0  0.00  0  0  -7.393  -0.376   2.721   0.434   0.592   0.000 01E009M000t
00376 HIS02_0012_011 f 0.00  0.000     0  0.00  0  0  -5.741  -2.350   0.079   0.219   0.921   0.000 02O000M000t
00377 HIS02_0012_012 f 0.00  0.000     0  0.00  0  0  -5.838  -2.315   0.079   0.331   1.650   0.000 02R001M000t
00378 HIS02_0012_013 f 0.00  0.000     0  0.00  0  0  -7.514  -0.387   2.721   0.184   0.405   0.000 02E002M000t
00379 HIS02_0012_014 f 0.00  0.000     0  0.00  0  0  -5.176   4.169   0.079   0.702   1.763   0.000 02E003M000t
00380 HIS02_0012_015 f 0.00  0.000     0  0.00  0  0  -5.614  -2.501   0.079   0.322   1.548   0.000 02E004M000t
00381 HIS02_0012_016 f 0.00  0.000     0  0.00  0  0  -7.631   1.284   2.721   0.214   0.459   0.000 02E005M000t
00382 HIS02_0012_017 f 0.00  0.000     0  0.00  0  0  -8.135  -0.450   2.721   0.190   0.603   0.000 02E006M000t
00383 HIS02_0012_018 f 0.00  0.000     0  0.00  0  0  -7.662  -0.291   2.721   0.267   0.028   0.000 02E007M000t
00384 HIS02_0012_019 f 0.00  0.000     0  0.00  0  0  -7.409   2.181   2.721   0.341   0.020   0.000 02E008M000t
00385 HIS02_0012_020 f 0.00  0.000     0  0.00  0  0  -7.413  -0.390   2.721   0.283   0.120   0.000 02E009M000t
00386 HIS+1_0012_021 f 0.00  1.000     0  6.98  0  1  -5.767  -2.361   0.079   0.455   0.898   0.000 +1O000M000t
00387 HIS+1_0012_022 f 0.00  1.000     0  6.98  0  1  -5.864  -2.324   0.079   0.541   2.073   0.000 +1R001M000t
00388 HIS+1_0012_023 f 0.00  1.000     0  6.98  0  1  -7.541  -0.390   2.721   0.186   0.055   0.000 +1E002M000t
00389 HIS+1_0012_024 f 0.00  1.000     0  6.98  0  1  -5.203   4.164   0.079   0.998   2.863   0.000 +1E003M000t
00390 HIS+1_0012_025 f 0.00  1.000     0  6.98  0  1  -5.640  -2.510   0.079   0.532   2.282   0.000 +1E004M000t
00391 HIS+1_0012_026 f 0.00  1.000     0  6.98  0  1  -7.658   1.281   2.721   0.314   0.252   0.000 +1E005M000t
00392 HIS+1_0012_027 f 0.00  1.000     0  6.98  0  1  -8.161  -0.453   2.721   0.231   0.510   0.000 +1E006M000t
00393 HIS+1_0012_028 f 0.00  1.000     0  6.98  0  1  -7.688  -0.295   2.721   0.302  -0.225   0.000 +1E007M000t
00394 HIS+1_0012_029 f 0.00  1.000     0  6.98  0  1  -7.436   2.176   2.721   0.386   0.060   0.000 +1E008M000t
00395 HIS+1_0012_030 f 0.00  1.000     0  6.98  0  1  -7.440  -0.395   2.721   0.309  -0.089   0.000 +1E009M000t
00396 MET01_0013_001 f 0.00  0.000     0  0.00  0  0  -5.796  -0.775   0.421   0.034   0.048   0.000 01O000M000t
00397 MET01_0013_002 f 0.00  0.000     0  0.00  0  0  -2.767  -0.546   2.819   0.047   0.045   0.000 01R001M000t
00398 MET01_0013_003 f 0.00  0.000     0  0.00  0  0  -4.279  -1.349   2.819   0.070   0.044   0.000 01R002M000t
00399 MET01_0013_004 f 0.00  0.000     0  0.00  0  0  -5.391  -1.450   2.409   0.042   0.049   0.000 01R003M000t
00400 MET01_0013_005 f 0.00  0.000     0  0.00  0  0  -6.595  -0.626   0.421   0.031   0.047   0.000 01R004M000t
00401 MET01_0013_006 f 0.00  0.000     0  0.00  0  0   0.314  -1.406   0.420   0.029   0.051   0.000 01R006M000t
00402 MET01_0013_007 f 0.00  0.000     0  0.00  0  0  -5.845  -1.526   0.421   0.035   0.049   0.000 01R008M000t
00403 MET01_0013_008 f 0.00  0.000     0  0.00  0  0  -5.000  -0.643   2.819   0.059   0.046   0.000 01R009M000t
00404 MET01_0013_009 f 0.00  0.000     0  0.00  0  0  -7.940  -0.837   2.408   0.039   0.041   0.000 01R011M000t
00405 MET01_0013_010 f 0.00  0.000     0  0.00  0  0  -8.546  -0.804   0.419   0.037   0.040   0.000 01R012M000t
00406 MET01_0013_011 f 0.00  0.000     0  0.00  0  0  -8.615  -1.107   2.408   0.047   0.040   0.000 01R013M000t
00407 MET01_0013_012 f 0.00  0.000     0  0.00  0  0  -6.542  -1.037   4.808   0.059   0.042   0.000 01R015M000t
00408 MET01_0013_013 f 0.00  0.000     0  0.00  0  0  -7.304  -0.887   2.819   0.057   0.042   0.000 01R016M000t
00409 MET01_0013_014 f 0.00  0.000     0  0.00  0  0  -8.043  -1.129   0.421   0.059   0.049   0.000 01R019M000t
00410 MET01_0013_015 f 0.00  0.000     0  0.00  0  0  -7.591  -1.176   2.409   0.065   0.049   0.000 01R01AM000t
00411 MET01_0013_016 f 0.00  0.000     0  0.00  0  0  -6.680  -1.446   4.806   0.071   0.043   0.000 01R01DM000t
00412 MET01_0013_017 f 0.00  0.000     0  0.00  0  0  -6.562  -0.566   4.782   0.023   0.049   0.000 01R01EM000t
00413 MET01_0013_018 f 0.00  0.000     0  0.00  0  0  -7.497  -0.232   2.793   0.016   0.054   0.000 01R01FM000t
00414 MET01_0013_019 f 0.00  0.000     0  0.00  0  0  -6.125  -0.219   5.189   0.013   0.061   0.000 01R021M000t
00415 MET01_0013_020 f 0.00  0.000     0  0.00  0  0  -7.384  -0.067   4.780   0.037   0.048   0.000 01R022M000t
