 residue    partner         vdw     ele  pairwise  charge
LYS+_0001_  GLU_0002_       0.00    0.00   -0.16   -1.00
LYS+_0001_  THR_0003_       0.00    0.00   -0.03    0.00
LYS+_0001_  LYS_0007_       0.00    0.00    0.34    1.00
LYS+_0001_  GLU_0009_       0.00    0.00   -0.03   -1.00
LYS+_0001_  ARG_0010_       0.00    0.00    0.10    1.00
GLU-_0002_  LYS_0001_       0.00    0.00   -0.24    1.00
GLU-_0002_  THR_0003_       0.00    0.00    0.04    0.00
GLU-_0002_  ALA_0006_       0.00    0.00    0.05    0.00
GLU-_0002_  LYS_0007_       0.00    0.00   -0.39    1.00
GLU-_0002_  GLU_0009_       0.00    0.00    0.07   -1.00
GLU-_0002_  ARG_0010_       0.00    0.00   -0.38    1.00
LYS+_0007_  LYS_0001_       0.00    0.00    0.32    1.00
LYS+_0007_  GLU_0002_       0.00    0.00   -0.51   -1.00
LYS+_0007_  THR_0003_       0.00    0.00   -0.02    0.00
LYS+_0007_  GLU_0009_       0.00    0.00   -0.06   -1.00
LYS+_0007_  ARG_0010_       0.00    0.00    0.19    1.00
LYS+_0007_  GLN_0011_       0.00    0.00   -0.04    0.00
LYS+_0007_  HIS_0012_       0.00    0.00    0.02    0.18
GLU-_0009_  LYS_0001_       0.00    0.00   -0.03    1.00
GLU-_0009_  GLU_0002_       0.00    0.00    0.09   -1.00
GLU-_0009_  THR_0003_       0.00    0.00   -0.01    0.00
GLU-_0009_  LYS_0007_       0.00    0.00   -0.06    1.00
GLU-_0009_  ARG_0010_       0.00    0.00   -0.08    1.00
GLU-_0009_  HIS_0012_       0.00    0.00   -0.02    0.18
GLU-_0009_  MET_0013_       0.00    0.00    0.02    0.00
ARG+_0010_  LYS_0001_       0.00    0.00    0.09    1.00
ARG+_0010_  GLU_0002_       0.00    0.00   -0.36   -1.00
ARG+_0010_  LYS_0007_       0.00    0.00    0.16    1.00
ARG+_0010_  GLU_0009_       0.00    0.00   -0.06   -1.00
ARG+_0010_  GLN_0011_       0.00    0.00    0.03    0.00
ARG+_0010_  HIS_0012_       0.00    0.00    0.01    0.18
HIS+_0012_  LYS_0001_       0.00    0.00    0.03    1.00
HIS+_0012_  GLU_0002_       0.00    0.00   -0.05   -1.00
HIS+_0012_  LYS_0007_       0.00    0.00    0.14    1.00
HIS+_0012_  PHE_0008_       0.00    0.00    0.13    0.00
HIS+_0012_  GLU_0009_       0.00    0.00   -0.06   -1.00
HIS+_0012_  ARG_0010_       0.00    0.00    0.06    1.00
HIS+_0012_  GLN_0011_       0.00    0.00   -0.04    0.00
