   confID        vdw0    sas     sum
LYS01_0001_001   5.079  -9.897  -4.818
LYS01_0001_002   1.125 -10.197  -9.072
LYS01_0001_003   1.573 -10.710  -9.136
LYS01_0001_004   4.360 -10.790  -6.429
LYS01_0001_005   4.331 -11.378  -7.046
LYS01_0001_006   2.401 -11.478  -9.077
LYS01_0001_007   2.461 -10.647  -8.186
LYS01_0001_008   2.684 -10.947  -8.263
LYS01_0001_009   2.625 -10.301  -7.676
LYS01_0001_010   1.228 -11.011  -9.783
LYS01_0001_011   1.263 -11.146  -9.884
LYS01_0001_012   1.621 -10.921  -9.300
LYS01_0001_013   1.964 -10.131  -8.167
LYS01_0001_014   4.282 -11.188  -6.906
LYS01_0001_015   2.497 -11.056  -8.559
LYS01_0001_016   2.526 -11.036  -8.510
LYS01_0001_017   4.212 -10.827  -6.616
LYS01_0001_018   2.540 -11.832  -9.292
LYS01_0001_019   4.130 -11.568  -7.438
LYS01_0001_020   1.055 -11.150 -10.095
LYS+1_0001_021   5.553  -9.897  -4.344
LYS+1_0001_022   1.066 -10.197  -9.130
LYS+1_0001_023   1.510 -10.710  -9.200
LYS+1_0001_024   4.297 -10.790  -6.493
LYS+1_0001_025   4.269 -11.378  -7.109
LYS+1_0001_026   2.342 -11.478  -9.136
LYS+1_0001_027   2.415 -10.647  -8.232
LYS+1_0001_028   2.627 -10.947  -8.320
LYS+1_0001_029   2.576 -10.301  -7.725
LYS+1_0001_030   1.170 -11.011  -9.841
LYS+1_0001_031   1.218 -11.146  -9.928
LYS+1_0001_032   1.574 -10.921  -9.347
LYS+1_0001_033   1.883 -10.131  -8.248
LYS+1_0001_034   4.237 -11.188  -6.951
LYS+1_0001_035   2.439 -11.056  -8.617
LYS+1_0001_036   2.482 -11.036  -8.554
LYS+1_0001_037   4.165 -10.827  -6.663
LYS+1_0001_038   2.496 -11.832  -9.336
LYS+1_0001_039   4.083 -11.568  -7.485
LYS+1_0001_040   0.996 -11.150 -10.154
GLU01_0002_001   0.498  -1.450  -0.952
GLU01_0002_002   0.499  -2.032  -1.533
GLU01_0002_003   0.503  -2.609  -2.107
GLU01_0002_004   1.469  -1.949  -0.479
GLU01_0002_005   1.470  -2.569  -1.099
GLU01_0002_006   0.451  -3.078  -2.626
GLU01_0002_007   1.472  -2.775  -1.303
GLU01_0002_008   1.128  -2.231  -1.103
GLU01_0002_009   0.062  -2.186  -2.124
GLU01_0002_010   1.126  -2.659  -1.533
GLU01_0002_011   0.062  -2.479  -2.417
GLU01_0002_012   0.020  -3.137  -3.116
GLU01_0002_013   0.581  -2.749  -2.168
GLU01_0002_014  -0.004  -3.039  -3.042
GLU01_0002_015   0.576  -2.702  -2.126
GLU01_0002_016   0.498  -1.450  -0.952
GLU01_0002_017   0.499  -2.032  -1.533
GLU01_0002_018   0.503  -2.609  -2.107
GLU01_0002_019   1.469  -1.949  -0.479
GLU01_0002_020   1.470  -2.569  -1.099
GLU01_0002_021   0.451  -3.078  -2.626
GLU01_0002_022   1.472  -2.775  -1.303
GLU01_0002_023   1.128  -2.231  -1.103
GLU01_0002_024   0.062  -2.186  -2.124
GLU01_0002_025   1.126  -2.659  -1.533
GLU01_0002_026   0.062  -2.479  -2.417
GLU01_0002_027   0.020  -3.137  -3.116
GLU01_0002_028   0.581  -2.749  -2.168
GLU01_0002_029  -0.004  -3.039  -3.042
GLU01_0002_030   0.576  -2.702  -2.126
GLU02_0002_031   0.665  -1.574  -0.909
GLU02_0002_032   0.666  -2.022  -1.356
GLU02_0002_033   0.670  -2.574  -1.904
GLU02_0002_034   1.770  -2.084  -0.314
GLU02_0002_035   1.773  -2.531  -0.758
GLU02_0002_036   0.612  -2.943  -2.331
GLU02_0002_037   1.774  -2.710  -0.936
GLU02_0002_038   1.507  -2.095  -0.588
GLU02_0002_039   0.083  -2.089  -2.006
GLU02_0002_040   1.504  -2.556  -1.052
GLU02_0002_041   0.083  -2.416  -2.332
GLU02_0002_042   0.041  -3.117  -3.075
GLU02_0002_043   0.606  -2.655  -2.049
GLU02_0002_044   0.001  -3.258  -3.258
GLU02_0002_045   0.599  -2.686  -2.087
GLU02_0002_046   0.665  -1.574  -0.909
GLU02_0002_047   0.666  -2.022  -1.356
GLU02_0002_048   0.670  -2.574  -1.904
GLU02_0002_049   1.770  -2.084  -0.314
GLU02_0002_050   1.773  -2.531  -0.758
GLU02_0002_051   0.612  -2.943  -2.331
GLU02_0002_052   1.774  -2.710  -0.936
GLU02_0002_053   1.507  -2.095  -0.588
GLU02_0002_054   0.083  -2.089  -2.006
GLU02_0002_055   1.504  -2.556  -1.052
GLU02_0002_056   0.083  -2.416  -2.332
GLU02_0002_057   0.041  -3.117  -3.075
GLU02_0002_058   0.606  -2.655  -2.049
GLU02_0002_059   0.001  -3.258  -3.258
GLU02_0002_060   0.599  -2.686  -2.087
GLU-1_0002_061   0.467  -1.473  -1.005
GLU-1_0002_062   0.468  -1.933  -1.465
GLU-1_0002_063   0.471  -2.506  -2.035
GLU-1_0002_064   1.438  -1.955  -0.517
GLU-1_0002_065   1.438  -2.497  -1.059
GLU-1_0002_066   0.418  -2.941  -2.522
GLU-1_0002_067   1.441  -2.661  -1.220
GLU-1_0002_068   1.112  -2.032  -0.921
GLU-1_0002_069   0.027  -2.045  -2.019
GLU-1_0002_070   1.110  -2.519  -1.409
GLU-1_0002_071   0.027  -2.454  -2.427
GLU-1_0002_072  -0.016  -2.963  -2.979
GLU-1_0002_073   0.546  -2.553  -2.007
GLU-1_0002_074  -0.040  -3.048  -3.088
GLU-1_0002_075   0.540  -2.708  -2.168
THR01_0003_001   0.189  -5.011  -4.822
THR01_0003_002   0.189  -5.011  -4.822
THR01_0003_003   0.191  -5.363  -5.172
THR01_0003_004   0.190  -5.880  -5.689
ALA01_0004_001   0.000  -5.370  -5.370
ALA01_0005_001   0.000  -4.015  -4.015
ALA01_0006_001   0.000  -2.247  -2.247
LYS01_0007_001   3.319  -5.928  -2.609
LYS01_0007_002   3.326  -5.423  -2.097
LYS01_0007_003   4.846  -4.710   0.136
LYS01_0007_004   5.825  -5.024   0.802
LYS01_0007_005   3.214  -5.329  -2.115
LYS01_0007_006   4.324  -4.847  -0.523
LYS01_0007_007   5.653  -4.171   1.481
LYS01_0007_008   4.337  -5.989  -1.652
LYS01_0007_009   4.931  -5.647  -0.716
LYS01_0007_010   4.386  -5.280  -0.894
LYS01_0007_011   4.313  -5.217  -0.905
LYS01_0007_012   5.191  -5.866  -0.675
LYS01_0007_013   5.846  -4.548   1.298
LYS01_0007_014   4.003  -5.445  -1.443
LYS01_0007_015   4.946  -4.557   0.388
LYS01_0007_016   5.213  -4.514   0.699
LYS01_0007_017   4.992  -5.507  -0.516
LYS01_0007_018   4.050  -3.038   1.012
LYS01_0007_019   4.071  -4.213  -0.142
LYS01_0007_020   5.034  -4.968   0.066
LYS+1_0007_021   3.263  -5.928  -2.664
LYS+1_0007_022   3.271  -5.423  -2.153
LYS+1_0007_023   4.791  -4.710   0.081
LYS+1_0007_024   5.782  -5.024   0.758
LYS+1_0007_025   3.151  -5.329  -2.177
LYS+1_0007_026   4.239  -4.847  -0.608
LYS+1_0007_027   5.609  -4.171   1.438
LYS+1_0007_028   4.286  -5.989  -1.703
LYS+1_0007_029   4.869  -5.647  -0.778
LYS+1_0007_030   4.302  -5.280  -0.978
LYS+1_0007_031   4.228  -5.217  -0.989
LYS+1_0007_032   5.129  -5.866  -0.737
LYS+1_0007_033   6.139  -4.548   1.591
LYS+1_0007_034   3.951  -5.445  -1.494
LYS+1_0007_035   4.878  -4.557   0.321
LYS+1_0007_036   5.138  -4.514   0.624
LYS+1_0007_037   4.914  -5.507  -0.593
LYS+1_0007_038   3.998  -3.038   0.960
LYS+1_0007_039   4.018  -4.213  -0.195
LYS+1_0007_040   4.982  -4.968   0.015
PHE01_0008_001   4.427  -8.034  -3.607
PHE01_0008_002   4.434  -8.335  -3.901
PHE01_0008_003   4.351  -8.237  -3.886
PHE01_0008_004   4.135  -8.141  -4.006
PHE01_0008_005   4.360  -8.403  -4.043
PHE01_0008_006   4.248  -8.745  -4.498
PHE01_0008_007   4.135  -9.344  -5.209
PHE01_0008_008   4.253  -7.995  -3.742
GLU01_0009_001   6.956  -3.226   3.730
GLU01_0009_002   1.422  -3.041  -1.619
GLU01_0009_003   3.053  -3.119  -0.065
GLU01_0009_004   1.413  -2.844  -1.430
GLU01_0009_005   1.418  -3.430  -2.012
GLU01_0009_006   1.293  -3.255  -1.962
GLU01_0009_007   1.413  -3.262  -1.849
GLU01_0009_008   1.420  -3.217  -1.797
GLU01_0009_009   1.346  -3.172  -1.825
GLU01_0009_010   2.988  -3.072  -0.083
GLU01_0009_011   1.425  -3.014  -1.589
GLU01_0009_012   2.363  -3.174  -0.811
GLU01_0009_013   1.333  -3.041  -1.708
GLU01_0009_014   1.292  -3.002  -1.710
GLU01_0009_015   2.945  -2.833   0.112
GLU01_0009_016   1.290  -2.652  -1.362
GLU01_0009_017   1.403  -2.814  -1.411
GLU01_0009_018   6.956  -3.226   3.730
GLU01_0009_019   1.422  -3.041  -1.619
GLU01_0009_020   1.418  -3.430  -2.012
GLU01_0009_021   1.293  -3.255  -1.962
GLU01_0009_022   1.413  -3.262  -1.849
GLU01_0009_023   1.346  -3.172  -1.825
GLU01_0009_024   2.988  -3.072  -0.083
GLU01_0009_025   1.425  -3.014  -1.589
GLU01_0009_026   2.363  -3.174  -0.811
GLU01_0009_027   1.333  -3.041  -1.708
GLU01_0009_028   1.292  -3.002  -1.710
GLU01_0009_029   2.945  -2.833   0.112
GLU01_0009_030   1.290  -2.652  -1.362
GLU01_0009_031   1.403  -2.814  -1.411
GLU02_0009_032   8.778  -3.227   5.551
GLU02_0009_033   2.524  -3.197  -0.674
GLU02_0009_034   1.690  -2.833  -1.143
GLU02_0009_035   1.694  -3.442  -1.748
GLU02_0009_036   1.340  -3.184  -1.844
GLU02_0009_037   1.689  -3.282  -1.593
GLU02_0009_038   1.696  -3.152  -1.456
GLU02_0009_039   1.379  -3.225  -1.846
GLU02_0009_040   3.627  -3.132   0.495
GLU02_0009_041   1.514  -3.106  -1.592
GLU02_0009_042   2.227  -3.280  -1.053
GLU02_0009_043   1.492  -3.045  -1.552
GLU02_0009_044   1.342  -3.094  -1.752
GLU02_0009_045   2.445  -2.872  -0.427
GLU02_0009_046   1.344  -2.712  -1.368
GLU02_0009_047   1.674  -2.775  -1.101
GLU02_0009_048   8.778  -3.227   5.551
GLU02_0009_049   1.337  -2.907  -1.570
GLU02_0009_050   1.690  -2.833  -1.143
GLU02_0009_051   1.694  -3.442  -1.748
GLU02_0009_052   1.340  -3.184  -1.844
GLU02_0009_053   1.689  -3.282  -1.593
GLU02_0009_054   1.696  -3.152  -1.456
GLU02_0009_055   1.379  -3.225  -1.846
GLU02_0009_056   3.627  -3.132   0.495
GLU02_0009_057   1.514  -3.106  -1.592
GLU02_0009_058   2.227  -3.280  -1.053
GLU02_0009_059   1.492  -3.045  -1.552
GLU02_0009_060   1.342  -3.094  -1.752
GLU02_0009_061   2.445  -2.872  -0.427
GLU02_0009_062   1.344  -2.712  -1.368
GLU02_0009_063   1.674  -2.775  -1.101
GLU-1_0009_064   6.897  -3.118   3.779
GLU-1_0009_065   1.328  -2.976  -1.649
GLU-1_0009_066   1.324  -3.299  -1.975
GLU-1_0009_067   2.409  -3.273  -0.865
GLU-1_0009_068   1.315  -3.136  -1.820
GLU-1_0009_069   1.113  -3.170  -2.056
GLU-1_0009_070   2.895  -2.976  -0.082
GLU-1_0009_071   1.285  -3.032  -1.748
GLU-1_0009_072   2.005  -3.148  -1.144
GLU-1_0009_073   1.231  -3.101  -1.870
GLU-1_0009_074   1.114  -2.941  -1.827
GLU-1_0009_075   2.329  -2.855  -0.526
GLU-1_0009_076   1.120  -2.562  -1.442
GLU-1_0009_077   1.304  -2.661  -1.357
ARG01_0010_001   6.504  -8.221  -1.717
ARG01_0010_002   6.250  -9.763  -3.513
ARG01_0010_003   7.673  -8.404  -0.731
ARG01_0010_004   6.334 -10.474  -4.140
ARG01_0010_005   5.233  -8.642  -3.410
ARG01_0010_006   5.222 -10.049  -4.827
ARG01_0010_007   5.076 -10.302  -5.226
ARG01_0010_008   6.527  -8.819  -2.293
ARG01_0010_009   6.397  -7.518  -1.122
ARG01_0010_010   5.068 -10.725  -5.656
ARG01_0010_011   4.360 -10.273  -5.912
ARG01_0010_012   5.851 -10.688  -4.837
ARG01_0010_013   4.586  -9.944  -5.358
ARG01_0010_014   4.897  -8.595  -3.698
ARG01_0010_015   4.588  -8.650  -4.062
ARG01_0010_016   5.353  -9.325  -3.973
ARG01_0010_017   4.209 -10.524  -6.315
ARG01_0010_018   5.223  -9.527  -4.304
ARG01_0010_019   6.201 -10.183  -3.981
ARG01_0010_020   6.529 -10.038  -3.509
ARG02_0010_021   6.451  -8.221  -1.770
ARG02_0010_022   6.227  -9.763  -3.536
ARG02_0010_023   7.646  -8.404  -0.757
ARG02_0010_024   6.310 -10.474  -4.164
ARG02_0010_025   5.147  -8.642  -3.496
ARG02_0010_026   5.136 -10.049  -4.913
ARG02_0010_027   5.027 -10.302  -5.275
ARG02_0010_028   6.483  -8.819  -2.336
ARG02_0010_029   6.374  -7.518  -1.144
ARG02_0010_030   5.019 -10.725  -5.706
ARG02_0010_031   4.320 -10.273  -5.952
ARG02_0010_032   5.814 -10.688  -4.874
ARG02_0010_033   4.564  -9.944  -5.380
ARG02_0010_034   4.856  -8.595  -3.738
ARG02_0010_035   4.566  -8.650  -4.084
ARG02_0010_036   5.314  -9.325  -4.011
ARG02_0010_037   4.169 -10.524  -6.355
ARG02_0010_038   6.492 -10.038  -3.546
ARG02_0010_039   6.457  -8.221  -1.764
ARG02_0010_040   7.650  -8.404  -0.753
ARG02_0010_041   5.153  -8.642  -3.490
ARG02_0010_042   5.142 -10.049  -4.907
ARG02_0010_043   5.032 -10.302  -5.270
ARG02_0010_044   6.488  -8.819  -2.332
ARG02_0010_045   6.377  -7.518  -1.141
ARG02_0010_046   4.861  -8.595  -3.734
ARG02_0010_047   4.570  -8.650  -4.080
ARG02_0010_048   5.319  -9.325  -4.007
ARG02_0010_049   5.205  -9.527  -4.322
ARG02_0010_050   6.158 -10.183  -4.025
ARG03_0010_051   6.239  -9.763  -3.524
ARG03_0010_052   7.664  -8.404  -0.739
ARG03_0010_053   6.320 -10.474  -4.154
ARG03_0010_054   5.155  -8.642  -3.488
ARG03_0010_055   5.144 -10.049  -4.905
ARG03_0010_056   5.035 -10.302  -5.267
ARG03_0010_057   6.492  -8.819  -2.327
ARG03_0010_058   6.393  -7.518  -1.125
ARG03_0010_059   5.027 -10.725  -5.698
ARG03_0010_060   4.328 -10.273  -5.944
ARG03_0010_061   5.822 -10.688  -4.865
ARG03_0010_062   4.579  -8.650  -4.071
ARG03_0010_063   5.326  -9.325  -4.000
ARG03_0010_064   4.177 -10.524  -6.347
ARG03_0010_065   5.213  -9.527  -4.313
ARG03_0010_066   6.161 -10.183  -4.022
ARG03_0010_067   6.500 -10.038  -3.538
ARG03_0010_068   6.328  -8.221  -1.893
ARG03_0010_069   6.127  -9.763  -3.636
ARG03_0010_070   7.565  -8.404  -0.838
ARG03_0010_071   6.186 -10.474  -4.288
ARG03_0010_072   5.155 -10.049  -4.894
ARG03_0010_073   6.315  -8.819  -2.504
ARG03_0010_074   6.440  -7.518  -1.078
ARG03_0010_075   5.037 -10.725  -5.687
ARG03_0010_076   4.340 -10.273  -5.932
ARG03_0010_077   5.645 -10.688  -5.043
ARG03_0010_078   4.642  -9.944  -5.301
ARG03_0010_079   4.924  -8.595  -3.671
ARG03_0010_080   5.381  -9.325  -3.945
ARG03_0010_081   5.279  -9.527  -4.248
ARG03_0010_082   6.172 -10.183  -4.011
ARG+1_0010_083   6.412  -8.221  -1.809
ARG+1_0010_084   6.188  -9.763  -3.575
ARG+1_0010_085   7.607  -8.404  -0.797
ARG+1_0010_086   6.272 -10.474  -4.202
ARG+1_0010_087   5.109  -8.642  -3.534
ARG+1_0010_088   5.098 -10.049  -4.951
ARG+1_0010_089   4.989 -10.302  -5.313
ARG+1_0010_090   6.445  -8.819  -2.374
ARG+1_0010_091   6.335  -7.518  -1.183
ARG+1_0010_092   4.981 -10.725  -5.744
ARG+1_0010_093   4.283 -10.273  -5.990
ARG+1_0010_094   5.776 -10.688  -4.912
ARG+1_0010_095   4.525  -9.944  -5.418
ARG+1_0010_096   4.818  -8.595  -3.777
ARG+1_0010_097   4.528  -8.650  -4.122
ARG+1_0010_098   5.275  -9.325  -4.050
ARG+1_0010_099   4.131 -10.524  -6.393
ARG+1_0010_100   5.163  -9.527  -4.364
ARG+1_0010_101   6.115 -10.183  -4.067
ARG+1_0010_102   6.454 -10.038  -3.584
GLN01_0011_001   0.924  -2.554  -1.629
GLN01_0011_002   0.928  -3.196  -2.268
GLN01_0011_003   1.435  -2.476  -1.041
GLN01_0011_004   0.877  -3.120  -2.243
GLN01_0011_005   0.877  -1.639  -0.762
GLN01_0011_006   1.441  -1.973  -0.532
GLN01_0011_007   1.687  -2.971  -1.285
GLN01_0011_008   1.278  -3.365  -2.087
GLN01_0011_009   1.132  -3.120  -1.988
GLN01_0011_010   1.684  -2.859  -1.175
GLN01_0011_011   1.269  -2.850  -1.580
GLN01_0011_012   1.129  -3.188  -2.060
GLN01_0011_013   2.463  -2.713  -0.250
GLN01_0011_014   1.568  -2.555  -0.986
GLN01_0011_015   2.519  -2.770  -0.251
GLN01_0011_016   1.199  -2.796  -1.598
GLN01_0011_017   0.969  -3.320  -2.351
GLN01_0011_018   2.216  -2.839  -0.623
GLN01_0011_019   1.404  -3.179  -1.775
GLN01_0011_020   1.575  -2.236  -0.661
HIS01_0012_001  -0.178  -5.547  -5.725
HIS01_0012_002  -0.169  -5.653  -5.822
HIS01_0012_003  -0.178  -7.321  -7.498
HIS01_0012_004  -0.206  -4.955  -5.161
HIS01_0012_005  -0.151  -5.443  -5.594
HIS01_0012_006  -0.323  -7.294  -7.618
HIS01_0012_007  -0.205  -7.914  -8.120
HIS01_0012_008  -0.151  -7.491  -7.642
HIS01_0012_009  -0.295  -7.095  -7.390
HIS01_0012_010  -0.168  -7.225  -7.393
HIS02_0012_011  -0.194  -5.547  -5.741
HIS02_0012_012  -0.185  -5.653  -5.838
HIS02_0012_013  -0.194  -7.321  -7.514
HIS02_0012_014  -0.221  -4.955  -5.176
HIS02_0012_015  -0.171  -5.443  -5.614
HIS02_0012_016  -0.337  -7.294  -7.631
HIS02_0012_017  -0.220  -7.914  -8.135
HIS02_0012_018  -0.171  -7.491  -7.662
HIS02_0012_019  -0.314  -7.095  -7.409
HIS02_0012_020  -0.188  -7.225  -7.413
HIS+1_0012_021  -0.221  -5.547  -5.767
HIS+1_0012_022  -0.211  -5.653  -5.864
HIS+1_0012_023  -0.220  -7.321  -7.541
HIS+1_0012_024  -0.248  -4.955  -5.203
HIS+1_0012_025  -0.197  -5.443  -5.640
HIS+1_0012_026  -0.363  -7.294  -7.658
HIS+1_0012_027  -0.247  -7.914  -8.161
HIS+1_0012_028  -0.198  -7.491  -7.688
HIS+1_0012_029  -0.341  -7.095  -7.436
HIS+1_0012_030  -0.215  -7.225  -7.440
MET01_0013_001   1.190  -6.986  -5.796
MET01_0013_002   4.094  -6.861  -2.767
MET01_0013_003   3.548  -7.828  -4.279
MET01_0013_004   0.215  -6.106  -5.891
MET01_0013_005   1.167  -7.216  -6.049
MET01_0013_006   1.014  -6.805  -5.791
MET01_0013_007   1.072  -8.275  -7.203
MET01_0013_008   5.667  -7.803  -2.137
MET01_0013_009   0.201  -8.141  -7.940
MET01_0013_010   0.074  -8.666  -8.592
MET01_0013_011   2.605  -6.807  -4.202
MET01_0013_012   1.073  -8.422  -7.350
MET01_0013_013   1.225  -8.464  -7.240
MET01_0013_014   0.350  -7.989  -7.639
MET01_0013_015   0.216  -8.306  -8.090
MET01_0013_016   1.069  -7.240  -6.171
MET01_0013_017   0.351  -7.735  -7.384
MET01_0013_018   0.217  -7.824  -7.607
MET01_0013_019   0.354  -6.747  -6.392
MET01_0013_020   1.158  -7.884  -6.726
