iConf CONFORMER     FL  occ    crg   Em0  pKa0 ne nH    vdw0    vdw1    tors    epol   dsolv   extra    history
00001 LYS01_0001_001 f 0.00  0.000     0  0.00  0  0  -4.818   4.380   2.278   0.025   0.173   0.000  01O000M000
00002 LYS+1_0001_002 f 0.00  1.000     0 10.40  0  1  -4.344   4.356   2.278  -0.022   0.874   0.000  +1O000M000
00003 GLU01_0002_001 f 0.00  0.000     0  0.00  0  0  -0.952 999.000   3.221   0.794   1.332   0.000  01O000M000
00004 GLU01_0002_002 f 0.00  0.000     0  0.00  0  0  -0.952 999.000   0.501  -0.057   1.983   0.000  01O000M000
00005 GLU02_0002_003 f 0.00  0.000     0  0.00  0  0  -0.909 999.000   3.221  -0.565   0.748   0.000  02O000M000
00006 GLU02_0002_004 f 0.00  0.000     0  0.00  0  0  -0.909 999.000   0.501  -0.590   2.471   0.000  02O000M000
00007 GLU-1_0002_005 f 0.00 -1.000     0  4.75  0 -1  -1.005 999.000   0.501  -1.345   5.500   0.000  -1O000M000
00008 THR01_0003_001 f 0.00  0.000     0  0.00  0  0  -4.822   0.092   0.420  -1.044   1.188   0.000  01O000M000
00009 THR01_0003_002 f 0.00  0.000     0  0.00  0  0  -4.822   0.092   0.420   4.053   1.582   0.000  01O000M000
00010 ALA01_0004_001 f 0.00  0.000     0  0.00  0  0  -5.370  -0.305   0.000   0.000   0.000   0.000  01O000M000
00011 ALA01_0005_001 f 0.00  0.000     0  0.00  0  0  -4.015  -0.084   0.000   0.000   0.000   0.000  01O000M000
00012 ALA01_0006_001 f 0.00  0.000     0  0.00  0  0  -2.247  -1.464   0.000   0.000   0.000   0.000  01O000M000
00013 LYS01_0007_001 f 0.00  0.000     0  0.00  0  0  -2.609  -2.495   3.678  -0.007   0.048   0.000  01O000M000
00014 LYS+1_0007_002 f 0.00  1.000     0 10.40  0  1  -2.664  -2.499   3.678   0.021   0.161   0.000  +1O000M000
00015 PHE01_0008_001 f 0.00  0.000     0  0.00  0  0  -3.607  -3.271   0.005   0.000   0.000   0.000  01O000M000
00016 GLU01_0009_001 f 0.00  0.000     0  0.00  0  0   3.730  -2.926   4.275   0.030  -0.373   0.000  01O000M000
00017 GLU01_0009_002 f 0.00  0.000     0  0.00  0  0   3.730  -2.926   1.555   0.040   0.725   0.000  01O000M000
00018 GLU02_0009_003 f 0.00  0.000     0  0.00  0  0   5.551  -2.953   4.275   0.229   0.417   0.000  02O000M000
00019 GLU02_0009_004 f 0.00  0.000     0  0.00  0  0   5.551  -2.953   1.555   0.058   0.848   0.000  02O000M000
00020 GLU-1_0009_005 f 0.00 -1.000     0  4.75  0 -1   3.779  -2.887   1.555  -0.260   0.567   0.000  -1O000M000
00021 ARG01_0010_001 f 0.00  0.000     0  0.00  0  0  -1.717  -1.070   0.754  -0.092   1.501   0.000  01O000M000
00022 ARG02_0010_002 f 0.00  0.000     0  0.00  0  0  -1.770  -1.088   0.754   0.012   2.072   0.000  02O000M000
00023 ARG02_0010_003 f 0.00  0.000     0  0.00  0  0  -1.764  -1.079   0.754  -0.079   1.950   0.000  02O000M000
00024 ARG03_0010_004 f 0.00  0.000     0  0.00  0  0  -1.760  -1.090   0.754   0.014   1.860   0.000  03O000M000
00025 ARG+1_0010_005 f 0.00  1.000     0 12.50  0  1  -1.809  -1.093   0.754   0.212   1.943   0.000  +1O000M000
00026 GLN01_0011_001 f 0.00  0.000     0  0.00  0  0  -1.629   6.856   3.833  -0.011   0.404   0.000  01O000M000
00027 GLN01_0011_002 f 0.00  0.000     0  0.00  0  0  -1.548   6.899   3.804  -0.028   0.288   0.000  01R001M000
00028 HIS01_0012_001 f 0.00  0.000     0  0.00  0  0  -5.425  -2.306   0.079   0.457   1.072   0.000  01O000M000
00029 HIS01_0012_002 f 0.00  0.000     0  0.00  0  0  -5.626  -2.250   0.079   0.252   1.554   0.000  01R001M000
00030 HIS02_0012_003 f 0.00  0.000     0  0.00  0  0  -5.441  -2.350   0.079   0.213   0.975   0.000  02O000M000
00031 HIS02_0012_004 f 0.00  0.000     0  0.00  0  0  -5.642  -2.315   0.079   0.331   1.697   0.000  02R001M000
00032 HIS+1_0012_005 f 0.00  1.000     0  6.98  0  1  -5.468  -2.361   0.079   0.460   0.967   0.000  +1O000M000
00033 HIS+1_0012_006 f 0.00  1.000     0  6.98  0  1  -5.668  -2.324   0.079   0.544   2.202   0.000  +1R001M000
00034 MET01_0013_001 f 0.00  0.000     0  0.00  0  0  -5.796  -0.775   0.421   0.033   0.048   0.000  01O000M000
00035 HOH01_0014_001 f 0.00  0.000     0  0.00  0  0  -0.806  -0.613   0.000  -0.076   0.684   0.000  01O000M000
00036 HOH01_0014_002 f 0.00  0.000     0  0.00  0  0  -0.806  -0.613   0.000   0.026   0.890   0.000  01O000M000
00037 HOH01_0014_003 f 0.00  0.000     0  0.00  0  0  -0.806  -0.613   0.000   0.077   1.023   0.000  01O000M000
00038 HOH01_0014_004 f 0.00  0.000     0  0.00  0  0  -0.806  -0.613   0.000  -0.111   0.841   0.000  01O000M000
00039 HOH01_0014_005 f 0.00  0.000     0  0.00  0  0  -0.806  -0.613   0.000  -0.046   0.643   0.000  01O000M000
00040 HOH01_0014_006 f 0.00  0.000     0  0.00  0  0  -0.806  -0.613   0.000   0.105   0.898   0.000  01O000M000
00041 HOH01_0014_007 f 0.00  0.000     0  0.00  0  0  -0.806  -0.613   0.000  -0.085   0.946   0.000  01O000M000
00042 HOH01_0014_008 f 0.00  0.000     0  0.00  0  0  -0.806  -0.613   0.000   0.124   0.892   0.000  01O000M000
00043 HOH-1_0014_009 f 0.00 -1.000     0 15.70  0 -1  -0.806  -0.792   0.000  -0.054   6.948   0.000  -1O000M000
00044 HOH-1_0014_010 f 0.00 -1.000     0 15.70  0 -1  -1.114  -0.678   0.000  -0.139   8.068   0.000  -1O000M000
00045 HOH-1_0014_011 f 0.00 -1.000     0 15.70  0 -1  -0.806  -0.829   0.000  -0.097   6.547   0.000  -1O000M000
00046 HOH-1_0014_012 f 0.00 -1.000     0 15.70  0 -1  -0.888  -0.695   0.000  -0.143   7.661   0.000  -1O000M000
00047 HOH+1_0014_013 f 0.00  1.000     0 -1.40  0  1  -0.806  -0.613   0.000   0.069  -5.657   0.000  +1O000M000
00048 HOH+1_0014_014 f 0.00  1.000     0 -1.40  0  1  -0.806  -0.613   0.000   0.143  -1.748   0.000  +1O000M000
00049 HOH+1_0014_015 f 0.00  1.000     0 -1.40  0  1  -0.806  -0.613   0.000   0.006  -4.155   0.000  +1O000M000
00050 HOH+1_0014_016 f 0.00  1.000     0 -1.40  0  1  -0.806  -0.613   0.000   0.180  -5.219   0.000  +1O000M000
00051 HOH+1_0014_017 f 0.00  1.000     0 -1.40  0  1  -0.806  -0.613   0.000  -0.060  -4.255   0.000  +1O000M000
00052 HOHDM_0014_018 f 0.00  0.000     0  0.00  0  0   0.000   0.000   0.000   0.000   0.000   0.000          DM
