CONFORMER         crg  vdw0  vdw1  tors  epol  self   occ  Hb     history    ASA
LYS01_0001_001  0.000 -4.82  4.39  2.28  0.00  1.84 0.000  00  01O000M000  0.851
LYS+1_0001_002  1.000 -4.35  4.36  2.28  0.00  2.29 0.000  00  +1O000M000  0.851
LYS01_0001_003  0.000 -6.40  2.77  2.90  0.00 -0.73 0.012  00  01E001M000  0.871
LYS+1_0001_004  1.000 -6.47  2.76  2.90  0.00 -0.80 0.012  00  +1E001M000  0.871
LYS01_0001_005  0.000 -8.22  5.02  2.36  0.00 -0.84 0.433  00  01E002M000  0.817
LYS+1_0001_006  1.000 -8.29  4.97  2.36  0.00 -0.96 0.433  00  +1E002M000  0.817
LYS01_0001_007  0.000 -9.07  5.28  2.07  0.00 -1.72 0.365  00  01E003M000  0.817
LYS+1_0001_008  1.000 -9.13  5.27  2.07  0.00 -1.79 0.365  00  +1E003M000  0.817
LYS01_0001_009  0.000 -8.94  5.44  2.52  0.00 -0.98 0.086  00  01E004M000  0.874
LYS+1_0001_010  1.000 -9.00  5.43  2.52  0.00 -1.05 0.086  00  +1E004M000  0.874
LYS01_0001_011  0.000-10.28  3.50  4.09  0.00 -2.70 0.077  00  01E00BM000  0.886
LYS+1_0001_012  1.000-10.34  3.49  4.09  0.00 -2.76 0.077  00  +1E00BM000  0.886
LYS01_0001_013  0.000 -9.28  4.82  2.28  0.00 -2.18 0.175  00  01E00DM000  0.862
LYS+1_0001_014  1.000 -9.33  4.82  2.28  0.00 -2.23 0.175  00  +1E00DM000  0.862
LYS01_0001_015  0.000 -9.19  4.78  3.65  0.00 -0.75 0.142  00  01E00EM000  0.861
LYS+1_0001_016  1.000 -9.24  4.78  3.65  0.00 -0.81 0.142  00  +1E00EM000  0.861
LYS01_0001_017  0.000 -7.96  2.89  4.28  0.00 -0.80 0.021  00  01E010M000  0.873
LYS+1_0001_018  1.000 -8.02  2.88  4.28  0.00 -0.86 0.021  00  +1E010M000  0.873
LYS01_0001_019  0.000 -7.67  0.13  6.25  0.00 -1.29 0.559  00  01E013M000  0.822
LYS+1_0001_020  1.000 -7.72  0.09  6.25  0.00 -1.38 0.559  00  +1E013M000  0.822
LYS01_0001_021  0.000 -8.57  5.00  3.74  0.00  0.17 0.039  00  01E015M000  0.855
LYS+1_0001_022  1.000 -8.62  5.00  3.74  0.00  0.12 0.039  00  +1E015M000  0.855
LYS01_0001_023  0.000 -9.78  5.43  3.45  0.00 -0.90 0.111  00  01E016M000  0.874
LYS+1_0001_024  1.000 -9.84  5.43  3.45  0.00 -0.96 0.111  00  +1E016M000  0.874
LYS01_0001_025  0.000-10.11  5.45  2.07  0.00 -2.59 0.108  00  01E017M000  0.880
LYS+1_0001_026  1.000-10.15  5.45  2.07  0.00 -2.63 0.108  00  +1E017M000  0.880
LYS01_0001_027  0.000 -8.17  2.19  3.90  0.00 -2.08 0.014  00  01E01BM000  0.848
LYS+1_0001_028  1.000 -8.25  2.18  3.90  0.00 -2.17 0.014  00  +1E01BM000  0.848
LYS01_0001_029  0.000 -6.91  2.95  2.99  0.00 -0.97 0.049  00  01E01DM000  0.879
LYS+1_0001_030  1.000 -6.95  2.95  2.99  0.00 -1.01 0.049  00  +1E01DM000  0.879
LYS01_0001_031  0.000 -8.59  2.90  2.70  0.00 -2.99 0.106  00  01E01FM000  0.875
LYS+1_0001_032  1.000 -8.64  2.90  2.70  0.00 -3.03 0.106  00  +1E01FM000  0.875
LYS01_0001_033  0.000 -8.51  2.91  4.08  0.00 -1.53 0.110  00  01E020M000  0.875
LYS+1_0001_034  1.000 -8.56  2.91  4.08  0.00 -1.58 0.110  00  +1E020M000  0.875
LYS01_0001_035  0.000 -6.63  2.71  3.15  0.00 -0.77 0.081  00  01E021M000  0.875
LYS+1_0001_036  1.000 -6.68  2.71  3.15  0.00 -0.82 0.081  00  +1E021M000  0.875
LYS01_0001_037  0.000 -7.58  1.30  4.96  0.00 -1.32 0.044  00  01E022M000  0.900
LYS+1_0001_038  1.000 -7.63  1.30  4.96  0.00 -1.37 0.044  00  +1E022M000  0.900
LYS01_0001_039  0.000-10.41  3.47  4.09  0.00 -2.86 0.212  00  01E026M000  0.881
LYS+1_0001_040  1.000-10.46  3.46  4.09  0.00 -2.91 0.212  00  +1E026M000  0.881
GLU01_0002_001  0.000 -0.95999.00  3.22  0.00999.00 0.000  00  01O000M000  0.313
GLU-1_0002_002 -1.000 -1.01999.00  0.50  0.00999.00 0.000  00  -1O000M000  0.325
GLU02_0002_003  0.000 -0.91999.00  3.22  0.00999.00 0.000  00  02O000M000  0.334
GLU01_0002_004  0.000 -1.53 -1.46  6.02  0.00  3.02 0.230  00  01E001M000  0.432
GLU-1_0002_005 -1.000 -1.47 -1.39  3.30  0.00  0.45 0.230  00  -1E001M000  0.416
GLU02_0002_006  0.000 -1.36 -1.42  6.02  0.00  3.24 0.230  00  02E001M000  0.423
GLU01_0002_007  0.000 -2.11 -0.24  3.22  0.00  0.88 0.285  00  01E002M000  0.552
GLU-1_0002_008 -1.000 -2.04 -0.21  0.50  0.00 -1.75 0.285  00  -1E002M000  0.543
GLU02_0002_009  0.000 -1.91 -0.25  3.22  0.00  1.06 0.285  00  02E002M000  0.541
GLU01_0002_010  0.000 -0.48 -1.05  6.02  0.00  4.50 0.057  00  01E003M000  0.397
GLU-1_0002_011 -1.000 -0.51 -1.26  3.30  0.00  1.53 0.057  00  -1E003M000  0.410
GLU02_0002_012  0.000 -0.31 -1.32  6.02  0.00  4.39 0.057  00  02E003M000  0.428
GLU01_0002_013  0.000 -1.10 -0.16  6.02  0.00  4.76 0.189  00  01E004M000  0.539
GLU-1_0002_014 -1.000 -1.06 -0.13  3.30  0.00  2.11 0.189  00  -1E004M000  0.537
GLU02_0002_015  0.000 -0.76 -0.20  6.02  0.00  5.06 0.189  00  02E004M000  0.539
GLU01_0002_016  0.000 -2.63 -0.02  3.22  0.00  0.57 0.548  00  01E005M000  0.623
GLU-1_0002_017 -1.000 -2.52  0.03  0.50  0.00 -2.00 0.548  00  -1E005M000  0.608
GLU02_0002_018  0.000 -2.33  0.02  3.22  0.00  0.91 0.548  00  02E005M000  0.594
GLU01_0002_019  0.000 -1.30  0.02  6.02  0.00  4.74 0.103  00  01E006M000  0.575
GLU-1_0002_020 -1.000 -1.22  0.04  3.30  0.00  2.12 0.103  00  -1E006M000  0.573
GLU02_0002_021  0.000 -0.94  0.04  6.02  0.00  5.12 0.103  00  02E006M000  0.569
GLU01_0002_022  0.000 -1.10 -1.14  5.74  0.00  3.50 0.081  00  01E007M000  0.482
GLU-1_0002_023 -1.000 -0.92 -1.10  3.02  0.00  1.00 0.081  00  -1E007M000  0.453
GLU02_0002_024  0.000 -0.59 -1.16  5.74  0.00  3.99 0.081  00  02E007M000  0.453
GLU01_0002_025  0.000 -2.12 -0.75  6.60  0.00  3.73 0.191  00  01E008M000  0.454
GLU-1_0002_026 -1.000 -2.02 -0.72  3.88  0.00  1.14 0.191  00  -1E008M000  0.446
GLU02_0002_027  0.000 -2.01 -0.53  6.60  0.00  4.07 0.191  00  02E008M000  0.438
GLU01_0002_028  0.000 -1.53 -0.38  2.94  0.00  1.02 0.305  00  01E009M000  0.556
GLU-1_0002_029 -1.000 -1.41 -0.37  0.22  0.00 -1.56 0.305  00  -1E009M000  0.548
GLU02_0002_030  0.000 -1.05 -0.42  2.94  0.00  1.46 0.305  00  02E009M000  0.541
GLU01_0002_031  0.000 -2.42 -0.32  3.80  0.00  1.07 0.363  00  01E00AM000  0.513
GLU-1_0002_032 -1.000 -2.43 -0.30  1.08  0.00 -1.64 0.363  00  -1E00AM000  0.521
GLU02_0002_033  0.000 -2.33 -0.34  3.80  0.00  1.13 0.363  00  02E00AM000  0.508
GLU01_0002_034  0.000 -3.12  0.25  6.60  0.00  3.73 0.421  00  01E00BM000  0.645
GLU-1_0002_035 -1.000 -2.98  0.17  3.88  0.00  1.07 0.421  00  -1E00BM000  0.631
GLU02_0002_036  0.000 -3.08  0.12  6.60  0.00  3.65 0.421  00  02E00BM000  0.638
GLU01_0002_037  0.000 -2.17 -0.05  6.60  0.00  4.38 0.256  00  01E00CM000  0.578
GLU-1_0002_038 -1.000 -2.01 -0.02  3.88  0.00  1.85 0.256  00  -1E00CM000  0.557
GLU02_0002_039  0.000 -2.05 -0.08  6.60  0.00  4.48 0.256  00  02E00CM000  0.564
GLU01_0002_040  0.000 -3.04  3.57  3.80  0.00  4.32 0.177  00  01E00DM000  0.614
GLU-1_0002_041 -1.000 -3.09  3.61  1.08  0.00  1.60 0.177  00  -1E00DM000  0.620
GLU02_0002_042  0.000 -3.26  4.72  3.80  0.00  5.26 0.177  00  02E00DM000  0.641
GLU01_0002_043  0.000 -2.13  0.02  6.60  0.00  4.50 0.155  00  01E00EM000  0.566
GLU-1_0002_044 -1.000 -2.17  0.06  3.88  0.00  1.78 0.155  00  -1E00EM000  0.568
GLU02_0002_045  0.000 -2.09  0.03  6.60  0.00  4.55 0.155  00  02E00EM000  0.571
GLU01_0002_046  0.000 -0.95999.00  0.50  0.00999.00 0.000  00  01O000M000  0.313
GLU02_0002_047  0.000 -0.91999.00  0.50  0.00999.00 0.000  00  02O000M000  0.334
GLU01_0002_048  0.000 -1.53 -1.46  3.30  0.00  0.30 0.230  00  01E001M000  0.432
GLU02_0002_049  0.000 -1.36 -1.42  3.30  0.00  0.52 0.230  00  02E001M000  0.423
GLU01_0002_050  0.000 -2.11 -0.24  0.50  0.00 -1.84 0.285  00  01E002M000  0.552
GLU02_0002_051  0.000 -1.91 -0.25  0.50  0.00 -1.66 0.285  00  02E002M000  0.541
GLU01_0002_052  0.000 -0.48 -1.05  3.30  0.00  1.78 0.057  00  01E003M000  0.397
GLU02_0002_053  0.000 -0.31 -1.32  3.30  0.00  1.67 0.057  00  02E003M000  0.428
GLU01_0002_054  0.000 -1.10 -0.16  3.30  0.00  2.04 0.189  00  01E004M000  0.539
GLU02_0002_055  0.000 -0.76 -0.20  3.30  0.00  2.34 0.189  00  02E004M000  0.539
GLU01_0002_056  0.000 -2.63 -0.02  0.50  0.00 -2.15 0.548  00  01E005M000  0.623
GLU02_0002_057  0.000 -2.33  0.02  0.50  0.00 -1.81 0.548  00  02E005M000  0.594
GLU01_0002_058  0.000 -1.30  0.02  3.30  0.00  2.02 0.103  00  01E006M000  0.575
GLU02_0002_059  0.000 -0.94  0.04  3.30  0.00  2.40 0.103  00  02E006M000  0.569
GLU01_0002_060  0.000 -1.10 -1.14  3.02  0.00  0.78 0.081  00  01E007M000  0.482
GLU02_0002_061  0.000 -0.59 -1.16  3.02  0.00  1.27 0.081  00  02E007M000  0.453
GLU01_0002_062  0.000 -2.12 -0.75  3.88  0.00  1.01 0.191  00  01E008M000  0.454
GLU02_0002_063  0.000 -2.01 -0.53  3.88  0.00  1.35 0.191  00  02E008M000  0.438
GLU01_0002_064  0.000 -1.53 -0.38  0.22  0.00 -1.70 0.305  00  01E009M000  0.556
GLU02_0002_065  0.000 -1.05 -0.42  0.22  0.00 -1.26 0.305  00  02E009M000  0.541
GLU01_0002_066  0.000 -2.42 -0.32  1.08  0.00 -1.65 0.363  00  01E00AM000  0.513
GLU02_0002_067  0.000 -2.33 -0.34  1.08  0.00 -1.59 0.363  00  02E00AM000  0.508
GLU01_0002_068  0.000 -3.12  0.25  3.88  0.00  1.01 0.421  00  01E00BM000  0.645
GLU02_0002_069  0.000 -3.08  0.12  3.88  0.00  0.93 0.421  00  02E00BM000  0.638
GLU01_0002_070  0.000 -2.17 -0.05  3.88  0.00  1.66 0.256  00  01E00CM000  0.578
GLU02_0002_071  0.000 -2.05 -0.08  3.88  0.00  1.76 0.256  00  02E00CM000  0.564
GLU01_0002_072  0.000 -3.04  3.57  1.08  0.00  1.60 0.177  00  01E00DM000  0.614
GLU02_0002_073  0.000 -3.26  4.72  1.08  0.00  2.54 0.177  00  02E00DM000  0.641
GLU01_0002_074  0.000 -2.13  0.02  3.88  0.00  1.78 0.155  00  01E00EM000  0.566
GLU02_0002_075  0.000 -2.09  0.03  3.88  0.00  1.83 0.155  00  02E00EM000  0.571
THR01_0003_001  0.000 -4.82  0.04  0.42  0.00 -4.36 0.555  00  01O000M000  0.566
THR01_0003_002  0.000 -4.82  0.04  0.42  0.00 -4.36 0.555  00  01O000M000  0.566
THR01_0003_003  0.000 -4.82  0.04  0.04  0.00 -4.73 0.555  00  01O000M000  0.566
THR01_0003_004  0.000 -5.17  0.52  0.04  0.00 -4.61 0.555  00  01E001M000  0.586
THR01_0003_005  0.000 -5.69  1.07  2.76  0.00 -1.86 0.558  00  01E002M000  0.654
ALA01_0004_001  0.000 -5.37 -0.30  0.00  0.00 -5.67 1.000  00  01O000M000  0.946
ALA01_0005_001  0.000 -4.01 -0.08  0.00  0.00 -4.10 1.000  00  01O000M000  0.722
ALA01_0006_001  0.000 -2.25 -1.46  0.00  0.00 -3.71 1.000  00  01O000M000  0.412
LYS01_0007_001  0.000 -2.61 -2.49  3.68  0.00 -1.42 0.331  00  01O000M000  0.483
LYS+1_0007_002  1.000 -2.66 -2.50  3.68  0.00 -1.48 0.331  00  +1O000M000  0.483
LYS01_0007_003  0.000 -0.45 -2.72  4.14  0.00  0.97 0.126  00  01E005M000  0.463
LYS+1_0007_004  1.000 -0.51 -2.73  4.14  0.00  0.90 0.126  00  +1E005M000  0.463
LYS01_0007_005  0.000 -0.23 -2.61  4.19  0.00  1.35 0.114  00  01E00CM000  0.423
LYS+1_0007_006  1.000 -0.29 -2.61  4.19  0.00  1.29 0.114  00  +1E00CM000  0.423
LYS01_0007_007  0.000 -1.96 -2.55  3.68  0.00 -0.84 0.290  00  01E012M000  0.423
LYS+1_0007_008  1.000 -2.03 -2.55  3.68  0.00 -0.90 0.290  00  +1E012M000  0.423
LYS01_0007_009  0.000 -2.66 -2.56  2.69  0.00 -2.53 0.361  00  01E014M000  0.447
LYS+1_0007_010  1.000 -2.75 -2.56  2.69  0.00 -2.62 0.361  00  +1E014M000  0.447
LYS01_0007_011  0.000 -2.81 -2.44  4.09  0.00 -1.16 0.349  00  01E015M000  0.438
LYS+1_0007_012  1.000 -2.86 -2.45  4.09  0.00 -1.21 0.349  00  +1E015M000  0.438
LYS01_0007_013  0.000 -2.12 -2.49  5.09  0.00  0.48 0.275  00  01E016M000  0.428
LYS+1_0007_014  1.000 -2.18 -2.49  5.09  0.00  0.41 0.275  00  +1E016M000  0.428
LYS01_0007_015  0.000 -0.60 -2.40  4.52  0.00  1.52 0.071  00  01E021M000  0.395
LYS+1_0007_016  1.000 -0.65 -2.40  4.52  0.00  1.46 0.071  00  +1E021M000  0.395
LYS01_0007_017  0.000 -1.72 -3.06  2.50  0.00 -2.28 0.316  00  01E026M000  0.470
LYS+1_0007_018  1.000 -1.77 -3.06  2.50  0.00 -2.34 0.316  00  +1E026M000  0.470
LYS01_0007_019  0.000 -2.47 -3.04  2.89  0.00 -2.62 0.386  00  01E028M000  0.436
LYS+1_0007_020  1.000 -2.52 -3.05  2.89  0.00 -2.68 0.386  00  +1E028M000  0.436
LYS01_0007_021  0.000  1.30 -3.73  3.88  0.00  1.45 0.126  00  01E029M000  0.392
LYS+1_0007_022  1.000  1.59 -3.75  3.88  0.00  1.72 0.126  00  +1E029M000  0.392
LYS01_0007_023  0.000 -0.00 -2.92  3.98  0.00  1.06 0.181  00  01E02CM000  0.429
LYS+1_0007_024  1.000 -0.07 -2.93  3.98  0.00  0.98 0.181  00  +1E02CM000  0.429
LYS01_0007_025  0.000  0.60 -3.45  4.55  0.00  1.70 0.013  00  01E02FM000  0.370
LYS+1_0007_026  1.000  0.49 -3.49  4.55  0.00  1.55 0.013  00  +1E02FM000  0.370
LYS01_0007_027  0.000 -1.44 -2.92  3.90  0.00 -0.46 0.294  00  01E030M000  0.444
LYS+1_0007_028  1.000 -1.49 -2.93  3.90  0.00 -0.51 0.294  00  +1E030M000  0.444
LYS01_0007_029  0.000 -1.86 -2.35  3.10  0.00 -1.12 0.295  00  01E039M000  0.373
LYS+1_0007_030  1.000 -1.94 -2.36  3.10  0.00 -1.20 0.295  00  +1E039M000  0.373
LYS01_0007_031  0.000 -0.43 -2.71  3.19  0.00  0.05 0.269  00  01E03AM000  0.391
LYS+1_0007_032  1.000 -0.48 -2.72  3.19  0.00 -0.01 0.269  00  +1E03AM000  0.391
LYS01_0007_033  0.000  0.39 -2.79  4.19  0.00  1.78 0.031  00  01E03BM000  0.365
LYS+1_0007_034  1.000  0.32 -2.80  4.19  0.00  1.70 0.031  00  +1E03BM000  0.365
LYS01_0007_035  0.000 -0.23 -2.79  4.24  0.00  1.21 0.105  00  01E043M000  0.477
LYS+1_0007_036  1.000 -0.30 -2.80  4.24  0.00  1.14 0.105  00  +1E043M000  0.477
LYS01_0007_037  0.000 -0.50 -2.72  3.24  0.00  0.03 0.373  00  01E044M000  0.451
LYS+1_0007_038  1.000 -0.57 -2.73  3.24  0.00 -0.06 0.373  00  +1E044M000  0.451
LYS01_0007_039  0.000  1.01 -3.41  4.72  0.00  2.32 0.019  00  01R045M000  0.254
LYS+1_0007_040  1.000  0.96 -3.43  4.72  0.00  2.25 0.019  00  +1R045M000  0.254
PHE01_0008_001  0.000 -3.61 -3.27  0.01  0.00 -6.87 0.515  00  01O000M000  0.570
PHE01_0008_002  0.000 -3.91 -2.14  2.79  0.00 -3.25 0.568  00  01R001M000  0.623
PHE01_0008_003  0.000 -3.88 -3.36  0.01  0.00 -7.24 0.517  00  01R002M000  0.574
PHE01_0008_004  0.000 -4.01 -0.72  0.01  0.00 -4.72 0.162  00  01R003M000  0.585
PHE01_0008_005  0.000 -4.05 -1.95  2.79  0.00 -3.20 0.549  00  01R004M000  0.619
PHE01_0008_006  0.000 -4.50  1.35  2.79  0.00 -0.36 0.193  00  01R005M000  0.636
PHE01_0008_007  0.000 -5.21  2.61  2.79  0.00  0.19 0.474  00  01R006M000  0.659
PHE01_0008_008  0.000 -3.75  3.45  0.01  0.00 -0.29 0.480  00  01R007M000  0.565
GLU01_0009_001  0.000  3.74 -2.93  4.27  0.00  5.09 0.000  00  01O000M000  0.732
GLU-1_0009_002 -1.000  3.79 -2.89  1.55  0.00  2.46 0.000  00  -1O000M000  0.742
GLU02_0009_003  0.000  5.56 -2.95  4.27  0.00  6.88 0.000  00  02O000M000  0.732
GLU02_0009_004  0.000 -1.43 -2.80  4.71  0.00  0.49 0.479  00  02E001M000  0.677
GLU02_0009_005  0.000 -0.70 -2.81  4.27  0.00  0.76 0.481  00  02E003M000  0.707
GLU01_0009_006  0.000 -1.81 -2.88  4.71  0.00  0.03 0.481  00  01E004M000  0.680
GLU01_0009_007  0.000 -1.43 -2.62  5.03  0.00  0.98 0.479  00  01E005M000  0.607
GLU-1_0009_008 -1.000 -1.43 -2.59  2.31  0.00 -1.71 0.479  00  -1E005M000  0.607
GLU02_0009_009  0.000 -1.14 -2.42  5.03  0.00  1.46 0.479  00  02E005M000  0.610
GLU01_0009_010  0.000 -1.96  1.29  5.03  0.00  4.35 0.156  00  01E007M000  0.703
GLU-1_0009_011 -1.000 -1.99  1.32  2.31  0.00  1.64 0.156  00  -1E007M000  0.701
GLU02_0009_012  0.000 -1.85  1.29  5.03  0.00  4.47 0.156  00  02E007M000  0.700
GLU01_0009_013  0.000 -0.18  1.26  4.27  0.00  5.36 0.065  00  01E008M000  0.733
GLU02_0009_014  0.000 -0.84  1.28  4.27  0.00  4.71 0.065  00  02E008M000  0.760
GLU01_0009_015  0.000 -2.03  1.24  4.71  0.00  3.92 0.388  00  01E009M000  0.755
GLU-1_0009_016 -1.000 -2.14  1.28  1.99  0.00  1.13 0.388  00  -1E009M000  0.758
GLU02_0009_017  0.000 -2.01  1.25  4.71  0.00  3.96 0.388  00  02E009M000  0.754
GLU01_0009_018  0.000 -1.81  1.28  5.03  0.00  4.50 0.123  00  01E00AM000  0.694
GLU-1_0009_019 -1.000 -1.82  1.32  2.31  0.00  1.80 0.123  00  -1E00AM000  0.712
GLU02_0009_020  0.000 -1.59  1.28  5.03  0.00  4.71 0.123  00  02E00AM000  0.715
GLU02_0009_021  0.000 -1.45 -0.71  6.06  0.00  3.89 0.213  00  02E00BM000  0.698
GLU01_0009_022  0.000 -1.84 -0.69  6.37  0.00  3.84 0.185  00  01E00CM000  0.694
GLU01_0009_023  0.000 -1.83 -0.67  6.06  0.00  3.56 0.216  00  01E00DM000  0.697
GLU01_0009_024  0.000 -1.83 -0.73  6.37  0.00  3.81 0.187  00  01E00EM000  0.707
GLU-1_0009_025 -1.000 -1.86 -0.71  3.65  0.00  1.09 0.187  00  -1E00EM000  0.697
GLU02_0009_026  0.000 -1.40 -0.76  6.37  0.00  4.21 0.187  00  02E00EM000  0.676
GLU01_0009_027  0.000 -1.59 -1.74  6.58  0.00  3.25 0.342  00  01E010M000  0.662
GLU-1_0009_028 -1.000 -1.75 -1.70  3.86  0.00  0.41 0.342  00  -1E010M000  0.671
GLU02_0009_029  0.000 -1.60 -1.74  6.58  0.00  3.25 0.342  00  02E010M000  0.673
GLU01_0009_030  0.000 -0.81 -1.78  6.27  0.00  3.67 0.293  00  01E011M000  0.692
GLU-1_0009_031 -1.000 -1.15 -1.74  3.55  0.00  0.66 0.293  00  -1E011M000  0.694
GLU02_0009_032  0.000 -1.06 -1.77  6.27  0.00  3.44 0.293  00  02E011M000  0.707
GLU01_0009_033  0.000 -1.71 -1.76  6.58  0.00  3.11 0.350  00  01E012M000  0.667
GLU-1_0009_034 -1.000 -1.87 -1.73  3.86  0.00  0.26 0.350  00  -1E012M000  0.682
GLU02_0009_035  0.000 -1.56 -1.77  6.58  0.00  3.25 0.350  00  02E012M000  0.671
GLU01_0009_036  0.000 -1.71 -2.30  5.03  0.00  1.01 0.096  00  01E013M000  0.654
GLU-1_0009_037 -1.000 -1.83 -2.26  2.31  0.00 -1.79 0.096  00  -1E013M000  0.658
GLU02_0009_038  0.000 -1.76 -2.29  5.03  0.00  0.98 0.096  00  02E013M000  0.657
GLU01_0009_039  0.000  0.12 -2.23  4.27  0.00  2.17 0.023  00  01E014M000  0.606
GLU-1_0009_040 -1.000 -0.51 -2.23  1.55  0.00 -1.18 0.023  00  -1E014M000  0.609
GLU02_0009_041  0.000 -0.41 -2.26  4.27  0.00  1.60 0.023  00  02E014M000  0.608
GLU01_0009_042  0.000 -1.41 -2.30  5.03  0.00  1.32 0.111  00  01E016M000  0.588
GLU-1_0009_043 -1.000 -1.36 -2.26  2.31  0.00 -1.31 0.111  00  -1E016M000  0.588
GLU02_0009_044  0.000 -1.10 -2.30  5.03  0.00  1.62 0.111  00  02E016M000  0.603
GLU01_0009_045  0.000  3.74 -2.93  1.55  0.00  2.37 0.000  00  01O000M000  0.732
GLU02_0009_046  0.000  5.56 -2.95  1.55  0.00  4.16 0.000  00  02O000M000  0.732
GLU01_0009_047  0.000 -1.62 -2.82  1.99  0.00 -2.44 0.479  00  01E001M000  0.661
GLU02_0009_048  0.000 -1.43 -2.80  1.99  0.00 -2.23 0.479  00  02E001M000  0.677
GLU01_0009_049  0.000 -1.81 -2.88  1.99  0.00 -2.69 0.481  00  01E004M000  0.680
GLU01_0009_050  0.000 -1.96  1.29  2.31  0.00  1.63 0.156  00  01E007M000  0.703
GLU02_0009_051  0.000 -1.85  1.29  2.31  0.00  1.75 0.156  00  02E007M000  0.700
GLU01_0009_052  0.000 -0.18  1.26  1.55  0.00  2.64 0.065  00  01E008M000  0.733
GLU02_0009_053  0.000 -0.84  1.28  1.55  0.00  1.99 0.065  00  02E008M000  0.760
GLU01_0009_054  0.000 -2.03  1.24  1.99  0.00  1.20 0.388  00  01E009M000  0.755
GLU02_0009_055  0.000 -2.01  1.25  1.99  0.00  1.24 0.388  00  02E009M000  0.754
GLU02_0009_056  0.000 -1.59  1.28  2.31  0.00  1.99 0.123  00  02E00AM000  0.715
GLU01_0009_057  0.000 -1.83 -0.73  3.65  0.00  1.09 0.187  00  01E00EM000  0.707
GLU02_0009_058  0.000 -1.40 -0.76  3.65  0.00  1.49 0.187  00  02E00EM000  0.676
GLU01_0009_059  0.000 -1.59 -1.74  3.86  0.00  0.53 0.342  00  01E010M000  0.662
GLU02_0009_060  0.000 -1.60 -1.74  3.86  0.00  0.53 0.342  00  02E010M000  0.673
GLU01_0009_061  0.000 -0.81 -1.78  3.55  0.00  0.95 0.293  00  01E011M000  0.692
GLU02_0009_062  0.000 -1.06 -1.77  3.55  0.00  0.72 0.293  00  02E011M000  0.707
GLU01_0009_063  0.000 -1.71 -1.76  3.86  0.00  0.39 0.350  00  01E012M000  0.667
GLU02_0009_064  0.000 -1.56 -1.77  3.86  0.00  0.53 0.350  00  02E012M000  0.671
GLU01_0009_065  0.000 -1.71 -2.30  2.31  0.00 -1.71 0.096  00  01E013M000  0.654
GLU02_0009_066  0.000 -1.76 -2.29  2.31  0.00 -1.74 0.096  00  02E013M000  0.657
GLU01_0009_067  0.000  0.12 -2.23  1.55  0.00 -0.55 0.023  00  01E014M000  0.606
GLU02_0009_068  0.000 -0.41 -2.26  1.55  0.00 -1.12 0.023  00  02E014M000  0.608
GLU01_0009_069  0.000 -1.41 -2.30  2.31  0.00 -1.40 0.111  00  01E016M000  0.588
GLU02_0009_070  0.000 -1.10 -2.30  2.31  0.00 -1.10 0.111  00  02E016M000  0.603
ARG01_0010_001  0.000 -1.72 -1.07  0.75  0.00 -2.04 0.287  00  01O000M000  0.598
ARG+1_0010_002  1.000 -1.81 -1.10  0.75  0.00 -2.15 0.287  00  +1O000M000  0.598
ARG03_0010_003  0.000 -1.76 -1.09  0.75  0.00 -2.10 0.287  00  03O000M000  0.598
ARG02_0010_004  0.000 -1.77 -1.09  0.75  0.00 -2.11 0.287  00  02O000M000  0.598
ARG01_0010_005  0.000 -3.53 -1.44  3.55  0.00 -1.42 0.135  00  01E001M000  0.700
ARG+1_0010_006  1.000 -3.62 -1.46  3.55  0.00 -1.53 0.135  00  +1E001M000  0.700
ARG02_0010_007  0.000 -3.58 -1.46  3.55  0.00 -1.49 0.135  00  02E001M000  0.700
ARG01_0010_008  0.000 -3.30 -0.33  2.97  0.00 -0.66 0.147  00  01E003M000  0.707
ARG+1_0010_009  1.000 -3.37 -0.34  2.97  0.00 -0.74 0.147  00  +1E003M000  0.707
ARG02_0010_010  0.000 -3.33 -0.34  2.97  0.00 -0.70 0.147  00  02E003M000  0.707
ARG01_0010_011  0.000 -2.10 -2.47  5.76  0.00  1.19 0.038  00  01E008M000  0.610
ARG+1_0010_012  1.000 -2.16 -2.48  5.76  0.00  1.13 0.038  00  +1E008M000  0.610
ARG03_0010_013  0.000 -2.11 -2.42  5.76  0.00  1.23 0.038  00  03E008M000  0.610
ARG02_0010_014  0.000 -2.12 -2.47  5.76  0.00  1.17 0.038  00  02E008M000  0.610
ARG01_0010_015  0.000 -4.15  0.58  4.08  0.00  0.51 0.012  00  01E009M000  0.737
ARG+1_0010_016  1.000 -4.22  0.58  4.08  0.00  0.44 0.012  00  +1E009M000  0.737
ARG03_0010_017  0.000 -4.17  0.58  4.08  0.00  0.49 0.012  00  03E009M000  0.737
ARG02_0010_018  0.000 -4.18  0.58  4.08  0.00  0.48 0.012  00  02E009M000  0.737
ARG01_0010_019  0.000 -4.82 -1.36  3.55  0.00 -2.63 0.115  00  01E00CM000  0.693
ARG+1_0010_020  1.000 -4.94 -1.38  3.55  0.00 -2.78 0.115  00  +1E00CM000  0.693
ARG03_0010_021  0.000 -4.90 -1.38  3.55  0.00 -2.73 0.115  00  03E00CM000  0.693
ARG02_0010_022  0.000 -4.90 -1.38  3.55  0.00 -2.74 0.115  00  02E00CM000  0.693
ARG01_0010_023  0.000 -2.60 -0.19  1.28  0.00 -1.51 0.062  00  01E00EM000  0.683
ARG+1_0010_024  1.000 -2.70 -0.23  1.28  0.00 -1.64 0.062  00  +1E00EM000  0.683
ARG03_0010_025  0.000 -2.65 -0.23  1.28  0.00 -1.59 0.062  00  03E00EM000  0.683
ARG01_0010_026  0.000 -6.12 -0.06  0.75  0.00 -5.42 0.125  00  01E013M000  0.724
ARG+1_0010_027  1.000 -6.20 -0.06  0.75  0.00 -5.51 0.125  00  +1E013M000  0.724
ARG03_0010_028  0.000 -6.15 -0.06  0.75  0.00 -5.46 0.125  00  03E013M000  0.724
ARG01_0010_029  0.000 -4.60 -0.12  0.75  0.00 -3.97 0.204  00  01E014M000  0.730
ARG+1_0010_030  1.000 -4.67 -0.13  0.75  0.00 -4.05 0.204  00  +1E014M000  0.730
ARG03_0010_031  0.000 -4.63 -0.13  0.75  0.00 -4.00 0.204  00  03E014M000  0.730
ARG02_0010_032  0.000 -4.64 -0.13  0.75  0.00 -4.01 0.204  00  02E014M000  0.730
ARG01_0010_033  0.000 -4.82 -0.97  3.55  0.00 -2.24 0.041  00  01E01EM000  0.722
ARG+1_0010_034  1.000 -4.90 -0.97  3.55  0.00 -2.32 0.041  00  +1E01EM000  0.722
ARG03_0010_035  0.000 -4.85 -0.97  3.55  0.00 -2.27 0.041  00  03E01EM000  0.722
ARG02_0010_036  0.000 -4.86 -0.97  3.55  0.00 -2.28 0.041  00  02E01EM000  0.722
ARG01_0010_037  0.000 -3.70 -2.31  3.55  0.00 -2.46 0.113  00  01E021M000  0.604
ARG+1_0010_038  1.000 -3.78 -2.34  3.55  0.00 -2.57 0.113  00  +1E021M000  0.604
ARG02_0010_039  0.000 -3.74 -2.33  3.55  0.00 -2.53 0.113  00  02E021M000  0.604
ARG01_0010_040  0.000 -4.06  4.29  0.75  0.00  0.98 0.047  00  01E022M000  0.614
ARG+1_0010_041  1.000 -4.13  4.26  0.75  0.00  0.89 0.047  00  +1E022M000  0.614
ARG02_0010_042  0.000 -4.09  4.27  0.75  0.00  0.93 0.047  00  02E022M000  0.614
ARG01_0010_043  0.000 -5.19  4.59  1.28  0.00  0.69 0.038  00  01E023M000  0.702
ARG+1_0010_044  1.000 -5.27  4.58  1.28  0.00  0.59 0.038  00  +1E023M000  0.702
ARG03_0010_045  0.000 -5.22  4.58  1.28  0.00  0.64 0.038  00  03E023M000  0.702
ARG02_0010_046  0.000 -5.23  4.58  1.28  0.00  0.63 0.038  00  02E023M000  0.702
ARG01_0010_047  0.000 -5.62  0.65  4.08  0.00 -0.89 0.023  00  01E024M000  0.744
ARG+1_0010_048  1.000 -5.70  0.64  4.08  0.00 -0.98 0.023  00  +1E024M000  0.744
ARG01_0010_049  0.000 -4.88  0.30  4.08  0.00 -0.50 0.150  00  01E026M000  0.690
ARG+1_0010_050  1.000 -4.97  0.29  4.08  0.00 -0.60 0.150  00  +1E026M000  0.690
ARG02_0010_051  0.000 -4.93  0.29  4.08  0.00 -0.56 0.150  00  02E026M000  0.690
ARG01_0010_052  0.000 -3.97  0.25  4.08  0.00  0.35 0.013  00  01E027M000  0.678
ARG+1_0010_053  1.000 -4.05  0.24  4.08  0.00  0.27 0.013  00  +1E027M000  0.678
ARG03_0010_054  0.000 -4.00  0.24  4.08  0.00  0.32 0.013  00  03E027M000  0.678
ARG02_0010_055  0.000 -4.01  0.24  4.08  0.00  0.31 0.013  00  02E027M000  0.678
ARG01_0010_056  0.000 -2.77 -2.52  4.16  0.00 -1.12 0.159  00  01E02BM000  0.540
ARG+1_0010_057  1.000 -2.86 -2.57  4.16  0.00 -1.26 0.159  00  +1E02BM000  0.540
ARG03_0010_058  0.000 -2.81 -2.54  4.16  0.00 -1.19 0.159  00  03E02BM000  0.540
ARG02_0010_059  0.000 -2.82 -2.54  4.16  0.00 -1.20 0.159  00  02E02BM000  0.540
ARG01_0010_060  0.000 -2.55 -1.23  4.16  0.00  0.39 0.138  00  01E02CM000  0.627
ARG+1_0010_061  1.000 -2.65 -1.34  4.16  0.00  0.18 0.138  00  +1E02CM000  0.627
ARG03_0010_062  0.000 -2.60 -1.34  4.16  0.00  0.23 0.138  00  03E02CM000  0.627
ARG02_0010_063  0.000 -2.61 -1.33  4.16  0.00  0.22 0.138  00  02E02CM000  0.627
ARG01_0010_064  0.000 -3.53 -0.02  1.28  0.00 -2.26 0.137  00  01E030M000  0.675
ARG+1_0010_065  1.000 -3.60 -0.03  1.28  0.00 -2.35 0.137  00  +1E030M000  0.675
ARG02_0010_066  0.000 -3.57 -0.03  1.28  0.00 -2.31 0.137  00  02E030M000  0.675
ARG01_0010_067  0.000 -2.29 -0.20  1.28  0.00 -1.20 0.190  00  01E034M000  0.625
ARG+1_0010_068  1.000 -2.39 -0.21  1.28  0.00 -1.32 0.190  00  +1E034M000  0.625
ARG02_0010_069  0.000 -2.36 -0.21  1.28  0.00 -1.28 0.190  00  02E034M000  0.625
ARG03_0010_070  0.000 -1.90 -1.09  0.75  0.00 -2.23 0.287  00  03O000M000  0.598
ARG02_0010_071  0.000 -1.77 -1.08  0.75  0.00 -2.09 0.287  00  02O000M000  0.598
ARG03_0010_072  0.000 -3.70 -1.46  3.55  0.00 -1.61 0.135  00  03E001M000  0.700
ARG02_0010_073  0.000 -3.57 -1.46  3.55  0.00 -1.48 0.135  00  02E001M000  0.700
ARG03_0010_074  0.000 -3.46 -0.34  2.97  0.00 -0.83 0.147  00  03E003M000  0.707
ARG02_0010_075  0.000 -3.32 -0.34  2.97  0.00 -0.70 0.147  00  02E003M000  0.707
ARG03_0010_076  0.000 -2.22 -2.42  5.76  0.00  1.12 0.038  00  03E008M000  0.610
ARG02_0010_077  0.000 -2.12 -2.47  5.76  0.00  1.17 0.038  00  02E008M000  0.610
ARG03_0010_078  0.000 -4.30  0.58  4.08  0.00  0.36 0.012  00  03E009M000  0.737
ARG03_0010_079  0.000 -4.89 -1.38  3.55  0.00 -2.72 0.115  00  03E00CM000  0.693
ARG02_0010_080  0.000 -4.90 -1.38  3.55  0.00 -2.73 0.115  00  02E00CM000  0.693
ARG03_0010_081  0.000 -2.64 -0.22  1.28  0.00 -1.58 0.062  00  03E00EM000  0.683
ARG02_0010_082  0.000 -2.65 -0.22  1.28  0.00 -1.59 0.062  00  02E00EM000  0.683
ARG03_0010_083  0.000 -6.14 -0.06  0.75  0.00 -5.45 0.125  00  03E013M000  0.724
ARG02_0010_084  0.000 -6.16 -0.06  0.75  0.00 -5.46 0.125  00  02E013M000  0.724
ARG03_0010_085  0.000 -4.81 -0.12  0.75  0.00 -4.18 0.204  00  03E014M000  0.730
ARG03_0010_086  0.000 -5.03 -0.97  3.55  0.00 -2.45 0.041  00  03E01EM000  0.722
ARG03_0010_087  0.000 -3.67 -2.33  3.55  0.00 -2.46 0.113  00  03E021M000  0.604
ARG02_0010_088  0.000 -3.74 -2.31  3.55  0.00 -2.50 0.113  00  02E021M000  0.604
ARG03_0010_089  0.000 -4.01  4.27  0.75  0.00  1.02 0.047  00  03E022M000  0.614
ARG02_0010_090  0.000 -4.08  4.27  0.75  0.00  0.94 0.047  00  02E022M000  0.614
ARG03_0010_091  0.000 -5.21  4.58  1.28  0.00  0.66 0.038  00  03E023M000  0.702
ARG03_0010_092  0.000 -5.64  0.65  4.08  0.00 -0.92 0.023  00  03E024M000  0.744
ARG02_0010_093  0.000 -5.66  0.64  4.08  0.00 -0.94 0.023  00  02E024M000  0.744
ARG03_0010_094  0.000 -4.91  0.29  4.08  0.00 -0.54 0.150  00  03E026M000  0.690
ARG02_0010_095  0.000 -4.93  0.29  4.08  0.00 -0.56 0.150  00  02E026M000  0.690
ARG03_0010_096  0.000 -3.94  0.24  4.08  0.00  0.38 0.013  00  03E027M000  0.678
ARG02_0010_097  0.000 -4.01  0.24  4.08  0.00  0.31 0.013  00  02E027M000  0.678
ARG03_0010_098  0.000 -2.80 -2.55  4.16  0.00 -1.19 0.159  00  03E02BM000  0.540
ARG02_0010_099  0.000 -2.81 -2.55  4.16  0.00 -1.20 0.159  00  02E02BM000  0.540
ARG02_0010_100  0.000 -2.60 -1.32  4.16  0.00  0.24 0.138  00  02E02CM000  0.627
ARG03_0010_101  0.000 -3.73 -0.02  1.28  0.00 -2.47 0.137  00  03E030M000  0.675
ARG03_0010_102  0.000 -2.53 -0.21  1.28  0.00 -1.45 0.190  00  03E034M000  0.625
ARG02_0010_103  0.000 -2.35 -0.21  1.28  0.00 -1.28 0.190  00  02E034M000  0.625
GLN01_0011_001  0.000 -1.63  6.85  3.83  0.00  9.06 0.000  00  01O000M000  0.523
GLN01_0011_002  0.000 -2.27 -0.60  3.83  0.00  0.96 0.276  00  01E001M000  0.662
GLN01_0011_003  0.000 -1.04 -2.11  3.77  0.00  0.62 0.133  00  01E003M000  0.518
GLN01_0011_004  0.000 -2.24 -1.05  3.83  0.00  0.54 0.472  00  01E004M000  0.625
GLN01_0011_005  0.000 -0.76  1.62  1.40  0.00  2.26 0.031  00  01R006M000  0.324
GLN01_0011_006  0.000 -0.54 -1.98  3.77  0.00  1.26 0.091  00  01E007M000  0.408
GLN01_0011_007  0.000 -1.29 -0.65  3.42  0.00  1.48 0.020  00  01E008M000  0.627
GLN01_0011_008  0.000 -1.99 -0.61  3.42  0.00  0.82 0.278  00  01E00AM000  0.655
GLN01_0011_009  0.000 -1.18 -1.18  0.99  0.00 -1.37 0.517  00  01E00BM000  0.622
GLN01_0011_010  0.000 -1.58 -1.14  1.40  0.00 -1.32 0.472  00  01E00CM000  0.595
GLN01_0011_011  0.000 -2.06 -1.10  0.99  0.00 -2.17 0.519  00  01E00DM000  0.662
GLN01_0011_012  0.000 -0.25 -1.11  0.60  0.00 -0.76 0.521  00  01E00EM000  0.563
GLN01_0011_013  0.000 -0.98 -1.92  3.77  0.00  0.86 0.137  00  01E00FM000  0.532
GLN01_0011_014  0.000 -0.25 -2.04  3.36  0.00  1.07 0.112  00  01E010M000  0.572
GLN01_0011_015  0.000 -1.60 -1.13  3.83  0.00  1.10 0.317  00  01E011M000  0.574
GLN01_0011_016  0.000 -2.35  0.72  3.42  0.00  1.79 0.014  00  01E012M000  0.661
GLN01_0011_017  0.000 -0.63 -0.95  3.04  0.00  1.46 0.039  00  01E013M000  0.594
GLN01_0011_018  0.000 -1.77 -0.52  0.99  0.00 -1.30 0.476  00  01E015M000  0.659
GLN01_0011_019  0.000 -2.23 -0.75  0.99  0.00 -1.99 0.476  00  01E016M000  0.643
GLN01_0011_020  0.000 -0.66 -1.93  3.77  0.00  1.17 0.093  00  01E017M000  0.475
HIS01_0012_001  0.000 -5.72 -2.31  0.08  0.00 -7.95 0.474  00  01O000M000  0.487
HIS+1_0012_002  1.000 -5.77 -2.36  0.08  0.00 -8.05 0.474  00  +1O000M000  0.487
HIS02_0012_003  0.000 -5.74 -2.35  0.08  0.00 -8.01 0.474  00  02O000M000  0.487
HIS01_0012_004  0.000 -5.82 -2.25  0.08  0.00 -7.99 0.485  00  01R001M000  0.494
HIS+1_0012_005  1.000 -5.86 -2.32  0.08  0.00 -8.11 0.485  00  +1R001M000  0.494
HIS02_0012_006  0.000 -5.84 -2.31  0.08  0.00 -8.07 0.485  00  02R001M000  0.494
HIS01_0012_007  0.000 -7.50 -0.30  2.72  0.00 -5.08 0.093  00  01E002M000  0.648
HIS+1_0012_008  1.000 -7.54 -0.39  2.72  0.00 -5.21 0.093  00  +1E002M000  0.648
HIS02_0012_009  0.000 -7.51 -0.39  2.72  0.00 -5.18 0.093  00  02E002M000  0.648
HIS01_0012_010  0.000 -5.16  4.37  0.08  0.00 -0.71 0.075  00  01E003M000  0.435
HIS+1_0012_011  1.000 -5.20  4.17  0.08  0.00 -0.96 0.075  00  +1E003M000  0.435
HIS02_0012_012  0.000 -5.18  4.17  0.08  0.00 -0.93 0.075  00  02E003M000  0.435
HIS01_0012_013  0.000 -5.59 -2.43  0.08  0.00 -7.94 0.481  00  01E004M000  0.463
HIS+1_0012_014  1.000 -5.64 -2.51  0.08  0.00 -8.07 0.481  00  +1E004M000  0.463
HIS02_0012_015  0.000 -5.61 -2.50  0.08  0.00 -8.03 0.481  00  02E004M000  0.463
HIS01_0012_016  0.000 -7.62  1.35  2.72  0.00 -3.55 0.115  00  01E005M000  0.650
HIS+1_0012_017  1.000 -7.66  1.23  2.72  0.00 -3.71 0.115  00  +1E005M000  0.650
HIS02_0012_018  0.000 -7.63  1.23  2.72  0.00 -3.68 0.115  00  02E005M000  0.650
HIS01_0012_019  0.000 -8.12 -0.34  2.72  0.00 -5.74 0.167  00  01E006M000  0.664
HIS+1_0012_020  1.000 -8.16 -0.45  2.72  0.00 -5.89 0.167  00  +1E006M000  0.664
HIS02_0012_021  0.000 -8.14 -0.45  2.72  0.00 -5.86 0.167  00  02E006M000  0.664
HIS01_0012_022  0.000 -7.64 -0.27  2.72  0.00 -5.19 0.142  00  01E007M000  0.660
HIS+1_0012_023  1.000 -7.69 -0.29  2.72  0.00 -5.26 0.142  00  +1E007M000  0.660
HIS02_0012_024  0.000 -7.66 -0.29  2.72  0.00 -5.23 0.142  00  02E007M000  0.660
HIS01_0012_025  0.000 -7.39  2.12  2.72  0.00 -2.55 0.164  00  01E008M000  0.645
HIS+1_0012_026  1.000 -7.44  2.11  2.72  0.00 -2.61 0.164  00  +1E008M000  0.645
HIS02_0012_027  0.000 -7.41  2.11  2.72  0.00 -2.58 0.164  00  02E008M000  0.645
HIS01_0012_028  0.000 -7.39 -0.38  2.72  0.00 -5.05 0.142  00  01E009M000  0.625
HIS+1_0012_029  1.000 -7.44 -0.39  2.72  0.00 -5.11 0.142  00  +1E009M000  0.625
HIS02_0012_030  0.000 -7.41 -0.39  2.72  0.00 -5.08 0.142  00  02E009M000  0.625
MET01_0013_001  0.000 -5.80 -0.77  0.42  0.00 -6.15 0.256  00  01O000M000  0.595
MET01_0013_002  0.000 -4.28 -1.43  2.82  0.00 -2.89 0.059  00  01R002M000  0.686
MET01_0013_003  0.000 -6.64 -0.62  0.42  0.00 -6.84 0.290  00  01R004M000  0.544
MET01_0013_004  0.000  0.24 -1.48  0.42  0.00 -0.82 0.104  00  01R006M000  0.590
MET01_0013_005  0.000 -6.35 -1.31  2.41  0.00 -5.25 0.084  00  01R007M000  0.578
MET01_0013_006  0.000 -5.89 -1.60  0.42  0.00 -7.06 0.116  00  01R008M000  0.523
MET01_0013_007  0.000 -6.05 -0.54  4.81  0.00 -1.78 0.304  00  01R00AM000  0.601
MET01_0013_008  0.000 -5.79 -0.43  2.82  0.00 -3.40 0.328  00  01R00BM000  0.577
MET01_0013_009  0.000 -8.87  5.43  2.82  0.00 -0.62 0.011  00  01R00FM000  0.764
MET01_0013_010  0.000 -2.21 -1.23  0.42  0.00 -3.02 0.050  00  01R010M000  0.690
MET01_0013_011  0.000 -8.01 -0.84  2.41  0.00 -6.44 0.077  00  01R011M000  0.719
MET01_0013_012  0.000 -7.24 -1.06  4.81  0.00 -3.49 0.045  00  01R017M000  0.728
MET01_0013_013  0.000 -7.64 -1.43  2.41  0.00 -6.66 0.155  00  01R018M000  0.687
MET01_0013_014  0.000 -8.09 -1.20  0.42  0.00 -8.87 0.127  00  01R019M000  0.703
MET01_0013_015  0.000 -7.59 -1.25  2.41  0.00 -6.43 0.155  00  01R01AM000  0.684
MET01_0013_016  0.000 -7.52 -1.72  4.81  0.00 -4.44 0.087  00  01R01BM000  0.755
MET01_0013_017  0.000 -6.22 -0.30  5.19  0.00 -1.33 0.112  00  01R021M000  0.625
MET01_0013_018  0.000 -7.61 -0.09  2.79  0.00 -4.91 0.079  00  01R023M000  0.661
MET01_0013_019  0.000 -7.46  0.07  7.18  0.00 -0.21 0.047  00  01R025M000  0.727
MET01_0013_020  0.000 -6.73  0.18  7.18  0.00  0.63 0.024  00  01R027M000  0.673
