CONFORMER         crg  vdw0  vdw1  tors  epol  self   occ  Hb     history    ASA
LYS01_0001_001 -0.780 -8.44 -0.51  2.28  0.00 -6.66 0.000  00  01O000M000  0.873
LYS+1_0001_002  0.010 -8.44 -0.51  2.28  0.00 -6.66 0.000  00  +1O000M000  0.873
LYS01_0001_003 -0.780 -8.75  0.39  2.90  0.00 -5.45 0.015  00  01E001M000  0.892
LYS+1_0001_004  0.010 -8.75  0.39  2.90  0.00 -5.45 0.015  00  +1E001M000  0.892
LYS01_0001_005 -0.780 -9.10  0.05  2.36  0.00 -6.69 0.430  00  01E002M000  0.818
LYS+1_0001_006  0.010 -9.10  0.05  2.36  0.00 -6.69 0.430  00  +1E002M000  0.818
LYS01_0001_007 -0.780 -8.95  0.27  2.07  0.00 -6.61 0.364  00  01E003M000  0.824
LYS+1_0001_008  0.010 -8.95  0.27  2.07  0.00 -6.61 0.364  00  +1E003M000  0.824
LYS01_0001_009 -0.780 -8.51  0.09  2.52  0.00 -5.90 0.032  00  01E005M000  0.834
LYS+1_0001_010  0.010 -8.51  0.09  2.52  0.00 -5.90 0.032  00  +1E005M000  0.834
LYS01_0001_011 -0.780 -9.83  0.50  2.99  0.00 -6.34 0.064  00  01E007M000  0.895
LYS+1_0001_012  0.010 -9.83  0.50  2.99  0.00 -6.34 0.064  00  +1E007M000  0.895
LYS01_0001_013 -0.780 -9.51  0.47  2.70  0.00 -6.34 0.161  00  01E008M000  0.881
LYS+1_0001_014  0.010 -9.51  0.47  2.70  0.00 -6.34 0.161  00  +1E008M000  0.881
LYS01_0001_015 -0.780-10.27 -1.34  4.96  0.00 -6.65 0.263  00  01E00AM000  0.906
LYS+1_0001_016  0.010-10.27 -1.34  4.96  0.00 -6.65 0.263  00  +1E00AM000  0.906
LYS01_0001_017 -0.780 -9.51 -0.10  3.65  0.00 -5.96 0.145  00  01E00EM000  0.881
LYS+1_0001_018  0.010 -9.51 -0.10  3.65  0.00 -5.96 0.145  00  +1E00EM000  0.881
LYS01_0001_019 -0.780-10.11  0.50  4.28  0.00 -5.33 0.023  00  01E010M000  0.899
LYS+1_0001_020  0.010-10.11  0.50  4.28  0.00 -5.33 0.023  00  +1E010M000  0.899
LYS01_0001_021 -0.780 -9.85  0.54  2.90  0.00 -6.42 0.011  00  01E011M000  0.896
LYS+1_0001_022  0.010 -9.85  0.54  2.90  0.00 -6.42 0.011  00  +1E011M000  0.896
LYS01_0001_023 -0.780 -9.91  0.51  4.28  0.00 -5.13 0.011  00  01E012M000  0.896
LYS+1_0001_024  0.010 -9.91  0.51  4.28  0.00 -5.13 0.011  00  +1E012M000  0.896
LYS01_0001_025 -0.780 -9.41 -1.52  4.87  0.00 -6.06 0.564  00  01E014M000  0.846
LYS+1_0001_026  0.010 -9.41 -1.52  4.87  0.00 -6.06 0.564  00  +1E014M000  0.846
LYS01_0001_027 -0.780 -8.94 -2.03  6.25  0.00 -4.71 0.558  00  01E015M000  0.802
LYS+1_0001_028  0.010 -8.94 -2.03  6.25  0.00 -4.71 0.558  00  +1E015M000  0.802
LYS01_0001_029 -0.780-10.23  0.42  3.45  0.00 -6.36 0.112  00  01E018M000  0.903
LYS+1_0001_030  0.010-10.23  0.42  3.45  0.00 -6.36 0.112  00  +1E018M000  0.903
LYS01_0001_031 -0.780-10.03  0.39  3.45  0.00 -6.19 0.158  00  01E01AM000  0.896
LYS+1_0001_032  0.010-10.03  0.39  3.45  0.00 -6.19 0.158  00  +1E01AM000  0.896
LYS01_0001_033 -0.780-10.06  0.45  2.52  0.00 -7.09 0.056  00  01E01BM000  0.896
LYS+1_0001_034  0.010-10.06  0.45  2.52  0.00 -7.09 0.056  00  +1E01BM000  0.896
LYS01_0001_035 -0.780-10.22  0.96  2.45  0.00 -6.81 0.271  00  01E01EM000  0.892
LYS+1_0001_036  0.010-10.22  0.96  2.45  0.00 -6.81 0.271  00  +1E01EM000  0.892
LYS01_0001_037 -0.780-10.02  0.46  4.08  0.00 -5.49 0.143  00  01E020M000  0.890
LYS+1_0001_038  0.010-10.02  0.46  4.08  0.00 -5.49 0.143  00  +1E020M000  0.890
LYS01_0001_039 -0.780-10.83 -0.91  6.05  0.00 -5.70 0.013  00  01E025M000  0.924
LYS+1_0001_040  0.010-10.83 -0.91  6.05  0.00 -5.70 0.013  00  +1E025M000  0.924
GLU01_0002_001 -0.435 -1.36192.32  0.50  0.00191.47 0.000  00  01O000M000  0.332
GLU-1_0002_002 -1.000 -1.35155.71  0.50  0.00154.87 0.000  00  -1O000M000  0.344
GLU02_0002_003 -0.435 -1.31155.66  0.50  0.00154.85 0.000  00  02O000M000  0.344
GLU01_0002_004 -0.435 -1.95 -3.03  3.30  0.00 -1.69 0.222  00  01E001M000  0.450
GLU-1_0002_005 -1.000 -1.95 -2.96  3.30  0.00 -1.60 0.222  00  -1E001M000  0.459
GLU02_0002_006 -0.435 -1.89 -2.99  3.30  0.00 -1.58 0.222  00  02E001M000  0.461
GLU01_0002_007 -0.435 -2.40 -0.93  0.50  0.00 -2.83 0.288  00  01E002M000  0.560
GLU-1_0002_008 -1.000 -2.23 -0.91  0.50  0.00 -2.64 0.288  00  -1E002M000  0.547
GLU02_0002_009 -0.435 -2.20 -0.95  0.50  0.00 -2.64 0.288  00  02E002M000  0.543
GLU01_0002_010 -0.435 -1.82 -3.55  3.30  0.00 -2.07 0.066  00  01E003M000  0.428
GLU-1_0002_011 -1.000 -1.79 -3.56  3.30  0.00 -2.06 0.066  00  -1E003M000  0.432
GLU02_0002_012 -0.435 -1.77 -3.62  3.30  0.00 -2.09 0.066  00  02E003M000  0.442
GLU01_0002_013 -0.435 -2.47 -1.40  3.30  0.00 -0.58 0.198  00  01E004M000  0.565
GLU-1_0002_014 -1.000 -2.40 -1.38  3.30  0.00 -0.47 0.198  00  -1E004M000  0.564
GLU02_0002_015 -0.435 -2.33 -1.44  3.30  0.00 -0.47 0.198  00  02E004M000  0.556
GLU01_0002_016 -0.435 -2.90 -1.09  0.50  0.00 -3.49 0.540  00  01E005M000  0.636
GLU-1_0002_017 -1.000 -2.84 -1.05  0.50  0.00 -3.39 0.540  00  -1E005M000  0.633
GLU02_0002_018 -0.435 -2.81 -1.08  0.50  0.00 -3.39 0.540  00  02E005M000  0.637
GLU01_0002_019 -0.435 -2.57 -1.21  3.30  0.00 -0.48 0.109  00  01E006M000  0.580
GLU-1_0002_020 -1.000 -2.53 -1.19  3.30  0.00 -0.43 0.109  00  -1E006M000  0.581
GLU02_0002_021 -0.435 -2.48 -1.19  3.30  0.00 -0.37 0.109  00  02E006M000  0.578
GLU01_0002_022 -0.435 -1.53 -2.71  3.02  0.00 -1.22 0.083  00  01E007M000  0.481
GLU-1_0002_023 -1.000 -1.36 -2.67  3.02  0.00 -1.01 0.083  00  -1E007M000  0.463
GLU02_0002_024 -0.435 -1.17 -2.73  3.02  0.00 -0.89 0.083  00  02E007M000  0.463
GLU01_0002_025 -0.435 -2.38 -3.01  3.88  0.00 -1.51 0.194  00  01E008M000  0.487
GLU-1_0002_026 -1.000 -2.30 -2.98  3.88  0.00 -1.40 0.194  00  -1E008M000  0.487
GLU02_0002_027 -0.435 -2.28 -3.03  3.88  0.00 -1.42 0.194  00  02E008M000  0.471
GLU01_0002_028 -0.435 -2.09 -1.06  0.22  0.00 -2.94 0.306  00  01E009M000  0.601
GLU-1_0002_029 -1.000 -1.92 -1.04  0.22  0.00 -2.75 0.306  00  -1E009M000  0.590
GLU02_0002_030 -0.435 -1.77 -1.09  0.22  0.00 -2.64 0.306  00  02E009M000  0.583
GLU01_0002_031 -0.435 -2.71 -1.00  1.08  0.00 -2.63 0.357  00  01E00AM000  0.546
GLU-1_0002_032 -1.000 -2.64 -0.98  1.08  0.00 -2.54 0.357  00  -1E00AM000  0.546
GLU02_0002_033 -0.435 -2.58 -1.02  1.08  0.00 -2.52 0.357  00  02E00AM000  0.531
GLU01_0002_034 -0.435 -3.51 -2.05  3.88  0.00 -1.68 0.427  00  01E00BM000  0.712
GLU-1_0002_035 -1.000 -3.37 -2.03  3.88  0.00 -1.51 0.427  00  -1E00BM000  0.702
GLU02_0002_036 -0.435 -3.43 -2.06  3.88  0.00 -1.61 0.427  00  02E00BM000  0.709
GLU01_0002_037 -0.435 -2.84 -1.30  3.88  0.00 -0.26 0.257  00  01E00CM000  0.574
GLU-1_0002_038 -1.000 -2.76 -1.28  3.88  0.00 -0.16 0.257  00  -1E00CM000  0.574
GLU02_0002_039 -0.435 -2.80 -1.33  3.88  0.00 -0.25 0.257  00  02E00CM000  0.572
GLU01_0002_040 -0.435 -3.10 -0.16  1.08  0.00 -2.19 0.185  00  01E00DM000  0.635
GLU-1_0002_041 -1.000 -3.10 -0.13  1.08  0.00 -2.15 0.185  00  -1E00DM000  0.639
GLU02_0002_042 -0.435 -3.20  0.16  1.08  0.00 -1.96 0.185  00  02E00DM000  0.640
GLU01_0002_043 -0.435 -2.91 -1.22  3.88  0.00 -0.25 0.161  00  01E00EM000  0.598
GLU-1_0002_044 -1.000 -2.92 -1.19  3.88  0.00 -0.22 0.161  00  -1E00EM000  0.605
GLU02_0002_045 -0.435 -2.79 -1.21  3.88  0.00 -0.12 0.161  00  02E00EM000  0.588
THR01_0003_001 -0.490 -4.55  0.48  0.04  0.00 -4.02 0.556  00  01O000M000  0.610
THR01_0003_002 -0.490 -4.84 -0.66  0.04  0.00 -5.46 0.556  00  01E001M000  0.658
THR01_0003_003 -0.490 -5.29  1.11  2.76  0.00 -1.43 0.554  00  01E002M000  0.717
ALA01_0004_001  0.000 -3.92 -0.30  0.00  0.00 -4.22 1.000  00  01O000M000  0.951
ALA01_0005_001  0.000 -3.38 -0.26  0.00  0.00 -3.64 1.000  00  01O000M000  0.794
ALA01_0006_001  0.000 -1.89 -1.00  0.00  0.00 -2.89 1.000  00  01O000M000  0.467
LYS01_0007_001 -0.780 -6.19 -2.50  3.68  0.00 -5.02 0.336  00  01O000M000  0.552
LYS+1_0007_002  0.010 -6.19 -2.50  3.68  0.00 -5.02 0.336  00  +1O000M000  0.552
LYS01_0007_003 -0.780 -5.24 -2.72  4.10  0.00 -3.85 0.024  00  01E002M000  0.464
LYS+1_0007_004  0.010 -5.24 -2.72  4.10  0.00 -3.85 0.024  00  +1E002M000  0.464
LYS01_0007_005 -0.780 -4.95 -2.99  5.29  0.00 -2.65 0.122  00  01E009M000  0.471
LYS+1_0007_006  0.010 -4.95 -2.99  5.29  0.00 -2.65 0.122  00  +1E009M000  0.471
LYS01_0007_007 -0.780 -5.13 -2.55  4.19  0.00 -3.50 0.111  00  01E00CM000  0.456
LYS+1_0007_008  0.010 -5.13 -2.55  4.19  0.00 -3.50 0.111  00  +1E00CM000  0.456
LYS01_0007_009 -0.780 -4.15 -3.13  4.40  0.00 -2.88 0.022  00  01E00DM000  0.376
LYS+1_0007_010  0.010 -4.15 -3.13  4.40  0.00 -2.88 0.022  00  +1E00DM000  0.376
LYS01_0007_011 -0.780 -5.95 -2.49  2.69  0.00 -5.76 0.358  00  01E011M000  0.541
LYS+1_0007_012  0.010 -5.95 -2.49  2.69  0.00 -5.76 0.358  00  +1E011M000  0.541
LYS01_0007_013 -0.780 -1.59 -2.64  2.69  0.00 -1.55 0.185  00  01E013M000  0.459
LYS+1_0007_014  0.010 -1.59 -2.64  2.69  0.00 -1.55 0.185  00  +1E013M000  0.459
LYS01_0007_015 -0.780 -5.35 -2.93  4.52  0.00 -3.77 0.062  00  01E022M000  0.492
LYS+1_0007_016  0.010 -5.35 -2.93  4.52  0.00 -3.77 0.062  00  +1E022M000  0.492
LYS01_0007_017 -0.780 -5.66 -2.59  4.14  0.00 -4.11 0.168  00  01E024M000  0.515
LYS+1_0007_018  0.010 -5.66 -2.59  4.14  0.00 -4.11 0.168  00  +1E024M000  0.515
LYS01_0007_019 -0.780 -4.42 -3.09  3.15  0.00 -4.37 0.352  00  01E025M000  0.451
LYS+1_0007_020  0.010 -4.42 -3.09  3.15  0.00 -4.37 0.352  00  +1E025M000  0.451
LYS01_0007_021 -0.780 -4.21 -2.94  2.50  0.00 -4.65 0.325  00  01E026M000  0.525
LYS+1_0007_022  0.010 -4.21 -2.94  2.50  0.00 -4.65 0.325  00  +1E026M000  0.525
LYS01_0007_023 -0.780 -4.17 -3.56  3.88  0.00 -3.85 0.125  00  01E029M000  0.439
LYS+1_0007_024  0.010 -4.17 -3.56  3.88  0.00 -3.85 0.125  00  +1E029M000  0.439
LYS01_0007_025 -0.780 -5.82 -2.64  2.99  0.00 -5.47 0.329  00  01E02BM000  0.521
LYS+1_0007_026  0.010 -5.82 -2.64  2.99  0.00 -5.47 0.329  00  +1E02BM000  0.521
LYS01_0007_027 -0.780 -4.27 -3.80  4.55  0.00 -3.51 0.013  00  01E02FM000  0.420
LYS+1_0007_028  0.010 -4.27 -3.80  4.55  0.00 -3.51 0.013  00  +1E02FM000  0.420
LYS01_0007_029 -0.780 -4.19 -3.18  3.57  0.00 -3.79 0.081  00  01E036M000  0.434
LYS+1_0007_030  0.010 -4.19 -3.18  3.57  0.00 -3.79 0.081  00  +1E036M000  0.434
LYS01_0007_031 -0.780 -3.25 -3.05  4.34  0.00 -1.96 0.011  00  01E038M000  0.288
LYS+1_0007_032  0.010 -3.25 -3.05  4.34  0.00 -1.96 0.011  00  +1E038M000  0.288
LYS01_0007_033 -0.780 -5.00 -2.73  4.40  0.00 -3.33 0.043  00  01E03EM000  0.446
LYS+1_0007_034  0.010 -5.00 -2.73  4.40  0.00 -3.33 0.043  00  +1E03EM000  0.446
LYS01_0007_035 -0.780 -4.95 -2.81  3.15  0.00 -4.62 0.358  00  01E03FM000  0.456
LYS+1_0007_036  0.010 -4.95 -2.81  3.15  0.00 -4.62 0.358  00  +1E03FM000  0.456
LYS01_0007_037 -0.780 -5.81 -2.51  3.24  0.00 -5.07 0.339  00  01E042M000  0.516
LYS+1_0007_038  0.010 -5.81 -2.51  3.24  0.00 -5.07 0.339  00  +1E042M000  0.516
LYS01_0007_039 -0.780 -5.13 -2.50  3.24  0.00 -4.39 0.379  00  01E044M000  0.478
LYS+1_0007_040  0.010 -5.13 -2.50  3.24  0.00 -4.39 0.379  00  +1E044M000  0.478
PHE01_0008_001  0.000 -3.34 -2.98  0.01  0.00 -6.31 0.507  00  01O000M000  0.598
PHE01_0008_002  0.000 -4.62 -3.08  2.79  0.00 -4.90 0.570  00  01R001M000  0.703
PHE01_0008_003  0.000 -3.13 -3.01  0.01  0.00 -6.14 0.516  00  01R002M000  0.594
PHE01_0008_004  0.000 -3.40 -2.18  0.01  0.00 -5.58 0.166  00  01R003M000  0.607
PHE01_0008_005  0.000 -4.28 -3.11  2.79  0.00 -4.59 0.557  00  01R004M000  0.698
PHE01_0008_006  0.000 -4.42 -2.47  2.79  0.00 -4.10 0.191  00  01R005M000  0.674
PHE01_0008_007  0.000 -4.62 -2.23  2.79  0.00 -4.06 0.480  00  01R006M000  0.687
PHE01_0008_008  0.000 -3.27  2.47  0.01  0.00 -0.79 0.477  00  01R007M000  0.592
GLU01_0009_001 -0.435 -0.12 -3.34  1.55  0.00 -1.90 0.000  00  01O000M000  0.764
GLU-1_0009_002 -1.000  0.05 -3.30  1.55  0.00 -1.69 0.000  00  -1O000M000  0.750
GLU02_0009_003 -0.435  0.77 -3.39  1.55  0.00 -1.06 0.000  00  02O000M000  0.742
GLU01_0009_004 -0.435 -2.43 -3.19  1.99  0.00 -3.63 0.478  00  01E001M000  0.704
GLU-1_0009_005 -1.000 -2.36 -3.13  1.99  0.00 -3.50 0.478  00  -1E001M000  0.704
GLU02_0009_006 -0.435 -2.27 -3.17  1.99  0.00 -3.46 0.478  00  02E001M000  0.722
GLU01_0009_007 -0.435 -2.81 -3.45  2.31  0.00 -3.95 0.482  00  01E002M000  0.656
GLU-1_0009_008 -1.000 -2.84 -3.38  2.31  0.00 -3.91 0.482  00  -1E002M000  0.664
GLU02_0009_009 -0.435 -2.97 -3.41  2.31  0.00 -4.07 0.482  00  02E002M000  0.676
GLU01_0009_010 -0.435 -1.97 -3.25  1.55  0.00 -3.67 0.480  00  01E003M000  0.762
GLU-1_0009_011 -1.000 -2.21 -3.17  1.55  0.00 -3.83 0.480  00  -1E003M000  0.754
GLU02_0009_012 -0.435 -2.28 -3.20  1.55  0.00 -3.93 0.480  00  02E003M000  0.743
GLU01_0009_013 -0.435 -2.75  0.13  1.99  0.00 -0.63 0.411  00  01E006M000  0.773
GLU-1_0009_014 -1.000 -2.48  0.16  1.99  0.00 -0.33 0.411  00  -1E006M000  0.755
GLU02_0009_015 -0.435 -2.38  0.11  1.99  0.00 -0.28 0.411  00  02E006M000  0.751
GLU01_0009_016 -0.435 -3.40  0.22  2.31  0.00 -0.88 0.158  00  01E007M000  0.796
GLU-1_0009_017 -1.000 -3.32  0.25  2.31  0.00 -0.77 0.158  00  -1E007M000  0.792
GLU02_0009_018 -0.435 -3.40  0.21  2.31  0.00 -0.88 0.158  00  02E007M000  0.786
GLU01_0009_019 -0.435 -1.98  0.19  1.55  0.00 -0.24 0.064  00  01E008M000  0.772
GLU-1_0009_020 -1.000 -2.28  0.23  1.55  0.00 -0.49 0.064  00  -1E008M000  0.776
GLU02_0009_021 -0.435 -2.38  0.20  1.55  0.00 -0.62 0.064  00  02E008M000  0.785
GLU01_0009_022 -0.435 -2.93  0.17  1.99  0.00 -0.76 0.401  00  01E009M000  0.758
GLU-1_0009_023 -1.000 -3.05  0.21  1.99  0.00 -0.85 0.401  00  -1E009M000  0.769
GLU02_0009_024 -0.435 -3.17  0.18  1.99  0.00 -1.00 0.401  00  02E009M000  0.778
GLU01_0009_025 -0.435 -3.04  0.21  2.31  0.00 -0.52 0.130  00  01E00AM000  0.744
GLU-1_0009_026 -1.000 -2.92  0.24  2.31  0.00 -0.37 0.130  00  -1E00AM000  0.746
GLU02_0009_027 -0.435 -2.95  0.21  2.31  0.00 -0.44 0.130  00  02E00AM000  0.745
GLU01_0009_028 -0.435 -2.91 -2.33  3.34  0.00 -1.90 0.209  00  01E00BM000  0.783
GLU-1_0009_029 -1.000 -2.71 -2.31  3.34  0.00 -1.68 0.209  00  -1E00BM000  0.771
GLU02_0009_030 -0.435 -2.43 -2.35  3.34  0.00 -1.45 0.209  00  02E00BM000  0.755
GLU01_0009_031 -0.435 -3.31 -2.33  3.65  0.00 -2.00 0.186  00  01E00CM000  0.783
GLU-1_0009_032 -1.000 -3.46 -2.29  3.65  0.00 -2.10 0.186  00  -1E00CM000  0.790
GLU02_0009_033 -0.435 -3.45 -2.32  3.65  0.00 -2.12 0.186  00  02E00CM000  0.791
GLU01_0009_034 -0.435 -3.05 -2.31  3.34  0.00 -2.03 0.210  00  01E00DM000  0.760
GLU-1_0009_035 -1.000 -3.07 -2.28  3.34  0.00 -2.01 0.210  00  -1E00DM000  0.755
GLU02_0009_036 -0.435 -3.19 -2.30  3.34  0.00 -2.15 0.210  00  02E00DM000  0.763
GLU01_0009_037 -0.435 -3.26 -2.38  3.65  0.00 -1.99 0.186  00  01E00EM000  0.778
GLU-1_0009_038 -1.000 -3.19 -2.35  3.65  0.00 -1.90 0.186  00  -1E00EM000  0.764
GLU02_0009_039 -0.435 -3.08 -2.40  3.65  0.00 -1.83 0.186  00  02E00EM000  0.774
GLU01_0009_040 -0.435 -2.49 -2.40  3.55  0.00 -1.34 0.202  00  01E00FM000  0.737
GLU-1_0009_041 -1.000 -2.39 -2.37  3.55  0.00 -1.22 0.202  00  -1E00FM000  0.735
GLU02_0009_042 -0.435 -2.32 -2.41  3.55  0.00 -1.19 0.202  00  02E00FM000  0.735
GLU01_0009_043 -0.435 -2.95 -2.32  3.86  0.00 -1.41 0.342  00  01E010M000  0.687
GLU-1_0009_044 -1.000 -3.05 -2.29  3.86  0.00 -1.47 0.342  00  -1E010M000  0.700
GLU02_0009_045 -0.435 -3.11 -2.32  3.86  0.00 -1.56 0.342  00  02E010M000  0.699
GLU01_0009_046 -0.435 -2.85 -2.34  3.86  0.00 -1.33 0.354  00  01E012M000  0.706
GLU-1_0009_047 -1.000 -2.95 -2.31  3.86  0.00 -1.41 0.354  00  -1E012M000  0.717
GLU02_0009_048 -0.435 -2.75 -2.35  3.86  0.00 -1.24 0.354  00  02E012M000  0.709
GLU01_0009_049 -0.435 -2.67 -2.65  2.31  0.00 -3.01 0.089  00  01E013M000  0.628
GLU-1_0009_050 -1.000 -2.77 -2.62  2.31  0.00 -3.08 0.089  00  -1E013M000  0.657
GLU02_0009_051 -0.435 -2.95 -2.65  2.31  0.00 -3.29 0.089  00  02E013M000  0.668
GLU01_0009_052 -0.435 -1.63 -2.60  1.55  0.00 -2.68 0.020  00  01E014M000  0.682
GLU-1_0009_053 -1.000 -1.92 -2.60  1.55  0.00 -2.96 0.020  00  -1E014M000  0.669
GLU02_0009_054 -0.435 -2.02 -2.63  1.55  0.00 -3.09 0.020  00  02E014M000  0.690
GLU01_0009_055 -0.435 -2.40 -2.35  1.99  0.00 -2.77 0.031  00  01E015M000  0.629
GLU-1_0009_056 -1.000 -2.41 -2.41  1.99  0.00 -2.83 0.031  00  -1E015M000  0.615
GLU02_0009_057 -0.435 -2.53 -2.44  1.99  0.00 -2.97 0.031  00  02E015M000  0.629
GLU01_0009_058 -0.435 -2.68 -2.65  2.31  0.00 -3.02 0.102  00  01E016M000  0.662
GLU-1_0009_059 -1.000 -2.56 -2.61  2.31  0.00 -2.86 0.102  00  -1E016M000  0.674
GLU02_0009_060 -0.435 -2.49 -2.65  2.31  0.00 -2.83 0.102  00  02E016M000  0.680
ARG01_0010_001 -1.500 -4.11 -1.68  0.75  0.00 -5.04 0.282  00  01O000M000  0.575
ARG+1_0010_002 -1.050 -4.11 -1.68  0.75  0.00 -5.04 0.282  00  +1O000M000  0.575
ARG03_0010_003 -1.500 -4.11 -1.68  0.75  0.00 -5.04 0.282  00  03O000M000  0.575
ARG02_0010_004 -1.500 -4.11 -1.68  0.75  0.00 -5.04 0.282  00  02O000M000  0.575
ARG01_0010_005 -1.500 -7.21 -1.01  2.97  0.00 -5.24 0.147  00  01E003M000  0.746
ARG+1_0010_006 -1.050 -7.21 -1.01  2.97  0.00 -5.24 0.147  00  +1E003M000  0.746
ARG03_0010_007 -1.500 -7.21 -1.01  2.97  0.00 -5.24 0.147  00  03E003M000  0.746
ARG02_0010_008 -1.500 -7.21 -1.01  2.97  0.00 -5.24 0.147  00  02E003M000  0.746
ARG01_0010_009 -1.500 -7.83 -0.80  0.75  0.00 -7.88 0.045  00  01E004M000  0.782
ARG+1_0010_010 -1.050 -7.83 -0.80  0.75  0.00 -7.88 0.045  00  +1E004M000  0.782
ARG03_0010_011 -1.500 -7.83 -0.80  0.75  0.00 -7.88 0.045  00  03E004M000  0.782
ARG02_0010_012 -1.500 -7.83 -0.80  0.75  0.00 -7.88 0.045  00  02E004M000  0.782
ARG01_0010_013 -1.500 -4.77 -1.92  0.75  0.00 -5.93 0.128  00  01E006M000  0.652
ARG+1_0010_014 -1.050 -4.77 -1.92  0.75  0.00 -5.93 0.128  00  +1E006M000  0.652
ARG03_0010_015 -1.500 -4.77 -1.92  0.75  0.00 -5.93 0.128  00  03E006M000  0.652
ARG02_0010_016 -1.500 -4.77 -1.92  0.75  0.00 -5.93 0.128  00  02E006M000  0.652
ARG01_0010_017 -1.500 -7.95 -2.27  4.08  0.00 -6.13 0.012  00  01E009M000  0.799
ARG+1_0010_018 -1.050 -7.95 -2.27  4.08  0.00 -6.13 0.012  00  +1E009M000  0.799
ARG03_0010_019 -1.500 -7.95 -2.27  4.08  0.00 -6.13 0.012  00  03E009M000  0.799
ARG02_0010_020 -1.500 -7.95 -2.27  4.08  0.00 -6.13 0.012  00  02E009M000  0.799
ARG01_0010_021 -1.500 -4.85 -1.37  0.75  0.00 -5.46 0.164  00  01E00AM000  0.627
ARG+1_0010_022 -1.050 -4.85 -1.37  0.75  0.00 -5.46 0.164  00  +1E00AM000  0.627
ARG03_0010_023 -1.500 -4.85 -1.37  0.75  0.00 -5.46 0.164  00  03E00AM000  0.627
ARG02_0010_024 -1.500 -4.85 -1.37  0.75  0.00 -5.46 0.164  00  02E00AM000  0.627
ARG01_0010_025 -1.500 -5.39 -1.69  0.75  0.00 -6.33 0.123  00  01E00BM000  0.667
ARG+1_0010_026 -1.050 -5.39 -1.69  0.75  0.00 -6.33 0.123  00  +1E00BM000  0.667
ARG03_0010_027 -1.500 -5.39 -1.69  0.75  0.00 -6.33 0.123  00  03E00BM000  0.667
ARG02_0010_028 -1.500 -5.39 -1.69  0.75  0.00 -6.33 0.123  00  02E00BM000  0.667
ARG01_0010_029 -1.500 -5.07 -3.34  3.51  0.00 -4.90 0.115  00  01E00DM000  0.623
ARG+1_0010_030 -1.050 -5.07 -3.34  3.51  0.00 -4.90 0.115  00  +1E00DM000  0.623
ARG03_0010_031 -1.500 -5.07 -3.34  3.51  0.00 -4.90 0.115  00  03E00DM000  0.623
ARG02_0010_032 -1.500 -5.07 -3.34  3.51  0.00 -4.90 0.115  00  02E00DM000  0.623
ARG01_0010_033 -1.500 -6.42 -2.37  1.28  0.00 -7.50 0.048  00  01E00FM000  0.739
ARG+1_0010_034 -1.050 -6.42 -2.37  1.28  0.00 -7.50 0.048  00  +1E00FM000  0.739
ARG03_0010_035 -1.500 -6.42 -2.37  1.28  0.00 -7.50 0.048  00  03E00FM000  0.739
ARG02_0010_036 -1.500 -6.42 -2.37  1.28  0.00 -7.50 0.048  00  02E00FM000  0.739
ARG01_0010_037 -1.500 -7.49 -0.90  2.97  0.00 -5.42 0.254  00  01E010M000  0.746
ARG+1_0010_038 -1.050 -7.49 -0.90  2.97  0.00 -5.42 0.254  00  +1E010M000  0.746
ARG03_0010_039 -1.500 -7.49 -0.90  2.97  0.00 -5.42 0.254  00  03E010M000  0.746
ARG02_0010_040 -1.500 -7.49 -0.90  2.97  0.00 -5.42 0.254  00  02E010M000  0.746
ARG01_0010_041 -1.500 -7.99 -0.72  2.97  0.00 -5.74 0.065  00  01E017M000  0.780
ARG+1_0010_042 -1.050 -7.99 -0.72  2.97  0.00 -5.74 0.065  00  +1E017M000  0.780
ARG03_0010_043 -1.500 -7.99 -0.72  2.97  0.00 -5.74 0.065  00  03E017M000  0.780
ARG02_0010_044 -1.500 -7.99 -0.72  2.97  0.00 -5.74 0.065  00  02E017M000  0.780
ARG01_0010_045 -1.500 -6.58 -0.98  0.75  0.00 -6.81 0.090  00  01E01BM000  0.761
ARG+1_0010_046 -1.050 -6.58 -0.98  0.75  0.00 -6.81 0.090  00  +1E01BM000  0.761
ARG03_0010_047 -1.500 -6.58 -0.98  0.75  0.00 -6.81 0.090  00  03E01BM000  0.761
ARG02_0010_048 -1.500 -6.58 -0.98  0.75  0.00 -6.81 0.090  00  02E01BM000  0.761
ARG01_0010_049 -1.500 -8.24 -2.21  3.55  0.00 -6.90 0.043  00  01E01EM000  0.801
ARG+1_0010_050 -1.050 -8.24 -2.21  3.55  0.00 -6.90 0.043  00  +1E01EM000  0.801
ARG03_0010_051 -1.500 -8.24 -2.21  3.55  0.00 -6.90 0.043  00  03E01EM000  0.801
ARG02_0010_052 -1.500 -8.24 -2.21  3.55  0.00 -6.90 0.043  00  02E01EM000  0.801
ARG01_0010_053 -1.500 -6.17 -2.87  0.75  0.00 -8.28 0.050  00  01E022M000  0.668
ARG+1_0010_054 -1.050 -6.17 -2.87  0.75  0.00 -8.28 0.050  00  +1E022M000  0.668
ARG03_0010_055 -1.500 -6.17 -2.87  0.75  0.00 -8.28 0.050  00  03E022M000  0.668
ARG02_0010_056 -1.500 -6.17 -2.87  0.75  0.00 -8.28 0.050  00  02E022M000  0.668
ARG01_0010_057 -1.500 -7.76 -2.67  4.08  0.00 -6.34 0.012  00  01E025M000  0.813
ARG+1_0010_058 -1.050 -7.76 -2.67  4.08  0.00 -6.34 0.012  00  +1E025M000  0.813
ARG03_0010_059 -1.500 -7.76 -2.67  4.08  0.00 -6.34 0.012  00  03E025M000  0.813
ARG02_0010_060 -1.500 -7.76 -2.67  4.08  0.00 -6.34 0.012  00  02E025M000  0.813
ARG01_0010_061 -1.500 -8.28 -1.91  3.51  0.00 -6.68 0.033  00  01E028M000  0.801
ARG+1_0010_062 -1.050 -8.28 -1.91  3.51  0.00 -6.68 0.033  00  +1E028M000  0.801
ARG03_0010_063 -1.500 -8.28 -1.91  3.51  0.00 -6.68 0.033  00  03E028M000  0.801
ARG02_0010_064 -1.500 -8.28 -1.91  3.51  0.00 -6.68 0.033  00  02E028M000  0.801
ARG01_0010_065 -1.500 -7.70 -2.63  4.16  0.00 -6.17 0.115  00  01E029M000  0.739
ARG+1_0010_066 -1.050 -7.70 -2.63  4.16  0.00 -6.17 0.115  00  +1E029M000  0.739
ARG03_0010_067 -1.500 -7.70 -2.63  4.16  0.00 -6.17 0.115  00  03E029M000  0.739
ARG02_0010_068 -1.500 -7.70 -2.63  4.16  0.00 -6.17 0.115  00  02E029M000  0.739
ARG01_0010_069 -1.500 -6.47 -3.86  4.16  0.00 -6.17 0.134  00  01E02CM000  0.679
ARG+1_0010_070 -1.050 -6.47 -3.86  4.16  0.00 -6.17 0.134  00  +1E02CM000  0.679
ARG03_0010_071 -1.500 -6.47 -3.86  4.16  0.00 -6.17 0.134  00  03E02CM000  0.679
ARG02_0010_072 -1.500 -6.47 -3.86  4.16  0.00 -6.17 0.134  00  02E02CM000  0.679
ARG01_0010_073 -1.500 -6.83 -2.43  1.28  0.00 -7.97 0.139  00  01E031M000  0.729
ARG+1_0010_074 -1.050 -6.83 -2.43  1.28  0.00 -7.97 0.139  00  +1E031M000  0.729
ARG03_0010_075 -1.500 -6.83 -2.43  1.28  0.00 -7.97 0.139  00  03E031M000  0.729
ARG02_0010_076 -1.500 -6.83 -2.43  1.28  0.00 -7.97 0.139  00  02E031M000  0.729
ARG01_0010_077 -1.500 -6.71 -2.30  1.28  0.00 -7.73 0.183  00  01E034M000  0.709
ARG+1_0010_078 -1.050 -6.71 -2.30  1.28  0.00 -7.73 0.183  00  +1E034M000  0.709
ARG03_0010_079 -1.500 -6.71 -2.30  1.28  0.00 -7.73 0.183  00  03E034M000  0.709
ARG02_0010_080 -1.500 -6.71 -2.30  1.28  0.00 -7.73 0.183  00  02E034M000  0.709
GLN01_0011_001 -0.780 -2.51 -0.71  3.83  0.00  0.62 0.000  00  01O000M000  0.531
GLN01_0011_002 -0.780 -3.07 -1.63  3.83  0.00 -0.87 0.281  00  01E001M000  0.650
GLN01_0011_003 -0.780 -2.69 -1.80  1.40  0.00 -3.09 0.467  00  01E002M000  0.563
GLN01_0011_004 -0.780 -3.11 -2.12  3.83  0.00 -1.40 0.475  00  01E004M000  0.670
GLN01_0011_005 -0.780 -3.35 -1.95  3.77  0.00 -1.54 0.261  00  01E005M000  0.721
GLN01_0011_006 -0.780 -1.56  1.16  1.40  0.00  1.00 0.029  00  01R006M000  0.326
GLN01_0011_007 -0.780 -2.01 -1.66  3.42  0.00 -0.24 0.020  00  01E008M000  0.620
GLN01_0011_008 -0.780 -2.90 -1.68  3.83  0.00 -0.75 0.205  00  01E009M000  0.653
GLN01_0011_009 -0.780 -2.88 -1.63  3.42  0.00 -1.09 0.282  00  01E00AM000  0.671
GLN01_0011_010 -0.780 -1.97 -1.83  0.99  0.00 -2.81 0.518  00  01E00BM000  0.613
GLN01_0011_011 -0.780 -2.62 -1.80  1.40  0.00 -3.02 0.465  00  01E00CM000  0.614
GLN01_0011_012 -0.780 -2.79 -1.77  0.99  0.00 -3.57 0.511  00  01E00DM000  0.641
GLN01_0011_013 -0.780 -1.57 -1.78  0.60  0.00 -2.74 0.521  00  01E00EM000  0.558
GLN01_0011_014 -0.780 -2.57 -2.75  3.77  0.00 -1.56 0.135  00  01E00FM000  0.616
GLN01_0011_015 -0.780 -2.32 -2.87  3.36  0.00 -1.83 0.105  00  01E010M000  0.575
GLN01_0011_016 -0.780 -2.78 -1.65  3.42  0.00 -1.00 0.014  00  01E012M000  0.632
GLN01_0011_017 -0.780 -1.68 -2.01  3.04  0.00 -0.66 0.040  00  01E013M000  0.617
GLN01_0011_018 -0.780 -3.06 -2.00  3.77  0.00 -1.29 0.239  00  01E014M000  0.694
GLN01_0011_019 -0.780 -2.04 -1.99  0.99  0.00 -3.04 0.475  00  01E015M000  0.622
GLN01_0011_020 -0.780 -1.81 -2.87  3.77  0.00 -0.92 0.091  00  01E017M000  0.453
HIS01_0012_001 -0.650 -5.40 -2.37  0.08  0.00 -7.69 0.487  00  01O000M000  0.511
HIS+1_0012_002 -0.150 -5.40 -2.37  0.08  0.00 -7.69 0.487  00  +1O000M000  0.511
HIS02_0012_003 -0.650 -5.40 -2.37  0.08  0.00 -7.69 0.487  00  02O000M000  0.511
HIS01_0012_004 -0.650 -5.49 -2.39  0.08  0.00 -7.80 0.479  00  01R001M000  0.507
HIS+1_0012_005 -0.150 -5.49 -2.39  0.08  0.00 -7.80 0.479  00  +1R001M000  0.507
HIS02_0012_006 -0.650 -5.49 -2.39  0.08  0.00 -7.80 0.479  00  02R001M000  0.507
HIS01_0012_007 -0.650 -7.45 -2.03  2.72  0.00 -6.75 0.098  00  01E002M000  0.716
HIS+1_0012_008 -0.150 -7.45 -2.03  2.72  0.00 -6.75 0.098  00  +1E002M000  0.716
HIS02_0012_009 -0.650 -7.45 -2.03  2.72  0.00 -6.75 0.098  00  02E002M000  0.716
HIS01_0012_010 -0.650 -4.73  4.20  0.08  0.00 -0.45 0.078  00  01E003M000  0.457
HIS+1_0012_011 -0.150 -4.73  4.20  0.08  0.00 -0.45 0.078  00  +1E003M000  0.457
HIS02_0012_012 -0.650 -4.73  4.20  0.08  0.00 -0.45 0.078  00  02E003M000  0.457
HIS01_0012_013 -0.650 -5.29 -2.54  0.08  0.00 -7.76 0.474  00  01E004M000  0.485
HIS+1_0012_014 -0.150 -5.29 -2.54  0.08  0.00 -7.76 0.474  00  +1E004M000  0.485
HIS02_0012_015 -0.650 -5.29 -2.54  0.08  0.00 -7.76 0.474  00  02E004M000  0.485
HIS01_0012_016 -0.650 -7.34 -1.30  2.72  0.00 -5.91 0.112  00  01E005M000  0.701
HIS+1_0012_017 -0.150 -7.34 -1.30  2.72  0.00 -5.91 0.112  00  +1E005M000  0.701
HIS02_0012_018 -0.650 -7.34 -1.30  2.72  0.00 -5.91 0.112  00  02E005M000  0.701
HIS01_0012_019 -0.650 -7.87 -2.12  2.72  0.00 -7.27 0.166  00  01E006M000  0.716
HIS+1_0012_020 -0.150 -7.87 -2.12  2.72  0.00 -7.27 0.166  00  +1E006M000  0.716
HIS02_0012_021 -0.650 -7.87 -2.12  2.72  0.00 -7.27 0.166  00  02E006M000  0.716
HIS01_0012_022 -0.650 -7.53 -2.04  2.72  0.00 -6.85 0.142  00  01E007M000  0.713
HIS+1_0012_023 -0.150 -7.53 -2.04  2.72  0.00 -6.85 0.142  00  +1E007M000  0.713
HIS02_0012_024 -0.650 -7.53 -2.04  2.72  0.00 -6.85 0.142  00  02E007M000  0.713
HIS01_0012_025 -0.650 -7.05 -1.47  2.72  0.00 -5.80 0.162  00  01E008M000  0.694
HIS+1_0012_026 -0.150 -7.05 -1.47  2.72  0.00 -5.80 0.162  00  +1E008M000  0.694
HIS02_0012_027 -0.650 -7.05 -1.47  2.72  0.00 -5.80 0.162  00  02E008M000  0.694
HIS01_0012_028 -0.650 -7.71 -2.05  2.72  0.00 -7.04 0.148  00  01E009M000  0.711
HIS+1_0012_029 -0.150 -7.71 -2.05  2.72  0.00 -7.04 0.148  00  +1E009M000  0.711
HIS02_0012_030 -0.650 -7.71 -2.05  2.72  0.00 -7.04 0.148  00  02E009M000  0.711
MET01_0013_001  0.000 -6.41 -2.35  0.42  0.00 -8.34 0.260  00  01O000M000  0.645
MET01_0013_002  0.000 -7.21 -1.87  2.82  0.00 -6.26 0.062  00  01R002M000  0.750
MET01_0013_003  0.000 -6.90 -2.20  2.41  0.00 -6.68 0.346  00  01R005M000  0.648
MET01_0013_004  0.000 -6.04 -2.72  0.42  0.00 -8.34 0.105  00  01R006M000  0.632
MET01_0013_005  0.000 -6.39 -2.63  2.41  0.00 -6.61 0.086  00  01R007M000  0.619
MET01_0013_006  0.000 -6.80 -2.25  2.82  0.00 -6.22 0.338  00  01R00BM000  0.660
MET01_0013_007  0.000 -6.42 -2.27  4.81  0.00 -3.88 0.226  00  01R00CM000  0.626
MET01_0013_008  0.000 -7.81  0.07  4.78  0.00 -2.95 0.037  00  01R00DM000  0.787
MET01_0013_009  0.000 -7.67 -1.30  5.19  0.00 -3.77 0.214  00  01R00EM000  0.766
MET01_0013_010  0.000 -7.14 -1.72  0.42  0.00 -8.44 0.049  00  01R00FM000  0.739
MET01_0013_011  0.000 -8.31 -1.51  2.41  0.00 -7.41 0.074  00  01R010M000  0.808
MET01_0013_012  0.000 -7.91 -1.64  2.82  0.00 -6.73 0.099  00  01R015M000  0.784
MET01_0013_013  0.000 -7.16 -1.92  2.41  0.00 -6.67 0.152  00  01R019M000  0.718
MET01_0013_014  0.000 -7.19 -2.12  4.81  0.00 -4.51 0.156  00  01R01CM000  0.713
MET01_0013_015  0.000 -6.23 -2.42  4.78  0.00 -3.87 0.336  00  01R01DM000  0.600
MET01_0013_016  0.000 -7.23 -2.25  2.79  0.00 -6.69 0.098  00  01R01EM000  0.694
MET01_0013_017  0.000 -6.99 -2.39  4.78  0.00 -4.60 0.065  00  01R01FM000  0.679
MET01_0013_018  0.000 -7.56 -2.14  4.78  0.00 -4.92 0.059  00  01R021M000  0.729
MET01_0013_019  0.000 -7.62 -2.11  2.79  0.00 -6.94 0.074  00  01R022M000  0.730
MET01_0013_020  0.000 -8.18 -2.01  7.18  0.00 -3.00 0.046  00  01R024M000  0.789
