CONFORMER         crg  vdw0  vdw1  tors  epol  self   occ  Hb     history    ASA
LYS01_0001_001  0.000 -4.82  4.39  2.28  0.00  1.84 0.000  00  01O000M000  0.851
LYS+1_0001_002  1.000 -4.35  4.36  2.28  0.00  2.29 0.000  00  +1O000M000  0.851
LYS01_0001_003  0.000 -6.40  2.77  2.90  0.00 -0.73 0.015  00  01E001M000  0.871
LYS+1_0001_004  1.000 -6.47  2.76  2.90  0.00 -0.80 0.015  00  +1E001M000  0.871
LYS01_0001_005  0.000 -8.22  5.02  2.36  0.00 -0.84 0.430  00  01E002M000  0.817
LYS+1_0001_006  1.000 -8.29  4.97  2.36  0.00 -0.96 0.430  00  +1E002M000  0.817
LYS01_0001_007  0.000 -9.07  5.28  2.07  0.00 -1.72 0.364  00  01E003M000  0.817
LYS+1_0001_008  1.000 -9.13  5.27  2.07  0.00 -1.79 0.364  00  +1E003M000  0.817
LYS01_0001_009  0.000 -7.95  1.86  2.52  0.00 -3.57 0.032  00  01E005M000  0.819
LYS+1_0001_010  1.000 -8.01  1.83  2.52  0.00 -3.65 0.032  00  +1E005M000  0.819
LYS01_0001_011  0.000 -6.43  2.89  2.99  0.00 -0.56 0.064  00  01E007M000  0.875
LYS+1_0001_012  1.000 -6.50  2.88  2.99  0.00 -0.63 0.064  00  +1E007M000  0.875
LYS01_0001_013  0.000 -8.35  2.84  2.70  0.00 -2.81 0.161  00  01E008M000  0.872
LYS+1_0001_014  1.000 -8.41  2.84  2.70  0.00 -2.87 0.161  00  +1E008M000  0.872
LYS01_0001_015  0.000 -7.05  0.95  4.96  0.00 -1.14 0.263  00  01E00AM000  0.881
LYS+1_0001_016  1.000 -7.11  0.93  4.96  0.00 -1.22 0.263  00  +1E00AM000  0.881
LYS01_0001_017  0.000 -9.19  4.78  3.65  0.00 -0.75 0.145  00  01E00EM000  0.861
LYS+1_0001_018  1.000 -9.24  4.78  3.65  0.00 -0.81 0.145  00  +1E00EM000  0.861
LYS01_0001_019  0.000 -7.96  2.89  4.28  0.00 -0.80 0.023  00  01E010M000  0.873
LYS+1_0001_020  1.000 -8.02  2.88  4.28  0.00 -0.86 0.023  00  +1E010M000  0.873
LYS01_0001_021  0.000 -8.19  2.92  2.90  0.00 -2.36 0.011  00  01E011M000  0.873
LYS+1_0001_022  1.000 -8.23  2.92  2.90  0.00 -2.41 0.011  00  +1E011M000  0.873
LYS01_0001_023  0.000 -7.86  2.89  4.28  0.00 -0.69 0.011  00  01E012M000  0.871
LYS+1_0001_024  1.000 -7.91  2.89  4.28  0.00 -0.74 0.011  00  +1E012M000  0.871
LYS01_0001_025  0.000 -8.33  0.72  4.87  0.00 -2.73 0.564  00  01E014M000  0.852
LYS+1_0001_026  1.000 -8.37  0.71  4.87  0.00 -2.79 0.564  00  +1E014M000  0.852
LYS01_0001_027  0.000 -7.67  0.13  6.25  0.00 -1.29 0.558  00  01E015M000  0.822
LYS+1_0001_028  1.000 -7.72  0.09  6.25  0.00 -1.38 0.558  00  +1E015M000  0.822
LYS01_0001_029  0.000 -9.78  5.43  3.45  0.00 -0.90 0.112  00  01E018M000  0.874
LYS+1_0001_030  1.000 -9.84  5.43  3.45  0.00 -0.96 0.112  00  +1E018M000  0.874
LYS01_0001_031  0.000 -9.89  5.41  3.45  0.00 -1.03 0.158  00  01E01AM000  0.873
LYS+1_0001_032  1.000 -9.93  5.40  3.45  0.00 -1.08 0.158  00  +1E01AM000  0.873
LYS01_0001_033  0.000 -9.30  5.47  2.52  0.00 -1.31 0.056  00  01E01BM000  0.876
LYS+1_0001_034  1.000 -9.35  5.47  2.52  0.00 -1.36 0.056  00  +1E01BM000  0.876
LYS01_0001_035  0.000 -9.49  6.86  2.45  0.00 -0.18 0.271  00  01E01EM000  0.862
LYS+1_0001_036  1.000 -9.53  6.85  2.45  0.00 -0.22 0.271  00  +1E01EM000  0.862
LYS01_0001_037  0.000 -8.56  2.82  4.08  0.00 -1.66 0.143  00  01E020M000  0.876
LYS+1_0001_038  1.000 -8.62  2.82  4.08  0.00 -1.73 0.143  00  +1E020M000  0.876
LYS01_0001_039  0.000 -9.29  1.47  6.05  0.00 -1.77 0.013  00  01E025M000  0.905
LYS+1_0001_040  1.000 -9.34  1.47  6.05  0.00 -1.82 0.013  00  +1E025M000  0.905
GLU01_0002_001  0.000 -0.95999.00  3.22  0.00999.00 0.000  00  01O000M000  0.313
GLU-1_0002_002 -1.000 -1.01999.00  0.50  0.00999.00 0.000  00  -1O000M000  0.325
GLU02_0002_003  0.000 -0.91999.00  3.22  0.00999.00 0.000  00  02O000M000  0.334
GLU01_0002_004  0.000 -1.53 -1.46  6.02  0.00  3.02 0.222  00  01E001M000  0.432
GLU-1_0002_005 -1.000 -1.47 -1.39  3.30  0.00  0.45 0.222  00  -1E001M000  0.416
GLU02_0002_006  0.000 -1.36 -1.42  6.02  0.00  3.24 0.222  00  02E001M000  0.423
GLU01_0002_007  0.000 -2.11 -0.24  3.22  0.00  0.88 0.288  00  01E002M000  0.552
GLU-1_0002_008 -1.000 -2.04 -0.21  0.50  0.00 -1.75 0.288  00  -1E002M000  0.543
GLU02_0002_009  0.000 -1.91 -0.25  3.22  0.00  1.06 0.288  00  02E002M000  0.541
GLU01_0002_010  0.000 -0.48 -1.05  6.02  0.00  4.50 0.066  00  01E003M000  0.397
GLU-1_0002_011 -1.000 -0.51 -1.26  3.30  0.00  1.53 0.066  00  -1E003M000  0.410
GLU02_0002_012  0.000 -0.31 -1.32  6.02  0.00  4.39 0.066  00  02E003M000  0.428
GLU01_0002_013  0.000 -1.10 -0.16  6.02  0.00  4.76 0.198  00  01E004M000  0.539
GLU-1_0002_014 -1.000 -1.06 -0.13  3.30  0.00  2.11 0.198  00  -1E004M000  0.537
GLU02_0002_015  0.000 -0.76 -0.20  6.02  0.00  5.06 0.198  00  02E004M000  0.539
GLU01_0002_016  0.000 -2.63 -0.02  3.22  0.00  0.57 0.540  00  01E005M000  0.623
GLU-1_0002_017 -1.000 -2.52  0.03  0.50  0.00 -2.00 0.540  00  -1E005M000  0.608
GLU02_0002_018  0.000 -2.33  0.02  3.22  0.00  0.91 0.540  00  02E005M000  0.594
GLU01_0002_019  0.000 -1.30  0.02  6.02  0.00  4.74 0.109  00  01E006M000  0.575
GLU-1_0002_020 -1.000 -1.22  0.04  3.30  0.00  2.12 0.109  00  -1E006M000  0.573
GLU02_0002_021  0.000 -0.94  0.04  6.02  0.00  5.12 0.109  00  02E006M000  0.569
GLU01_0002_022  0.000 -1.10 -1.14  5.74  0.00  3.50 0.083  00  01E007M000  0.482
GLU-1_0002_023 -1.000 -0.92 -1.10  3.02  0.00  1.00 0.083  00  -1E007M000  0.453
GLU02_0002_024  0.000 -0.59 -1.16  5.74  0.00  3.99 0.083  00  02E007M000  0.453
GLU01_0002_025  0.000 -2.12 -0.75  6.60  0.00  3.73 0.194  00  01E008M000  0.454
GLU-1_0002_026 -1.000 -2.02 -0.72  3.88  0.00  1.14 0.194  00  -1E008M000  0.446
GLU02_0002_027  0.000 -2.01 -0.53  6.60  0.00  4.07 0.194  00  02E008M000  0.438
GLU01_0002_028  0.000 -1.53 -0.38  2.94  0.00  1.02 0.306  00  01E009M000  0.556
GLU-1_0002_029 -1.000 -1.41 -0.37  0.22  0.00 -1.56 0.306  00  -1E009M000  0.548
GLU02_0002_030  0.000 -1.05 -0.42  2.94  0.00  1.46 0.306  00  02E009M000  0.541
GLU01_0002_031  0.000 -2.42 -0.32  3.80  0.00  1.07 0.357  00  01E00AM000  0.513
GLU-1_0002_032 -1.000 -2.43 -0.30  1.08  0.00 -1.64 0.357  00  -1E00AM000  0.521
GLU02_0002_033  0.000 -2.33 -0.34  3.80  0.00  1.13 0.357  00  02E00AM000  0.508
GLU01_0002_034  0.000 -3.12  0.25  6.60  0.00  3.73 0.427  00  01E00BM000  0.645
GLU-1_0002_035 -1.000 -2.98  0.17  3.88  0.00  1.07 0.427  00  -1E00BM000  0.631
GLU02_0002_036  0.000 -3.08  0.12  6.60  0.00  3.65 0.427  00  02E00BM000  0.638
GLU01_0002_037  0.000 -2.17 -0.05  6.60  0.00  4.38 0.257  00  01E00CM000  0.578
GLU-1_0002_038 -1.000 -2.01 -0.02  3.88  0.00  1.85 0.257  00  -1E00CM000  0.557
GLU02_0002_039  0.000 -2.05 -0.08  6.60  0.00  4.48 0.257  00  02E00CM000  0.564
GLU01_0002_040  0.000 -3.04  3.57  3.80  0.00  4.32 0.185  00  01E00DM000  0.614
GLU-1_0002_041 -1.000 -3.09  3.61  1.08  0.00  1.60 0.185  00  -1E00DM000  0.620
GLU02_0002_042  0.000 -3.26  4.72  3.80  0.00  5.26 0.185  00  02E00DM000  0.641
GLU01_0002_043  0.000 -2.13  0.02  6.60  0.00  4.50 0.161  00  01E00EM000  0.566
GLU-1_0002_044 -1.000 -2.17  0.06  3.88  0.00  1.78 0.161  00  -1E00EM000  0.568
GLU02_0002_045  0.000 -2.09  0.03  6.60  0.00  4.55 0.161  00  02E00EM000  0.571
GLU01_0002_046  0.000 -0.95999.00  0.50  0.00999.00 0.000  00  01O000M000  0.313
GLU02_0002_047  0.000 -0.91999.00  0.50  0.00999.00 0.000  00  02O000M000  0.334
GLU01_0002_048  0.000 -1.53 -1.46  3.30  0.00  0.30 0.222  00  01E001M000  0.432
GLU02_0002_049  0.000 -1.36 -1.42  3.30  0.00  0.52 0.222  00  02E001M000  0.423
GLU01_0002_050  0.000 -2.11 -0.24  0.50  0.00 -1.84 0.288  00  01E002M000  0.552
GLU02_0002_051  0.000 -1.91 -0.25  0.50  0.00 -1.66 0.288  00  02E002M000  0.541
GLU01_0002_052  0.000 -0.48 -1.05  3.30  0.00  1.78 0.066  00  01E003M000  0.397
GLU02_0002_053  0.000 -0.31 -1.32  3.30  0.00  1.67 0.066  00  02E003M000  0.428
GLU01_0002_054  0.000 -1.10 -0.16  3.30  0.00  2.04 0.198  00  01E004M000  0.539
GLU02_0002_055  0.000 -0.76 -0.20  3.30  0.00  2.34 0.198  00  02E004M000  0.539
GLU01_0002_056  0.000 -2.63 -0.02  0.50  0.00 -2.15 0.540  00  01E005M000  0.623
GLU02_0002_057  0.000 -2.33  0.02  0.50  0.00 -1.81 0.540  00  02E005M000  0.594
GLU01_0002_058  0.000 -1.30  0.02  3.30  0.00  2.02 0.109  00  01E006M000  0.575
GLU02_0002_059  0.000 -0.94  0.04  3.30  0.00  2.40 0.109  00  02E006M000  0.569
GLU01_0002_060  0.000 -1.10 -1.14  3.02  0.00  0.78 0.083  00  01E007M000  0.482
GLU02_0002_061  0.000 -0.59 -1.16  3.02  0.00  1.27 0.083  00  02E007M000  0.453
GLU01_0002_062  0.000 -2.12 -0.75  3.88  0.00  1.01 0.194  00  01E008M000  0.454
GLU02_0002_063  0.000 -2.01 -0.53  3.88  0.00  1.35 0.194  00  02E008M000  0.438
GLU01_0002_064  0.000 -1.53 -0.38  0.22  0.00 -1.70 0.306  00  01E009M000  0.556
GLU02_0002_065  0.000 -1.05 -0.42  0.22  0.00 -1.26 0.306  00  02E009M000  0.541
GLU01_0002_066  0.000 -2.42 -0.32  1.08  0.00 -1.65 0.357  00  01E00AM000  0.513
GLU02_0002_067  0.000 -2.33 -0.34  1.08  0.00 -1.59 0.357  00  02E00AM000  0.508
GLU01_0002_068  0.000 -3.12  0.25  3.88  0.00  1.01 0.427  00  01E00BM000  0.645
GLU02_0002_069  0.000 -3.08  0.12  3.88  0.00  0.93 0.427  00  02E00BM000  0.638
GLU01_0002_070  0.000 -2.17 -0.05  3.88  0.00  1.66 0.257  00  01E00CM000  0.578
GLU02_0002_071  0.000 -2.05 -0.08  3.88  0.00  1.76 0.257  00  02E00CM000  0.564
GLU01_0002_072  0.000 -3.04  3.57  1.08  0.00  1.60 0.185  00  01E00DM000  0.614
GLU02_0002_073  0.000 -3.26  4.72  1.08  0.00  2.54 0.185  00  02E00DM000  0.641
GLU01_0002_074  0.000 -2.13  0.02  3.88  0.00  1.78 0.161  00  01E00EM000  0.566
GLU02_0002_075  0.000 -2.09  0.03  3.88  0.00  1.83 0.161  00  02E00EM000  0.571
THR01_0003_001  0.000 -4.82  0.04  0.42  0.00 -4.36 0.556  00  01O000M000  0.566
THR01_0003_002  0.000 -4.82  0.04  0.42  0.00 -4.36 0.556  00  01O000M000  0.566
THR01_0003_003  0.000 -4.82  0.04  0.04  0.00 -4.73 0.556  00  01O000M000  0.566
THR01_0003_004  0.000 -5.17  0.52  0.42  0.00 -4.24 0.556  00  01E001M000  0.586
THR01_0003_005  0.000 -5.69  1.07  3.13  0.00 -1.49 0.554  00  01E002M000  0.654
ALA01_0004_001  0.000 -5.37 -0.30  0.00  0.00 -5.67 1.000  00  01O000M000  0.946
ALA01_0005_001  0.000 -4.01 -0.08  0.00  0.00 -4.10 1.000  00  01O000M000  0.722
ALA01_0006_001  0.000 -2.25 -1.46  0.00  0.00 -3.71 1.000  00  01O000M000  0.412
LYS01_0007_001  0.000 -2.61 -2.49  3.68  0.00 -1.42 0.336  00  01O000M000  0.483
LYS+1_0007_002  1.000 -2.66 -2.50  3.68  0.00 -1.48 0.336  00  +1O000M000  0.483
LYS01_0007_003  0.000  0.02 -1.98  4.10  0.00  2.15 0.024  00  01E002M000  0.414
LYS+1_0007_004  1.000 -0.03 -1.99  4.10  0.00  2.09 0.024  00  +1E002M000  0.414
LYS01_0007_005  0.000 -1.58 -2.54  5.29  0.00  1.18 0.122  00  01E009M000  0.420
LYS+1_0007_006  1.000 -1.63 -2.54  5.29  0.00  1.12 0.122  00  +1E009M000  0.420
LYS01_0007_007  0.000 -0.23 -2.61  4.19  0.00  1.35 0.111  00  01E00CM000  0.423
LYS+1_0007_008  1.000 -0.29 -2.61  4.19  0.00  1.29 0.111  00  +1E00CM000  0.423
LYS01_0007_009  0.000  0.94 -3.43  4.40  0.00  1.90 0.022  00  01E00DM000  0.362
LYS+1_0007_010  1.000  0.88 -3.45  4.40  0.00  1.83 0.022  00  +1E00DM000  0.362
LYS01_0007_011  0.000 -3.35 -2.48  2.69  0.00 -3.15 0.358  00  01E011M000  0.487
LYS+1_0007_012  1.000 -3.41 -2.49  2.69  0.00 -3.21 0.358  00  +1E011M000  0.487
LYS01_0007_013  0.000  0.75 -2.64  2.69  0.00  0.80 0.185  00  01E013M000  0.425
LYS+1_0007_014  1.000  0.71 -2.65  2.69  0.00  0.74 0.185  00  +1E013M000  0.425
LYS01_0007_015  0.000 -0.90 -2.41  4.52  0.00  1.21 0.062  00  01E022M000  0.421
LYS+1_0007_016  1.000 -0.98 -2.42  4.52  0.00  1.12 0.062  00  +1E022M000  0.421
LYS01_0007_017  0.000 -0.67 -2.59  4.14  0.00  0.88 0.168  00  01E024M000  0.477
LYS+1_0007_018  1.000 -0.73 -2.60  4.14  0.00  0.81 0.168  00  +1E024M000  0.477
LYS01_0007_019  0.000 -0.04 -3.17  3.15  0.00 -0.06 0.352  00  01E025M000  0.409
LYS+1_0007_020  1.000 -0.15 -3.19  3.15  0.00 -0.20 0.352  00  +1E025M000  0.409
LYS01_0007_021  0.000 -1.72 -3.06  2.50  0.00 -2.28 0.325  00  01E026M000  0.470
LYS+1_0007_022  1.000 -1.77 -3.06  2.50  0.00 -2.34 0.325  00  +1E026M000  0.470
LYS01_0007_023  0.000  1.30 -3.73  3.88  0.00  1.45 0.125  00  01E029M000  0.392
LYS+1_0007_024  1.000  1.59 -3.75  3.88  0.00  1.72 0.125  00  +1E029M000  0.392
LYS01_0007_025  0.000 -0.86 -2.64  2.99  0.00 -0.52 0.329  00  01E02BM000  0.454
LYS+1_0007_026  1.000 -0.92 -2.65  2.99  0.00 -0.58 0.329  00  +1E02BM000  0.454
LYS01_0007_027  0.000  0.60 -3.45  4.55  0.00  1.70 0.013  00  01E02FM000  0.370
LYS+1_0007_028  1.000  0.49 -3.49  4.55  0.00  1.55 0.013  00  +1E02FM000  0.370
LYS01_0007_029  0.000  1.07 -3.10  3.57  0.00  1.54 0.081  00  01E036M000  0.377
LYS+1_0007_030  1.000  0.96 -3.13  3.57  0.00  1.40 0.081  00  +1E036M000  0.377
LYS01_0007_031  0.000  1.48 -3.10  4.34  0.00  2.73 0.011  00  01E038M000  0.283
LYS+1_0007_032  1.000  1.42 -3.11  4.34  0.00  2.66 0.011  00  +1E038M000  0.283
LYS01_0007_033  0.000  0.01 -3.00  4.40  0.00  1.41 0.043  00  01E03EM000  0.423
LYS+1_0007_034  1.000 -0.05 -3.00  4.40  0.00  1.34 0.043  00  +1E03EM000  0.423
LYS01_0007_035  0.000 -0.88 -3.09  3.15  0.00 -0.82 0.358  00  01E03FM000  0.399
LYS+1_0007_036  1.000 -0.94 -3.09  3.15  0.00 -0.88 0.358  00  +1E03FM000  0.399
LYS01_0007_037  0.000 -0.69 -2.73  3.24  0.00 -0.17 0.339  00  01E042M000  0.458
LYS+1_0007_038  1.000 -0.74 -2.73  3.24  0.00 -0.23 0.339  00  +1E042M000  0.458
LYS01_0007_039  0.000 -0.50 -2.72  3.24  0.00  0.03 0.379  00  01E044M000  0.451
LYS+1_0007_040  1.000 -0.57 -2.73  3.24  0.00 -0.06 0.379  00  +1E044M000  0.451
PHE01_0008_001  0.000 -3.61 -3.27  0.01  0.00 -6.87 0.507  00  01O000M000  0.570
PHE01_0008_002  0.000 -3.91 -2.14  2.79  0.00 -3.25 0.570  00  01R001M000  0.623
PHE01_0008_003  0.000 -3.88 -3.36  0.01  0.00 -7.24 0.516  00  01R002M000  0.574
PHE01_0008_004  0.000 -4.01 -0.72  0.01  0.00 -4.72 0.166  00  01R003M000  0.585
PHE01_0008_005  0.000 -4.05 -1.95  2.79  0.00 -3.20 0.557  00  01R004M000  0.619
PHE01_0008_006  0.000 -4.50  1.35  2.79  0.00 -0.36 0.191  00  01R005M000  0.636
PHE01_0008_007  0.000 -5.21  2.61  2.79  0.00  0.19 0.480  00  01R006M000  0.659
PHE01_0008_008  0.000 -3.75  3.45  0.01  0.00 -0.29 0.477  00  01R007M000  0.565
GLU01_0009_001  0.000  3.74 -2.93  4.27  0.00  5.09 0.000  00  01O000M000  0.732
GLU-1_0009_002 -1.000  3.79 -2.89  1.55  0.00  2.46 0.000  00  -1O000M000  0.742
GLU02_0009_003  0.000  5.56 -2.95  4.27  0.00  6.88 0.000  00  02O000M000  0.732
GLU-1_0009_004 -1.000 -1.65 -2.75  1.99  0.00 -2.40 0.478  00  -1E001M000  0.651
GLU01_0009_005  0.000 -1.46 -2.82  5.03  0.00  0.75 0.482  00  01E002M000  0.598
GLU02_0009_006  0.000 -0.70 -2.81  4.27  0.00  0.76 0.480  00  02E003M000  0.707
GLU01_0009_007  0.000 -2.01  1.19  4.71  0.00  3.90 0.411  00  01E006M000  0.765
GLU-1_0009_008 -1.000 -1.97  1.22  1.99  0.00  1.24 0.411  00  -1E006M000  0.765
GLU02_0009_009  0.000 -1.74  1.17  4.71  0.00  4.14 0.411  00  02E006M000  0.758
GLU01_0009_010  0.000 -1.96  1.29  5.03  0.00  4.35 0.158  00  01E007M000  0.703
GLU-1_0009_011 -1.000 -1.99  1.32  2.31  0.00  1.64 0.158  00  -1E007M000  0.701
GLU02_0009_012  0.000 -1.85  1.29  5.03  0.00  4.47 0.158  00  02E007M000  0.700
GLU01_0009_013  0.000 -0.18  1.26  4.27  0.00  5.36 0.064  00  01E008M000  0.733
GLU-1_0009_014 -1.000 -0.86  1.31  1.55  0.00  2.00 0.064  00  -1E008M000  0.757
GLU02_0009_015  0.000 -0.84  1.28  4.27  0.00  4.71 0.064  00  02E008M000  0.760
GLU01_0009_016  0.000 -2.03  1.24  4.71  0.00  3.92 0.401  00  01E009M000  0.755
GLU-1_0009_017 -1.000 -2.14  1.28  1.99  0.00  1.13 0.401  00  -1E009M000  0.758
GLU02_0009_018  0.000 -2.01  1.25  4.71  0.00  3.96 0.401  00  02E009M000  0.754
GLU01_0009_019  0.000 -1.81  1.28  5.03  0.00  4.50 0.130  00  01E00AM000  0.694
GLU-1_0009_020 -1.000 -1.82  1.32  2.31  0.00  1.80 0.130  00  -1E00AM000  0.712
GLU02_0009_021  0.000 -1.59  1.28  5.03  0.00  4.71 0.130  00  02E00AM000  0.715
GLU02_0009_022  0.000 -1.45 -0.71  6.06  0.00  3.89 0.209  00  02E00BM000  0.698
GLU01_0009_023  0.000 -1.84 -0.69  6.37  0.00  3.84 0.186  00  01E00CM000  0.694
GLU02_0009_024  0.000 -1.85 -0.65  6.06  0.00  3.56 0.210  00  02E00DM000  0.709
GLU01_0009_025  0.000 -1.83 -0.73  6.37  0.00  3.81 0.186  00  01E00EM000  0.707
GLU-1_0009_026 -1.000 -1.86 -0.71  3.65  0.00  1.09 0.186  00  -1E00EM000  0.697
GLU01_0009_027  0.000 -0.09 -1.82  6.27  0.00  4.36 0.202  00  01E00FM000  0.688
GLU-1_0009_028 -1.000 -0.08 -1.79  3.55  0.00  1.67 0.202  00  -1E00FM000  0.678
GLU02_0009_029  0.000  0.49 -1.84  6.27  0.00  4.92 0.202  00  02E00FM000  0.687
GLU01_0009_030  0.000 -1.59 -1.74  6.58  0.00  3.25 0.342  00  01E010M000  0.662
GLU-1_0009_031 -1.000 -1.75 -1.70  3.86  0.00  0.41 0.342  00  -1E010M000  0.671
GLU02_0009_032  0.000 -1.60 -1.74  6.58  0.00  3.25 0.342  00  02E010M000  0.673
GLU01_0009_033  0.000 -1.71 -1.76  6.58  0.00  3.11 0.354  00  01E012M000  0.667
GLU-1_0009_034 -1.000 -1.87 -1.73  3.86  0.00  0.26 0.354  00  -1E012M000  0.682
GLU02_0009_035  0.000 -1.56 -1.77  6.58  0.00  3.25 0.354  00  02E012M000  0.671
GLU01_0009_036  0.000 -1.71 -2.30  5.03  0.00  1.01 0.089  00  01E013M000  0.654
GLU-1_0009_037 -1.000 -1.83 -2.26  2.31  0.00 -1.79 0.089  00  -1E013M000  0.658
GLU02_0009_038  0.000 -1.76 -2.29  5.03  0.00  0.98 0.089  00  02E013M000  0.657
GLU01_0009_039  0.000  0.12 -2.23  4.27  0.00  2.17 0.020  00  01E014M000  0.606
GLU-1_0009_040 -1.000 -0.51 -2.23  1.55  0.00 -1.18 0.020  00  -1E014M000  0.609
GLU02_0009_041  0.000 -0.41 -2.26  4.27  0.00  1.60 0.020  00  02E014M000  0.608
GLU01_0009_042  0.000 -1.36 -1.41  4.71  0.00  1.94 0.031  00  01E015M000  0.568
GLU-1_0009_043 -1.000 -1.44 -1.62  1.99  0.00 -1.07 0.031  00  -1E015M000  0.562
GLU02_0009_044  0.000 -1.37 -1.65  4.71  0.00  1.69 0.031  00  02E015M000  0.566
GLU01_0009_045  0.000 -1.41 -2.30  5.03  0.00  1.32 0.102  00  01E016M000  0.588
GLU-1_0009_046 -1.000 -1.36 -2.26  2.31  0.00 -1.31 0.102  00  -1E016M000  0.588
GLU02_0009_047  0.000 -1.10 -2.30  5.03  0.00  1.62 0.102  00  02E016M000  0.603
GLU01_0009_048  0.000  3.74 -2.93  1.55  0.00  2.37 0.000  00  01O000M000  0.732
GLU02_0009_049  0.000  5.56 -2.95  1.55  0.00  4.16 0.000  00  02O000M000  0.732
GLU01_0009_050  0.000 -1.62 -2.82  1.99  0.00 -2.44 0.478  00  01E001M000  0.661
GLU02_0009_051  0.000 -0.70 -2.81  1.55  0.00 -1.96 0.480  00  02E003M000  0.707
GLU01_0009_052  0.000 -2.01  1.19  1.99  0.00  1.18 0.411  00  01E006M000  0.765
GLU02_0009_053  0.000 -1.74  1.17  1.99  0.00  1.42 0.411  00  02E006M000  0.758
GLU01_0009_054  0.000 -1.96  1.29  2.31  0.00  1.63 0.158  00  01E007M000  0.703
GLU02_0009_055  0.000 -1.85  1.29  2.31  0.00  1.75 0.158  00  02E007M000  0.700
GLU01_0009_056  0.000 -0.18  1.26  1.55  0.00  2.64 0.064  00  01E008M000  0.733
GLU02_0009_057  0.000 -0.84  1.28  1.55  0.00  1.99 0.064  00  02E008M000  0.760
GLU01_0009_058  0.000 -2.03  1.24  1.99  0.00  1.20 0.401  00  01E009M000  0.755
GLU02_0009_059  0.000 -2.01  1.25  1.99  0.00  1.24 0.401  00  02E009M000  0.754
GLU01_0009_060  0.000 -1.81  1.28  2.31  0.00  1.78 0.130  00  01E00AM000  0.694
GLU02_0009_061  0.000 -1.59  1.28  2.31  0.00  1.99 0.130  00  02E00AM000  0.715
GLU01_0009_062  0.000 -1.80 -0.69  3.34  0.00  0.85 0.209  00  01E00BM000  0.703
GLU02_0009_063  0.000 -1.45 -0.71  3.34  0.00  1.17 0.209  00  02E00BM000  0.698
GLU01_0009_064  0.000 -1.83 -0.67  3.34  0.00  0.84 0.210  00  01E00DM000  0.697
GLU02_0009_065  0.000 -1.85 -0.65  3.34  0.00  0.84 0.210  00  02E00DM000  0.709
GLU01_0009_066  0.000 -0.09 -1.82  3.55  0.00  1.64 0.202  00  01E00FM000  0.688
GLU02_0009_067  0.000  0.49 -1.84  3.55  0.00  2.20 0.202  00  02E00FM000  0.687
GLU01_0009_068  0.000 -1.59 -1.74  3.86  0.00  0.53 0.342  00  01E010M000  0.662
GLU02_0009_069  0.000 -1.60 -1.74  3.86  0.00  0.53 0.342  00  02E010M000  0.673
GLU01_0009_070  0.000 -1.71 -1.76  3.86  0.00  0.39 0.354  00  01E012M000  0.667
GLU02_0009_071  0.000 -1.56 -1.77  3.86  0.00  0.53 0.354  00  02E012M000  0.671
GLU01_0009_072  0.000 -1.71 -2.30  2.31  0.00 -1.71 0.089  00  01E013M000  0.654
GLU02_0009_073  0.000 -1.76 -2.29  2.31  0.00 -1.74 0.089  00  02E013M000  0.657
GLU01_0009_074  0.000  0.12 -2.23  1.55  0.00 -0.55 0.020  00  01E014M000  0.606
GLU02_0009_075  0.000 -0.41 -2.26  1.55  0.00 -1.12 0.020  00  02E014M000  0.608
GLU01_0009_076  0.000 -1.36 -1.41  1.99  0.00 -0.78 0.031  00  01E015M000  0.568
GLU02_0009_077  0.000 -1.37 -1.65  1.99  0.00 -1.03 0.031  00  02E015M000  0.566
GLU01_0009_078  0.000 -1.41 -2.30  2.31  0.00 -1.40 0.102  00  01E016M000  0.588
GLU02_0009_079  0.000 -1.10 -2.30  2.31  0.00 -1.10 0.102  00  02E016M000  0.603
ARG01_0010_001  0.000 -1.72 -1.07  0.75  0.00 -2.04 0.282  00  01O000M000  0.598
ARG+1_0010_002  1.000 -1.81 -1.10  0.75  0.00 -2.15 0.282  00  +1O000M000  0.598
ARG03_0010_003  0.000 -1.76 -1.09  0.75  0.00 -2.10 0.282  00  03O000M000  0.598
ARG02_0010_004  0.000 -1.77 -1.09  0.75  0.00 -2.11 0.282  00  02O000M000  0.598
ARG01_0010_005  0.000 -3.30 -0.33  2.97  0.00 -0.66 0.147  00  01E003M000  0.707
ARG+1_0010_006  1.000 -3.37 -0.34  2.97  0.00 -0.74 0.147  00  +1E003M000  0.707
ARG03_0010_007  0.000 -3.32 -0.34  2.97  0.00 -0.69 0.147  00  03E003M000  0.707
ARG02_0010_008  0.000 -3.33 -0.34  2.97  0.00 -0.70 0.147  00  02E003M000  0.707
ARG01_0010_009  0.000 -4.54 -0.14  0.75  0.00 -3.92 0.045  00  01E004M000  0.732
ARG+1_0010_010  1.000 -4.60 -0.14  0.75  0.00 -3.99 0.045  00  +1E004M000  0.732
ARG03_0010_011  0.000 -4.55 -0.14  0.75  0.00 -3.94 0.045  00  03E004M000  0.732
ARG02_0010_012  0.000 -4.56 -0.14  0.75  0.00 -3.95 0.045  00  02E004M000  0.732
ARG01_0010_013  0.000 -0.72 -1.40  0.75  0.00 -1.37 0.128  00  01E006M000  0.627
ARG+1_0010_014  1.000 -0.79 -1.41  0.75  0.00 -1.44 0.128  00  +1E006M000  0.627
ARG03_0010_015  0.000 -0.73 -1.37  0.75  0.00 -1.35 0.128  00  03E006M000  0.627
ARG02_0010_016  0.000 -0.75 -1.40  0.75  0.00 -1.39 0.128  00  02E006M000  0.627
ARG01_0010_017  0.000 -4.15  0.58  4.08  0.00  0.51 0.012  00  01E009M000  0.737
ARG+1_0010_018  1.000 -4.22  0.58  4.08  0.00  0.44 0.012  00  +1E009M000  0.737
ARG03_0010_019  0.000 -4.17  0.58  4.08  0.00  0.49 0.012  00  03E009M000  0.737
ARG01_0010_020  0.000 -3.41 -0.72  0.75  0.00 -3.38 0.164  00  01E00AM000  0.607
ARG+1_0010_021  1.000 -3.54 -0.76  0.75  0.00 -3.54 0.164  00  +1E00AM000  0.607
ARG03_0010_022  0.000 -3.49 -0.76  0.75  0.00 -3.49 0.164  00  03E00AM000  0.607
ARG02_0010_023  0.000 -3.50 -0.75  0.75  0.00 -3.50 0.164  00  02E00AM000  0.607
ARG01_0010_024  0.000 -2.26 -1.10  0.75  0.00 -2.61 0.123  00  01E00BM000  0.628
ARG+1_0010_025  1.000 -2.37 -1.13  0.75  0.00 -2.74 0.123  00  +1E00BM000  0.628
ARG03_0010_026  0.000 -2.32 -1.12  0.75  0.00 -2.69 0.123  00  03E00BM000  0.628
ARG02_0010_027  0.000 -2.33 -1.12  0.75  0.00 -2.69 0.123  00  02E00BM000  0.628
ARG01_0010_028  0.000 -3.50  0.61  3.51  0.00  0.62 0.115  00  01E00DM000  0.581
ARG+1_0010_029  1.000 -3.62  0.45  3.51  0.00  0.34 0.115  00  +1E00DM000  0.581
ARG03_0010_030  0.000 -3.57  0.46  3.51  0.00  0.39 0.115  00  03E00DM000  0.581
ARG02_0010_031  0.000 -3.58  0.47  3.51  0.00  0.40 0.115  00  02E00DM000  0.581
ARG01_0010_032  0.000 -0.65 -0.26  1.28  0.00  0.37 0.048  00  01E00FM000  0.670
ARG+1_0010_033  1.000 -0.76 -0.29  1.28  0.00  0.23 0.048  00  +1E00FM000  0.670
ARG03_0010_034  0.000 -0.71 -0.29  1.28  0.00  0.28 0.048  00  03E00FM000  0.670
ARG02_0010_035  0.000 -0.72 -0.29  1.28  0.00  0.27 0.048  00  02E00FM000  0.670
ARG01_0010_036  0.000 -5.23 -0.22  2.97  0.00 -2.47 0.254  00  01E010M000  0.722
ARG+1_0010_037  1.000 -5.31 -0.23  2.97  0.00 -2.58 0.254  00  +1E010M000  0.722
ARG02_0010_038  0.000 -5.28 -0.23  2.97  0.00 -2.54 0.254  00  02E010M000  0.722
ARG01_0010_039  0.000 -4.00 -0.04  2.97  0.00 -1.07 0.065  00  01E017M000  0.735
ARG+1_0010_040  1.000 -4.08 -0.05  2.97  0.00 -1.16 0.065  00  +1E017M000  0.735
ARG03_0010_041  0.000 -4.03 -0.05  2.97  0.00 -1.11 0.065  00  03E017M000  0.735
ARG01_0010_042  0.000 -4.75 -0.32  0.75  0.00 -4.31 0.090  00  01E01BM000  0.716
ARG+1_0010_043  1.000 -4.82 -0.33  0.75  0.00 -4.40 0.090  00  +1E01BM000  0.716
ARG03_0010_044  0.000 -4.77 -0.33  0.75  0.00 -4.35 0.090  00  03E01BM000  0.716
ARG02_0010_045  0.000 -4.79 -0.33  0.75  0.00 -4.36 0.090  00  02E01BM000  0.716
ARG01_0010_046  0.000 -4.82 -0.97  3.55  0.00 -2.24 0.043  00  01E01EM000  0.722
ARG+1_0010_047  1.000 -4.90 -0.97  3.55  0.00 -2.32 0.043  00  +1E01EM000  0.722
ARG03_0010_048  0.000 -4.85 -0.97  3.55  0.00 -2.27 0.043  00  03E01EM000  0.722
ARG01_0010_049  0.000 -4.06  4.29  0.75  0.00  0.98 0.050  00  01E022M000  0.614
ARG+1_0010_050  1.000 -4.13  4.26  0.75  0.00  0.89 0.050  00  +1E022M000  0.614
ARG02_0010_051  0.000 -4.09  4.27  0.75  0.00  0.93 0.050  00  02E022M000  0.614
ARG01_0010_052  0.000 -5.17  0.10  4.08  0.00 -0.99 0.012  00  01E025M000  0.743
ARG+1_0010_053  1.000 -5.23  0.10  4.08  0.00 -1.05 0.012  00  +1E025M000  0.743
ARG03_0010_054  0.000 -5.18  0.11  4.08  0.00 -0.99 0.012  00  03E025M000  0.743
ARG02_0010_055  0.000 -5.19  0.10  4.08  0.00 -1.01 0.012  00  02E025M000  0.743
ARG01_0010_056  0.000 -6.30  2.43  3.51  0.00 -0.37 0.033  00  01E028M000  0.714
ARG+1_0010_057  1.000 -6.38  2.42  3.51  0.00 -0.45 0.033  00  +1E028M000  0.714
ARG03_0010_058  0.000 -6.33  2.42  3.51  0.00 -0.40 0.033  00  03E028M000  0.714
ARG02_0010_059  0.000 -6.34  2.42  3.51  0.00 -0.41 0.033  00  02E028M000  0.714
ARG01_0010_060  0.000 -5.15 -0.04  4.16  0.00 -1.02 0.115  00  01E029M000  0.687
ARG+1_0010_061  1.000 -5.22 -0.04  4.16  0.00 -1.10 0.115  00  +1E029M000  0.687
ARG01_0010_062  0.000 -2.55 -1.23  4.16  0.00  0.39 0.134  00  01E02CM000  0.627
ARG+1_0010_063  1.000 -2.65 -1.34  4.16  0.00  0.18 0.134  00  +1E02CM000  0.627
ARG02_0010_064  0.000 -2.61 -1.33  4.16  0.00  0.22 0.134  00  02E02CM000  0.627
ARG01_0010_065  0.000 -3.85 -0.38  1.28  0.00 -2.95 0.139  00  01E031M000  0.641
ARG+1_0010_066  1.000 -3.91 -0.39  1.28  0.00 -3.02 0.139  00  +1E031M000  0.641
ARG03_0010_067  0.000 -3.86 -0.38  1.28  0.00 -2.96 0.139  00  03E031M000  0.641
ARG02_0010_068  0.000 -3.87 -0.39  1.28  0.00 -2.98 0.139  00  02E031M000  0.641
ARG01_0010_069  0.000 -2.29 -0.20  1.28  0.00 -1.20 0.183  00  01E034M000  0.625
ARG+1_0010_070  1.000 -2.39 -0.21  1.28  0.00 -1.32 0.183  00  +1E034M000  0.625
ARG02_0010_071  0.000 -2.36 -0.21  1.28  0.00 -1.28 0.183  00  02E034M000  0.625
ARG03_0010_072  0.000 -1.90 -1.09  0.75  0.00 -2.23 0.282  00  03O000M000  0.598
ARG02_0010_073  0.000 -1.77 -1.08  0.75  0.00 -2.09 0.282  00  02O000M000  0.598
ARG02_0010_074  0.000 -3.32 -0.34  2.97  0.00 -0.70 0.147  00  02E003M000  0.707
ARG03_0010_075  0.000 -0.83 -1.38  0.75  0.00 -1.45 0.128  00  03E006M000  0.627
ARG02_0010_076  0.000 -0.74 -1.40  0.75  0.00 -1.39 0.128  00  02E006M000  0.627
ARG03_0010_077  0.000 -4.30  0.58  4.08  0.00  0.36 0.012  00  03E009M000  0.737
ARG02_0010_078  0.000 -4.17  0.58  4.08  0.00  0.48 0.012  00  02E009M000  0.737
ARG02_0010_079  0.000 -3.49 -0.75  0.75  0.00 -3.48 0.164  00  02E00AM000  0.607
ARG03_0010_080  0.000 -2.50 -1.12  0.75  0.00 -2.87 0.123  00  03E00BM000  0.628
ARG02_0010_081  0.000 -2.33 -1.11  0.75  0.00 -2.68 0.123  00  02E00BM000  0.628
ARG03_0010_082  0.000 -0.89 -0.29  1.28  0.00  0.11 0.048  00  03E00FM000  0.670
ARG03_0010_083  0.000 -5.26 -0.23  2.97  0.00 -2.52 0.254  00  03E010M000  0.722
ARG02_0010_084  0.000 -5.27 -0.23  2.97  0.00 -2.53 0.254  00  02E010M000  0.722
ARG03_0010_085  0.000 -4.21 -0.05  2.97  0.00 -1.29 0.065  00  03E017M000  0.735
ARG02_0010_086  0.000 -4.04 -0.05  2.97  0.00 -1.11 0.065  00  02E017M000  0.735
ARG02_0010_087  0.000 -4.78 -0.33  0.75  0.00 -4.36 0.090  00  02E01BM000  0.716
ARG03_0010_088  0.000 -5.03 -0.97  3.55  0.00 -2.45 0.043  00  03E01EM000  0.722
ARG02_0010_089  0.000 -4.85 -0.97  3.55  0.00 -2.28 0.043  00  02E01EM000  0.722
ARG03_0010_090  0.000 -4.01  4.27  0.75  0.00  1.02 0.050  00  03E022M000  0.614
ARG02_0010_091  0.000 -4.08  4.27  0.75  0.00  0.94 0.050  00  02E022M000  0.614
ARG03_0010_092  0.000 -5.17 -0.03  4.16  0.00 -1.03 0.115  00  03E029M000  0.687
ARG02_0010_093  0.000 -5.18 -0.04  4.16  0.00 -1.06 0.115  00  02E029M000  0.687
ARG03_0010_094  0.000 -2.78 -1.34  4.16  0.00  0.05 0.134  00  03E02CM000  0.627
ARG02_0010_095  0.000 -2.60 -1.32  4.16  0.00  0.24 0.134  00  02E02CM000  0.627
ARG02_0010_096  0.000 -3.87 -0.39  1.28  0.00 -2.97 0.139  00  02E031M000  0.641
ARG03_0010_097  0.000 -2.53 -0.21  1.28  0.00 -1.45 0.183  00  03E034M000  0.625
ARG02_0010_098  0.000 -2.35 -0.21  1.28  0.00 -1.28 0.183  00  02E034M000  0.625
GLN01_0011_001  0.000 -1.63  6.85  3.83  0.00  9.06 0.000  00  01O000M000  0.523
GLN01_0011_002  0.000 -2.27 -0.60  3.83  0.00  0.96 0.281  00  01E001M000  0.662
GLN01_0011_003  0.000 -1.74 -1.14  1.40  0.00 -1.49 0.467  00  01E002M000  0.548
GLN01_0011_004  0.000 -2.24 -1.05  3.83  0.00  0.54 0.475  00  01E004M000  0.625
GLN01_0011_005  0.000 -1.83 -1.07  3.77  0.00  0.87 0.261  00  01E005M000  0.673
GLN01_0011_006  0.000 -0.76  1.62  1.40  0.00  2.26 0.029  00  01R006M000  0.324
GLN01_0011_007  0.000 -1.29 -0.65  3.42  0.00  1.48 0.020  00  01E008M000  0.627
GLN01_0011_008  0.000 -2.09 -0.68  3.83  0.00  1.06 0.205  00  01E009M000  0.680
GLN01_0011_009  0.000 -1.99 -0.61  3.42  0.00  0.82 0.282  00  01E00AM000  0.655
GLN01_0011_010  0.000 -1.18 -1.18  0.99  0.00 -1.37 0.518  00  01E00BM000  0.622
GLN01_0011_011  0.000 -1.58 -1.14  1.40  0.00 -1.32 0.465  00  01E00CM000  0.595
GLN01_0011_012  0.000 -2.06 -1.10  0.99  0.00 -2.17 0.511  00  01E00DM000  0.662
GLN01_0011_013  0.000 -0.25 -1.11  0.60  0.00 -0.76 0.521  00  01E00EM000  0.563
GLN01_0011_014  0.000 -0.98 -1.92  3.77  0.00  0.86 0.135  00  01E00FM000  0.532
GLN01_0011_015  0.000 -0.25 -2.04  3.36  0.00  1.07 0.105  00  01E010M000  0.572
GLN01_0011_016  0.000 -2.35  0.72  3.42  0.00  1.79 0.014  00  01E012M000  0.661
GLN01_0011_017  0.000 -0.63 -0.95  3.04  0.00  1.46 0.040  00  01E013M000  0.594
GLN01_0011_018  0.000 -1.71 -1.17  3.77  0.00  0.88 0.239  00  01E014M000  0.663
GLN01_0011_019  0.000 -1.77 -0.52  0.99  0.00 -1.30 0.475  00  01E015M000  0.659
GLN01_0011_020  0.000 -0.66 -1.93  3.77  0.00  1.17 0.091  00  01E017M000  0.475
HIS01_0012_001  0.000 -5.72 -2.31  0.08  0.00 -7.95 0.487  00  01O000M000  0.487
HIS+1_0012_002  1.000 -5.77 -2.36  0.08  0.00 -8.05 0.487  00  +1O000M000  0.487
HIS02_0012_003  0.000 -5.74 -2.35  0.08  0.00 -8.01 0.487  00  02O000M000  0.487
HIS02_0012_004  0.000 -5.84 -2.31  0.08  0.00 -8.07 0.479  00  02R001M000  0.494
HIS01_0012_005  0.000 -7.50 -0.30  2.72  0.00 -5.08 0.098  00  01E002M000  0.648
HIS+1_0012_006  1.000 -7.54 -0.39  2.72  0.00 -5.21 0.098  00  +1E002M000  0.648
HIS02_0012_007  0.000 -7.51 -0.39  2.72  0.00 -5.18 0.098  00  02E002M000  0.648
HIS01_0012_008  0.000 -5.16  4.37  0.08  0.00 -0.71 0.078  00  01E003M000  0.435
HIS+1_0012_009  1.000 -5.20  4.17  0.08  0.00 -0.96 0.078  00  +1E003M000  0.435
HIS02_0012_010  0.000 -5.18  4.17  0.08  0.00 -0.93 0.078  00  02E003M000  0.435
HIS01_0012_011  0.000 -5.59 -2.43  0.08  0.00 -7.94 0.474  00  01E004M000  0.463
HIS+1_0012_012  1.000 -5.64 -2.51  0.08  0.00 -8.07 0.474  00  +1E004M000  0.463
HIS01_0012_013  0.000 -7.62  1.35  2.72  0.00 -3.55 0.112  00  01E005M000  0.650
HIS+1_0012_014  1.000 -7.66  1.23  2.72  0.00 -3.71 0.112  00  +1E005M000  0.650
HIS02_0012_015  0.000 -7.63  1.23  2.72  0.00 -3.68 0.112  00  02E005M000  0.650
HIS01_0012_016  0.000 -8.12 -0.34  2.72  0.00 -5.74 0.166  00  01E006M000  0.664
HIS+1_0012_017  1.000 -8.16 -0.45  2.72  0.00 -5.89 0.166  00  +1E006M000  0.664
HIS02_0012_018  0.000 -8.14 -0.45  2.72  0.00 -5.86 0.166  00  02E006M000  0.664
HIS01_0012_019  0.000 -7.64 -0.27  2.72  0.00 -5.19 0.142  00  01E007M000  0.660
HIS+1_0012_020  1.000 -7.69 -0.29  2.72  0.00 -5.26 0.142  00  +1E007M000  0.660
HIS02_0012_021  0.000 -7.66 -0.29  2.72  0.00 -5.23 0.142  00  02E007M000  0.660
HIS01_0012_022  0.000 -7.39  2.12  2.72  0.00 -2.55 0.162  00  01E008M000  0.645
HIS+1_0012_023  1.000 -7.44  2.11  2.72  0.00 -2.61 0.162  00  +1E008M000  0.645
HIS02_0012_024  0.000 -7.41  2.11  2.72  0.00 -2.58 0.162  00  02E008M000  0.645
HIS01_0012_025  0.000 -7.39 -0.38  2.72  0.00 -5.05 0.148  00  01E009M000  0.625
HIS+1_0012_026  1.000 -7.44 -0.39  2.72  0.00 -5.11 0.148  00  +1E009M000  0.625
HIS02_0012_027  0.000 -7.41 -0.39  2.72  0.00 -5.08 0.148  00  02E009M000  0.625
MET01_0013_001  0.000 -5.80 -0.77  0.42  0.00 -6.15 0.260  00  01O000M000  0.595
MET01_0013_002  0.000 -4.28 -1.43  2.82  0.00 -2.89 0.062  00  01R002M000  0.686
MET01_0013_003  0.000 -7.19 -0.48  2.41  0.00 -5.26 0.346  00  01R005M000  0.594
MET01_0013_004  0.000  0.24 -1.48  0.42  0.00 -0.82 0.105  00  01R006M000  0.590
MET01_0013_005  0.000 -6.35 -1.31  2.41  0.00 -5.25 0.086  00  01R007M000  0.578
MET01_0013_006  0.000 -5.79 -0.43  2.82  0.00 -3.40 0.338  00  01R00BM000  0.577
MET01_0013_007  0.000 -5.58 -0.47  4.81  0.00 -1.25 0.226  00  01R00CM000  0.576
MET01_0013_008  0.000 -8.14  1.11  4.78  0.00 -2.25 0.037  00  01R00DM000  0.706
MET01_0013_009  0.000 -7.20  1.83  5.19  0.00 -0.18 0.214  00  01R00EM000  0.701
MET01_0013_010  0.000 -2.21 -1.23  0.42  0.00 -3.02 0.049  00  01R00FM000  0.690
MET01_0013_011  0.000 -8.01 -0.84  2.41  0.00 -6.44 0.074  00  01R010M000  0.719
MET01_0013_012  0.000 -7.35 -0.97  2.82  0.00 -5.50 0.099  00  01R015M000  0.729
MET01_0013_013  0.000 -7.59 -1.25  2.41  0.00 -6.43 0.152  00  01R019M000  0.684
MET01_0013_014  0.000 -6.68 -1.45  4.81  0.00 -3.32 0.156  00  01R01CM000  0.685
MET01_0013_015  0.000 -6.56 -0.57  4.78  0.00 -2.35 0.336  00  01R01DM000  0.562
MET01_0013_016  0.000 -7.54 -0.23  2.79  0.00 -4.98 0.098  00  01R01EM000  0.643
MET01_0013_017  0.000 -7.46 -0.51  4.78  0.00 -3.19 0.065  00  01R01FM000  0.636
MET01_0013_018  0.000 -7.39 -0.14  4.78  0.00 -2.75 0.059  00  01R021M000  0.665
MET01_0013_019  0.000 -7.61 -0.09  2.79  0.00 -4.91 0.074  00  01R022M000  0.661
MET01_0013_020  0.000 -7.46  0.07  7.18  0.00 -0.21 0.046  00  01R024M000  0.727
