CONFORMER         crg  vdw0  vdw1  tors  epol  self   occ  Hb     history    ASA
LYS01_0001_001 -0.780 -8.44 -0.51  2.28  0.00 -6.66 0.000  00  01O000M000  0.873
LYS01_0001_002 -0.780 -8.75  0.39  2.90  0.00 -5.45 0.013  00  01Eo00M000  0.892
LYS01_0001_003 -0.780 -9.10  0.05  2.36  0.00 -6.69 0.425  00  01Eo00M000  0.818
LYS01_0001_004 -0.780 -8.95  0.27  2.07  0.00 -6.61 0.355  00  01Eo00M000  0.824
LYS01_0001_005 -0.780 -9.65  0.42  2.52  0.00 -6.71 0.079  00  01Eo00M000  0.894
LYS01_0001_006 -0.780 -8.51  0.09  2.52  0.00 -5.90 0.030  00  01Eo00M000  0.834
LYS01_0001_007 -0.780-10.29  0.95  2.45  0.00 -6.89 0.028  00  01Eo00M000  0.893
LYS01_0001_008 -0.780 -9.83  0.50  2.99  0.00 -6.34 0.061  00  01Eo00M000  0.895
LYS01_0001_009 -0.780 -9.51  0.47  2.70  0.00 -6.34 0.150  00  01Eo00M000  0.881
LYS01_0001_010 -0.780-10.06  0.33  3.15  0.00 -6.58 0.154  00  01Eo00M000  0.888
LYS01_0001_011 -0.780-10.27 -1.34  4.96  0.00 -6.65 0.267  00  01Eo00M000  0.906
LYS01_0001_012 -0.780-10.51 -0.92  4.67  0.00 -6.77 0.010  00  01Eo00M000  0.923
LYS01_0001_013 -0.780-10.51 -0.28  4.09  0.00 -6.71 0.074  00  01Eo00M000  0.934
LYS01_0001_014 -0.780 -8.82 -0.37  3.65  0.00 -5.54 0.339  00  01Eo00M000  0.840
LYS01_0001_015 -0.780 -9.39 -0.08  2.28  0.00 -7.19 0.170  00  01Eo00M000  0.886
LYS01_0001_016 -0.780 -9.51 -0.10  3.65  0.00 -5.96 0.137  00  01Eo00M000  0.881
LYS01_0001_017 -0.780 -8.33 -1.20  4.23  0.00 -5.29 0.021  00  01Eo00M000  0.908
LYS01_0001_018 -0.780-10.11  0.50  4.28  0.00 -5.33 0.021  00  01Eo00M000  0.899
LYS01_0001_019 -0.780 -9.85  0.54  2.90  0.00 -6.42 0.011  00  01Eo00M000  0.896
LYS01_0001_020 -0.780 -9.91  0.51  4.28  0.00 -5.13 0.010  00  01Eo00M000  0.896
LYS01_0001_021 -0.780 -9.70 -1.50  6.25  0.00 -4.95 0.472  00  01Eo00M000  0.868
LYS01_0001_022 -0.780 -9.41 -1.52  4.87  0.00 -6.06 0.570  00  01Eo00M000  0.846
LYS01_0001_023 -0.780 -8.94 -2.03  6.25  0.00 -4.71 0.565  00  01Eo00M000  0.802
LYS01_0001_024 -0.780-10.08  0.18  2.36  0.00 -7.54 0.262  00  01Eo00M000  0.865
LYS01_0001_025 -0.780 -9.73  0.05  3.74  0.00 -5.94 0.038  00  01Eo00M000  0.857
LYS01_0001_026 -0.780-10.23  0.42  3.45  0.00 -6.36 0.105  00  01Eo00M000  0.903
LYS01_0001_027 -0.780-10.02  0.43  2.07  0.00 -7.52 0.100  00  01Eo00M000  0.901
LYS01_0001_028 -0.780-10.03  0.39  3.45  0.00 -6.19 0.146  00  01Eo00M000  0.896
LYS01_0001_029 -0.780-10.06  0.45  2.52  0.00 -7.09 0.050  00  01Eo00M000  0.896
LYS01_0001_030 -0.780 -9.14  0.39  3.45  0.00 -5.30 0.011  00  01Eo00M000  0.846
LYS01_0001_031 -0.780 -9.51  0.36  3.90  0.00 -5.25 0.015  00  01Eo00M000  0.869
LYS01_0001_032 -0.780-10.22  0.96  2.45  0.00 -6.81 0.275  00  01Eo00M000  0.892
LYS01_0001_033 -0.780-10.23  0.57  2.99  0.00 -6.67 0.047  00  01Eo00M000  0.897
LYS01_0001_034 -0.780-10.02  0.46  4.08  0.00 -5.49 0.134  00  01Eo00M000  0.890
LYS01_0001_035 -0.780 -9.76  0.53  2.70  0.00 -6.53 0.103  00  01Eo00M000  0.887
LYS01_0001_036 -0.780-10.02  0.53  4.08  0.00 -5.41 0.106  00  01Eo00M000  0.890
LYS01_0001_037 -0.780-10.13  0.40  3.15  0.00 -6.57 0.077  00  01Eo00M000  0.897
LYS01_0001_038 -0.780-10.56 -1.04  4.96  0.00 -6.64 0.043  00  01Eo00M000  0.917
LYS01_0001_039 -0.780-10.83 -0.91  6.05  0.00 -5.70 0.013  00  01Eo00M000  0.924
LYS01_0001_040 -0.780-10.27 -1.02  5.12  0.00 -6.18 0.011  00  01Eo00M000  0.916
LYS01_0001_041 -0.780-10.51 -0.32  5.46  0.00 -5.37 0.140  00  01Eo00M000  0.922
LYS01_0001_042 -0.780-10.52 -0.32  4.09  0.00 -6.75 0.214  00  01Eo00M000  0.928
LYS01_0001_043 -0.780-10.83 -0.29  5.46  0.00 -5.66 0.116  00  01Eo00M000  0.935
GLU01_0002_001 -0.435 -1.36192.32  0.50  0.00191.47 0.000  00  01O000M000  0.332
GLU01_0002_002 -0.435 -1.95 -3.03  3.30  0.00 -1.69 0.223  00  01Eo00M000  0.450
GLU01_0002_003 -0.435 -2.40 -0.93  0.50  0.00 -2.83 0.281  00  01Eo00M000  0.560
GLU01_0002_004 -0.435 -1.82 -3.55  3.30  0.00 -2.07 0.057  00  01Eo00M000  0.428
GLU01_0002_005 -0.435 -2.47 -1.40  3.30  0.00 -0.58 0.202  00  01Eo00M000  0.565
GLU01_0002_006 -0.435 -2.90 -1.09  0.50  0.00 -3.49 0.544  00  01Eo00M000  0.636
GLU01_0002_007 -0.435 -2.57 -1.21  3.30  0.00 -0.48 0.107  00  01Eo00M000  0.580
GLU01_0002_008 -0.435 -1.53 -2.71  3.02  0.00 -1.22 0.083  00  01Eo00M000  0.481
GLU01_0002_009 -0.435 -2.38 -3.01  3.88  0.00 -1.51 0.189  00  01Eo00M000  0.487
GLU01_0002_010 -0.435 -2.09 -1.06  0.22  0.00 -2.94 0.300  00  01Eo00M000  0.601
GLU01_0002_011 -0.435 -2.71 -1.00  1.08  0.00 -2.63 0.355  00  01Eo00M000  0.546
GLU01_0002_012 -0.435 -3.51 -2.05  3.88  0.00 -1.68 0.428  00  01Eo00M000  0.712
GLU01_0002_013 -0.435 -2.84 -1.30  3.88  0.00 -0.26 0.259  00  01Eo00M000  0.574
GLU01_0002_014 -0.435 -3.10 -0.16  1.08  0.00 -2.19 0.184  00  01Eo00M000  0.635
GLU01_0002_015 -0.435 -2.91 -1.22  3.88  0.00 -0.25 0.161  00  01Eo00M000  0.598
THR01_0003_001 -0.490 -4.55  0.48  0.04  0.00 -4.02 0.554  00  01O000M000  0.610
THR01_0003_002 -0.490 -4.84 -0.66  0.04  0.00 -5.46 0.559  00  01Eo00M000  0.658
THR01_0003_003 -0.490 -5.29  1.11  2.76  0.00 -1.43 0.553  00  01Eo00M000  0.717
ALA01_0004_001  0.000 -3.92 -0.30  0.00  0.00 -4.22 1.000  00  01O000M000  0.951
ALA01_0005_001  0.000 -3.38 -0.26  0.00  0.00 -3.64 1.000  00  01O000M000  0.794
ALA01_0006_001  0.000 -1.89 -1.00  0.00  0.00 -2.89 1.000  00  01O000M000  0.467
LYS01_0007_001 -0.780 -6.19 -2.50  3.68  0.00 -5.02 0.329  00  01O000M000  0.552
LYS01_0007_002 -0.780 -5.75 -2.98  5.09  0.00 -3.64 0.240  00  01Eo00M000  0.514
LYS01_0007_003 -0.780 -5.24 -2.72  4.10  0.00 -3.85 0.023  00  01Eo00M000  0.464
LYS01_0007_004 -0.780 -4.13 -2.75  3.88  0.00 -2.99 0.161  00  01Eo00M000  0.358
LYS01_0007_005 -0.780 -4.93 -2.57  3.94  0.00 -3.56 0.260  00  01Eo00M000  0.438
LYS01_0007_006 -0.780 -6.01 -2.69  4.14  0.00 -4.56 0.128  00  01Eo00M000  0.543
LYS01_0007_007 -0.780 -4.03 -3.11  3.49  0.00 -3.65 0.208  00  01Eo00M000  0.498
LYS01_0007_008 -0.780 -5.78 -2.88  3.88  0.00 -4.78 0.405  00  01Eo00M000  0.536
LYS01_0007_009 -0.780 -5.79 -2.58  3.98  0.00 -4.39 0.122  00  01Eo00M000  0.522
LYS01_0007_010 -0.780 -4.95 -2.99  5.29  0.00 -2.65 0.114  00  01Eo00M000  0.471
LYS01_0007_011 -0.780 -5.06 -2.94  4.56  0.00 -3.44 0.020  00  01Eo00M000  0.468
LYS01_0007_012 -0.780 -4.19 -2.87  4.09  0.00 -2.97 0.273  00  01Eo00M000  0.398
LYS01_0007_013 -0.780 -5.13 -2.55  4.19  0.00 -3.50 0.108  00  01Eo00M000  0.456
LYS01_0007_014 -0.780 -4.15 -3.13  4.40  0.00 -2.88 0.022  00  01Eo00M000  0.376
LYS01_0007_015 -0.780 -5.53 -2.64  4.14  0.00 -4.03 0.220  00  01Eo00M000  0.516
LYS01_0007_016 -0.780 -5.81 -2.47  4.24  0.00 -4.04 0.091  00  01Eo00M000  0.518
LYS01_0007_017 -0.780 -4.70 -3.82  5.55  0.00 -2.97 0.011  00  01Eo00M000  0.450
LYS01_0007_018 -0.780 -5.95 -2.49  2.69  0.00 -5.76 0.354  00  01Eo00M000  0.541
LYS01_0007_019 -0.780 -5.23 -2.56  3.68  0.00 -4.11 0.288  00  01Eo00M000  0.483
LYS01_0007_020 -0.780 -1.59 -2.64  2.69  0.00 -1.55 0.183  00  01Eo00M000  0.459
LYS01_0007_021 -0.780 -5.38 -2.56  2.69  0.00 -5.26 0.355  00  01Eo00M000  0.504
LYS01_0007_022 -0.780 -5.80 -2.91  4.09  0.00 -4.62 0.343  00  01Eo00M000  0.520
LYS01_0007_023 -0.780 -5.45 -2.94  5.09  0.00 -3.31 0.268  00  01Eo00M000  0.494
LYS01_0007_024 -0.780 -4.71 -3.37  4.09  0.00 -3.99 0.417  00  01Eo00M000  0.444
LYS01_0007_025 -0.780 -3.99 -2.86  3.11  0.00 -3.74 0.061  00  01Eo00M000  0.357
LYS01_0007_026 -0.780 -4.81 -2.70  3.11  0.00 -4.39 0.138  00  01Eo00M000  0.453
LYS01_0007_027 -0.780 -4.83 -2.63  2.89  0.00 -4.57 0.254  00  01Eo00M000  0.426
LYS01_0007_028 -0.780 -4.66 -2.60  3.88  0.00 -3.38 0.289  00  01Eo00M000  0.429
LYS01_0007_029 -0.780 -0.72 -2.70  2.89  0.00 -0.53 0.019  00  01Eo00M000  0.374
LYS01_0007_030 -0.780 -3.11 -3.10  2.89  0.00 -3.32 0.177  00  01Ro00M000  0.292
LYS01_0007_031 -0.780 -5.84 -2.49  2.94  0.00 -5.39 0.338  00  01Eo00M000  0.521
LYS01_0007_032 -0.780 -5.29 -2.50  3.94  0.00 -3.85 0.201  00  01Eo00M000  0.491
LYS01_0007_033 -0.780 -4.59 -2.64  2.94  0.00 -4.29 0.308  00  01Eo00M000  0.441
LYS01_0007_034 -0.780 -4.81 -2.92  4.52  0.00 -3.21 0.072  00  01Eo00M000  0.427
LYS01_0007_035 -0.780 -5.35 -2.93  4.52  0.00 -3.77 0.060  00  01Eo00M000  0.492
LYS01_0007_036 -0.780 -6.22 -2.58  3.15  0.00 -5.65 0.309  00  01Eo00M000  0.553
LYS01_0007_037 -0.780 -5.66 -2.59  4.14  0.00 -4.11 0.168  00  01Eo00M000  0.515
LYS01_0007_038 -0.780 -4.42 -3.09  3.15  0.00 -4.37 0.346  00  01Eo00M000  0.451
LYS01_0007_039 -0.780 -4.21 -2.94  2.50  0.00 -4.65 0.316  00  01Eo00M000  0.525
LYS01_0007_040 -0.780 -3.62 -3.05  3.49  0.00 -3.18 0.174  00  01Eo00M000  0.476
LYS01_0007_041 -0.780 -5.38 -2.96  2.89  0.00 -5.46 0.385  00  01Eo00M000  0.515
LYS01_0007_042 -0.780 -4.17 -3.56  3.88  0.00 -3.85 0.130  00  01Eo00M000  0.439
LYS01_0007_043 -0.780 -4.54 -3.08  2.89  0.00 -4.73 0.263  00  01Eo00M000  0.450
LYS01_0007_044 -0.780 -5.82 -2.64  2.99  0.00 -5.47 0.328  00  01Eo00M000  0.521
LYS01_0007_045 -0.780 -5.32 -2.89  3.98  0.00 -4.23 0.178  00  01Eo00M000  0.495
LYS01_0007_046 -0.780 -5.24 -2.63  2.99  0.00 -4.88 0.342  00  01Eo00M000  0.494
LYS01_0007_047 -0.780 -5.74 -3.13  4.55  0.00 -4.32 0.119  00  01Eo00M000  0.506
LYS01_0007_048 -0.780 -4.27 -3.80  4.55  0.00 -3.51 0.013  00  01Eo00M000  0.420
LYS01_0007_049 -0.780 -4.28 -3.28  3.90  0.00 -3.65 0.286  00  01Eo00M000  0.503
LYS01_0007_050 -0.780 -5.06 -3.03  4.30  0.00 -3.80 0.338  00  01Eo00M000  0.469
LYS01_0007_051 -0.780 -4.10 -3.07  4.30  0.00 -2.87 0.337  00  01Eo00M000  0.416
LYS01_0007_052 -0.780 -5.78 -2.86  4.39  0.00 -4.24 0.086  00  01Eo00M000  0.511
LYS01_0007_053 -0.780 -5.04 -2.95  4.39  0.00 -3.59 0.089  00  01Eo00M000  0.466
LYS01_0007_054 -0.780 -4.96 -2.77  3.57  0.00 -4.17 0.170  00  01Eo00M000  0.456
LYS01_0007_055 -0.780 -4.19 -3.18  3.57  0.00 -3.79 0.080  00  01Eo00M000  0.434
LYS01_0007_056 -0.780 -3.77 -3.00  3.35  0.00 -3.41 0.156  00  01Eo00M000  0.332
LYS01_0007_057 -0.780 -4.22 -2.84  3.10  0.00 -3.97 0.294  00  01Eo00M000  0.420
LYS01_0007_058 -0.780 -4.61 -2.64  3.19  0.00 -4.06 0.269  00  01Eo00M000  0.420
LYS01_0007_059 -0.780 -4.43 -2.72  4.19  0.00 -2.97 0.036  00  01Eo00M000  0.400
LYS01_0007_060 -0.780 -4.29 -2.57  3.19  0.00 -3.66 0.325  00  01Eo00M000  0.402
LYS01_0007_061 -0.780 -4.82 -2.74  3.40  0.00 -4.16 0.351  00  01Eo00M000  0.437
LYS01_0007_062 -0.780 -5.00 -2.73  4.40  0.00 -3.33 0.040  00  01Eo00M000  0.446
LYS01_0007_063 -0.780 -4.95 -2.81  3.15  0.00 -4.62 0.355  00  01Eo00M000  0.456
LYS01_0007_064 -0.780 -4.07 -3.34  4.14  0.00 -3.27 0.152  00  01Eo00M000  0.421
LYS01_0007_065 -0.780 -4.99 -2.67  3.15  0.00 -4.51 0.335  00  01Eo00M000  0.489
LYS01_0007_066 -0.780 -5.81 -2.51  3.24  0.00 -5.07 0.333  00  01Eo00M000  0.516
LYS01_0007_067 -0.780 -5.67 -2.56  4.24  0.00 -3.99 0.111  00  01Eo00M000  0.512
LYS01_0007_068 -0.780 -5.13 -2.50  3.24  0.00 -4.39 0.371  00  01Eo00M000  0.478
LYS01_0007_069 -0.780 -2.70 -3.82  4.72  0.00 -1.81 0.020  00  01Ro00M000  0.253
LYS01_0007_070 -0.780 -4.64 -4.11  4.55  0.00 -4.19 0.296  00  01Eo00M000  0.433
LYS01_0007_071 -0.780 -4.96 -3.73  4.55  0.00 -4.14 0.256  00  01Eo00M000  0.487
LYS01_0007_072 -0.780 -5.25 -3.79  4.65  0.00 -4.39 0.175  00  01Eo00M000  0.454
LYS01_0007_073 -0.780 -4.49 -3.96  4.65  0.00 -3.79 0.122  00  01Eo00M000  0.413
PHE01_0008_001  0.000 -3.34 -2.98  0.01  0.00 -6.31 0.513  00  01O000M000  0.598
PHE01_0008_002  0.000 -4.62 -3.08  2.79  0.00 -4.90 0.570  00  01Ro00M000  0.703
PHE01_0008_003  0.000 -3.13 -3.01  0.01  0.00 -6.14 0.512  00  01Ro00M000  0.594
PHE01_0008_004  0.000 -3.40 -2.18  0.01  0.00 -5.58 0.161  00  01Ro00M000  0.607
PHE01_0008_005  0.000 -4.28 -3.11  2.79  0.00 -4.59 0.550  00  01Ro00M000  0.698
PHE01_0008_006  0.000 -4.42 -2.47  2.79  0.00 -4.10 0.191  00  01Ro00M000  0.674
PHE01_0008_007  0.000 -4.62 -2.23  2.79  0.00 -4.06 0.478  00  01Ro00M000  0.687
PHE01_0008_008  0.000 -3.27  2.47  0.01  0.00 -0.79 0.477  00  01Ro00M000  0.592
GLU01_0009_001 -0.435 -0.12 -3.34  1.55  0.00 -1.90 0.000  00  01O000M000  0.764
GLU01_0009_002 -0.435 -2.43 -3.19  1.99  0.00 -3.63 0.478  00  01Eo00M000  0.704
GLU01_0009_003 -0.435 -2.81 -3.45  2.31  0.00 -3.95 0.481  00  01Eo00M000  0.656
GLU01_0009_004 -0.435 -1.97 -3.25  1.55  0.00 -3.67 0.479  00  01Eo00M000  0.762
GLU01_0009_005 -0.435 -2.86 -3.25  1.99  0.00 -4.12 0.478  00  01Eo00M000  0.717
GLU01_0009_006 -0.435 -2.75 -3.52  2.31  0.00 -3.96 0.483  00  01Eo00M000  0.666
GLU01_0009_007 -0.435 -2.75  0.13  1.99  0.00 -0.63 0.401  00  01Eo00M000  0.773
GLU01_0009_008 -0.435 -3.40  0.22  2.31  0.00 -0.88 0.156  00  01Eo00M000  0.796
GLU01_0009_009 -0.435 -1.98  0.19  1.55  0.00 -0.24 0.063  00  01Eo00M000  0.772
GLU01_0009_010 -0.435 -2.93  0.17  1.99  0.00 -0.76 0.396  00  01Eo00M000  0.758
GLU01_0009_011 -0.435 -3.04  0.21  2.31  0.00 -0.52 0.125  00  01Eo00M000  0.744
GLU01_0009_012 -0.435 -2.91 -2.33  3.34  0.00 -1.90 0.205  00  01Eo00M000  0.783
GLU01_0009_013 -0.435 -3.31 -2.33  3.65  0.00 -2.00 0.181  00  01Eo00M000  0.783
GLU01_0009_014 -0.435 -3.05 -2.31  3.34  0.00 -2.03 0.206  00  01Eo00M000  0.760
GLU01_0009_015 -0.435 -3.26 -2.38  3.65  0.00 -1.99 0.183  00  01Eo00M000  0.778
GLU01_0009_016 -0.435 -2.49 -2.40  3.55  0.00 -1.34 0.192  00  01Eo00M000  0.737
GLU01_0009_017 -0.435 -2.95 -2.32  3.86  0.00 -1.41 0.345  00  01Eo00M000  0.687
GLU01_0009_018 -0.435 -2.83 -2.36  3.55  0.00 -1.65 0.299  00  01Eo00M000  0.727
GLU01_0009_019 -0.435 -2.85 -2.34  3.86  0.00 -1.33 0.352  00  01Eo00M000  0.706
GLU01_0009_020 -0.435 -2.67 -2.65  2.31  0.00 -3.01 0.096  00  01Eo00M000  0.628
GLU01_0009_021 -0.435 -1.63 -2.60  1.55  0.00 -2.68 0.020  00  01Eo00M000  0.682
GLU01_0009_022 -0.435 -2.40 -2.35  1.99  0.00 -2.77 0.030  00  01Eo00M000  0.629
GLU01_0009_023 -0.435 -2.68 -2.65  2.31  0.00 -3.02 0.112  00  01Eo00M000  0.662
ARG01_0010_001 -1.500 -4.11 -1.68  0.75  0.00 -5.04 0.278  00  01O000M000  0.575
ARG01_0010_002 -1.500 -6.47 -2.69  3.55  0.00 -5.61 0.129  00  01Eo00M000  0.769
ARG01_0010_003 -1.500 -6.55 -2.62  1.28  0.00 -7.88 0.052  00  01Eo00M000  0.758
ARG01_0010_004 -1.500 -7.21 -1.01  2.97  0.00 -5.24 0.149  00  01Eo00M000  0.746
ARG01_0010_005 -1.500 -7.83 -0.80  0.75  0.00 -7.88 0.042  00  01Eo00M000  0.782
ARG01_0010_006 -1.500 -7.32 -0.93  2.97  0.00 -5.28 0.094  00  01Eo00M000  0.765
ARG01_0010_007 -1.500 -4.77 -1.92  0.75  0.00 -5.93 0.129  00  01Eo00M000  0.652
ARG01_0010_008 -1.500 -7.68 -2.32  3.55  0.00 -6.45 0.096  00  01Eo00M000  0.761
ARG01_0010_009 -1.500 -5.97 -3.52  5.76  0.00 -3.73 0.039  00  01Eo00M000  0.648
ARG01_0010_010 -1.500 -7.95 -2.27  4.08  0.00 -6.13 0.010  00  01Eo00M000  0.799
ARG01_0010_011 -1.500 -4.85 -1.37  0.75  0.00 -5.46 0.159  00  01Eo00M000  0.627
ARG01_0010_012 -1.500 -5.39 -1.69  0.75  0.00 -6.33 0.124  00  01Eo00M000  0.667
ARG01_0010_013 -1.500 -6.65 -2.61  3.55  0.00 -5.70 0.116  00  01Eo00M000  0.768
ARG01_0010_014 -1.500 -5.07 -3.34  3.51  0.00 -4.90 0.117  00  01Eo00M000  0.623
ARG01_0010_015 -1.500 -6.72 -2.30  1.28  0.00 -7.73 0.061  00  01Eo00M000  0.760
ARG01_0010_016 -1.500 -6.42 -2.37  1.28  0.00 -7.50 0.048  00  01Eo00M000  0.739
ARG01_0010_017 -1.500 -7.49 -0.90  2.97  0.00 -5.42 0.261  00  01Eo00M000  0.746
ARG01_0010_018 -1.500 -6.25 -1.11  2.97  0.00 -4.39 0.122  00  01Eo00M000  0.665
ARG01_0010_019 -1.500 -4.19 -2.03  2.97  0.00 -3.25 0.121  00  01Eo00M000  0.575
ARG01_0010_020 -1.500 -7.94 -0.73  0.75  0.00 -7.92 0.129  00  01Eo00M000  0.780
ARG01_0010_021 -1.500 -7.65 -0.79  0.75  0.00 -7.69 0.204  00  01Eo00M000  0.756
ARG01_0010_022 -1.500 -6.57 -1.08  0.75  0.00 -6.90 0.147  00  01Eo00M000  0.710
ARG01_0010_023 -1.500 -7.86 -0.76  2.97  0.00 -5.65 0.046  00  01Eo00M000  0.767
ARG01_0010_024 -1.500 -7.99 -0.72  2.97  0.00 -5.74 0.066  00  01Eo00M000  0.780
ARG01_0010_025 -1.500 -7.59 -0.85  2.97  0.00 -5.47 0.020  00  01Eo00M000  0.790
ARG01_0010_026 -1.500 -6.77 -1.06  0.75  0.00 -7.07 0.177  00  01Eo00M000  0.740
ARG01_0010_027 -1.500 -7.27 -0.87  0.75  0.00 -7.38 0.200  00  01Eo00M000  0.768
ARG01_0010_028 -1.500 -6.58 -0.98  0.75  0.00 -6.81 0.087  00  01Eo00M000  0.761
ARG01_0010_029 -1.500 -8.20 -2.27  5.76  0.00 -4.70 0.022  00  01Eo00M000  0.797
ARG01_0010_030 -1.500 -8.04 -2.26  3.55  0.00 -6.76 0.039  00  01Eo00M000  0.768
ARG01_0010_031 -1.500 -8.24 -2.21  3.55  0.00 -6.90 0.044  00  01Eo00M000  0.801
ARG01_0010_032 -1.500 -7.33 -2.29  3.55  0.00 -6.07 0.036  00  01Eo00M000  0.777
ARG01_0010_033 -1.500 -7.50 -2.36  5.76  0.00 -4.10 0.027  00  01Eo00M000  0.795
ARG01_0010_034 -1.500 -5.62 -3.49  3.55  0.00 -5.56 0.114  00  01Eo00M000  0.662
ARG01_0010_035 -1.500 -6.17 -2.87  0.75  0.00 -8.28 0.050  00  01Eo00M000  0.668
ARG01_0010_036 -1.500 -7.37 -1.28  1.28  0.00 -7.36 0.036  00  01Eo00M000  0.724
ARG01_0010_037 -1.500 -8.41 -2.21  4.08  0.00 -6.54 0.023  00  01Eo00M000  0.807
ARG01_0010_038 -1.500 -7.76 -2.67  4.08  0.00 -6.34 0.012  00  01Eo00M000  0.813
ARG01_0010_039 -1.500 -7.31 -2.55  4.08  0.00 -5.78 0.146  00  01Eo00M000  0.767
ARG01_0010_040 -1.500 -6.75 -2.59  4.08  0.00 -5.26 0.011  00  01Eo00M000  0.767
ARG01_0010_041 -1.500 -7.82 -3.32  3.71  0.00 -7.43 0.011  00  01Eo00M000  0.826
ARG01_0010_042 -1.500 -7.59 -2.60  3.71  0.00 -6.48 0.011  00  01Eo00M000  0.815
ARG01_0010_043 -1.500 -8.28 -1.91  3.51  0.00 -6.68 0.034  00  01Eo00M000  0.801
ARG01_0010_044 -1.500 -7.70 -2.63  4.16  0.00 -6.17 0.118  00  01Eo00M000  0.739
ARG01_0010_045 -1.500 -6.99 -2.59  4.16  0.00 -5.41 0.027  00  01Eo00M000  0.742
ARG01_0010_046 -1.500 -4.94 -4.98  4.16  0.00 -5.76 0.161  00  01Eo00M000  0.573
ARG01_0010_047 -1.500 -6.47 -3.86  4.16  0.00 -6.17 0.137  00  01Eo00M000  0.679
ARG01_0010_048 -1.500 -5.98 -3.98  4.16  0.00 -5.80 0.143  00  01Eo00M000  0.689
ARG01_0010_049 -1.500 -7.78 -2.12  3.50  0.00 -6.40 0.110  00  01Eo00M000  0.760
ARG01_0010_050 -1.500 -7.22 -2.17  1.28  0.00 -8.11 0.250  00  01Eo00M000  0.711
ARG01_0010_051 -1.500 -7.56 -2.13  1.28  0.00 -8.40 0.137  00  01Eo00M000  0.738
ARG01_0010_052 -1.500 -6.83 -2.43  1.28  0.00 -7.97 0.141  00  01Eo00M000  0.729
ARG01_0010_053 -1.500 -5.19 -2.79  3.50  0.00 -4.48 0.046  00  01Eo00M000  0.604
ARG01_0010_054 -1.500 -7.15 -2.23  1.28  0.00 -8.10 0.119  00  01Eo00M000  0.736
ARG01_0010_055 -1.500 -6.71 -2.30  1.28  0.00 -7.73 0.191  00  01Eo00M000  0.709
GLN01_0011_001 -0.780 -2.51 -0.71  3.83  0.00  0.62 0.000  00  01O000M000  0.531
GLN01_0011_002 -0.780 -3.07 -1.63  3.83  0.00 -0.87 0.280  00  01Eo00M000  0.650
GLN01_0011_003 -0.780 -2.69 -1.80  1.40  0.00 -3.09 0.471  00  01Eo00M000  0.563
GLN01_0011_004 -0.780 -2.77 -2.87  3.77  0.00 -1.87 0.129  00  01Eo00M000  0.602
GLN01_0011_005 -0.780 -3.11 -2.12  3.83  0.00 -1.40 0.468  00  01Eo00M000  0.670
GLN01_0011_006 -0.780 -3.35 -1.95  3.77  0.00 -1.54 0.253  00  01Eo00M000  0.721
GLN01_0011_007 -0.780 -1.56  1.16  1.40  0.00  1.00 0.026  00  01Ro00M000  0.326
GLN01_0011_008 -0.780 -2.03 -2.84  3.77  0.00 -1.10 0.087  00  01Eo00M000  0.432
GLN01_0011_009 -0.780 -2.01 -1.66  3.42  0.00 -0.24 0.018  00  01Eo00M000  0.620
GLN01_0011_010 -0.780 -2.90 -1.68  3.83  0.00 -0.75 0.203  00  01Eo00M000  0.653
GLN01_0011_011 -0.780 -2.88 -1.63  3.42  0.00 -1.09 0.278  00  01Eo00M000  0.671
GLN01_0011_012 -0.780 -1.97 -1.83  0.99  0.00 -2.81 0.515  00  01Eo00M000  0.613
GLN01_0011_013 -0.780 -2.62 -1.80  1.40  0.00 -3.02 0.474  00  01Eo00M000  0.614
GLN01_0011_014 -0.780 -2.79 -1.77  0.99  0.00 -3.57 0.516  00  01Eo00M000  0.641
GLN01_0011_015 -0.780 -1.57 -1.78  0.60  0.00 -2.74 0.519  00  01Eo00M000  0.558
GLN01_0011_016 -0.780 -2.57 -2.75  3.77  0.00 -1.56 0.132  00  01Eo00M000  0.616
GLN01_0011_017 -0.780 -2.32 -2.87  3.36  0.00 -1.83 0.109  00  01Eo00M000  0.575
GLN01_0011_018 -0.780 -2.62 -2.16  3.83  0.00 -0.94 0.315  00  01Eo00M000  0.617
GLN01_0011_019 -0.780 -2.78 -1.65  3.42  0.00 -1.00 0.014  00  01Eo00M000  0.632
GLN01_0011_020 -0.780 -1.68 -2.01  3.04  0.00 -0.66 0.039  00  01Eo00M000  0.617
GLN01_0011_021 -0.780 -3.06 -2.00  3.77  0.00 -1.29 0.231  00  01Eo00M000  0.694
GLN01_0011_022 -0.780 -2.04 -1.99  0.99  0.00 -3.04 0.480  00  01Eo00M000  0.622
GLN01_0011_023 -0.780 -2.76 -2.14  0.99  0.00 -3.91 0.483  00  01Eo00M000  0.633
GLN01_0011_024 -0.780 -1.81 -2.87  3.77  0.00 -0.92 0.086  00  01Eo00M000  0.453
HIS01_0012_001 -0.650 -5.40 -2.37  0.08  0.00 -7.69 0.486  00  01O000M000  0.511
HIS01_0012_002 -0.650 -5.49 -2.39  0.08  0.00 -7.80 0.480  00  01O000M000  0.507
HIS01_0012_003 -0.650 -7.45 -2.03  2.72  0.00 -6.75 0.095  00  01Eo00M000  0.716
HIS01_0012_004 -0.650 -4.73  4.20  0.08  0.00 -0.45 0.075  00  01Eo00M000  0.457
HIS01_0012_005 -0.650 -5.29 -2.54  0.08  0.00 -7.76 0.482  00  01Eo00M000  0.485
HIS01_0012_006 -0.650 -7.34 -1.30  2.72  0.00 -5.91 0.114  00  01Eo00M000  0.701
HIS01_0012_007 -0.650 -7.87 -2.12  2.72  0.00 -7.27 0.164  00  01Eo00M000  0.716
HIS01_0012_008 -0.650 -7.53 -2.04  2.72  0.00 -6.85 0.138  00  01Eo00M000  0.713
HIS01_0012_009 -0.650 -7.05 -1.47  2.72  0.00 -5.80 0.160  00  01Eo00M000  0.694
HIS01_0012_010 -0.650 -7.71 -2.05  2.72  0.00 -7.04 0.141  00  01Eo00M000  0.711
MET01_0013_001  0.000 -6.41 -2.35  0.42  0.00 -8.34 0.254  00  01O000M000  0.645
MET01_0013_002  0.000 -6.56 -2.32  2.82  0.00 -6.05 0.287  00  01Ro00M000  0.675
MET01_0013_003  0.000 -7.21 -1.87  2.82  0.00 -6.26 0.059  00  01Ro00M000  0.750
MET01_0013_004  0.000 -5.54 -2.75  2.41  0.00 -5.88 0.231  00  01Ro00M000  0.540
MET01_0013_005  0.000 -6.29 -2.28  0.42  0.00 -8.15 0.291  00  01Ro00M000  0.599
MET01_0013_006  0.000 -6.90 -2.20  2.41  0.00 -6.68 0.337  00  01Ro00M000  0.648
MET01_0013_007  0.000 -6.04 -2.72  0.42  0.00 -8.34 0.104  00  01Ro00M000  0.632
MET01_0013_008  0.000 -6.39 -2.63  2.41  0.00 -6.61 0.084  00  01Ro00M000  0.619
MET01_0013_009  0.000 -5.94 -2.78  0.42  0.00 -8.30 0.116  00  01Ro00M000  0.575
MET01_0013_010  0.000 -6.80 -2.39  2.82  0.00 -6.37 0.203  00  01Ro00M000  0.703
MET01_0013_011  0.000 -6.96 -2.30  4.81  0.00 -4.46 0.310  00  01Ro00M000  0.661
MET01_0013_012  0.000 -6.80 -2.25  2.82  0.00 -6.22 0.334  00  01Ro00M000  0.660
MET01_0013_013  0.000 -6.42 -2.27  4.81  0.00 -3.88 0.222  00  01Ro00M000  0.626
MET01_0013_014  0.000 -7.81  0.07  4.78  0.00 -2.95 0.041  00  01Ro00M000  0.787
MET01_0013_015  0.000 -7.67 -1.30  5.19  0.00 -3.77 0.211  00  01Ro00M000  0.766
MET01_0013_016  0.000 -7.14 -1.72  0.42  0.00 -8.44 0.047  00  01Ro00M000  0.739
MET01_0013_017  0.000 -8.31 -1.51  2.41  0.00 -7.41 0.077  00  01Ro00M000  0.808
MET01_0013_018  0.000 -8.48 -1.50  0.42  0.00 -9.56 0.041  00  01Ro00M000  0.827
MET01_0013_019  0.000 -8.53 -1.66  2.41  0.00 -7.78 0.027  00  01Ro00M000  0.828
MET01_0013_020  0.000 -5.88 -2.08  2.82  0.00 -5.14 0.030  00  01Ro00M000  0.633
MET01_0013_021  0.000 -7.30 -1.72  4.81  0.00 -4.22 0.133  00  01Ro00M000  0.721
MET01_0013_022  0.000 -7.91 -1.64  2.82  0.00 -6.73 0.092  00  01Ro00M000  0.784
MET01_0013_023  0.000 -7.87 -1.69  4.81  0.00 -4.75 0.044  00  01Ro00M000  0.784
MET01_0013_024  0.000 -7.23 -2.03  2.41  0.00 -6.86 0.151  00  01Ro00M000  0.710
MET01_0013_025  0.000 -7.45 -1.89  0.42  0.00 -8.92 0.121  00  01Ro00M000  0.724
MET01_0013_026  0.000 -7.16 -1.92  2.41  0.00 -6.67 0.150  00  01Ro00M000  0.718
MET01_0013_027  0.000 -7.93 -2.31  4.81  0.00 -5.44 0.088  00  01Ro00M000  0.775
MET01_0013_028  0.000 -7.94 -2.06  2.82  0.00 -7.19 0.123  00  01Ro00M000  0.774
MET01_0013_029  0.000 -7.19 -2.12  4.81  0.00 -4.51 0.156  00  01Ro00M000  0.713
MET01_0013_030  0.000 -6.23 -2.42  4.78  0.00 -3.87 0.334  00  01Ro00M000  0.600
MET01_0013_031  0.000 -7.23 -2.25  2.79  0.00 -6.69 0.098  00  01Ro00M000  0.694
MET01_0013_032  0.000 -6.99 -2.39  4.78  0.00 -4.60 0.069  00  01Ro00M000  0.679
MET01_0013_033  0.000 -6.74 -2.48  5.19  0.00 -4.02 0.106  00  01Ro00M000  0.667
MET01_0013_034  0.000 -7.56 -2.14  4.78  0.00 -4.92 0.057  00  01Ro00M000  0.729
MET01_0013_035  0.000 -7.62 -2.11  2.79  0.00 -6.94 0.071  00  01Ro00M000  0.730
MET01_0013_036  0.000 -6.33 -2.27  4.78  0.00 -3.83 0.076  00  01Ro00M000  0.639
MET01_0013_037  0.000 -8.18 -2.01  7.18  0.00 -3.00 0.044  00  01Ro00M000  0.789
MET01_0013_038  0.000 -8.41 -1.90  5.19  0.00 -5.13 0.044  00  01Ro00M000  0.788
MET01_0013_039  0.000 -7.78 -1.95  7.18  0.00 -2.55 0.024  00  01Ro00M000  0.745
