CONFORMER         crg  vdw0  vdw1  tors  epol  self   occ  Hb     history    ASA
LYS01_0001_001 -0.780 -8.44 -0.51  2.28  0.00 -6.66 0.000  00  01O000M000  0.873
LYS01_0001_002 -0.780 -9.01 -1.50  4.23  0.00 -6.28 0.000  00  01Ro00M000  0.893
LYS01_0001_003 -0.780 -9.11  0.28  2.28  0.00 -6.54 0.000  00  01Ro00M000  0.921
LYS01_0001_004 -0.780 -9.16  2.23  4.23  0.00 -2.70 0.000  00  01Ro00M000  0.936
LYS01_0001_005 -0.780 -8.55  0.82  2.28  0.00 -5.45 0.000  00  01Ro00M000  0.902
LYS01_0001_006 -0.780 -8.75  0.39  2.90  0.00 -5.45 0.000  00  01Ro00M000  0.892
LYS01_0001_007 -0.780 -9.52 -0.24  4.33  0.00 -5.43 0.000  00  01Ro00M000  0.944
LYS01_0001_008 -0.780 -9.02 -0.96  4.86  0.00 -5.12 0.000  00  01Ro00M000  0.941
LYS01_0001_009 -0.780 -9.39  0.05  2.92  0.00 -6.42 0.000  00  01Ro00M000  0.944
LYS01_0001_010 -0.780 -9.10  0.17  2.90  0.00 -6.03 0.000  00  01Ro00M000  0.920
LYS01_0001_011 -0.780 -9.10  0.05  2.36  0.00 -6.69 0.000  00  01Ro00M000  0.818
LYS01_0001_012 -0.780 -8.95  0.27  2.07  0.00 -6.61 0.000  00  01Ro00M000  0.824
LYS01_0001_013 -0.780 -9.65  0.42  2.52  0.00 -6.71 0.000  00  01Ro00M000  0.894
LYS01_0001_014 -0.780-10.52 -0.86  4.32  0.00 -7.05 0.000  00  01Ro00M000  0.941
LYS01_0001_015 -0.780-10.58 -0.70  4.03  0.00 -7.25 0.000  00  01Ro00M000  0.951
LYS01_0001_016 -0.780-10.06 -0.75  4.48  0.00 -6.33 0.000  00  01Ro00M000  0.949
LYS01_0001_017 -0.780-10.50  0.57  2.36  0.00 -7.57 0.000  00  01Ro00M000  0.951
LYS01_0001_018 -0.780-10.18  0.60  2.07  0.00 -7.51 0.000  00  01Ro00M000  0.949
LYS01_0001_019 -0.780-10.66  0.50  2.52  0.00 -7.64 0.000  00  01Ro00M000  0.952
LYS01_0001_020 -0.780-10.43  2.38  4.32  0.00 -3.73 0.000  00  01Ro00M000  0.939
LYS01_0001_021 -0.780-10.04  2.39  4.03  0.00 -3.62 0.000  00  01Ro00M000  0.937
LYS01_0001_022 -0.780-10.05  2.20  4.48  0.00 -3.38 0.000  00  01Ro00M000  0.937
LYS01_0001_023 -0.780 -9.62  0.92  2.36  0.00 -6.34 0.000  00  01Ro00M000  0.904
LYS01_0001_024 -0.780 -9.37  0.70  2.07  0.00 -6.60 0.000  00  01Ro00M000  0.874
LYS01_0001_025 -0.780 -8.51  0.09  2.52  0.00 -5.90 0.000  00  01Ro00M000  0.834
LYS01_0001_026 -0.780 -9.37  0.95  3.16  0.00 -5.26 0.000  00  01Ro00M000  0.863
LYS01_0001_027 -0.780-10.29  0.95  2.45  0.00 -6.89 0.000  00  01Ro00M000  0.893
LYS01_0001_028 -0.780 -9.52  1.14  2.62  0.00 -5.76 0.000  00  01Ro00M000  0.824
LYS01_0001_029 -0.780 -9.83  0.50  2.99  0.00 -6.34 0.000  00  01Ro00M000  0.895
LYS01_0001_030 -0.780 -9.51  0.47  2.70  0.00 -6.34 0.000  00  01Ro00M000  0.881
LYS01_0001_031 -0.780-10.06  0.33  3.15  0.00 -6.58 0.000  00  01Ro00M000  0.888
LYS01_0001_032 -0.780-10.27 -1.34  4.96  0.00 -6.65 0.000  00  01Ro00M000  0.906
LYS01_0001_033 -0.780-10.51 -0.92  4.67  0.00 -6.77 0.000  00  01Ro00M000  0.923
LYS01_0001_034 -0.780-10.00 -0.96  5.12  0.00 -5.83 0.000  00  01Ro00M000  0.925
LYS01_0001_035 -0.780-10.52 -0.65  4.37  0.00 -6.79 0.000  00  01Ro00M000  0.933
LYS01_0001_036 -0.780-10.51 -0.28  4.09  0.00 -6.71 0.000  00  01Ro00M000  0.934
LYS01_0001_037 -0.780 -9.79 -0.52  4.54  0.00 -5.78 0.000  00  01Ro00M000  0.890
LYS01_0001_038 -0.780-10.50 -0.00  4.41  0.00 -6.09 0.000  00  01Ro00M000  0.945
LYS01_0001_039 -0.780-10.58 -0.02  4.12  0.00 -6.47 0.000  00  01Ro00M000  0.945
LYS01_0001_040 -0.780-10.53  0.14  4.57  0.00 -5.82 0.000  00  01Ro00M000  0.945
LYS01_0001_041 -0.780-10.23 -0.73  4.94  0.00 -6.02 0.000  00  01Ro00M000  0.943
LYS01_0001_042 -0.780-10.58 -0.74  4.66  0.00 -6.66 0.000  00  01Ro00M000  0.945
LYS01_0001_043 -0.780-10.47 -0.96  5.10  0.00 -6.32 0.000  00  01Ro00M000  0.945
LYS01_0001_044 -0.780-10.65  0.37  3.00  0.00 -7.28 0.000  00  01Ro00M000  0.951
LYS01_0001_045 -0.780-10.38  0.57  2.71  0.00 -7.09 0.000  00  01Ro00M000  0.950
LYS01_0001_046 -0.780-10.46  0.55  3.16  0.00 -6.75 0.000  00  01Ro00M000  0.951
LYS01_0001_047 -0.780-10.88  1.85  2.42  0.00 -6.61 0.000  00  01Ro00M000  0.952
LYS01_0001_048 -0.780-10.65  1.42  2.13  0.00 -7.10 0.000  00  01Ro00M000  0.951
LYS01_0001_049 -0.780-10.46  1.42  2.58  0.00 -6.47 0.000  00  01Ro00M000  0.951
LYS01_0001_050 -0.780-10.36  0.50  2.99  0.00 -6.88 0.000  00  01Ro00M000  0.950
LYS01_0001_051 -0.780-10.51  0.45  2.70  0.00 -7.37 0.000  00  01Ro00M000  0.951
LYS01_0001_052 -0.780-10.20  0.26  3.15  0.00 -6.79 0.000  00  01Ro00M000  0.950
LYS01_0001_053 -0.780 -9.66  0.83  2.71  0.00 -6.11 0.000  00  01Ro00M000  0.879
LYS01_0001_054 -0.780 -8.82 -0.37  3.65  0.00 -5.54 0.000  00  01Ro00M000  0.840
LYS01_0001_055 -0.780 -9.39 -0.08  2.28  0.00 -7.19 0.000  00  01Ro00M000  0.886
LYS01_0001_056 -0.780 -9.51 -0.10  3.65  0.00 -5.96 0.000  00  01Ro00M000  0.881
LYS01_0001_057 -0.780 -8.33 -1.20  4.23  0.00 -5.29 0.000  00  01Ro00M000  0.908
LYS01_0001_058 -0.780-10.25 -0.95  5.61  0.00 -5.58 0.000  00  01Ro00M000  0.933
LYS01_0001_059 -0.780-10.26 -0.92  4.23  0.00 -6.95 0.000  00  01Ro00M000  0.933
LYS01_0001_060 -0.780-10.14 -1.02  5.61  0.00 -5.54 0.000  00  01Ro00M000  0.927
LYS01_0001_061 -0.780 -8.96  0.42  2.28  0.00 -6.27 0.000  00  01Ro00M000  0.950
LYS01_0001_062 -0.780-10.18  0.52  3.65  0.00 -6.01 0.000  00  01Ro00M000  0.950
LYS01_0001_063 -0.780-10.33  0.53  2.28  0.00 -7.52 0.000  00  01Ro00M000  0.951
LYS01_0001_064 -0.780-10.33  0.48  3.65  0.00 -6.19 0.000  00  01Ro00M000  0.945
LYS01_0001_065 -0.780-10.45  2.36  5.61  0.00 -2.48 0.000  00  01Ro00M000  0.940
LYS01_0001_066 -0.780-10.47  2.38  4.23  0.00 -3.85 0.000  00  01Ro00M000  0.940
LYS01_0001_067 -0.780-10.25  2.35  5.61  0.00 -2.29 0.000  00  01Ro00M000  0.938
LYS01_0001_068 -0.780 -8.03  0.77  2.28  0.00 -4.98 0.000  00  01Ro00M000  0.903
LYS01_0001_069 -0.780 -9.78  0.95  3.65  0.00 -5.17 0.000  00  01Ro00M000  0.907
LYS01_0001_070 -0.780 -9.59  0.99  2.28  0.00 -6.32 0.000  00  01Ro00M000  0.905
LYS01_0001_071 -0.780 -9.51  0.97  3.65  0.00 -4.89 0.000  00  01Ro00M000  0.904
LYS01_0001_072 -0.780 -8.17  0.37  2.90  0.00 -4.90 0.000  00  01Ro00M000  0.883
LYS01_0001_073 -0.780-10.11  0.50  4.28  0.00 -5.33 0.000  00  01Ro00M000  0.899
LYS01_0001_074 -0.780 -9.85  0.54  2.90  0.00 -6.42 0.000  00  01Ro00M000  0.896
LYS01_0001_075 -0.780 -9.91  0.51  4.28  0.00 -5.13 0.000  00  01Ro00M000  0.896
LYS01_0001_076 -0.780 -8.12 -1.83  4.87  0.00 -5.08 0.000  00  01Ro00M000  0.871
LYS01_0001_077 -0.780 -9.70 -1.50  6.25  0.00 -4.95 0.000  00  01Ro00M000  0.868
LYS01_0001_078 -0.780 -9.41 -1.52  4.87  0.00 -6.06 0.000  00  01Ro00M000  0.846
LYS01_0001_079 -0.780 -8.94 -2.03  6.25  0.00 -4.71 0.000  00  01Ro00M000  0.802
LYS01_0001_080 -0.780 -8.63 -0.18  4.33  0.00 -4.49 0.000  00  01Ro00M000  0.943
LYS01_0001_081 -0.780-10.25 -0.12  5.70  0.00 -4.67 0.000  00  01Ro00M000  0.944
LYS01_0001_082 -0.780-10.54 -0.15  4.33  0.00 -6.37 0.000  00  01Ro00M000  0.946
LYS01_0001_083 -0.780-10.56 -0.33  5.70  0.00 -5.18 0.000  00  01Ro00M000  0.946
LYS01_0001_084 -0.780 -8.76 -0.86  4.86  0.00 -4.76 0.000  00  01Ro00M000  0.949
LYS01_0001_085 -0.780-10.44 -0.78  6.24  0.00 -4.99 0.000  00  01Ro00M000  0.945
LYS01_0001_086 -0.780-10.40 -0.77  4.86  0.00 -6.31 0.000  00  01Ro00M000  0.945
LYS01_0001_087 -0.780-10.26 -0.81  6.24  0.00 -4.83 0.000  00  01Ro00M000  0.944
LYS01_0001_088 -0.780 -8.99  0.07  2.92  0.00 -6.00 0.000  00  01Ro00M000  0.950
LYS01_0001_089 -0.780-10.45  0.32  4.30  0.00 -5.84 0.000  00  01Ro00M000  0.951
LYS01_0001_090 -0.780-10.47  0.37  2.92  0.00 -7.18 0.000  00  01Ro00M000  0.951
LYS01_0001_091 -0.780-10.46  0.28  4.30  0.00 -5.89 0.000  00  01Ro00M000  0.946
LYS01_0001_092 -0.780 -8.62  0.38  2.90  0.00 -5.34 0.000  00  01Ro00M000  0.949
LYS01_0001_093 -0.780-10.11  0.44  4.28  0.00 -5.39 0.000  00  01Ro00M000  0.950
LYS01_0001_094 -0.780-10.13  0.44  2.90  0.00 -6.78 0.000  00  01Ro00M000  0.950
LYS01_0001_095 -0.780-10.52  0.37  4.28  0.00 -5.87 0.000  00  01Ro00M000  0.946
LYS01_0001_096 -0.780 -9.58  1.08  2.92  0.00 -5.58 0.000  00  01Ro00M000  0.905
LYS01_0001_097 -0.780 -7.63 -0.15  2.36  0.00 -5.42 0.000  00  01Ro00M000  0.803
LYS01_0001_098 -0.780 -9.61  0.15  3.74  0.00 -5.73 0.000  00  01Ro00M000  0.840
LYS01_0001_099 -0.780-10.08  0.18  2.36  0.00 -7.54 0.000  00  01Ro00M000  0.865
LYS01_0001_100 -0.780 -9.73  0.05  3.74  0.00 -5.94 0.000  00  01Ro00M000  0.857
LYS01_0001_101 -0.780 -6.94  0.24  3.45  0.00 -3.25 0.000  00  01Ro00M000  0.870
LYS01_0001_102 -0.780 -8.46  0.34  2.07  0.00 -6.04 0.000  00  01Ro00M000  0.899
LYS01_0001_103 -0.780-10.23  0.42  3.45  0.00 -6.36 0.000  00  01Ro00M000  0.903
LYS01_0001_104 -0.780-10.02  0.43  2.07  0.00 -7.52 0.000  00  01Ro00M000  0.901
LYS01_0001_105 -0.780-10.03  0.39  3.45  0.00 -6.19 0.000  00  01Ro00M000  0.896
LYS01_0001_106 -0.780 -8.00  0.28  2.52  0.00 -5.19 0.000  00  01Ro00M000  0.893
LYS01_0001_107 -0.780 -9.84  0.39  3.90  0.00 -5.54 0.000  00  01Ro00M000  0.894
LYS01_0001_108 -0.780-10.06  0.45  2.52  0.00 -7.09 0.000  00  01Ro00M000  0.896
LYS01_0001_109 -0.780-10.04  0.45  3.90  0.00 -5.68 0.000  00  01Ro00M000  0.896
LYS01_0001_110 -0.780 -9.18 -0.77  4.32  0.00 -5.64 0.000  00  01Ro00M000  0.944
LYS01_0001_111 -0.780-10.68 -0.72  5.69  0.00 -5.71 0.000  00  01Ro00M000  0.945
LYS01_0001_112 -0.780-10.56 -0.71  4.32  0.00 -6.96 0.000  00  01Ro00M000  0.945
LYS01_0001_113 -0.780-10.91 -0.75  5.69  0.00 -5.97 0.000  00  01Ro00M000  0.941
LYS01_0001_114 -0.780 -7.99 -0.74  5.41  0.00 -3.32 0.000  00  01Ro00M000  0.951
LYS01_0001_115 -0.780 -9.33 -0.74  4.03  0.00 -6.04 0.000  00  01Ro00M000  0.951
LYS01_0001_116 -0.780-10.84 -0.69  5.41  0.00 -6.13 0.000  00  01Ro00M000  0.952
LYS01_0001_117 -0.780-11.04 -0.67  4.03  0.00 -7.68 0.000  00  01Ro00M000  0.953
LYS01_0001_118 -0.780-11.03 -0.68  5.41  0.00 -6.30 0.000  00  01Ro00M000  0.953
LYS01_0001_119 -0.780 -8.30 -0.95  4.48  0.00 -4.77 0.000  00  01Ro00M000  0.948
LYS01_0001_120 -0.780-10.45 -0.82  5.86  0.00 -5.41 0.000  00  01Ro00M000  0.950
LYS01_0001_121 -0.780-10.60 -0.74  4.48  0.00 -6.86 0.000  00  01Ro00M000  0.951
LYS01_0001_122 -0.780-10.64 -0.72  5.86  0.00 -5.51 0.000  00  01Ro00M000  0.951
LYS01_0001_123 -0.780 -9.11  0.56  2.36  0.00 -6.19 0.000  00  01Ro00M000  0.950
LYS01_0001_124 -0.780-10.68  0.61  3.74  0.00 -6.33 0.000  00  01Ro00M000  0.951
LYS01_0001_125 -0.780-10.69  0.62  2.36  0.00 -7.71 0.000  00  01Ro00M000  0.951
LYS01_0001_126 -0.780-11.05  0.61  3.74  0.00 -6.70 0.000  00  01Ro00M000  0.953
LYS01_0001_127 -0.780 -7.59  0.53  3.45  0.00 -3.61 0.000  00  01Ro00M000  0.949
LYS01_0001_128 -0.780 -9.14  0.51  2.07  0.00 -6.55 0.000  00  01Ro00M000  0.950
LYS01_0001_129 -0.780-10.70  0.58  3.45  0.00 -6.67 0.000  00  01Ro00M000  0.951
LYS01_0001_130 -0.780-10.63  0.61  2.07  0.00 -7.94 0.000  00  01Ro00M000  0.951
LYS01_0001_131 -0.780-10.76  0.62  3.45  0.00 -6.69 0.000  00  01Ro00M000  0.951
LYS01_0001_132 -0.780 -8.49  0.22  2.52  0.00 -5.75 0.000  00  01Ro00M000  0.949
LYS01_0001_133 -0.780-10.31  0.40  3.90  0.00 -6.01 0.000  00  01Ro00M000  0.944
LYS01_0001_134 -0.780-11.07  0.52  2.52  0.00 -8.03 0.000  00  01Ro00M000  0.953
LYS01_0001_135 -0.780-10.78  0.54  3.90  0.00 -6.34 0.000  00  01Ro00M000  0.952
LYS01_0001_136 -0.780 -6.44  0.04  3.25  0.00 -3.14 0.000  00  01Ro00M000  0.917
LYS01_0001_137 -0.780 -7.68  0.34  3.25  0.00 -4.09 0.000  00  01Ro00M000  0.936
LYS01_0001_138 -0.780 -8.99  2.34  4.32  0.00 -2.32 0.000  00  01Ro00M000  0.938
LYS01_0001_139 -0.780-10.61  2.42  5.69  0.00 -2.50 0.000  00  01Ro00M000  0.939
LYS01_0001_140 -0.780-10.56  2.44  4.32  0.00 -3.80 0.000  00  01Ro00M000  0.939
LYS01_0001_141 -0.780-10.58  2.43  5.69  0.00 -2.46 0.000  00  01Ro00M000  0.939
LYS01_0001_142 -0.780 -8.80  2.25  4.03  0.00 -2.52 0.000  00  01Ro00M000  0.931
LYS01_0001_143 -0.780 -9.97  2.34  5.41  0.00 -2.22 0.000  00  01Ro00M000  0.942
LYS01_0001_144 -0.780-10.49  2.41  4.03  0.00 -4.06 0.000  00  01Ro00M000  0.939
LYS01_0001_145 -0.780-10.36  2.42  5.41  0.00 -2.53 0.000  00  01Ro00M000  0.938
LYS01_0001_146 -0.780 -7.27  1.48  4.48  0.00 -1.31 0.000  00  01Ro00M000  0.866
LYS01_0001_147 -0.780 -9.67  1.95  5.86  0.00 -1.87 0.000  00  01Ro00M000  0.913
LYS01_0001_148 -0.780-10.19  2.23  4.48  0.00 -3.49 0.000  00  01Ro00M000  0.931
LYS01_0001_149 -0.780-10.16  2.26  5.86  0.00 -2.05 0.000  00  01Ro00M000  0.937
LYS01_0001_150 -0.780 -7.86  0.76  2.36  0.00 -4.74 0.000  00  01Ro00M000  0.872
LYS01_0001_151 -0.780 -9.48  0.88  3.74  0.00 -4.85 0.000  00  01Ro00M000  0.897
LYS01_0001_152 -0.780 -9.75  0.98  2.36  0.00 -6.40 0.000  00  01Ro00M000  0.904
LYS01_0001_153 -0.780 -9.97  0.99  3.74  0.00 -5.24 0.000  00  01Ro00M000  0.906
LYS01_0001_154 -0.780 -6.11  0.22  3.45  0.00 -2.44 0.000  00  01Ro00M000  0.829
LYS01_0001_155 -0.780 -6.95  0.37  2.07  0.00 -4.50 0.000  00  01Ro00M000  0.792
LYS01_0001_156 -0.780 -9.14  0.39  3.45  0.00 -5.30 0.000  00  01Ro00M000  0.846
LYS01_0001_157 -0.780 -9.82  0.75  2.07  0.00 -7.00 0.000  00  01Ro00M000  0.894
LYS01_0001_158 -0.780 -9.75  0.79  3.45  0.00 -5.50 0.000  00  01Ro00M000  0.887
LYS01_0001_159 -0.780 -7.07  2.59  2.52  0.00 -1.95 0.000  00  01Ro00M000  0.831
LYS01_0001_160 -0.780 -9.51  0.36  3.90  0.00 -5.25 0.000  00  01Ro00M000  0.869
LYS01_0001_161 -0.780 -9.58  0.58  2.52  0.00 -6.48 0.000  00  01Ro00M000  0.875
LYS01_0001_162 -0.780 -9.50  0.53  3.90  0.00 -5.07 0.000  00  01Ro00M000  0.864
LYS01_0001_163 -0.780 -7.39  0.88  3.16  0.00 -3.35 0.000  00  01Ro00M000  0.857
LYS01_0001_164 -0.780 -9.50  0.85  4.54  0.00 -4.11 0.000  00  01Ro00M000  0.868
LYS01_0001_165 -0.780 -9.59  0.80  3.16  0.00 -5.63 0.000  00  01Ro00M000  0.870
LYS01_0001_166 -0.780 -9.05  0.87  4.54  0.00 -3.64 0.000  00  01Ro00M000  0.822
LYS01_0001_167 -0.780 -8.85  0.87  2.45  0.00 -5.53 0.000  00  01Ro00M000  0.882
LYS01_0001_168 -0.780-10.22  0.91  3.83  0.00 -5.48 0.000  00  01Ro00M000  0.888
LYS01_0001_169 -0.780-10.22  0.96  2.45  0.00 -6.81 0.000  00  01Ro00M000  0.892
LYS01_0001_170 -0.780-10.45  0.97  3.83  0.00 -5.65 0.000  00  01Ro00M000  0.894
LYS01_0001_171 -0.780 -9.87  1.29  2.62  0.00 -5.97 0.000  00  01Ro00M000  0.857
LYS01_0001_172 -0.780 -7.93  0.39  2.99  0.00 -4.55 0.000  00  01Ro00M000  0.868
LYS01_0001_173 -0.780 -9.87  0.53  4.36  0.00 -4.98 0.000  00  01Ro00M000  0.894
LYS01_0001_174 -0.780-10.23  0.57  2.99  0.00 -6.67 0.000  00  01Ro00M000  0.897
LYS01_0001_175 -0.780-10.31  0.56  4.36  0.00 -5.39 0.000  00  01Ro00M000  0.898
LYS01_0001_176 -0.780 -6.62  0.29  4.08  0.00 -2.25 0.000  00  01Ro00M000  0.867
LYS01_0001_177 -0.780 -8.22  0.29  2.70  0.00 -5.23 0.000  00  01Ro00M000  0.870
LYS01_0001_178 -0.780-10.02  0.46  4.08  0.00 -5.49 0.000  00  01Ro00M000  0.890
LYS01_0001_179 -0.780 -9.76  0.53  2.70  0.00 -6.53 0.000  00  01Ro00M000  0.887
LYS01_0001_180 -0.780-10.02  0.53  4.08  0.00 -5.41 0.000  00  01Ro00M000  0.890
LYS01_0001_181 -0.780 -8.10  0.32  3.15  0.00 -4.63 0.000  00  01Ro00M000  0.894
LYS01_0001_182 -0.780-10.11  0.22  4.52  0.00 -5.37 0.000  00  01Ro00M000  0.896
LYS01_0001_183 -0.780-10.13  0.40  3.15  0.00 -6.57 0.000  00  01Ro00M000  0.897
LYS01_0001_184 -0.780-10.24  0.42  4.52  0.00 -5.29 0.000  00  01Ro00M000  0.898
LYS01_0001_185 -0.780 -9.04 -1.07  4.96  0.00 -5.16 0.000  00  01Ro00M000  0.915
LYS01_0001_186 -0.780-10.67 -1.02  6.33  0.00 -5.35 0.000  00  01Ro00M000  0.918
LYS01_0001_187 -0.780-10.56 -1.04  4.96  0.00 -6.64 0.000  00  01Ro00M000  0.917
LYS01_0001_188 -0.780-10.15 -1.16  6.33  0.00 -4.97 0.000  00  01Ro00M000  0.894
LYS01_0001_189 -0.780 -7.59 -0.94  6.05  0.00 -2.48 0.000  00  01Ro00M000  0.919
LYS01_0001_190 -0.780 -8.80 -0.92  4.67  0.00 -5.05 0.000  00  01Ro00M000  0.919
LYS01_0001_191 -0.780-10.43 -0.91  6.05  0.00 -5.29 0.000  00  01Ro00M000  0.921
LYS01_0001_192 -0.780-10.90 -0.91  4.67  0.00 -7.14 0.000  00  01Ro00M000  0.924
LYS01_0001_193 -0.780-10.83 -0.91  6.05  0.00 -5.70 0.000  00  01Ro00M000  0.924
LYS01_0001_194 -0.780 -8.02 -1.10  5.12  0.00 -4.00 0.000  00  01Ro00M000  0.911
LYS01_0001_195 -0.780 -9.86 -1.12  6.50  0.00 -4.48 0.000  00  01Ro00M000  0.897
LYS01_0001_196 -0.780-10.27 -1.02  5.12  0.00 -6.18 0.000  00  01Ro00M000  0.916
LYS01_0001_197 -0.780-10.51 -0.96  6.50  0.00 -4.97 0.000  00  01Ro00M000  0.928
LYS01_0001_198 -0.780-10.37 -0.40  4.37  0.00 -6.40 0.000  00  01Ro00M000  0.927
LYS01_0001_199 -0.780-10.41 -0.54  5.75  0.00 -5.19 0.000  00  01Ro00M000  0.922
LYS01_0001_200 -0.780 -7.53 -0.29  5.46  0.00 -2.35 0.000  00  01Ro00M000  0.930
LYS01_0001_201 -0.780 -9.06 -0.30  4.09  0.00 -5.27 0.000  00  01Ro00M000  0.932
LYS01_0001_202 -0.780-10.51 -0.32  5.46  0.00 -5.37 0.000  00  01Ro00M000  0.922
LYS01_0001_203 -0.780-10.52 -0.32  4.09  0.00 -6.75 0.000  00  01Ro00M000  0.928
LYS01_0001_204 -0.780-10.83 -0.29  5.46  0.00 -5.66 0.000  00  01Ro00M000  0.935
LYS01_0001_205 -0.780 -9.59 -1.21  5.91  0.00 -4.89 0.000  00  01Ro00M000  0.834
LYS01_0001_206 -0.780 -9.98 -0.83  4.54  0.00 -6.28 0.000  00  01Ro00M000  0.868
LYS01_0001_207 -0.780 -9.31  0.02  4.41  0.00 -4.89 0.000  00  01Ro00M000  0.945
LYS01_0001_208 -0.780-10.81  0.03  5.79  0.00 -4.99 0.000  00  01Ro00M000  0.946
LYS01_0001_209 -0.780-10.83  0.03  4.41  0.00 -6.39 0.000  00  01Ro00M000  0.946
LYS01_0001_210 -0.780-10.98  0.01  5.79  0.00 -5.19 0.000  00  01Ro00M000  0.947
LYS01_0001_211 -0.780 -9.07 -0.16  4.12  0.00 -5.11 0.000  00  01Ro00M000  0.944
LYS01_0001_212 -0.780-10.51 -0.15  5.50  0.00 -5.16 0.000  00  01Ro00M000  0.944
LYS01_0001_213 -0.780-10.84 -0.06  4.12  0.00 -6.78 0.000  00  01Ro00M000  0.946
LYS01_0001_214 -0.780-10.77 -0.02  5.50  0.00 -5.29 0.000  00  01Ro00M000  0.946
LYS01_0001_215 -0.780-11.03 -0.02  4.57  0.00 -6.47 0.000  00  01Ro00M000  0.947
LYS01_0001_216 -0.780-10.91  0.17  5.95  0.00 -4.79 0.000  00  01Ro00M000  0.947
LYS01_0001_217 -0.780 -9.04 -0.73  4.94  0.00 -4.84 0.000  00  01Ro00M000  0.944
LYS01_0001_218 -0.780-10.74 -0.70  6.32  0.00 -5.13 0.000  00  01Ro00M000  0.946
LYS01_0001_219 -0.780-10.70 -0.69  4.94  0.00 -6.45 0.000  00  01Ro00M000  0.945
LYS01_0001_220 -0.780-10.59 -0.70  6.32  0.00 -4.97 0.000  00  01Ro00M000  0.945
LYS01_0001_221 -0.780 -7.73 -0.79  6.03  0.00 -2.49 0.000  00  01Ro00M000  0.943
LYS01_0001_222 -0.780 -9.20 -0.85  4.66  0.00 -5.39 0.000  00  01Ro00M000  0.945
LYS01_0001_223 -0.780-10.71 -0.80  6.03  0.00 -5.48 0.000  00  01Ro00M000  0.945
LYS01_0001_224 -0.780-10.77 -0.73  4.66  0.00 -6.85 0.000  00  01Ro00M000  0.946
LYS01_0001_225 -0.780-10.83 -0.72  6.03  0.00 -5.52 0.000  00  01Ro00M000  0.946
LYS01_0001_226 -0.780-10.75 -1.16  6.48  0.00 -5.43 0.000  00  01Ro00M000  0.946
LYS01_0001_227 -0.780-10.61 -0.96  5.10  0.00 -6.47 0.000  00  01Ro00M000  0.945
LYS01_0001_228 -0.780-10.78 -0.91  6.48  0.00 -5.20 0.000  00  01Ro00M000  0.946
LYS01_0001_229 -0.780 -9.13  0.45  3.00  0.00 -5.67 0.000  00  01Ro00M000  0.950
LYS01_0001_230 -0.780-10.74  0.53  4.38  0.00 -5.84 0.000  00  01Ro00M000  0.951
LYS01_0001_231 -0.780-11.16  0.54  3.00  0.00 -7.62 0.000  00  01Ro00M000  0.953
LYS01_0001_232 -0.780-11.12  0.50  4.38  0.00 -6.24 0.000  00  01Ro00M000  0.953
LYS01_0001_233 -0.780 -7.60  0.53  4.09  0.00 -2.97 0.000  00  01Ro00M000  0.949
LYS01_0001_234 -0.780 -9.26  0.56  2.71  0.00 -5.99 0.000  00  01Ro00M000  0.951
LYS01_0001_235 -0.780-10.43  0.59  4.09  0.00 -5.75 0.000  00  01Ro00M000  0.950
LYS01_0001_236 -0.780-10.57  0.61  2.71  0.00 -7.25 0.000  00  01Ro00M000  0.951
LYS01_0001_237 -0.780-10.76  0.60  4.09  0.00 -6.07 0.000  00  01Ro00M000  0.951
LYS01_0001_238 -0.780 -8.69  0.41  3.16  0.00 -5.11 0.000  00  01Ro00M000  0.944
LYS01_0001_239 -0.780-10.58  0.47  4.54  0.00 -5.57 0.000  00  01Ro00M000  0.940
LYS01_0001_240 -0.780-10.67  0.55  3.16  0.00 -6.95 0.000  00  01Ro00M000  0.951
LYS01_0001_241 -0.780-10.91  0.57  4.54  0.00 -5.80 0.000  00  01Ro00M000  0.952
LYS01_0001_242 -0.780 -9.66  1.24  2.42  0.00 -6.00 0.000  00  01Ro00M000  0.952
LYS01_0001_243 -0.780-10.95  1.33  3.79  0.00 -5.82 0.000  00  01Ro00M000  0.952
LYS01_0001_244 -0.780-11.49  1.31  2.42  0.00 -7.76 0.000  00  01Ro00M000  0.954
LYS01_0001_245 -0.780-11.22  1.15  3.79  0.00 -6.27 0.000  00  01Ro00M000  0.953
LYS01_0001_246 -0.780 -8.06  1.42  3.51  0.00 -3.14 0.000  00  01Ro00M000  0.951
LYS01_0001_247 -0.780 -9.27  1.45  2.13  0.00 -5.69 0.000  00  01Ro00M000  0.951
LYS01_0001_248 -0.780-10.83  1.46  3.51  0.00 -5.86 0.000  00  01Ro00M000  0.952
LYS01_0001_249 -0.780-11.10  1.47  2.13  0.00 -7.50 0.000  00  01Ro00M000  0.953
LYS01_0001_250 -0.780-10.70  1.45  3.51  0.00 -5.75 0.000  00  01Ro00M000  0.951
LYS01_0001_251 -0.780 -8.41  1.24  2.58  0.00 -4.58 0.000  00  01Ro00M000  0.943
LYS01_0001_252 -0.780-10.58  1.26  3.96  0.00 -5.37 0.000  00  01Ro00M000  0.951
LYS01_0001_253 -0.780-10.67  1.37  2.58  0.00 -6.72 0.000  00  01Ro00M000  0.951
LYS01_0001_254 -0.780-10.64  1.42  3.96  0.00 -5.27 0.000  00  01Ro00M000  0.951
LYS01_0001_255 -0.780 -8.92  0.49  2.99  0.00 -5.44 0.000  00  01Ro00M000  0.949
LYS01_0001_256 -0.780-10.48  0.52  4.36  0.00 -5.60 0.000  00  01Ro00M000  0.950
LYS01_0001_257 -0.780-10.76  0.53  2.99  0.00 -7.24 0.000  00  01Ro00M000  0.951
LYS01_0001_258 -0.780-10.79  0.52  4.36  0.00 -5.90 0.000  00  01Ro00M000  0.951
LYS01_0001_259 -0.780 -7.74  0.36  4.08  0.00 -3.30 0.000  00  01Ro00M000  0.949
LYS01_0001_260 -0.780 -9.09  0.24  2.70  0.00 -6.15 0.000  00  01Ro00M000  0.950
LYS01_0001_261 -0.780-10.66  0.32  4.08  0.00 -6.26 0.000  00  01Ro00M000  0.951
LYS01_0001_262 -0.780-10.77  0.43  2.70  0.00 -7.63 0.000  00  01Ro00M000  0.951
LYS01_0001_263 -0.780-10.50  0.46  4.08  0.00 -5.96 0.000  00  01Ro00M000  0.950
LYS01_0001_264 -0.780-10.08  0.12  4.52  0.00 -5.44 0.000  00  01Ro00M000  0.948
LYS01_0001_265 -0.780-10.66  0.28  3.15  0.00 -7.23 0.000  00  01Ro00M000  0.951
LYS01_0001_266 -0.780-10.37  0.36  4.52  0.00 -5.49 0.000  00  01Ro00M000  0.950
LYS01_0001_267 -0.780-10.09  0.96  4.09  0.00 -5.04 0.000  00  01Ro00M000  0.907
LYS01_0001_268 -0.780-10.22  1.00  2.71  0.00 -6.51 0.000  00  01Ro00M000  0.908
GLU01_0002_001 -0.435 -1.36192.32  0.50  0.00191.47 0.000  00  01O000M000  0.332
GLU01_0002_002 -0.435 -1.95 -3.03  3.30  0.00 -1.69 0.000  00  01Ro00M000  0.450
GLU01_0002_003 -0.435 -2.40 -0.93  0.50  0.00 -2.83 0.000  00  01Ro00M000  0.560
GLU01_0002_004 -0.435 -1.82 -3.55  3.30  0.00 -2.07 0.000  00  01Ro00M000  0.428
GLU01_0002_005 -0.435 -2.75 -2.30  6.10  0.00  1.05 0.000  00  01Ro00M000  0.613
GLU01_0002_006 -0.435 -2.47 -1.40  3.30  0.00 -0.58 0.000  00  01Ro00M000  0.565
GLU01_0002_007 -0.435 -2.90 -1.09  0.50  0.00 -3.49 0.000  00  01Ro00M000  0.636
GLU01_0002_008 -0.435 -2.57 -1.21  3.30  0.00 -0.48 0.000  00  01Ro00M000  0.580
GLU01_0002_009 -0.435 -1.59 -3.24  1.08  0.00 -3.75 0.000  00  01Ro00M000  0.327
GLU01_0002_010 -0.435 -1.53 -2.71  3.02  0.00 -1.22 0.000  00  01Ro00M000  0.481
GLU01_0002_011 -0.435 -2.38 -3.01  3.88  0.00 -1.51 0.000  00  01Ro00M000  0.487
GLU01_0002_012 -0.435 -2.09 -1.06  0.22  0.00 -2.94 0.000  00  01Ro00M000  0.601
GLU01_0002_013 -0.435 -2.71 -1.00  1.08  0.00 -2.63 0.000  00  01Ro00M000  0.546
GLU01_0002_014 -0.435 -2.46 -2.19  1.08  0.00 -3.57 0.000  00  01Ro00M000  0.503
GLU01_0002_015 -0.435 -1.41 -0.03  3.02  0.00  1.59 0.000  00  01Ro00M000  0.456
GLU01_0002_016 -0.435 -2.40 -3.45  3.88  0.00 -1.97 0.000  00  01Ro00M000  0.482
GLU01_0002_017 -0.435 -2.52  0.16  3.02  0.00  0.67 0.000  00  01Ro00M000  0.659
GLU01_0002_018 -0.435 -3.51 -2.05  3.88  0.00 -1.68 0.000  00  01Ro00M000  0.712
GLU01_0002_019 -0.435 -3.17 -2.15  6.68  0.00  1.36 0.000  00  01Ro00M000  0.650
GLU01_0002_020 -0.435 -2.07 -1.62  3.02  0.00 -0.67 0.000  00  01Ro00M000  0.581
GLU01_0002_021 -0.435 -2.84 -1.30  3.88  0.00 -0.26 0.000  00  01Ro00M000  0.574
GLU01_0002_022 -0.435 -3.10 -0.16  1.08  0.00 -2.19 0.000  00  01Ro00M000  0.635
GLU01_0002_023 -0.435 -2.42 -1.17  3.02  0.00 -0.57 0.000  00  01Ro00M000  0.651
GLU01_0002_024 -0.435 -2.91 -1.22  3.88  0.00 -0.25 0.000  00  01Ro00M000  0.598
THR01_0003_001 -0.490 -4.55  0.48  0.04  0.00 -4.02 0.000  00  01O000M000  0.610
THR01_0003_002 -0.490 -4.84 -0.66  0.04  0.00 -5.46 0.000  00  01Ro00M000  0.658
THR01_0003_003 -0.490 -5.29  1.11  2.76  0.00 -1.43 0.000  00  01Ro00M000  0.717
ALA01_0004_001  0.000 -3.92 -0.30  0.00  0.00 -4.22 0.000  00  01O000M000  0.951
ALA01_0005_001  0.000 -3.38 -0.26  0.00  0.00 -3.64 0.000  00  01O000M000  0.794
ALA01_0006_001  0.000 -1.89 -1.00  0.00  0.00 -2.89 0.000  00  01O000M000  0.467
LYS01_0007_001 -0.780 -6.19 -2.50  3.68  0.00 -5.02 0.000  00  01O000M000  0.552
LYS01_0007_002 -0.780 -5.75 -2.98  5.09  0.00 -3.64 0.000  00  01Ro00M000  0.514
LYS01_0007_003 -0.780 -5.24 -2.72  4.10  0.00 -3.85 0.000  00  01Ro00M000  0.464
LYS01_0007_004 -0.780 -4.13 -2.75  3.88  0.00 -2.99 0.000  00  01Ro00M000  0.358
LYS01_0007_005 -0.780 -4.93 -2.57  3.94  0.00 -3.56 0.000  00  01Ro00M000  0.438
LYS01_0007_006 -0.780 -5.05 -2.90  5.51  0.00 -2.44 0.000  00  01Ro00M000  0.453
LYS01_0007_007 -0.780 -6.01 -2.69  4.14  0.00 -4.56 0.000  00  01Ro00M000  0.543
LYS01_0007_008 -0.780 -4.03 -3.11  3.49  0.00 -3.65 0.000  00  01Ro00M000  0.498
LYS01_0007_009 -0.780 -5.78 -2.88  3.88  0.00 -4.78 0.000  00  01Ro00M000  0.536
LYS01_0007_010 -0.780 -5.79 -2.58  3.98  0.00 -4.39 0.000  00  01Ro00M000  0.522
LYS01_0007_011 -0.780 -5.27 -3.22  5.55  0.00 -2.95 0.000  00  01Ro00M000  0.471
LYS01_0007_012 -0.780 -3.58 -3.31  4.90  0.00 -1.99 0.000  00  01Ro00M000  0.464
LYS01_0007_013 -0.780 -4.95 -2.99  5.29  0.00 -2.65 0.000  00  01Ro00M000  0.471
LYS01_0007_014 -0.780 -6.17 -2.86  5.39  0.00 -3.65 0.000  00  01Ro00M000  0.539
LYS01_0007_015 -0.780 -5.06 -2.94  4.56  0.00 -3.44 0.000  00  01Ro00M000  0.468
LYS01_0007_016 -0.780 -3.93 -3.19  4.40  0.00 -2.72 0.000  00  01Ro00M000  0.350
LYS01_0007_017 -0.780 -2.86 -3.32  4.34  0.00 -1.84 0.000  00  01Ro00M000  0.251
LYS01_0007_018 -0.780 -4.19 -2.87  4.09  0.00 -2.97 0.000  00  01Ro00M000  0.398
LYS01_0007_019 -0.780 -5.13 -2.55  4.19  0.00 -3.50 0.000  00  01Ro00M000  0.456
LYS01_0007_020 -0.780 -4.15 -3.13  4.40  0.00 -2.88 0.000  00  01Ro00M000  0.376
LYS01_0007_021 -0.780 -5.53 -2.64  4.14  0.00 -4.03 0.000  00  01Ro00M000  0.516
LYS01_0007_022 -0.780 -5.81 -2.47  4.24  0.00 -4.04 0.000  00  01Ro00M000  0.518
LYS01_0007_023 -0.780 -4.50 -3.05  5.97  0.00 -1.57 0.000  00  01Ro00M000  0.396
LYS01_0007_024 -0.780 -3.37 -3.52  5.71  0.00 -1.18 0.000  00  01Ro00M000  0.313
LYS01_0007_025 -0.780 -4.89 -3.03  5.81  0.00 -2.10 0.000  00  01Ro00M000  0.426
LYS01_0007_026 -0.780 -4.70 -3.82  5.55  0.00 -2.97 0.000  00  01Ro00M000  0.450
LYS01_0007_027 -0.780 -4.62 -4.04  5.64  0.00 -3.02 0.000  00  01Ro00M000  0.394
LYS01_0007_028 -0.780 -5.95 -2.49  2.69  0.00 -5.76 0.000  00  01Ro00M000  0.541
LYS01_0007_029 -0.780 -5.23 -2.56  3.68  0.00 -4.11 0.000  00  01Ro00M000  0.483
LYS01_0007_030 -0.780 -1.59 -2.64  2.69  0.00 -1.55 0.000  00  01Ro00M000  0.459
LYS01_0007_031 -0.780 -5.38 -2.56  2.69  0.00 -5.26 0.000  00  01Ro00M000  0.504
LYS01_0007_032 -0.780 -5.80 -2.91  4.09  0.00 -4.62 0.000  00  01Ro00M000  0.520
LYS01_0007_033 -0.780 -5.45 -2.94  5.09  0.00 -3.31 0.000  00  01Ro00M000  0.494
LYS01_0007_034 -0.780 -1.77 -3.12  4.09  0.00 -0.80 0.000  00  01Ro00M000  0.452
LYS01_0007_035 -0.780 -4.71 -3.37  4.09  0.00 -3.99 0.000  00  01Ro00M000  0.444
LYS01_0007_036 -0.780 -3.99 -2.86  3.11  0.00 -3.74 0.000  00  01Ro00M000  0.357
LYS01_0007_037 -0.780 -3.54 -2.99  4.10  0.00 -2.43 0.000  00  01Ro00M000  0.322
LYS01_0007_038 -0.780 -0.89 -2.82  3.11  0.00 -0.61 0.000  00  01Ro00M000  0.385
LYS01_0007_039 -0.780 -4.81 -2.70  3.11  0.00 -4.39 0.000  00  01Ro00M000  0.453
LYS01_0007_040 -0.780 -4.83 -2.63  2.89  0.00 -4.57 0.000  00  01Ro00M000  0.426
LYS01_0007_041 -0.780 -4.66 -2.60  3.88  0.00 -3.38 0.000  00  01Ro00M000  0.429
LYS01_0007_042 -0.780 -0.72 -2.70  2.89  0.00 -0.53 0.000  00  01Ro00M000  0.374
LYS01_0007_043 -0.780 -3.11 -3.10  2.89  0.00 -3.32 0.000  00  01Ro00M000  0.292
LYS01_0007_044 -0.780 -5.84 -2.49  2.94  0.00 -5.39 0.000  00  01Ro00M000  0.521
LYS01_0007_045 -0.780 -5.29 -2.50  3.94  0.00 -3.85 0.000  00  01Ro00M000  0.491
LYS01_0007_046 -0.780 -1.56 -2.61  2.94  0.00 -1.23 0.000  00  01Ro00M000  0.453
LYS01_0007_047 -0.780 -4.59 -2.64  2.94  0.00 -4.29 0.000  00  01Ro00M000  0.441
LYS01_0007_048 -0.780 -4.81 -2.92  4.52  0.00 -3.21 0.000  00  01Ro00M000  0.427
LYS01_0007_049 -0.780 -4.62 -2.97  5.51  0.00 -2.08 0.000  00  01Ro00M000  0.415
LYS01_0007_050 -0.780 -1.08 -3.09  4.52  0.00  0.35 0.000  00  01Ro00M000  0.395
LYS01_0007_051 -0.780 -5.35 -2.93  4.52  0.00 -3.77 0.000  00  01Ro00M000  0.492
LYS01_0007_052 -0.780 -3.06 -3.50  5.29  0.00 -1.26 0.000  00  01Ro00M000  0.280
LYS01_0007_053 -0.780 -0.37 -3.46  4.30  0.00  0.48 0.000  00  01Ro00M000  0.328
LYS01_0007_054 -0.780 -2.50 -3.77  4.30  0.00 -1.97 0.000  00  01Ro00M000  0.232
LYS01_0007_055 -0.780 -4.37 -4.35  4.35  0.00 -4.37 0.000  00  01Ro00M000  0.375
LYS01_0007_056 -0.780 -4.80 -4.08  5.34  0.00 -3.54 0.000  00  01Ro00M000  0.419
LYS01_0007_057 -0.780 -0.86 -4.21  4.35  0.00 -0.72 0.000  00  01Ro00M000  0.363
LYS01_0007_058 -0.780 -6.22 -2.58  3.15  0.00 -5.65 0.000  00  01Ro00M000  0.553
LYS01_0007_059 -0.780 -5.66 -2.59  4.14  0.00 -4.11 0.000  00  01Ro00M000  0.515
LYS01_0007_060 -0.780 -4.42 -3.09  3.15  0.00 -4.37 0.000  00  01Ro00M000  0.451
LYS01_0007_061 -0.780 -4.21 -2.94  2.50  0.00 -4.65 0.000  00  01Ro00M000  0.525
LYS01_0007_062 -0.780 -3.62 -3.05  3.49  0.00 -3.18 0.000  00  01Ro00M000  0.476
LYS01_0007_063 -0.780 -5.38 -2.96  2.89  0.00 -5.46 0.000  00  01Ro00M000  0.515
LYS01_0007_064 -0.780 -4.17 -3.56  3.88  0.00 -3.85 0.000  00  01Ro00M000  0.439
LYS01_0007_065 -0.780 -4.54 -3.08  2.89  0.00 -4.73 0.000  00  01Ro00M000  0.450
LYS01_0007_066 -0.780 -5.82 -2.64  2.99  0.00 -5.47 0.000  00  01Ro00M000  0.521
LYS01_0007_067 -0.780 -5.32 -2.89  3.98  0.00 -4.23 0.000  00  01Ro00M000  0.495
LYS01_0007_068 -0.780 -5.24 -2.63  2.99  0.00 -4.88 0.000  00  01Ro00M000  0.494
LYS01_0007_069 -0.780 -5.74 -3.13  4.55  0.00 -4.32 0.000  00  01Ro00M000  0.506
LYS01_0007_070 -0.780 -4.87 -3.28  5.55  0.00 -2.61 0.000  00  01Ro00M000  0.442
LYS01_0007_071 -0.780 -4.27 -3.80  4.55  0.00 -3.51 0.000  00  01Ro00M000  0.420
LYS01_0007_072 -0.780 -4.28 -3.28  3.90  0.00 -3.65 0.000  00  01Ro00M000  0.503
LYS01_0007_073 -0.780 -3.06 -3.63  4.90  0.00 -1.79 0.000  00  01Ro00M000  0.414
LYS01_0007_074 -0.780 -5.06 -3.03  4.30  0.00 -3.80 0.000  00  01Ro00M000  0.469
LYS01_0007_075 -0.780 -4.19 -3.35  5.29  0.00 -2.25 0.000  00  01Ro00M000  0.426
LYS01_0007_076 -0.780 -4.10 -3.07  4.30  0.00 -2.87 0.000  00  01Ro00M000  0.416
LYS01_0007_077 -0.780 -5.78 -2.86  4.39  0.00 -4.24 0.000  00  01Ro00M000  0.511
LYS01_0007_078 -0.780 -5.09 -2.98  5.39  0.00 -2.69 0.000  00  01Ro00M000  0.456
LYS01_0007_079 -0.780 -5.04 -2.95  4.39  0.00 -3.59 0.000  00  01Ro00M000  0.466
LYS01_0007_080 -0.780 -4.96 -2.77  3.57  0.00 -4.17 0.000  00  01Ro00M000  0.456
LYS01_0007_081 -0.780 -4.94 -2.72  4.56  0.00 -3.09 0.000  00  01Ro00M000  0.457
LYS01_0007_082 -0.780 -4.19 -3.18  3.57  0.00 -3.79 0.000  00  01Ro00M000  0.434
LYS01_0007_083 -0.780 -3.41 -3.40  2.92  0.00 -3.89 0.000  00  01Ro00M000  0.443
LYS01_0007_084 -0.780 -2.62 -3.75  3.41  0.00 -2.96 0.000  00  01Ro00M000  0.227
LYS01_0007_085 -0.780 -3.58 -3.14  3.41  0.00 -3.31 0.000  00  01Ro00M000  0.347
LYS01_0007_086 -0.780 -3.77 -3.00  3.35  0.00 -3.41 0.000  00  01Ro00M000  0.332
LYS01_0007_087 -0.780 -3.25 -3.05  4.34  0.00 -1.96 0.000  00  01Ro00M000  0.288
LYS01_0007_088 -0.780 -3.75 -3.27  3.10  0.00 -3.92 0.000  00  01Ro00M000  0.343
LYS01_0007_089 -0.780 -2.85 -4.02  4.09  0.00 -2.79 0.000  00  01Ro00M000  0.304
LYS01_0007_090 -0.780 -4.22 -2.84  3.10  0.00 -3.97 0.000  00  01Ro00M000  0.420
LYS01_0007_091 -0.780 -4.61 -2.64  3.19  0.00 -4.06 0.000  00  01Ro00M000  0.420
LYS01_0007_092 -0.780 -4.43 -2.72  4.19  0.00 -2.97 0.000  00  01Ro00M000  0.400
LYS01_0007_093 -0.780 -4.29 -2.57  3.19  0.00 -3.66 0.000  00  01Ro00M000  0.402
LYS01_0007_094 -0.780 -4.82 -2.74  3.40  0.00 -4.16 0.000  00  01Ro00M000  0.437
LYS01_0007_095 -0.780 -5.00 -2.73  4.40  0.00 -3.33 0.000  00  01Ro00M000  0.446
LYS01_0007_096 -0.780 -3.34 -3.72  3.40  0.00 -3.66 0.000  00  01Ro00M000  0.353
LYS01_0007_097 -0.780 -2.55 -3.44  2.76  0.00 -3.24 0.000  00  01Ro00M000  0.374
LYS01_0007_098 -0.780 -4.95 -2.81  3.15  0.00 -4.62 0.000  00  01Ro00M000  0.456
LYS01_0007_099 -0.780 -4.07 -3.34  4.14  0.00 -3.27 0.000  00  01Ro00M000  0.421
LYS01_0007_100 -0.780 -4.99 -2.67  3.15  0.00 -4.51 0.000  00  01Ro00M000  0.489
LYS01_0007_101 -0.780 -5.81 -2.51  3.24  0.00 -5.07 0.000  00  01Ro00M000  0.516
LYS01_0007_102 -0.780 -5.67 -2.56  4.24  0.00 -3.99 0.000  00  01Ro00M000  0.512
LYS01_0007_103 -0.780 -5.13 -2.50  3.24  0.00 -4.39 0.000  00  01Ro00M000  0.478
LYS01_0007_104 -0.780 -4.95 -2.94  4.98  0.00 -2.91 0.000  00  01Ro00M000  0.440
LYS01_0007_105 -0.780 -5.23 -2.95  5.97  0.00 -2.21 0.000  00  01Ro00M000  0.470
LYS01_0007_106 -0.780 -4.07 -3.20  4.98  0.00 -2.30 0.000  00  01Ro00M000  0.404
LYS01_0007_107 -0.780 -2.70 -3.82  4.72  0.00 -1.81 0.000  00  01Ro00M000  0.253
LYS01_0007_108 -0.780 -2.61 -3.65  4.72  0.00 -1.54 0.000  00  01Ro00M000  0.262
LYS01_0007_109 -0.780 -3.79 -3.18  4.82  0.00 -2.15 0.000  00  01Ro00M000  0.335
LYS01_0007_110 -0.780 -3.20 -3.58  5.81  0.00 -0.97 0.000  00  01Ro00M000  0.280
LYS01_0007_111 -0.780 -4.53 -3.07  4.82  0.00 -2.78 0.000  00  01Ro00M000  0.428
LYS01_0007_112 -0.780 -4.64 -4.11  4.55  0.00 -4.19 0.000  00  01Ro00M000  0.433
LYS01_0007_113 -0.780 -3.98 -4.38  5.55  0.00 -2.82 0.000  00  01Ro00M000  0.420
LYS01_0007_114 -0.780 -4.96 -3.73  4.55  0.00 -4.14 0.000  00  01Ro00M000  0.487
LYS01_0007_115 -0.780 -5.25 -3.79  4.65  0.00 -4.39 0.000  00  01Ro00M000  0.454
LYS01_0007_116 -0.780 -5.38 -3.68  5.64  0.00 -3.42 0.000  00  01Ro00M000  0.471
LYS01_0007_117 -0.780 -4.49 -3.96  4.65  0.00 -3.79 0.000  00  01Ro00M000  0.413
PHE01_0008_001  0.000 -3.34 -2.98  0.01  0.00 -6.31 0.000  00  01O000M000  0.598
PHE01_0008_002  0.000 -4.62 -3.08  2.79  0.00 -4.90 0.000  00  01Ro00M000  0.703
PHE01_0008_003  0.000 -2.86 -1.32  0.01  0.00 -4.18 0.000  00  01Ro00M000  0.581
PHE01_0008_004  0.000 -3.13 -3.01  0.01  0.00 -6.14 0.000  00  01Ro00M000  0.594
PHE01_0008_005  0.000 -3.40 -2.18  0.01  0.00 -5.58 0.000  00  01Ro00M000  0.607
PHE01_0008_006  0.000 -4.28 -3.11  2.79  0.00 -4.59 0.000  00  01Ro00M000  0.698
PHE01_0008_007  0.000 -4.42 -2.47  2.79  0.00 -4.10 0.000  00  01Ro00M000  0.674
PHE01_0008_008  0.000 -4.62 -2.23  2.79  0.00 -4.06 0.000  00  01Ro00M000  0.687
PHE01_0008_009  0.000 -3.27  2.47  0.01  0.00 -0.79 0.000  00  01Ro00M000  0.592
GLU01_0009_001 -0.435 -0.12 -3.34  1.55  0.00 -1.90 0.000  00  01O000M000  0.764
GLU01_0009_002 -0.435 -0.40  0.15  1.55  0.00  1.30 0.000  00  01Ro00M000  0.790
GLU01_0009_003 -0.435 -0.34 -2.50  2.90  0.00  0.06 0.000  00  01Ro00M000  0.778
GLU01_0009_004 -0.435  0.04 -2.47  1.55  0.00 -0.88 0.000  00  01Ro00M000  0.669
GLU01_0009_005 -0.435 -2.43 -3.19  1.99  0.00 -3.63 0.000  00  01Ro00M000  0.704
GLU01_0009_006 -0.435 -2.81 -3.45  2.31  0.00 -3.95 0.000  00  01Ro00M000  0.656
GLU01_0009_007 -0.435 -1.97 -3.25  1.55  0.00 -3.67 0.000  00  01Ro00M000  0.762
GLU01_0009_008 -0.435 -2.86 -3.25  1.99  0.00 -4.12 0.000  00  01Ro00M000  0.717
GLU01_0009_009 -0.435 -2.75 -3.52  2.31  0.00 -3.96 0.000  00  01Ro00M000  0.666
GLU01_0009_010 -0.435 -2.75  0.13  1.99  0.00 -0.63 0.000  00  01Ro00M000  0.773
GLU01_0009_011 -0.435 -3.40  0.22  2.31  0.00 -0.88 0.000  00  01Ro00M000  0.796
GLU01_0009_012 -0.435 -1.98  0.19  1.55  0.00 -0.24 0.000  00  01Ro00M000  0.772
GLU01_0009_013 -0.435 -2.93  0.17  1.99  0.00 -0.76 0.000  00  01Ro00M000  0.758
GLU01_0009_014 -0.435 -3.04  0.21  2.31  0.00 -0.52 0.000  00  01Ro00M000  0.744
GLU01_0009_015 -0.435 -2.91 -2.33  3.34  0.00 -1.90 0.000  00  01Ro00M000  0.783
GLU01_0009_016 -0.435 -3.31 -2.33  3.65  0.00 -2.00 0.000  00  01Ro00M000  0.783
GLU01_0009_017 -0.435 -2.05 -2.42  2.90  0.00 -1.57 0.000  00  01Ro00M000  0.776
GLU01_0009_018 -0.435 -3.05 -2.31  3.34  0.00 -2.03 0.000  00  01Ro00M000  0.760
GLU01_0009_019 -0.435 -3.26 -2.38  3.65  0.00 -1.99 0.000  00  01Ro00M000  0.778
GLU01_0009_020 -0.435 -2.49 -2.40  3.55  0.00 -1.34 0.000  00  01Ro00M000  0.737
GLU01_0009_021 -0.435 -2.95 -2.32  3.86  0.00 -1.41 0.000  00  01Ro00M000  0.687
GLU01_0009_022 -0.435 -1.99 -2.33  3.11  0.00 -1.21 0.000  00  01Ro00M000  0.739
GLU01_0009_023 -0.435 -2.83 -2.36  3.55  0.00 -1.65 0.000  00  01Ro00M000  0.727
GLU01_0009_024 -0.435 -2.85 -2.34  3.86  0.00 -1.33 0.000  00  01Ro00M000  0.706
GLU01_0009_025 -0.435 -2.13 -1.77  1.99  0.00 -1.91 0.000  00  01Ro00M000  0.634
GLU01_0009_026 -0.435 -2.67 -2.65  2.31  0.00 -3.01 0.000  00  01Ro00M000  0.628
GLU01_0009_027 -0.435 -1.63 -2.60  1.55  0.00 -2.68 0.000  00  01Ro00M000  0.682
GLU01_0009_028 -0.435 -2.40 -2.35  1.99  0.00 -2.77 0.000  00  01Ro00M000  0.629
GLU01_0009_029 -0.435 -2.68 -2.65  2.31  0.00 -3.02 0.000  00  01Ro00M000  0.662
GLU01_0009_030 -0.435 -2.24 -0.10  3.86  0.00  1.52 0.000  00  01Ro00M000  0.532
GLU01_0009_031 -0.435 -2.00  0.10  3.86  0.00  1.96 0.000  00  01Ro00M000  0.516
GLU01_0009_032 -0.435 -2.59 -2.76  4.89  0.00 -0.45 0.000  00  01Ro00M000  0.733
GLU01_0009_033 -0.435 -3.20 -2.58  5.20  0.00 -0.58 0.000  00  01Ro00M000  0.753
GLU01_0009_034 -0.435 -1.82 -2.60  4.45  0.00  0.03 0.000  00  01Ro00M000  0.717
GLU01_0009_035 -0.435 -2.98 -2.65  4.89  0.00 -0.74 0.000  00  01Ro00M000  0.759
GLU01_0009_036 -0.435 -2.99 -2.57  5.20  0.00 -0.36 0.000  00  01Ro00M000  0.746
GLU01_0009_037 -0.435 -2.91 -3.68  3.65  0.00 -2.94 0.000  00  01Ro00M000  0.676
GLU01_0009_038 -0.435 -1.41 -0.74  2.90  0.00  0.75 0.000  00  01Ro00M000  0.655
GLU01_0009_039 -0.435 -2.91 -3.66  3.65  0.00 -2.92 0.000  00  01Ro00M000  0.725
GLU01_0009_040 -0.435 -1.91 -1.93  3.34  0.00 -0.50 0.000  00  01Ro00M000  0.589
GLU01_0009_041 -0.435 -2.29 -1.95  3.34  0.00 -0.90 0.000  00  01Ro00M000  0.588
GLU01_0009_042 -0.435 -2.13 -2.68  4.89  0.00  0.08 0.000  00  01Ro00M000  0.636
GLU01_0009_043 -0.435 -2.90 -2.63  5.20  0.00 -0.32 0.000  00  01Ro00M000  0.677
GLU01_0009_044 -0.435 -1.65 -2.78  4.45  0.00  0.03 0.000  00  01Ro00M000  0.664
GLU01_0009_045 -0.435 -2.50 -2.67  4.89  0.00 -0.28 0.000  00  01Ro00M000  0.633
GLU01_0009_046 -0.435 -2.46 -2.66  5.20  0.00  0.09 0.000  00  01Ro00M000  0.631
ARG01_0010_001 -1.500 -4.11 -1.68  0.75  0.00 -5.04 0.000  00  01O000M000  0.575
ARG01_0010_002 -1.500 -6.47 -2.69  3.55  0.00 -5.61 0.000  00  01Ro00M000  0.769
ARG01_0010_003 -1.500 -5.56 -2.71  0.75  0.00 -7.53 0.000  00  01Ro00M000  0.693
ARG01_0010_004 -1.500 -7.68  0.09  0.71  0.00 -6.87 0.000  00  01Ro00M000  0.830
ARG01_0010_005 -1.500 -7.11 -3.85  4.08  0.00 -6.88 0.000  00  01Ro00M000  0.797
ARG01_0010_006 -1.500 -4.33 -1.69  3.51  0.00 -2.52 0.000  00  01Ro00M000  0.588
ARG01_0010_007 -1.500 -4.26 -4.05  4.16  0.00 -4.15 0.000  00  01Ro00M000  0.593
ARG01_0010_008 -1.500 -6.55 -2.62  1.28  0.00 -7.88 0.000  00  01Ro00M000  0.758
ARG01_0010_009 -1.500 -7.21 -1.01  2.97  0.00 -5.24 0.000  00  01Ro00M000  0.746
ARG01_0010_010 -1.500 -7.83 -0.80  0.75  0.00 -7.88 0.000  00  01Ro00M000  0.782
ARG01_0010_011 -1.500 -7.32 -0.93  2.97  0.00 -5.28 0.000  00  01Ro00M000  0.765
ARG01_0010_012 -1.500 -4.77 -1.92  0.75  0.00 -5.93 0.000  00  01Ro00M000  0.652
ARG01_0010_013 -1.500 -1.15 -3.02  2.97  0.00 -1.21 0.000  00  01Ro00M000  0.535
ARG01_0010_014 -1.500 -8.04 -2.27  5.76  0.00 -4.55 0.000  00  01Ro00M000  0.795
ARG01_0010_015 -1.500 -7.68 -2.32  3.55  0.00 -6.45 0.000  00  01Ro00M000  0.761
ARG01_0010_016 -1.500 -5.97 -3.52  5.76  0.00 -3.73 0.000  00  01Ro00M000  0.648
ARG01_0010_017 -1.500 -3.21 -5.64  3.55  0.00 -5.30 0.000  00  01Ro00M000  0.484
ARG01_0010_018 -1.500 -2.07 -4.14  5.76  0.00 -0.45 0.000  00  01Ro00M000  0.588
ARG01_0010_019 -1.500 -5.88 -2.78  2.97  0.00 -5.70 0.000  00  01Ro00M000  0.643
ARG01_0010_020 -1.500 -4.54 -0.34  0.75  0.00 -4.12 0.000  00  01Ro00M000  0.512
ARG01_0010_021 -1.500 -6.37 -2.38  3.50  0.00 -5.25 0.000  00  01Ro00M000  0.697
ARG01_0010_022 -1.500 -7.28 -1.27  1.28  0.00 -7.27 0.000  00  01Ro00M000  0.734
ARG01_0010_023 -1.500 -8.49  0.32  2.93  0.00 -5.25 0.000  00  01Ro00M000  0.829
ARG01_0010_024 -1.500 -7.83 -0.03  0.71  0.00 -7.15 0.000  00  01Ro00M000  0.807
ARG01_0010_025 -1.500 -8.26 -0.99  1.37  0.00 -7.88 0.000  00  01Ro00M000  0.813
ARG01_0010_026 -1.500 -8.31 -2.60  6.30  0.00 -4.62 0.000  00  01Ro00M000  0.818
ARG01_0010_027 -1.500 -7.95 -2.27  4.08  0.00 -6.13 0.000  00  01Ro00M000  0.799
ARG01_0010_028 -1.500 -7.46 -2.53  6.30  0.00 -3.69 0.000  00  01Ro00M000  0.751
ARG01_0010_029 -1.500 -8.40 -2.74  5.92  0.00 -5.22 0.000  00  01Ro00M000  0.846
ARG01_0010_030 -1.500 -8.25 -2.18  3.71  0.00 -6.73 0.000  00  01Ro00M000  0.840
ARG01_0010_031 -1.500 -8.26 -2.47  5.92  0.00 -4.81 0.000  00  01Ro00M000  0.821
ARG01_0010_032 -1.500 -8.58 -1.94  3.51  0.00 -7.02 0.000  00  01Ro00M000  0.826
ARG01_0010_033 -1.500 -7.49 -2.63  6.38  0.00 -3.75 0.000  00  01Ro00M000  0.753
ARG01_0010_034 -1.500 -7.86 -2.63  4.16  0.00 -6.33 0.000  00  01Ro00M000  0.775
ARG01_0010_035 -1.500 -6.28 -4.02  6.38  0.00 -3.92 0.000  00  01Ro00M000  0.664
ARG01_0010_036 -1.500 -7.38 -2.36  3.50  0.00 -6.24 0.000  00  01Ro00M000  0.712
ARG01_0010_037 -1.500 -5.63 -2.69  1.28  0.00 -7.03 0.000  00  01Ro00M000  0.611
ARG01_0010_038 -1.500 -6.23 -2.84  3.50  0.00 -5.57 0.000  00  01Ro00M000  0.639
ARG01_0010_039 -1.500 -5.65 -2.66  1.28  0.00 -7.02 0.000  00  01Ro00M000  0.709
ARG01_0010_040 -1.500 -5.93 -3.20  3.13  0.00 -6.01 0.000  00  01Ro00M000  0.629
ARG01_0010_041 -1.500 -6.65 -2.32  0.91  0.00 -8.05 0.000  00  01Ro00M000  0.696
ARG01_0010_042 -1.500 -6.41 -2.76  0.91  0.00 -8.26 0.000  00  01Ro00M000  0.745
ARG01_0010_043 -1.500 -4.85 -1.37  0.75  0.00 -5.46 0.000  00  01Ro00M000  0.627
ARG01_0010_044 -1.500 -5.39 -1.69  0.75  0.00 -6.33 0.000  00  01Ro00M000  0.667
ARG01_0010_045 -1.500 -6.65 -2.61  3.55  0.00 -5.70 0.000  00  01Ro00M000  0.768
ARG01_0010_046 -1.500 -5.59 -3.07  3.55  0.00 -5.11 0.000  00  01Ro00M000  0.679
ARG01_0010_047 -1.500 -5.70 -2.79  0.75  0.00 -7.73 0.000  00  01Ro00M000  0.666
ARG01_0010_048 -1.500 -4.76 -3.15  0.75  0.00 -7.16 0.000  00  01Ro00M000  0.614
ARG01_0010_049 -1.500 -3.69 -2.72  1.28  0.00 -5.13 0.000  00  01Ro00M000  0.529
ARG01_0010_050 -1.500 -2.77 -3.01  1.28  0.00 -4.49 0.000  00  01Ro00M000  0.461
ARG01_0010_051 -1.500 -7.33  0.07  0.71  0.00 -6.55 0.000  00  01Ro00M000  0.820
ARG01_0010_052 -1.500 -7.03 -0.75  0.71  0.00 -7.07 0.000  00  01Ro00M000  0.774
ARG01_0010_053 -1.500 -6.32 -1.05  1.37  0.00 -6.00 0.000  00  01Ro00M000  0.731
ARG01_0010_054 -1.500 -7.10 -3.17  4.08  0.00 -6.19 0.000  00  01Ro00M000  0.792
ARG01_0010_055 -1.500 -6.60 -3.30  4.08  0.00 -5.83 0.000  00  01Ro00M000  0.764
ARG01_0010_056 -1.500 -5.07 -3.34  3.51  0.00 -4.90 0.000  00  01Ro00M000  0.623
ARG01_0010_057 -1.500 -4.59 -3.71  3.51  0.00 -4.79 0.000  00  01Ro00M000  0.577
ARG01_0010_058 -1.500 -4.17 -4.46  4.16  0.00 -4.47 0.000  00  01Ro00M000  0.567
ARG01_0010_059 -1.500 -3.17 -5.24  4.16  0.00 -4.25 0.000  00  01Ro00M000  0.489
ARG01_0010_060 -1.500 -6.72 -2.30  1.28  0.00 -7.73 0.000  00  01Ro00M000  0.760
ARG01_0010_061 -1.500 -6.42 -2.37  1.28  0.00 -7.50 0.000  00  01Ro00M000  0.739
ARG01_0010_062 -1.500 -7.49 -0.90  2.97  0.00 -5.42 0.000  00  01Ro00M000  0.746
ARG01_0010_063 -1.500 -6.25 -1.11  2.97  0.00 -4.39 0.000  00  01Ro00M000  0.665
ARG01_0010_064 -1.500 -4.19 -2.03  2.97  0.00 -3.25 0.000  00  01Ro00M000  0.575
ARG01_0010_065 -1.500 -7.94 -0.73  0.75  0.00 -7.92 0.000  00  01Ro00M000  0.780
ARG01_0010_066 -1.500 -7.65 -0.79  0.75  0.00 -7.69 0.000  00  01Ro00M000  0.756
ARG01_0010_067 -1.500 -6.57 -1.08  0.75  0.00 -6.90 0.000  00  01Ro00M000  0.710
ARG01_0010_068 -1.500 -7.86 -0.76  2.97  0.00 -5.65 0.000  00  01Ro00M000  0.767
ARG01_0010_069 -1.500 -7.99 -0.72  2.97  0.00 -5.74 0.000  00  01Ro00M000  0.780
ARG01_0010_070 -1.500 -7.59 -0.85  2.97  0.00 -5.47 0.000  00  01Ro00M000  0.790
ARG01_0010_071 -1.500 -6.77 -1.06  0.75  0.00 -7.07 0.000  00  01Ro00M000  0.740
ARG01_0010_072 -1.500 -7.27 -0.87  0.75  0.00 -7.38 0.000  00  01Ro00M000  0.768
ARG01_0010_073 -1.500 -6.58 -0.98  0.75  0.00 -6.81 0.000  00  01Ro00M000  0.761
ARG01_0010_074 -1.500 -3.47 -1.72  2.97  0.00 -2.22 0.000  00  01Ro00M000  0.670
ARG01_0010_075 -1.500 -3.79 -1.49  2.97  0.00 -2.31 0.000  00  01Ro00M000  0.688
ARG01_0010_076 -1.500 -2.31 -1.92  2.97  0.00 -1.26 0.000  00  01Ro00M000  0.660
ARG01_0010_077 -1.500 -8.20 -2.27  5.76  0.00 -4.70 0.000  00  01Ro00M000  0.797
ARG01_0010_078 -1.500 -7.86 -2.41  5.76  0.00 -4.50 0.000  00  01Ro00M000  0.757
ARG01_0010_079 -1.500 -6.04 -2.79  5.76  0.00 -3.07 0.000  00  01Ro00M000  0.725
ARG01_0010_080 -1.500 -8.04 -2.26  3.55  0.00 -6.76 0.000  00  01Ro00M000  0.768
ARG01_0010_081 -1.500 -8.24 -2.21  3.55  0.00 -6.90 0.000  00  01Ro00M000  0.801
ARG01_0010_082 -1.500 -7.33 -2.29  3.55  0.00 -6.07 0.000  00  01Ro00M000  0.777
ARG01_0010_083 -1.500 -7.06 -2.65  5.76  0.00 -3.94 0.000  00  01Ro00M000  0.717
ARG01_0010_084 -1.500 -7.70 -2.35  5.76  0.00 -4.29 0.000  00  01Ro00M000  0.789
ARG01_0010_085 -1.500 -7.50 -2.36  5.76  0.00 -4.10 0.000  00  01Ro00M000  0.795
ARG01_0010_086 -1.500 -5.08 -3.95  3.55  0.00 -5.49 0.000  00  01Ro00M000  0.583
ARG01_0010_087 -1.500 -5.79 -3.30  3.55  0.00 -5.54 0.000  00  01Ro00M000  0.641
ARG01_0010_088 -1.500 -5.62 -3.49  3.55  0.00 -5.56 0.000  00  01Ro00M000  0.662
ARG01_0010_089 -1.500 -3.70 -3.60  5.76  0.00 -1.54 0.000  00  01Ro00M000  0.657
ARG01_0010_090 -1.500 -2.40 -4.25  5.76  0.00 -0.88 0.000  00  01Ro00M000  0.552
ARG01_0010_091 -1.500 -5.67 -2.82  2.97  0.00 -5.52 0.000  00  01Ro00M000  0.607
ARG01_0010_092 -1.500 -6.64 -2.62  2.97  0.00 -6.29 0.000  00  01Ro00M000  0.678
ARG01_0010_093 -1.500 -5.37 -2.75  2.97  0.00 -5.15 0.000  00  01Ro00M000  0.675
ARG01_0010_094 -1.500 -4.61 -3.92  0.75  0.00 -7.78 0.000  00  01Ro00M000  0.528
ARG01_0010_095 -1.500 -6.22 -2.96  0.75  0.00 -8.43 0.000  00  01Ro00M000  0.643
ARG01_0010_096 -1.500 -6.17 -2.87  0.75  0.00 -8.28 0.000  00  01Ro00M000  0.668
ARG01_0010_097 -1.500 -2.64 -3.89  2.97  0.00 -3.56 0.000  00  01Ro00M000  0.377
ARG01_0010_098 -1.500 -4.52 -4.36  2.97  0.00 -5.91 0.000  00  01Ro00M000  0.528
ARG01_0010_099 -1.500 -3.96 -4.48  2.97  0.00 -5.46 0.000  00  01Ro00M000  0.516
ARG01_0010_100 -1.500 -6.87 -2.16  3.50  0.00 -5.53 0.000  00  01Ro00M000  0.683
ARG01_0010_101 -1.500 -5.29 -2.95  3.50  0.00 -4.74 0.000  00  01Ro00M000  0.580
ARG01_0010_102 -1.500 -7.37 -1.28  1.28  0.00 -7.36 0.000  00  01Ro00M000  0.724
ARG01_0010_103 -1.500 -6.69 -1.62  1.28  0.00 -7.02 0.000  00  01Ro00M000  0.678
ARG01_0010_104 -1.500 -6.27 -2.18  1.28  0.00 -7.16 0.000  00  01Ro00M000  0.691
ARG01_0010_105 -1.500 -6.64 -1.16  3.50  0.00 -4.30 0.000  00  01Ro00M000  0.674
ARG01_0010_106 -1.500 -6.90 -1.24  3.50  0.00 -4.63 0.000  00  01Ro00M000  0.747
ARG01_0010_107 -1.500 -5.13 -1.72  1.28  0.00 -5.57 0.000  00  01Ro00M000  0.569
ARG01_0010_108 -1.500 -6.86 -1.36  1.28  0.00 -6.93 0.000  00  01Ro00M000  0.710
ARG01_0010_109 -1.500 -6.17 -1.38  1.28  0.00 -6.26 0.000  00  01Ro00M000  0.712
ARG01_0010_110 -1.500 -8.38  0.28  2.93  0.00 -5.17 0.000  00  01Ro00M000  0.827
ARG01_0010_111 -1.500 -8.67  0.10  2.93  0.00 -5.64 0.000  00  01Ro00M000  0.830
ARG01_0010_112 -1.500 -7.45 -0.22  2.93  0.00 -4.75 0.000  00  01Ro00M000  0.810
ARG01_0010_113 -1.500 -8.28  0.02  0.71  0.00 -7.55 0.000  00  01Ro00M000  0.821
ARG01_0010_114 -1.500 -8.09  0.27  0.71  0.00 -7.11 0.000  00  01Ro00M000  0.818
ARG01_0010_115 -1.500 -7.68  0.28  0.71  0.00 -6.69 0.000  00  01Ro00M000  0.800
ARG01_0010_116 -1.500 -8.14  0.32  2.93  0.00 -4.89 0.000  00  01Ro00M000  0.794
ARG01_0010_117 -1.500 -7.98  0.87  2.93  0.00 -4.18 0.000  00  01Ro00M000  0.821
ARG01_0010_118 -1.500 -8.52 -0.75  1.37  0.00 -7.89 0.000  00  01Ro00M000  0.816
ARG01_0010_119 -1.500 -8.04 -0.73  1.37  0.00 -7.40 0.000  00  01Ro00M000  0.794
ARG01_0010_120 -1.500 -7.18 -0.84  1.37  0.00 -6.64 0.000  00  01Ro00M000  0.777
ARG01_0010_121 -1.500 -8.33 -1.31  1.37  0.00 -8.27 0.000  00  01Ro00M000  0.808
ARG01_0010_122 -1.500 -8.33 -1.22  1.37  0.00 -8.18 0.000  00  01Ro00M000  0.816
ARG01_0010_123 -1.500 -7.77 -1.75  1.37  0.00 -8.15 0.000  00  01Ro00M000  0.812
ARG01_0010_124 -1.500 -8.40 -2.53  6.30  0.00 -4.64 0.000  00  01Ro00M000  0.818
ARG01_0010_125 -1.500 -8.48 -2.81  6.30  0.00 -4.99 0.000  00  01Ro00M000  0.814
ARG01_0010_126 -1.500 -8.41 -2.21  4.08  0.00 -6.54 0.000  00  01Ro00M000  0.807
ARG01_0010_127 -1.500 -8.42 -2.30  4.08  0.00 -6.63 0.000  00  01Ro00M000  0.818
ARG01_0010_128 -1.500 -7.76 -2.67  4.08  0.00 -6.34 0.000  00  01Ro00M000  0.813
ARG01_0010_129 -1.500 -8.32 -2.26  6.30  0.00 -4.29 0.000  00  01Ro00M000  0.787
ARG01_0010_130 -1.500 -8.37 -2.21  6.30  0.00 -4.28 0.000  00  01Ro00M000  0.804
ARG01_0010_131 -1.500 -7.76 -2.27  6.30  0.00 -3.74 0.000  00  01Ro00M000  0.804
ARG01_0010_132 -1.500 -7.31 -2.55  4.08  0.00 -5.78 0.000  00  01Ro00M000  0.767
ARG01_0010_133 -1.500 -7.59 -2.42  4.08  0.00 -5.93 0.000  00  01Ro00M000  0.769
ARG01_0010_134 -1.500 -6.75 -2.59  4.08  0.00 -5.26 0.000  00  01Ro00M000  0.767
ARG01_0010_135 -1.500 -8.42 -2.83  5.92  0.00 -5.32 0.000  00  01Ro00M000  0.845
ARG01_0010_136 -1.500 -8.06 -2.59  5.92  0.00 -4.73 0.000  00  01Ro00M000  0.806
ARG01_0010_137 -1.500 -9.20 -2.24  3.71  0.00 -7.73 0.000  00  01Ro00M000  0.854
ARG01_0010_138 -1.500 -8.83 -2.53  3.71  0.00 -7.66 0.000  00  01Ro00M000  0.849
ARG01_0010_139 -1.500 -8.10 -2.78  3.71  0.00 -7.17 0.000  00  01Ro00M000  0.827
ARG01_0010_140 -1.500 -8.98 -2.35  5.92  0.00 -5.41 0.000  00  01Ro00M000  0.847
ARG01_0010_141 -1.500 -9.00 -2.19  5.92  0.00 -5.27 0.000  00  01Ro00M000  0.847
ARG01_0010_142 -1.500 -8.07 -2.17  5.92  0.00 -4.32 0.000  00  01Ro00M000  0.840
ARG01_0010_143 -1.500 -7.82 -3.32  3.71  0.00 -7.43 0.000  00  01Ro00M000  0.826
ARG01_0010_144 -1.500 -8.27 -2.64  3.71  0.00 -7.20 0.000  00  01Ro00M000  0.837
ARG01_0010_145 -1.500 -7.59 -2.60  3.71  0.00 -6.48 0.000  00  01Ro00M000  0.815
ARG01_0010_146 -1.500 -7.72 -2.26  5.72  0.00 -4.25 0.000  00  01Ro00M000  0.744
ARG01_0010_147 -1.500 -6.53 -3.24  5.72  0.00 -4.05 0.000  00  01Ro00M000  0.637
ARG01_0010_148 -1.500 -8.28 -1.91  3.51  0.00 -6.68 0.000  00  01Ro00M000  0.801
ARG01_0010_149 -1.500 -8.00 -2.01  3.51  0.00 -6.50 0.000  00  01Ro00M000  0.759
ARG01_0010_150 -1.500 -7.52 -2.09  3.51  0.00 -6.10 0.000  00  01Ro00M000  0.742
ARG01_0010_151 -1.500 -8.34 -2.53  5.72  0.00 -5.15 0.000  00  01Ro00M000  0.779
ARG01_0010_152 -1.500 -8.33 -2.00  5.72  0.00 -4.61 0.000  00  01Ro00M000  0.826
ARG01_0010_153 -1.500 -7.13 -2.78  6.38  0.00 -3.53 0.000  00  01Ro00M000  0.715
ARG01_0010_154 -1.500 -6.14 -3.65  6.38  0.00 -3.42 0.000  00  01Ro00M000  0.622
ARG01_0010_155 -1.500 -5.05 -4.08  6.38  0.00 -2.76 0.000  00  01Ro00M000  0.622
ARG01_0010_156 -1.500 -7.70 -2.63  4.16  0.00 -6.17 0.000  00  01Ro00M000  0.739
ARG01_0010_157 -1.500 -7.10 -2.68  4.16  0.00 -5.62 0.000  00  01Ro00M000  0.710
ARG01_0010_158 -1.500 -6.99 -2.59  4.16  0.00 -5.41 0.000  00  01Ro00M000  0.742
ARG01_0010_159 -1.500 -6.77 -3.24  6.38  0.00 -3.64 0.000  00  01Ro00M000  0.677
ARG01_0010_160 -1.500 -7.64 -2.75  6.38  0.00 -4.01 0.000  00  01Ro00M000  0.763
ARG01_0010_161 -1.500 -7.48 -2.70  6.38  0.00 -3.80 0.000  00  01Ro00M000  0.785
ARG01_0010_162 -1.500 -4.94 -4.98  4.16  0.00 -5.76 0.000  00  01Ro00M000  0.573
ARG01_0010_163 -1.500 -6.47 -3.86  4.16  0.00 -6.17 0.000  00  01Ro00M000  0.679
ARG01_0010_164 -1.500 -5.98 -3.98  4.16  0.00 -5.80 0.000  00  01Ro00M000  0.689
ARG01_0010_165 -1.500 -7.78 -2.12  3.50  0.00 -6.40 0.000  00  01Ro00M000  0.760
ARG01_0010_166 -1.500 -7.58 -2.18  3.50  0.00 -6.27 0.000  00  01Ro00M000  0.759
ARG01_0010_167 -1.500 -6.58 -2.85  3.50  0.00 -5.93 0.000  00  01Ro00M000  0.752
ARG01_0010_168 -1.500 -7.22 -2.17  1.28  0.00 -8.11 0.000  00  01Ro00M000  0.711
ARG01_0010_169 -1.500 -7.56 -2.13  1.28  0.00 -8.40 0.000  00  01Ro00M000  0.738
ARG01_0010_170 -1.500 -6.83 -2.43  1.28  0.00 -7.97 0.000  00  01Ro00M000  0.729
ARG01_0010_171 -1.500 -6.65 -2.35  3.50  0.00 -5.49 0.000  00  01Ro00M000  0.671
ARG01_0010_172 -1.500 -6.75 -2.32  3.50  0.00 -5.57 0.000  00  01Ro00M000  0.681
ARG01_0010_173 -1.500 -5.19 -2.79  3.50  0.00 -4.48 0.000  00  01Ro00M000  0.604
ARG01_0010_174 -1.500 -7.15 -2.23  1.28  0.00 -8.10 0.000  00  01Ro00M000  0.736
ARG01_0010_175 -1.500 -6.71 -2.30  1.28  0.00 -7.73 0.000  00  01Ro00M000  0.709
ARG01_0010_176 -1.500 -5.21 -3.05  1.28  0.00 -6.98 0.000  00  01Ro00M000  0.617
ARG01_0010_177 -1.500 -7.05 -2.74  3.13  0.00 -6.66 0.000  00  01Ro00M000  0.693
ARG01_0010_178 -1.500 -6.80 -3.24  3.13  0.00 -6.92 0.000  00  01Ro00M000  0.686
ARG01_0010_179 -1.500 -7.36 -2.19  0.91  0.00 -8.63 0.000  00  01Ro00M000  0.746
ARG01_0010_180 -1.500 -7.52 -2.45  0.91  0.00 -9.06 0.000  00  01Ro00M000  0.720
ARG01_0010_181 -1.500 -5.44 -3.59  0.91  0.00 -8.12 0.000  00  01Ro00M000  0.629
ARG01_0010_182 -1.500 -7.77 -1.96  3.13  0.00 -6.60 0.000  00  01Ro00M000  0.749
ARG01_0010_183 -1.500 -6.26 -2.42  3.13  0.00 -5.55 0.000  00  01Ro00M000  0.663
ARG01_0010_184 -1.500 -7.58 -2.24  0.91  0.00 -8.90 0.000  00  01Ro00M000  0.759
ARG01_0010_185 -1.500 -7.52 -2.03  0.91  0.00 -8.65 0.000  00  01Ro00M000  0.759
ARG01_0010_186 -1.500 -6.52 -2.14  0.91  0.00 -7.75 0.000  00  01Ro00M000  0.728
GLN01_0011_001 -0.780 -2.51 -0.71  3.83  0.00  0.62 0.000  00  01O000M000  0.531
GLN01_0011_002 -0.780 -2.41 -2.39  1.40  0.00 -3.40 0.000  00  01Ro00M000  0.520
GLN01_0011_003 -0.780 -3.04  1.14  3.83  0.00  1.93 0.000  00  01Ro00M000  0.654
GLN01_0011_004 -0.780 -3.07 -1.63  3.83  0.00 -0.87 0.000  00  01Ro00M000  0.650
GLN01_0011_005 -0.780 -2.69 -1.80  1.40  0.00 -3.09 0.000  00  01Ro00M000  0.563
GLN01_0011_006 -0.780 -2.77 -2.87  3.77  0.00 -1.87 0.000  00  01Ro00M000  0.602
GLN01_0011_007 -0.780 -3.41 -0.24  6.20  0.00  2.55 0.000  00  01Ro00M000  0.725
GLN01_0011_008 -0.780 -3.11 -2.12  3.83  0.00 -1.40 0.000  00  01Ro00M000  0.670
GLN01_0011_009 -0.780 -2.95 -1.70  6.20  0.00  1.56 0.000  00  01Ro00M000  0.623
GLN01_0011_010 -0.780 -3.35 -1.95  3.77  0.00 -1.54 0.000  00  01Ro00M000  0.721
GLN01_0011_011 -0.780 -3.10 -1.28  1.40  0.00 -2.98 0.000  00  01Ro00M000  0.656
GLN01_0011_012 -0.780 -1.56  1.16  1.40  0.00  1.00 0.000  00  01Ro00M000  0.326
GLN01_0011_013 -0.780 -2.03 -2.84  3.77  0.00 -1.10 0.000  00  01Ro00M000  0.432
GLN01_0011_014 -0.780 -2.19 -2.61  0.99  0.00 -3.81 0.000  00  01Ro00M000  0.531
GLN01_0011_015 -0.780 -1.97  1.23  3.42  0.00  2.68 0.000  00  01Ro00M000  0.617
GLN01_0011_016 -0.780 -2.40  1.03  3.83  0.00  2.46 0.000  00  01Ro00M000  0.584
GLN01_0011_017 -0.780 -2.48  1.18  3.42  0.00  2.12 0.000  00  01Ro00M000  0.598
GLN01_0011_018 -0.780 -1.83  1.22  3.04  0.00  2.43 0.000  00  01Ro00M000  0.630
GLN01_0011_019 -0.780 -2.01 -1.66  3.42  0.00 -0.24 0.000  00  01Ro00M000  0.620
GLN01_0011_020 -0.780 -0.06 -1.71  3.04  0.00  1.27 0.000  00  01Ro00M000  0.703
GLN01_0011_021 -0.780 -2.90 -1.68  3.83  0.00 -0.75 0.000  00  01Ro00M000  0.653
GLN01_0011_022 -0.780 -2.88 -1.63  3.42  0.00 -1.09 0.000  00  01Ro00M000  0.671
GLN01_0011_023 -0.780 -2.06 -1.64  3.04  0.00 -0.66 0.000  00  01Ro00M000  0.691
GLN01_0011_024 -0.780 -1.97 -1.83  0.99  0.00 -2.81 0.000  00  01Ro00M000  0.613
GLN01_0011_025 -0.780  0.43 -1.83  0.60  0.00 -0.80 0.000  00  01Ro00M000  0.583
GLN01_0011_026 -0.780 -2.62 -1.80  1.40  0.00 -3.02 0.000  00  01Ro00M000  0.614
GLN01_0011_027 -0.780 -2.79 -1.77  0.99  0.00 -3.57 0.000  00  01Ro00M000  0.641
GLN01_0011_028 -0.780 -1.57 -1.78  0.60  0.00 -2.74 0.000  00  01Ro00M000  0.558
GLN01_0011_029 -0.780 -0.62  1.17  2.97  0.00  3.52 0.000  00  01Ro00M000  0.361
GLN01_0011_030 -0.780 -2.18 -2.91  3.36  0.00 -1.73 0.000  00  01Ro00M000  0.664
GLN01_0011_031 -0.780 -2.57 -2.75  3.77  0.00 -1.56 0.000  00  01Ro00M000  0.616
GLN01_0011_032 -0.780 -2.32 -2.87  3.36  0.00 -1.83 0.000  00  01Ro00M000  0.575
GLN01_0011_033 -0.780 -1.82 -2.80  2.97  0.00 -1.65 0.000  00  01Ro00M000  0.639
GLN01_0011_034 -0.780 -2.56 -2.20  5.80  0.00  1.03 0.000  00  01Ro00M000  0.728
GLN01_0011_035 -0.780 -3.20 -2.18  5.80  0.00  0.41 0.000  00  01Ro00M000  0.729
GLN01_0011_036 -0.780  0.74 -1.34  3.04  0.00  2.44 0.000  00  01Ro00M000  0.540
GLN01_0011_037 -0.780 -2.62 -2.16  3.83  0.00 -0.94 0.000  00  01Ro00M000  0.617
GLN01_0011_038 -0.780 -2.78 -1.65  3.42  0.00 -1.00 0.000  00  01Ro00M000  0.632
GLN01_0011_039 -0.780 -1.68 -2.01  3.04  0.00 -0.66 0.000  00  01Ro00M000  0.617
GLN01_0011_040 -0.780 -1.91 -1.87  5.80  0.00  2.01 0.000  00  01Ro00M000  0.569
GLN01_0011_041 -0.780 -2.56 -1.70  6.20  0.00  1.94 0.000  00  01Ro00M000  0.599
GLN01_0011_042 -0.780 -2.59 -1.79  5.80  0.00  1.41 0.000  00  01Ro00M000  0.609
GLN01_0011_043 -0.780 -2.30 -1.91  3.36  0.00 -0.85 0.000  00  01Ro00M000  0.668
GLN01_0011_044 -0.780 -3.06 -2.00  3.77  0.00 -1.29 0.000  00  01Ro00M000  0.694
GLN01_0011_045 -0.780 -2.86 -1.91  3.36  0.00 -1.40 0.000  00  01Ro00M000  0.672
GLN01_0011_046 -0.780 -2.13 -2.02  2.97  0.00 -1.17 0.000  00  01Ro00M000  0.693
GLN01_0011_047 -0.780 -2.04 -1.99  0.99  0.00 -3.04 0.000  00  01Ro00M000  0.622
GLN01_0011_048 -0.780 -2.76 -2.14  0.99  0.00 -3.91 0.000  00  01Ro00M000  0.633
GLN01_0011_049 -0.780 -1.08  5.24  1.40  0.00  5.56 0.000  00  01Ro00M000  0.296
GLN01_0011_050 -0.780 -1.81 -2.87  3.77  0.00 -0.92 0.000  00  01Ro00M000  0.453
GLN01_0011_051 -0.780 -1.98 -1.81  3.36  0.00 -0.42 0.000  00  01Ro00M000  0.492
GLN01_0011_052 -0.780 -0.98 -2.84  2.97  0.00 -0.85 0.000  00  01Ro00M000  0.453
HIS01_0012_001 -0.650 -5.40 -2.37  0.08  0.00 -7.69 0.000  00  01O000M000  0.511
HIS01_0012_002 -0.650 -5.49 -2.39  0.08  0.00 -7.80 0.000  00  01O000M000  0.507
HIS01_0012_003 -0.650 -7.45 -2.03  2.72  0.00 -6.75 0.000  00  01Ro00M000  0.716
HIS01_0012_004 -0.650 -5.35  8.69  0.08  0.00  3.42 0.000  00  01Ro00M000  0.514
HIS01_0012_005 -0.650 -4.73  4.20  0.08  0.00 -0.45 0.000  00  01Ro00M000  0.457
HIS01_0012_006 -0.650 -5.29 -2.54  0.08  0.00 -7.76 0.000  00  01Ro00M000  0.485
HIS01_0012_007 -0.650 -4.68  1.95  0.08  0.00 -2.65 0.000  00  01Ro00M000  0.463
HIS01_0012_008 -0.650 -2.00  9.20  0.08  0.00  7.29 0.000  00  01Ro00M000  0.183
HIS01_0012_009 -0.650 -7.34 -1.30  2.72  0.00 -5.91 0.000  00  01Ro00M000  0.701
HIS01_0012_010 -0.650 -7.87 -2.12  2.72  0.00 -7.27 0.000  00  01Ro00M000  0.716
HIS01_0012_011 -0.650 -7.53 -2.04  2.72  0.00 -6.85 0.000  00  01Ro00M000  0.713
HIS01_0012_012 -0.650 -7.05 -1.47  2.72  0.00 -5.80 0.000  00  01Ro00M000  0.694
HIS01_0012_013 -0.650 -7.71 -2.05  2.72  0.00 -7.04 0.000  00  01Ro00M000  0.711
MET01_0013_001  0.000 -6.41 -2.35  0.42  0.00 -8.34 0.000  00  01O000M000  0.645
MET01_0013_002  0.000 -7.77 -1.73  2.79  0.00 -6.71 0.000  00  01Ro00M000  0.792
MET01_0013_003  0.000 -6.56 -2.32  2.82  0.00 -6.05 0.000  00  01Ro00M000  0.675
MET01_0013_004  0.000 -6.06 -1.95  2.79  0.00 -5.22 0.000  00  01Ro00M000  0.657
MET01_0013_005  0.000 -7.21 -1.87  2.82  0.00 -6.26 0.000  00  01Ro00M000  0.750
MET01_0013_006  0.000 -5.85 -2.23  0.42  0.00 -7.66 0.000  00  01Ro00M000  0.626
MET01_0013_007  0.000 -6.28 -2.69  2.82  0.00 -6.15 0.000  00  01Ro00M000  0.658
MET01_0013_008  0.000 -4.60 -3.38  5.19  0.00 -2.79 0.000  00  01Ro00M000  0.501
MET01_0013_009  0.000 -6.97 -2.16  5.19  0.00 -3.94 0.000  00  01Ro00M000  0.712
MET01_0013_010  0.000 -5.54 -2.75  2.41  0.00 -5.88 0.000  00  01Ro00M000  0.540
MET01_0013_011  0.000 -6.29 -2.28  0.42  0.00 -8.15 0.000  00  01Ro00M000  0.599
MET01_0013_012  0.000 -6.90 -2.20  2.41  0.00 -6.68 0.000  00  01Ro00M000  0.648
MET01_0013_013  0.000 -8.24 -1.68  4.78  0.00 -5.14 0.000  00  01Ro00M000  0.786
MET01_0013_014  0.000 -8.27 -1.51  2.79  0.00 -6.99 0.000  00  01Ro00M000  0.796
MET01_0013_015  0.000 -8.23 -1.54  4.78  0.00 -4.99 0.000  00  01Ro00M000  0.796
MET01_0013_016  0.000 -4.45  1.51  2.82  0.00 -0.13 0.000  00  01Ro00M000  0.431
MET01_0013_017  0.000 -5.33  1.64  4.81  0.00  1.12 0.000  00  01Ro00M000  0.514
MET01_0013_018  0.000 -6.04 -2.72  0.42  0.00 -8.34 0.000  00  01Ro00M000  0.632
MET01_0013_019  0.000 -6.39 -2.63  2.41  0.00 -6.61 0.000  00  01Ro00M000  0.619
MET01_0013_020  0.000 -5.94 -2.78  0.42  0.00 -8.30 0.000  00  01Ro00M000  0.575
MET01_0013_021  0.000 -6.80 -2.39  2.82  0.00 -6.37 0.000  00  01Ro00M000  0.703
MET01_0013_022  0.000 -6.96 -2.30  4.81  0.00 -4.46 0.000  00  01Ro00M000  0.661
MET01_0013_023  0.000 -6.80 -2.25  2.82  0.00 -6.22 0.000  00  01Ro00M000  0.660
MET01_0013_024  0.000 -6.42 -2.27  4.81  0.00 -3.88 0.000  00  01Ro00M000  0.626
MET01_0013_025  0.000 -7.32 -0.07  2.79  0.00 -4.60 0.000  00  01Ro00M000  0.785
MET01_0013_026  0.000 -7.81  0.07  4.78  0.00 -2.95 0.000  00  01Ro00M000  0.787
MET01_0013_027  0.000 -7.78  0.01  2.79  0.00 -4.98 0.000  00  01Ro00M000  0.786
MET01_0013_028  0.000 -6.35 -1.48  5.19  0.00 -2.64 0.000  00  01Ro00M000  0.687
MET01_0013_029  0.000 -7.67 -1.30  5.19  0.00 -3.77 0.000  00  01Ro00M000  0.766
MET01_0013_030  0.000 -5.91 -2.04  4.78  0.00 -3.18 0.000  00  01Ro00M000  0.592
MET01_0013_031  0.000 -6.85 -1.95  2.79  0.00 -6.00 0.000  00  01Ro00M000  0.688
MET01_0013_032  0.000 -6.58 -1.83  4.78  0.00 -3.63 0.000  00  01Ro00M000  0.678
MET01_0013_033  0.000 -8.79  4.80  2.82  0.00 -1.17 0.000  00  01Ro00M000  0.832
MET01_0013_034  0.000 -7.14 -1.72  0.42  0.00 -8.44 0.000  00  01Ro00M000  0.739
MET01_0013_035  0.000 -8.31 -1.51  2.41  0.00 -7.41 0.000  00  01Ro00M000  0.808
MET01_0013_036  0.000 -8.48 -1.50  0.42  0.00 -9.56 0.000  00  01Ro00M000  0.827
MET01_0013_037  0.000 -8.53 -1.66  2.41  0.00 -7.78 0.000  00  01Ro00M000  0.828
MET01_0013_038  0.000 -5.88 -2.08  2.82  0.00 -5.14 0.000  00  01Ro00M000  0.633
MET01_0013_039  0.000 -7.30 -1.72  4.81  0.00 -4.22 0.000  00  01Ro00M000  0.721
MET01_0013_040  0.000 -7.91 -1.64  2.82  0.00 -6.73 0.000  00  01Ro00M000  0.784
MET01_0013_041  0.000 -7.87 -1.69  4.81  0.00 -4.75 0.000  00  01Ro00M000  0.784
MET01_0013_042  0.000 -5.96 -2.61  0.42  0.00 -8.15 0.000  00  01Ro00M000  0.633
MET01_0013_043  0.000 -7.23 -2.03  2.41  0.00 -6.86 0.000  00  01Ro00M000  0.710
MET01_0013_044  0.000 -7.45 -1.89  0.42  0.00 -8.92 0.000  00  01Ro00M000  0.724
MET01_0013_045  0.000 -7.16 -1.92  2.41  0.00 -6.67 0.000  00  01Ro00M000  0.718
MET01_0013_046  0.000 -7.93 -2.31  4.81  0.00 -5.44 0.000  00  01Ro00M000  0.775
MET01_0013_047  0.000 -7.94 -2.06  2.82  0.00 -7.19 0.000  00  01Ro00M000  0.774
MET01_0013_048  0.000 -7.19 -2.12  4.81  0.00 -4.51 0.000  00  01Ro00M000  0.713
MET01_0013_049  0.000 -6.23 -2.42  4.78  0.00 -3.87 0.000  00  01Ro00M000  0.600
MET01_0013_050  0.000 -7.23 -2.25  2.79  0.00 -6.69 0.000  00  01Ro00M000  0.694
MET01_0013_051  0.000 -6.99 -2.39  4.78  0.00 -4.60 0.000  00  01Ro00M000  0.679
MET01_0013_052  0.000 -6.19 -2.56  7.18  0.00 -1.57 0.000  00  01Ro00M000  0.612
MET01_0013_053  0.000 -6.74 -2.48  5.19  0.00 -4.02 0.000  00  01Ro00M000  0.667
MET01_0013_054  0.000 -6.19 -2.62  7.18  0.00 -1.63 0.000  00  01Ro00M000  0.604
MET01_0013_055  0.000 -6.75 -2.37  2.79  0.00 -6.33 0.000  00  01Ro00M000  0.707
MET01_0013_056  0.000 -7.56 -2.14  4.78  0.00 -4.92 0.000  00  01Ro00M000  0.729
MET01_0013_057  0.000 -7.62 -2.11  2.79  0.00 -6.94 0.000  00  01Ro00M000  0.730
MET01_0013_058  0.000 -6.33 -2.27  4.78  0.00 -3.83 0.000  00  01Ro00M000  0.639
MET01_0013_059  0.000 -7.42 -1.90  5.19  0.00 -4.13 0.000  00  01Ro00M000  0.781
MET01_0013_060  0.000 -8.18 -2.01  7.18  0.00 -3.00 0.000  00  01Ro00M000  0.789
MET01_0013_061  0.000 -8.41 -1.90  5.19  0.00 -5.13 0.000  00  01Ro00M000  0.788
MET01_0013_062  0.000 -7.78 -1.95  7.18  0.00 -2.55 0.000  00  01Ro00M000  0.745
